2014-03-03 11:53:56 INFO ihm.Calibration : Properties : 
autofocus_calibration_data=logs/calibration.data
simulation_calibration_data=test/calib_lisa_test_droneId_5.data
paparazzi_script_calibration=paparazzi_calibration/calibrate.py

2014-03-03 11:53:57 INFO imu.IMU : new aircraft built with id=5
2014-03-03 11:53:57 INFO testData.Sender : starting sending IMU test data...
2014-03-03 11:53:57 WARNING ihm.MainFrame : setSelectedIndex: 2 out of bounds
2014-03-03 11:54:03 INFO ihm.MainFrame : starting calibration of accelerometer...
2014-03-03 11:54:03 INFO imu.IMU : listening raw datas for drone 5...
2014-03-03 11:54:06 WARNING imu.IMU : stopped listening raw datas for drone 5
2014-03-03 11:54:06 INFO ihm.Result : quantité de données insuffisante pour pouvoir calculer une calibration : 25/3000
2014-03-03 11:54:08 INFO imu.IMU : listening raw datas for drone 5...
2014-03-03 11:55:54 WARNING imu.IMU : stopped listening raw datas for drone 5
2014-03-03 11:55:54 INFO ihm.Result : quantité de données insuffisante pour pouvoir calculer une calibration : 1070/3000
2014-03-03 11:55:56 INFO imu.IMU : listening raw datas for drone 5...
2014-03-03 11:57:55 WARNING imu.IMU : stopped listening raw datas for drone 5
2014-03-03 11:57:55 INFO ihm.Result : quantité de données insuffisante pour pouvoir calculer une calibration : 2266/3000
2014-03-03 11:58:01 INFO imu.IMU : listening raw datas for drone 5...
2014-03-03 11:58:25 INFO testData.Sender : stopped sending IMU test data
2014-03-03 11:58:28 WARNING imu.IMU : stopped listening raw datas for drone 5
2014-03-03 11:58:28 INFO ihm.Result : quantité de données insuffisante pour pouvoir calculer une calibration : 2507/3000
2014-03-03 11:58:31 INFO imu.IMU : listening raw datas for drone 5...
