2014-03-04 14:54:25 INFO ihm.Calibration : Properties : 
autofocus_calibration_data=logs/calibration.data
simulation_calibration_data=test/calib_lisa_test_droneId_5.data
paparazzi_script_calibration=paparazzi_calibration/calibrate.py

2014-03-04 14:54:26 INFO imu.IMU : new aircraft built with id=5
2014-03-04 14:54:27 INFO testData.Sender : starting sending IMU test data...
2014-03-04 14:54:30 INFO ihm.MainFrame : starting calibration of accelerometer...
2014-03-04 14:54:30 INFO imu.IMU : listening raw datas for drone 5...
2014-03-04 14:54:30 INFO filtre.Filter : Filter.add noiseThreshold=31.15999984741211
2014-03-04 14:54:30 INFO filtre.Filter : Filter.updateCorrectness : false
2014-03-04 14:54:30 INFO filtre.Filter : Filter.add noiseThreshold=31.15999984741211
2014-03-04 14:54:30 INFO filtre.Filter : Filter.add noiseThreshold=31.15999984741211
2014-03-04 14:54:30 INFO filtre.Filter : Filter.add noiseThreshold=31.15999984741211
2014-03-04 14:54:30 INFO filtre.Filter : Filter.add noiseThreshold=31.15999984741211
2014-03-04 14:54:30 INFO filtre.Filter : Filter.add noiseThreshold=31.15999984741211
2014-03-04 14:54:30 INFO filtre.Filter : Filter.add noiseThreshold=31.15999984741211
2014-03-04 14:54:31 INFO filtre.Filter : Filter.add noiseThreshold=31.15999984741211
2014-03-04 14:54:31 INFO filtre.Filter : Filter.add noiseThreshold=31.15999984741211
2014-03-04 14:54:31 INFO filtre.Filter : Filter.add noiseThreshold=31.15999984741211
2014-03-04 14:54:31 INFO filtre.Filter : Filter.add noiseThreshold=31.15999984741211
2014-03-04 14:54:31 INFO filtre.Filter : Filter.add noiseThreshold=31.15999984741211
2014-03-04 14:54:31 INFO filtre.Filter : Filter.add noiseThreshold=31.15999984741211
2014-03-04 14:54:31 INFO filtre.Filter : Filter.add noiseThreshold=31.15999984741211
2014-03-04 14:54:31 INFO filtre.Filter : Filter.add noiseThreshold=31.15999984741211
2014-03-04 14:54:31 INFO filtre.Filter : Filter.add noiseThreshold=31.15999984741211
2014-03-04 14:54:31 INFO filtre.Filter : Filter.add noiseThreshold=31.15999984741211
2014-03-04 14:54:31 INFO filtre.Filter : Filter.add noiseThreshold=31.15999984741211
2014-03-04 14:54:31 INFO filtre.Filter : Filter.add noiseThreshold=31.15999984741211
2014-03-04 14:54:32 INFO filtre.Filter : Filter.add noiseThreshold=31.15999984741211
2014-03-04 14:54:32 INFO filtre.Filter : Filter.add noiseThreshold=31.15999984741211
2014-03-04 14:54:32 INFO filtre.Filter : Filter.add noiseThreshold=31.15999984741211
2014-03-04 14:54:32 INFO filtre.Filter : Filter.add noiseThreshold=31.15999984741211
2014-03-04 14:54:32 INFO filtre.Filter : Filter.add noiseThreshold=31.15999984741211
2014-03-04 14:54:32 INFO filtre.Filter : Filter.add noiseThreshold=31.15999984741211
2014-03-04 14:54:32 INFO filtre.Filter : Filter.add noiseThreshold=31.15999984741211
2014-03-04 14:54:32 INFO filtre.Filter : Filter.add noiseThreshold=31.15999984741211
2014-03-04 14:54:32 INFO filtre.Filter : Filter.add noiseThreshold=31.15999984741211
2014-03-04 14:54:32 INFO filtre.Filter : Filter.add noiseThreshold=31.15999984741211
2014-03-04 14:54:32 INFO filtre.Filter : Filter.add noiseThreshold=31.15999984741211
2014-03-04 14:54:32 INFO filtre.Filter : Filter.add noiseThreshold=31.15999984741211
2014-03-04 14:54:32 INFO filtre.Filter : Filter.add noiseThreshold=31.15999984741211
2014-03-04 14:54:33 INFO filtre.Filter : Filter.add noiseThreshold=31.15999984741211
2014-03-04 14:54:33 INFO filtre.Filter : Filter.add noiseThreshold=31.15999984741211
2014-03-04 14:54:33 INFO filtre.Filter : Filter.add noiseThreshold=31.15999984741211
2014-03-04 14:54:33 INFO filtre.Filter : Filter.add noiseThreshold=31.15999984741211
2014-03-04 14:54:33 INFO filtre.Filter : Filter.add noiseThreshold=31.15999984741211
2014-03-04 14:54:33 INFO filtre.Filter : Filter.add noiseThreshold=31.15999984741211
2014-03-04 14:54:33 INFO filtre.Filter : Filter.add noiseThreshold=31.15999984741211
2014-03-04 14:54:33 INFO filtre.Filter : Filter.add noiseThreshold=31.15999984741211
2014-03-04 14:54:33 INFO filtre.Filter : Filter.add noiseThreshold=31.15999984741211
2014-03-04 14:54:33 INFO filtre.Filter : Filter.add noiseThreshold=31.15999984741211
2014-03-04 14:54:33 INFO filtre.Filter : Filter.add noiseThreshold=31.15999984741211
2014-03-04 14:54:33 INFO filtre.Filter : Filter.add noiseThreshold=31.15999984741211
2014-03-04 14:54:34 INFO filtre.Filter : Filter.add noiseThreshold=31.15999984741211
2014-03-04 14:54:34 INFO filtre.Filter : Filter.add noiseThreshold=31.15999984741211
2014-03-04 14:54:34 INFO filtre.Filter : Filter.add noiseThreshold=31.15999984741211
2014-03-04 14:54:34 INFO filtre.Filter : Filter.add noiseThreshold=31.15999984741211
2014-03-04 14:54:34 INFO filtre.Filter : Filter.add noiseThreshold=31.15999984741211
2014-03-04 14:54:34 INFO filtre.Filter : Filter.add noiseThreshold=31.15999984741211
2014-03-04 14:54:34 INFO filtre.Filter : Filter.add noiseThreshold=31.15999984741211
2014-03-04 14:54:34 INFO filtre.Filter : Filter.add noiseThreshold=31.15999984741211
2014-03-04 14:54:34 INFO filtre.Filter : Filter.add noiseThreshold=31.15999984741211
2014-03-04 14:54:34 INFO filtre.Filter : Filter.add noiseThreshold=31.15999984741211
2014-03-04 14:54:34 INFO filtre.Filter : Filter.add noiseThreshold=31.15999984741211
2014-03-04 14:54:34 INFO filtre.Filter : Filter.add noiseThreshold=31.15999984741211
2014-03-04 14:54:34 INFO filtre.Filter : Filter.add noiseThreshold=31.15999984741211
2014-03-04 14:54:35 INFO filtre.Filter : Filter.add noiseThreshold=31.15999984741211
2014-03-04 14:54:35 INFO filtre.Filter : Filter.add noiseThreshold=31.15999984741211
2014-03-04 14:54:35 INFO filtre.Filter : Filter.add noiseThreshold=31.15999984741211
2014-03-04 14:54:35 INFO filtre.Filter : Filter.add noiseThreshold=31.15999984741211
2014-03-04 14:54:35 INFO filtre.Filter : Filter.add noiseThreshold=31.15999984741211
2014-03-04 14:54:35 INFO filtre.Filter : Filter.add noiseThreshold=31.15999984741211
2014-03-04 14:54:35 INFO filtre.Filter : Filter.add noiseThreshold=31.15999984741211
2014-03-04 14:54:35 INFO filtre.Filter : Filter.add noiseThreshold=31.15999984741211
2014-03-04 14:54:35 INFO filtre.Filter : Filter.add noiseThreshold=31.15999984741211
2014-03-04 14:54:35 INFO filtre.Filter : Filter.add noiseThreshold=31.15999984741211
2014-03-04 14:54:35 INFO filtre.Filter : Filter.add noiseThreshold=31.15999984741211
2014-03-04 14:54:35 INFO filtre.Filter : Filter.add noiseThreshold=31.15999984741211
2014-03-04 14:54:36 INFO filtre.Filter : Filter.add noiseThreshold=31.15999984741211
2014-03-04 14:54:36 INFO filtre.Filter : Filter.add noiseThreshold=31.15999984741211
2014-03-04 14:54:36 INFO filtre.Filter : Filter.add noiseThreshold=31.15999984741211
2014-03-04 14:54:36 INFO filtre.Filter : Filter.add noiseThreshold=31.15999984741211
2014-03-04 14:54:36 INFO filtre.Filter : Filter.add noiseThreshold=31.15999984741211
2014-03-04 14:54:36 INFO filtre.Filter : Filter.add noiseThreshold=31.15999984741211
2014-03-04 14:54:36 INFO filtre.Filter : Filter.add noiseThreshold=31.15999984741211
2014-03-04 14:54:36 INFO filtre.Filter : Filter.add noiseThreshold=31.15999984741211
2014-03-04 14:54:36 INFO filtre.Filter : Filter.add noiseThreshold=31.15999984741211
2014-03-04 14:54:36 INFO filtre.Filter : Filter.add noiseThreshold=31.15999984741211
2014-03-04 14:54:36 INFO filtre.Filter : Filter.add noiseThreshold=31.15999984741211
2014-03-04 14:54:36 INFO filtre.Filter : Filter.add noiseThreshold=31.15999984741211
2014-03-04 14:54:36 INFO filtre.Filter : Filter.add noiseThreshold=31.15999984741211
2014-03-04 14:54:37 INFO filtre.Filter : Filter.add noiseThreshold=31.15999984741211
2014-03-04 14:54:37 INFO filtre.Filter : Filter.add noiseThreshold=31.15999984741211
2014-03-04 14:54:37 INFO filtre.Filter : Filter.add noiseThreshold=31.15999984741211
2014-03-04 14:54:37 INFO filtre.Filter : Filter.add noiseThreshold=31.15999984741211
2014-03-04 14:54:37 INFO filtre.Filter : Filter.add noiseThreshold=31.15999984741211
2014-03-04 14:54:37 INFO filtre.Filter : Filter.add noiseThreshold=31.15999984741211
2014-03-04 14:54:37 INFO filtre.Filter : Filter.add noiseThreshold=31.15999984741211
2014-03-04 14:54:37 INFO filtre.Filter : Filter.add noiseThreshold=31.15999984741211
2014-03-04 14:54:37 INFO filtre.Filter : Filter.add noiseThreshold=31.15999984741211
2014-03-04 14:54:37 INFO filtre.Filter : Filter.add noiseThreshold=31.15999984741211
2014-03-04 14:54:37 INFO filtre.Filter : Filter.add noiseThreshold=31.15999984741211
2014-03-04 14:54:37 INFO filtre.Filter : Filter.add noiseThreshold=31.15999984741211
2014-03-04 14:54:38 INFO filtre.Filter : Filter.add noiseThreshold=31.15999984741211
2014-03-04 14:54:38 INFO filtre.Filter : Filter.add noiseThreshold=31.15999984741211
2014-03-04 14:54:38 INFO filtre.Filter : Filter.add noiseThreshold=31.15999984741211
2014-03-04 14:54:38 INFO filtre.Filter : Filter.add noiseThreshold=31.15999984741211
2014-03-04 14:54:38 INFO filtre.Filter : Filter.add noiseThreshold=31.15999984741211
2014-03-04 14:54:38 INFO filtre.Filter : Filter.add noiseThreshold=31.15999984741211
2014-03-04 14:54:38 INFO filtre.Filter : Filter.add noiseThreshold=31.15999984741211
2014-03-04 14:54:38 INFO filtre.Filter : Filter.add noiseThreshold=31.15999984741211
2014-03-04 14:54:38 INFO filtre.Filter : Filter.add noiseThreshold=31.15999984741211
2014-03-04 14:54:38 INFO filtre.Filter : Filter.add noiseThreshold=31.15999984741211
2014-03-04 14:54:38 INFO filtre.Filter : Filter.add noiseThreshold=31.15999984741211
2014-03-04 14:54:38 INFO filtre.Filter : Filter.add noiseThreshold=31.15999984741211
2014-03-04 14:54:38 INFO filtre.Filter : Filter.add noiseThreshold=31.15999984741211
2014-03-04 14:54:39 INFO filtre.Filter : Filter.add noiseThreshold=31.15999984741211
2014-03-04 14:54:39 INFO filtre.Filter : Filter.add noiseThreshold=31.15999984741211
2014-03-04 14:54:39 INFO filtre.Filter : Filter.add noiseThreshold=31.15999984741211
2014-03-04 14:54:39 INFO filtre.Filter : Filter.add noiseThreshold=31.15999984741211
2014-03-04 14:54:39 INFO filtre.Filter : Filter.add noiseThreshold=31.15999984741211
2014-03-04 14:54:39 INFO filtre.Filter : Filter.add noiseThreshold=31.15999984741211
2014-03-04 14:54:39 INFO filtre.Filter : Filter.add noiseThreshold=31.15999984741211
2014-03-04 14:54:39 INFO filtre.Filter : Filter.add noiseThreshold=31.15999984741211
2014-03-04 14:54:39 INFO filtre.Filter : Filter.add noiseThreshold=31.15999984741211
2014-03-04 14:54:39 INFO filtre.Filter : Filter.add noiseThreshold=31.15999984741211
2014-03-04 14:54:39 INFO filtre.Filter : Filter.add noiseThreshold=31.15999984741211
2014-03-04 14:54:39 INFO filtre.Filter : Filter.add noiseThreshold=31.15999984741211
2014-03-04 14:54:39 INFO filtre.Filter : Filter.add noiseThreshold=31.15999984741211
2014-03-04 14:54:40 INFO filtre.Filter : Filter.add noiseThreshold=31.15999984741211
2014-03-04 14:54:40 INFO filtre.Filter : Filter.add noiseThreshold=31.15999984741211
2014-03-04 14:54:40 INFO filtre.Filter : Filter.add noiseThreshold=31.15999984741211
2014-03-04 14:54:40 INFO filtre.Filter : Filter.add noiseThreshold=31.15999984741211
2014-03-04 14:54:40 INFO filtre.Filter : Filter.add noiseThreshold=31.15999984741211
2014-03-04 14:54:40 INFO filtre.Filter : Filter.add noiseThreshold=31.15999984741211
2014-03-04 14:54:40 INFO filtre.Filter : Filter.add noiseThreshold=31.15999984741211
2014-03-04 14:54:40 INFO filtre.Filter : Filter.add noiseThreshold=31.15999984741211
2014-03-04 14:54:40 INFO filtre.Filter : Filter.add noiseThreshold=31.15999984741211
2014-03-04 14:54:40 INFO filtre.Filter : Filter.add noiseThreshold=31.15999984741211
2014-03-04 14:54:40 INFO filtre.Filter : Filter.add noiseThreshold=31.15999984741211
2014-03-04 14:54:40 INFO filtre.Filter : Filter.add noiseThreshold=31.15999984741211
2014-03-04 14:54:41 INFO filtre.Filter : Filter.add noiseThreshold=31.15999984741211
2014-03-04 14:54:41 INFO filtre.Filter : Filter.add noiseThreshold=31.15999984741211
2014-03-04 14:54:41 INFO filtre.Filter : Filter.add noiseThreshold=31.15999984741211
2014-03-04 14:54:41 INFO filtre.Filter : Filter.add noiseThreshold=31.15999984741211
2014-03-04 14:54:41 INFO filtre.Filter : Filter.add noiseThreshold=31.15999984741211
2014-03-04 14:54:41 INFO filtre.Filter : Filter.add noiseThreshold=31.15999984741211
2014-03-04 14:54:41 INFO filtre.Filter : Filter.add noiseThreshold=31.15999984741211
2014-03-04 14:54:41 INFO filtre.Filter : Filter.add noiseThreshold=31.15999984741211
2014-03-04 14:54:41 INFO filtre.Filter : Filter.add noiseThreshold=31.15999984741211
2014-03-04 14:54:41 INFO filtre.Filter : Filter.add noiseThreshold=31.15999984741211
2014-03-04 14:54:41 INFO filtre.Filter : Filter.add noiseThreshold=31.15999984741211
2014-03-04 14:54:41 INFO filtre.Filter : Filter.add noiseThreshold=31.15999984741211
2014-03-04 14:54:41 INFO filtre.Filter : Filter.add noiseThreshold=31.15999984741211
2014-03-04 14:54:42 INFO filtre.Filter : Filter.add noiseThreshold=31.15999984741211
2014-03-04 14:54:42 INFO filtre.Filter : Filter.add noiseThreshold=31.15999984741211
2014-03-04 14:54:42 INFO filtre.Filter : Filter.add noiseThreshold=31.15999984741211
2014-03-04 14:54:42 INFO filtre.Filter : Filter.add noiseThreshold=31.15999984741211
2014-03-04 14:54:42 INFO filtre.Filter : Filter.add noiseThreshold=31.15999984741211
2014-03-04 14:54:42 INFO filtre.Filter : Filter.add noiseThreshold=31.15999984741211
2014-03-04 14:54:42 INFO filtre.Filter : Filter.add noiseThreshold=31.15999984741211
2014-03-04 14:54:42 INFO filtre.Filter : Filter.add noiseThreshold=31.15999984741211
2014-03-04 14:54:42 INFO filtre.Filter : Filter.add noiseThreshold=31.15999984741211
2014-03-04 14:54:42 INFO filtre.Filter : Filter.add noiseThreshold=31.15999984741211
2014-03-04 14:54:42 INFO filtre.Filter : Filter.add noiseThreshold=31.15999984741211
2014-03-04 14:54:42 INFO filtre.Filter : Filter.add noiseThreshold=31.15999984741211
2014-03-04 14:54:43 INFO filtre.Filter : Filter.add noiseThreshold=31.15999984741211
2014-03-04 14:54:43 INFO filtre.Filter : Filter.add noiseThreshold=31.15999984741211
2014-03-04 14:54:43 INFO filtre.Filter : Filter.add noiseThreshold=31.15999984741211
2014-03-04 14:54:43 INFO filtre.Filter : Filter.add noiseThreshold=31.15999984741211
2014-03-04 14:54:43 INFO filtre.Filter : Filter.add noiseThreshold=31.15999984741211
2014-03-04 14:54:43 INFO filtre.Filter : Filter.add noiseThreshold=31.15999984741211
2014-03-04 14:54:43 INFO filtre.Filter : Filter.add noiseThreshold=31.15999984741211
2014-03-04 14:54:43 INFO filtre.Filter : Filter.add noiseThreshold=31.15999984741211
2014-03-04 14:54:43 INFO filtre.Filter : Filter.add noiseThreshold=31.15999984741211
2014-03-04 14:54:43 INFO filtre.Filter : Filter.add noiseThreshold=31.15999984741211
2014-03-04 14:54:43 INFO filtre.Filter : Filter.add noiseThreshold=31.15999984741211
2014-03-04 14:54:43 INFO filtre.Filter : Filter.add noiseThreshold=31.15999984741211
2014-03-04 14:54:43 INFO filtre.Filter : Filter.add noiseThreshold=31.15999984741211
2014-03-04 14:54:44 INFO filtre.Filter : Filter.add noiseThreshold=31.15999984741211
2014-03-04 14:54:44 INFO filtre.Filter : Filter.add noiseThreshold=31.15999984741211
2014-03-04 14:54:44 INFO filtre.Filter : Filter.add noiseThreshold=31.15999984741211
2014-03-04 14:54:44 INFO filtre.Filter : Filter.add noiseThreshold=31.15999984741211
2014-03-04 14:54:44 INFO filtre.Filter : Filter.add noiseThreshold=31.15999984741211
2014-03-04 14:54:44 INFO filtre.Filter : Filter.add noiseThreshold=31.15999984741211
2014-03-04 14:54:44 INFO filtre.Filter : Filter.add noiseThreshold=31.15999984741211
2014-03-04 14:54:44 INFO filtre.Filter : Filter.add noiseThreshold=31.15999984741211
2014-03-04 14:54:44 INFO filtre.Filter : Filter.add noiseThreshold=31.15999984741211
2014-03-04 14:54:44 INFO filtre.Filter : Filter.add noiseThreshold=31.15999984741211
2014-03-04 14:54:44 INFO filtre.Filter : Filter.add noiseThreshold=31.15999984741211
2014-03-04 14:54:44 INFO filtre.Filter : Filter.add noiseThreshold=31.15999984741211
2014-03-04 14:54:45 INFO filtre.Filter : Filter.add noiseThreshold=31.15999984741211
2014-03-04 14:54:45 INFO filtre.Filter : Filter.add noiseThreshold=31.15999984741211
2014-03-04 14:54:45 INFO filtre.Filter : Filter.add noiseThreshold=31.15999984741211
2014-03-04 14:54:45 INFO filtre.Filter : Filter.add noiseThreshold=31.15999984741211
2014-03-04 14:54:45 INFO filtre.Filter : Filter.add noiseThreshold=31.15999984741211
2014-03-04 14:54:45 INFO filtre.Filter : Filter.add noiseThreshold=31.15999984741211
2014-03-04 14:54:45 INFO filtre.Filter : Filter.add noiseThreshold=31.15999984741211
2014-03-04 14:54:45 INFO filtre.Filter : Filter.add noiseThreshold=31.15999984741211
2014-03-04 14:54:45 INFO filtre.Filter : Filter.add noiseThreshold=31.15999984741211
2014-03-04 14:54:45 INFO filtre.Filter : Filter.add noiseThreshold=31.15999984741211
2014-03-04 14:54:45 INFO filtre.Filter : Filter.add noiseThreshold=31.15999984741211
2014-03-04 14:54:45 INFO filtre.Filter : Filter.add noiseThreshold=31.15999984741211
2014-03-04 14:54:45 INFO filtre.Filter : Filter.add noiseThreshold=31.15999984741211
2014-03-04 14:54:46 INFO filtre.Filter : Filter.add noiseThreshold=31.15999984741211
2014-03-04 14:54:46 INFO filtre.Filter : Filter.add noiseThreshold=31.15999984741211
2014-03-04 14:54:46 INFO filtre.Filter : Filter.add noiseThreshold=31.15999984741211
2014-03-04 14:54:46 INFO filtre.Filter : Filter.add noiseThreshold=31.15999984741211
2014-03-04 14:54:46 INFO filtre.Filter : Filter.add noiseThreshold=31.15999984741211
2014-03-04 14:54:46 INFO filtre.Filter : Filter.add noiseThreshold=31.15999984741211
2014-03-04 14:54:46 INFO filtre.Filter : Filter.add noiseThreshold=31.15999984741211
2014-03-04 14:54:46 INFO filtre.Filter : Filter.add noiseThreshold=31.15999984741211
2014-03-04 14:54:46 INFO filtre.Filter : Filter.add noiseThreshold=31.15999984741211
2014-03-04 14:54:46 INFO filtre.Filter : Filter.add noiseThreshold=31.15999984741211
2014-03-04 14:54:46 INFO filtre.Filter : Filter.add noiseThreshold=31.15999984741211
2014-03-04 14:54:46 INFO filtre.Filter : Filter.add noiseThreshold=31.15999984741211
2014-03-04 14:54:46 INFO filtre.Filter : Filter.add noiseThreshold=31.15999984741211
2014-03-04 14:54:47 INFO filtre.Filter : Filter.add noiseThreshold=31.15999984741211
2014-03-04 14:54:47 INFO filtre.Filter : Filter.add noiseThreshold=31.15999984741211
2014-03-04 14:54:47 INFO filtre.Filter : Filter.add noiseThreshold=31.15999984741211
2014-03-04 14:54:47 INFO filtre.Filter : Filter.add noiseThreshold=31.15999984741211
2014-03-04 14:54:47 INFO filtre.Filter : Filter.add noiseThreshold=31.15999984741211
2014-03-04 14:54:47 INFO filtre.Filter : Filter.add noiseThreshold=31.15999984741211
2014-03-04 14:54:47 INFO filtre.Filter : Filter.add noiseThreshold=31.15999984741211
2014-03-04 14:54:47 INFO filtre.Filter : Filter.add noiseThreshold=31.15999984741211
2014-03-04 14:54:47 INFO filtre.Filter : Filter.add noiseThreshold=31.15999984741211
2014-03-04 14:54:47 INFO filtre.Filter : Filter.add noiseThreshold=31.15999984741211
2014-03-04 14:54:47 INFO filtre.Filter : Filter.add noiseThreshold=31.15999984741211
2014-03-04 14:54:47 INFO filtre.Filter : Filter.add noiseThreshold=31.15999984741211
2014-03-04 14:54:48 INFO filtre.Filter : Filter.add noiseThreshold=31.15999984741211
2014-03-04 14:54:48 INFO filtre.Filter : Filter.add noiseThreshold=31.15999984741211
2014-03-04 14:54:48 INFO filtre.Filter : Filter.add noiseThreshold=31.15999984741211
2014-03-04 14:54:48 INFO filtre.Filter : Filter.add noiseThreshold=31.15999984741211
2014-03-04 14:54:48 INFO filtre.Filter : Filter.add noiseThreshold=31.15999984741211
2014-03-04 14:54:48 INFO filtre.Filter : Filter.add noiseThreshold=31.15999984741211
2014-03-04 14:54:48 INFO filtre.Filter : Filter.add noiseThreshold=31.15999984741211
2014-03-04 14:54:48 INFO filtre.Filter : Filter.add noiseThreshold=31.15999984741211
2014-03-04 14:54:48 INFO filtre.Filter : Filter.add noiseThreshold=31.15999984741211
2014-03-04 14:54:48 INFO filtre.Filter : Filter.add noiseThreshold=31.15999984741211
2014-03-04 14:54:48 INFO filtre.Filter : Filter.add noiseThreshold=31.15999984741211
2014-03-04 14:54:48 INFO filtre.Filter : Filter.add noiseThreshold=31.15999984741211
2014-03-04 14:54:49 INFO filtre.Filter : Filter.add noiseThreshold=31.15999984741211
2014-03-04 14:54:49 INFO filtre.Filter : Filter.add noiseThreshold=31.15999984741211
2014-03-04 14:54:49 INFO filtre.Filter : Filter.add noiseThreshold=31.15999984741211
2014-03-04 14:54:49 INFO filtre.Filter : Filter.add noiseThreshold=31.15999984741211
2014-03-04 14:54:49 INFO filtre.Filter : Filter.add noiseThreshold=31.15999984741211
2014-03-04 14:54:49 INFO filtre.Filter : Filter.add noiseThreshold=31.15999984741211
2014-03-04 14:54:49 INFO filtre.Filter : Filter.add noiseThreshold=31.15999984741211
2014-03-04 14:54:49 INFO filtre.Filter : Filter.add noiseThreshold=31.15999984741211
2014-03-04 14:54:49 INFO filtre.Filter : Filter.add noiseThreshold=31.15999984741211
2014-03-04 14:54:49 INFO filtre.Filter : Filter.add noiseThreshold=31.15999984741211
2014-03-04 14:54:49 INFO filtre.Filter : Filter.add noiseThreshold=31.15999984741211
2014-03-04 14:54:49 INFO filtre.Filter : Filter.add noiseThreshold=31.15999984741211
2014-03-04 14:54:49 INFO filtre.Filter : Filter.add noiseThreshold=31.15999984741211
2014-03-04 14:54:50 INFO filtre.Filter : Filter.add noiseThreshold=31.15999984741211
2014-03-04 14:54:50 INFO filtre.Filter : Filter.add noiseThreshold=31.15999984741211
2014-03-04 14:54:50 INFO filtre.Filter : Filter.add noiseThreshold=31.15999984741211
2014-03-04 14:54:50 INFO filtre.Filter : Filter.add noiseThreshold=31.15999984741211
2014-03-04 14:54:50 INFO filtre.Filter : Filter.add noiseThreshold=31.15999984741211
2014-03-04 14:54:50 INFO filtre.Filter : Filter.add noiseThreshold=31.15999984741211
2014-03-04 14:54:50 INFO filtre.Filter : Filter.add noiseThreshold=31.15999984741211
2014-03-04 14:54:50 INFO filtre.Filter : Filter.add noiseThreshold=31.15999984741211
2014-03-04 14:54:50 INFO filtre.Filter : Filter.add noiseThreshold=31.15999984741211
2014-03-04 14:54:50 INFO filtre.Filter : Filter.add noiseThreshold=31.15999984741211
2014-03-04 14:54:50 INFO filtre.Filter : Filter.add noiseThreshold=31.15999984741211
2014-03-04 14:54:50 INFO filtre.Filter : Filter.add noiseThreshold=31.15999984741211
2014-03-04 14:54:50 INFO filtre.Filter : Filter.add noiseThreshold=31.15999984741211
2014-03-04 14:54:51 INFO filtre.Filter : Filter.add noiseThreshold=31.15999984741211
2014-03-04 14:54:51 INFO filtre.Filter : Filter.add noiseThreshold=31.15999984741211
2014-03-04 14:54:51 INFO filtre.Filter : Filter.add noiseThreshold=31.15999984741211
2014-03-04 14:54:51 INFO filtre.Filter : Filter.add noiseThreshold=31.15999984741211
2014-03-04 14:54:51 INFO filtre.Filter : Filter.add noiseThreshold=31.15999984741211
2014-03-04 14:54:51 INFO filtre.Filter : Filter.add noiseThreshold=31.15999984741211
2014-03-04 14:54:51 INFO filtre.Filter : Filter.add noiseThreshold=31.15999984741211
2014-03-04 14:54:51 INFO filtre.Filter : Filter.add noiseThreshold=31.15999984741211
2014-03-04 14:54:51 INFO filtre.Filter : Filter.add noiseThreshold=31.15999984741211
2014-03-04 14:54:51 INFO filtre.Filter : Filter.add noiseThreshold=31.15999984741211
2014-03-04 14:54:51 INFO filtre.Filter : Filter.add noiseThreshold=31.15999984741211
2014-03-04 14:54:51 INFO filtre.Filter : Filter.add noiseThreshold=31.15999984741211
2014-03-04 14:54:52 INFO filtre.Filter : Filter.add noiseThreshold=31.15999984741211
2014-03-04 14:54:52 INFO filtre.Filter : Filter.add noiseThreshold=31.15999984741211
2014-03-04 14:54:52 INFO filtre.Filter : Filter.add noiseThreshold=31.15999984741211
2014-03-04 14:54:52 INFO filtre.Filter : Filter.add noiseThreshold=31.15999984741211
2014-03-04 14:54:52 INFO filtre.Filter : Filter.add noiseThreshold=31.15999984741211
2014-03-04 14:54:52 INFO filtre.Filter : Filter.add noiseThreshold=31.15999984741211
2014-03-04 14:54:52 INFO filtre.Filter : Filter.add noiseThreshold=31.15999984741211
2014-03-04 14:54:52 INFO filtre.Filter : Filter.add noiseThreshold=31.15999984741211
2014-03-04 14:54:52 INFO filtre.Filter : Filter.add noiseThreshold=31.15999984741211
2014-03-04 14:54:52 INFO filtre.Filter : Filter.add noiseThreshold=31.15999984741211
2014-03-04 14:54:52 INFO filtre.Filter : Filter.add noiseThreshold=31.15999984741211
2014-03-04 14:54:52 INFO filtre.Filter : Filter.add noiseThreshold=31.15999984741211
2014-03-04 14:54:52 INFO filtre.Filter : Filter.add noiseThreshold=31.15999984741211
2014-03-04 14:54:53 INFO filtre.Filter : Filter.add noiseThreshold=31.15999984741211
2014-03-04 14:54:53 INFO filtre.Filter : Filter.add noiseThreshold=31.15999984741211
2014-03-04 14:54:53 INFO filtre.Filter : Filter.add noiseThreshold=31.15999984741211
2014-03-04 14:54:53 INFO filtre.Filter : Filter.add noiseThreshold=31.15999984741211
2014-03-04 14:54:53 INFO filtre.Filter : Filter.add noiseThreshold=31.15999984741211
2014-03-04 14:54:53 INFO filtre.Filter : Filter.add noiseThreshold=31.15999984741211
2014-03-04 14:54:53 INFO filtre.Filter : Filter.add noiseThreshold=31.15999984741211
2014-03-04 14:54:53 INFO filtre.Filter : Filter.add noiseThreshold=31.15999984741211
2014-03-04 14:54:53 INFO filtre.Filter : Filter.add noiseThreshold=31.15999984741211
2014-03-04 14:54:53 INFO filtre.Filter : Filter.add noiseThreshold=31.15999984741211
2014-03-04 14:54:53 INFO filtre.Filter : Filter.add noiseThreshold=31.15999984741211
2014-03-04 14:54:53 INFO filtre.Filter : Filter.add noiseThreshold=31.15999984741211
2014-03-04 14:54:54 INFO filtre.Filter : Filter.add noiseThreshold=31.15999984741211
2014-03-04 14:54:54 INFO filtre.Filter : Filter.add noiseThreshold=31.15999984741211
2014-03-04 14:54:54 INFO filtre.Filter : Filter.add noiseThreshold=31.15999984741211
2014-03-04 14:54:54 INFO filtre.Filter : Filter.add noiseThreshold=31.15999984741211
2014-03-04 14:54:54 INFO filtre.Filter : Filter.add noiseThreshold=31.15999984741211
2014-03-04 14:54:54 INFO filtre.Filter : Filter.add noiseThreshold=31.15999984741211
2014-03-04 14:54:54 INFO filtre.Filter : Filter.add noiseThreshold=31.15999984741211
2014-03-04 14:54:54 INFO filtre.Filter : Filter.add noiseThreshold=31.15999984741211
2014-03-04 14:54:54 INFO filtre.Filter : Filter.add noiseThreshold=31.15999984741211
2014-03-04 14:54:54 INFO filtre.Filter : Filter.add noiseThreshold=31.15999984741211
2014-03-04 14:54:54 INFO filtre.Filter : Filter.add noiseThreshold=31.15999984741211
2014-03-04 14:54:54 INFO filtre.Filter : Filter.add noiseThreshold=31.15999984741211
2014-03-04 14:54:54 INFO filtre.Filter : Filter.add noiseThreshold=31.15999984741211
2014-03-04 14:54:55 INFO filtre.Filter : Filter.add noiseThreshold=31.15999984741211
2014-03-04 14:54:55 INFO filtre.Filter : Filter.add noiseThreshold=31.15999984741211
2014-03-04 14:54:55 INFO filtre.Filter : Filter.add noiseThreshold=31.15999984741211
2014-03-04 14:54:55 INFO filtre.Filter : Filter.add noiseThreshold=31.15999984741211
2014-03-04 14:54:55 INFO filtre.Filter : Filter.add noiseThreshold=31.15999984741211
2014-03-04 14:54:55 INFO filtre.Filter : Filter.add noiseThreshold=31.15999984741211
2014-03-04 14:54:55 INFO filtre.Filter : Filter.add noiseThreshold=31.15999984741211
2014-03-04 14:54:55 INFO filtre.Filter : Filter.add noiseThreshold=31.15999984741211
2014-03-04 14:54:55 INFO filtre.Filter : Filter.add noiseThreshold=31.15999984741211
2014-03-04 14:54:55 INFO filtre.Filter : Filter.add noiseThreshold=31.15999984741211
2014-03-04 14:54:55 INFO filtre.Filter : Filter.add noiseThreshold=31.15999984741211
2014-03-04 14:54:55 INFO filtre.Filter : Filter.add noiseThreshold=31.15999984741211
2014-03-04 14:54:56 INFO filtre.Filter : Filter.add noiseThreshold=31.15999984741211
2014-03-04 14:54:56 INFO filtre.Filter : Filter.add noiseThreshold=31.15999984741211
2014-03-04 14:54:56 INFO filtre.Filter : Filter.add noiseThreshold=31.15999984741211
2014-03-04 14:54:56 INFO filtre.Filter : Filter.add noiseThreshold=31.15999984741211
2014-03-04 14:54:56 INFO filtre.Filter : Filter.add noiseThreshold=31.15999984741211
2014-03-04 14:54:56 INFO filtre.Filter : Filter.add noiseThreshold=31.15999984741211
2014-03-04 14:54:56 INFO filtre.Filter : Filter.add noiseThreshold=31.15999984741211
2014-03-04 14:54:56 INFO filtre.Filter : Filter.add noiseThreshold=31.15999984741211
2014-03-04 14:54:56 INFO filtre.Filter : Filter.add noiseThreshold=31.15999984741211
2014-03-04 14:54:56 INFO filtre.Filter : Filter.add noiseThreshold=31.15999984741211
2014-03-04 14:54:56 INFO filtre.Filter : Filter.add noiseThreshold=31.15999984741211
2014-03-04 14:54:56 INFO filtre.Filter : Filter.add noiseThreshold=31.15999984741211
2014-03-04 14:54:56 INFO filtre.Filter : Filter.add noiseThreshold=31.15999984741211
2014-03-04 14:54:57 INFO filtre.Filter : Filter.add noiseThreshold=31.15999984741211
2014-03-04 14:54:57 INFO filtre.Filter : Filter.add noiseThreshold=31.15999984741211
2014-03-04 14:54:57 INFO filtre.Filter : Filter.add noiseThreshold=31.15999984741211
2014-03-04 14:54:57 INFO filtre.Filter : Filter.add noiseThreshold=31.15999984741211
2014-03-04 14:54:57 INFO filtre.Filter : Filter.add noiseThreshold=31.15999984741211
2014-03-04 14:54:57 INFO filtre.Filter : Filter.add noiseThreshold=31.15999984741211
2014-03-04 14:54:57 INFO filtre.Filter : Filter.add noiseThreshold=31.15999984741211
2014-03-04 14:54:57 INFO filtre.Filter : Filter.add noiseThreshold=31.15999984741211
2014-03-04 14:54:57 INFO filtre.Filter : Filter.add noiseThreshold=31.15999984741211
2014-03-04 14:54:57 INFO filtre.Filter : Filter.add noiseThreshold=31.15999984741211
2014-03-04 14:54:57 INFO filtre.Filter : Filter.add noiseThreshold=31.15999984741211
2014-03-04 14:54:57 INFO filtre.Filter : Filter.add noiseThreshold=31.15999984741211
2014-03-04 14:54:57 INFO filtre.Filter : Filter.add noiseThreshold=31.15999984741211
2014-03-04 14:54:58 INFO filtre.Filter : Filter.add noiseThreshold=31.15999984741211
2014-03-04 14:54:58 INFO filtre.Filter : Filter.add noiseThreshold=31.15999984741211
2014-03-04 14:54:58 INFO filtre.Filter : Filter.add noiseThreshold=31.15999984741211
2014-03-04 14:54:58 INFO filtre.Filter : Filter.add noiseThreshold=31.15999984741211
2014-03-04 14:54:58 INFO filtre.Filter : Filter.add noiseThreshold=31.15999984741211
2014-03-04 14:54:58 INFO filtre.Filter : Filter.add noiseThreshold=31.15999984741211
2014-03-04 14:54:58 INFO filtre.Filter : Filter.add noiseThreshold=31.15999984741211
2014-03-04 14:54:58 INFO filtre.Filter : Filter.add noiseThreshold=31.15999984741211
2014-03-04 14:54:58 INFO filtre.Filter : Filter.add noiseThreshold=31.15999984741211
2014-03-04 14:54:58 INFO filtre.Filter : Filter.add noiseThreshold=31.15999984741211
2014-03-04 14:54:58 INFO filtre.Filter : Filter.add noiseThreshold=31.15999984741211
2014-03-04 14:54:58 INFO filtre.Filter : Filter.add noiseThreshold=31.15999984741211
2014-03-04 14:54:59 INFO filtre.Filter : Filter.add noiseThreshold=31.15999984741211
2014-03-04 14:54:59 INFO filtre.Filter : Filter.add noiseThreshold=31.15999984741211
2014-03-04 14:54:59 INFO filtre.Filter : Filter.add noiseThreshold=31.15999984741211
2014-03-04 14:54:59 INFO filtre.Filter : Filter.add noiseThreshold=31.15999984741211
2014-03-04 14:54:59 INFO filtre.Filter : Filter.add noiseThreshold=31.15999984741211
2014-03-04 14:54:59 INFO filtre.Filter : Filter.add noiseThreshold=31.15999984741211
2014-03-04 14:54:59 INFO filtre.Filter : Filter.add noiseThreshold=31.15999984741211
2014-03-04 14:54:59 INFO filtre.Filter : Filter.add noiseThreshold=31.15999984741211
2014-03-04 14:54:59 INFO filtre.Filter : Filter.add noiseThreshold=31.15999984741211
2014-03-04 14:54:59 INFO filtre.Filter : Filter.add noiseThreshold=31.15999984741211
2014-03-04 14:54:59 INFO filtre.Filter : Filter.add noiseThreshold=31.15999984741211
2014-03-04 14:54:59 INFO filtre.Filter : Filter.add noiseThreshold=31.15999984741211
2014-03-04 14:55:00 INFO filtre.Filter : Filter.add noiseThreshold=31.15999984741211
2014-03-04 14:55:00 INFO filtre.Filter : Filter.add noiseThreshold=31.15999984741211
2014-03-04 14:55:00 INFO filtre.Filter : Filter.add noiseThreshold=31.15999984741211
2014-03-04 14:55:00 INFO filtre.Filter : Filter.add noiseThreshold=31.15999984741211
2014-03-04 14:55:00 INFO filtre.Filter : Filter.add noiseThreshold=31.15999984741211
2014-03-04 14:55:00 INFO filtre.Filter : Filter.add noiseThreshold=31.15999984741211
2014-03-04 14:55:00 INFO filtre.Filter : Filter.add noiseThreshold=31.15999984741211
2014-03-04 14:55:00 INFO filtre.Filter : Filter.add noiseThreshold=31.15999984741211
2014-03-04 14:55:00 INFO filtre.Filter : Filter.add noiseThreshold=31.15999984741211
2014-03-04 14:55:00 INFO filtre.Filter : Filter.add noiseThreshold=31.15999984741211
2014-03-04 14:55:00 INFO filtre.Filter : Filter.add noiseThreshold=31.15999984741211
2014-03-04 14:55:00 INFO filtre.Filter : Filter.add noiseThreshold=31.15999984741211
2014-03-04 14:55:00 INFO filtre.Filter : Filter.add noiseThreshold=31.15999984741211
2014-03-04 14:55:01 INFO filtre.Filter : Filter.add noiseThreshold=31.15999984741211
2014-03-04 14:55:01 INFO filtre.Filter : Filter.add noiseThreshold=31.15999984741211
2014-03-04 14:55:01 INFO filtre.Filter : Filter.add noiseThreshold=31.15999984741211
2014-03-04 14:55:01 INFO filtre.Filter : Filter.add noiseThreshold=31.15999984741211
2014-03-04 14:55:01 INFO filtre.Filter : Filter.add noiseThreshold=31.15999984741211
2014-03-04 14:55:01 INFO filtre.Filter : Filter.add noiseThreshold=31.15999984741211
2014-03-04 14:55:01 INFO filtre.Filter : Filter.add noiseThreshold=31.15999984741211
2014-03-04 14:55:01 INFO filtre.Filter : Filter.add noiseThreshold=31.15999984741211
2014-03-04 14:55:01 INFO filtre.Filter : Filter.add noiseThreshold=31.15999984741211
2014-03-04 14:55:01 INFO filtre.Filter : Filter.add noiseThreshold=31.15999984741211
2014-03-04 14:55:01 INFO filtre.Filter : Filter.add noiseThreshold=31.15999984741211
2014-03-04 14:55:01 INFO filtre.Filter : Filter.add noiseThreshold=31.15999984741211
2014-03-04 14:55:02 INFO filtre.Filter : Filter.add noiseThreshold=31.15999984741211
2014-03-04 14:55:02 INFO filtre.Filter : Filter.add noiseThreshold=31.15999984741211
2014-03-04 14:55:02 INFO filtre.Filter : Filter.add noiseThreshold=31.15999984741211
2014-03-04 14:55:02 INFO filtre.Filter : Filter.add noiseThreshold=31.15999984741211
2014-03-04 14:55:02 INFO filtre.Filter : Filter.add noiseThreshold=31.15999984741211
2014-03-04 14:55:02 INFO filtre.Filter : Filter.add noiseThreshold=31.15999984741211
2014-03-04 14:55:02 INFO filtre.Filter : Filter.add noiseThreshold=31.15999984741211
2014-03-04 14:55:02 INFO filtre.Filter : Filter.add noiseThreshold=31.15999984741211
2014-03-04 14:55:02 INFO filtre.Filter : Filter.add noiseThreshold=31.15999984741211
2014-03-04 14:55:02 INFO filtre.Filter : Filter.add noiseThreshold=31.15999984741211
2014-03-04 14:55:02 INFO filtre.Filter : Filter.add noiseThreshold=31.15999984741211
2014-03-04 14:55:02 INFO filtre.Filter : Filter.add noiseThreshold=31.15999984741211
2014-03-04 14:55:02 INFO filtre.Filter : Filter.add noiseThreshold=31.15999984741211
2014-03-04 14:55:03 INFO filtre.Filter : Filter.add noiseThreshold=31.15999984741211
2014-03-04 14:55:03 INFO filtre.Filter : Filter.add noiseThreshold=31.15999984741211
2014-03-04 14:55:03 INFO filtre.Filter : Filter.add noiseThreshold=31.15999984741211
2014-03-04 14:55:03 INFO filtre.Filter : Filter.add noiseThreshold=31.15999984741211
2014-03-04 14:55:03 INFO filtre.Filter : Filter.add noiseThreshold=31.15999984741211
2014-03-04 14:55:03 INFO filtre.Filter : Filter.add noiseThreshold=31.15999984741211
2014-03-04 14:55:03 INFO filtre.Filter : Filter.add noiseThreshold=31.15999984741211
2014-03-04 14:55:03 INFO filtre.Filter : Filter.add noiseThreshold=31.15999984741211
2014-03-04 14:55:03 INFO filtre.Filter : Filter.add noiseThreshold=31.15999984741211
2014-03-04 14:55:03 INFO filtre.Filter : Filter.add noiseThreshold=31.15999984741211
2014-03-04 14:55:03 INFO filtre.Filter : Filter.add noiseThreshold=31.15999984741211
2014-03-04 14:55:03 INFO filtre.Filter : Filter.add noiseThreshold=31.15999984741211
2014-03-04 14:55:04 INFO filtre.Filter : Filter.add noiseThreshold=31.15999984741211
2014-03-04 14:55:04 INFO filtre.Filter : Filter.add noiseThreshold=31.15999984741211
2014-03-04 14:55:04 INFO filtre.Filter : Filter.add noiseThreshold=31.15999984741211
2014-03-04 14:55:04 INFO filtre.Filter : Filter.add noiseThreshold=31.15999984741211
2014-03-04 14:55:04 INFO filtre.Filter : Filter.add noiseThreshold=31.15999984741211
2014-03-04 14:55:04 INFO filtre.Filter : Filter.add noiseThreshold=31.15999984741211
2014-03-04 14:55:04 INFO filtre.Filter : Filter.add noiseThreshold=31.15999984741211
2014-03-04 14:55:04 INFO filtre.Filter : Filter.add noiseThreshold=31.15999984741211
2014-03-04 14:55:04 INFO filtre.Filter : Filter.add noiseThreshold=31.15999984741211
2014-03-04 14:55:04 INFO filtre.Filter : Filter.add noiseThreshold=31.15999984741211
2014-03-04 14:55:04 INFO filtre.Filter : Filter.add noiseThreshold=31.15999984741211
2014-03-04 14:55:04 INFO filtre.Filter : Filter.add noiseThreshold=31.15999984741211
2014-03-04 14:55:04 INFO filtre.Filter : Filter.add noiseThreshold=31.15999984741211
2014-03-04 14:55:05 INFO filtre.Filter : Filter.add noiseThreshold=31.15999984741211
2014-03-04 14:55:05 INFO filtre.Filter : Filter.add noiseThreshold=31.15999984741211
2014-03-04 14:55:05 INFO filtre.Filter : Filter.add noiseThreshold=31.15999984741211
2014-03-04 14:55:05 INFO filtre.Filter : Filter.add noiseThreshold=31.15999984741211
2014-03-04 14:55:05 INFO filtre.Filter : Filter.add noiseThreshold=31.15999984741211
2014-03-04 14:55:05 INFO filtre.Filter : Filter.add noiseThreshold=31.15999984741211
2014-03-04 14:55:05 INFO filtre.Filter : Filter.add noiseThreshold=31.15999984741211
2014-03-04 14:55:05 INFO filtre.Filter : Filter.add noiseThreshold=31.15999984741211
2014-03-04 14:55:05 INFO filtre.Filter : Filter.add noiseThreshold=31.15999984741211
2014-03-04 14:55:05 INFO filtre.Filter : Filter.add noiseThreshold=31.15999984741211
2014-03-04 14:55:05 INFO filtre.Filter : Filter.add noiseThreshold=31.15999984741211
2014-03-04 14:55:05 INFO filtre.Filter : Filter.add noiseThreshold=31.15999984741211
2014-03-04 14:55:05 INFO filtre.Filter : Filter.add noiseThreshold=31.15999984741211
2014-03-04 14:55:06 INFO filtre.Filter : Filter.add noiseThreshold=31.15999984741211
2014-03-04 14:55:06 INFO filtre.Filter : Filter.add noiseThreshold=31.15999984741211
2014-03-04 14:55:06 INFO filtre.Filter : Filter.add noiseThreshold=31.15999984741211
2014-03-04 14:55:06 INFO filtre.Filter : Filter.add noiseThreshold=31.15999984741211
2014-03-04 14:55:06 INFO filtre.Filter : Filter.add noiseThreshold=31.15999984741211
2014-03-04 14:55:06 INFO filtre.Filter : Filter.add noiseThreshold=31.15999984741211
2014-03-04 14:55:06 INFO filtre.Filter : Filter.add noiseThreshold=31.15999984741211
2014-03-04 14:55:06 INFO filtre.Filter : Filter.add noiseThreshold=31.15999984741211
2014-03-04 14:55:06 INFO filtre.Filter : Filter.add noiseThreshold=31.15999984741211
2014-03-04 14:55:06 INFO filtre.Filter : Filter.add noiseThreshold=31.15999984741211
2014-03-04 14:55:06 INFO filtre.Filter : Filter.add noiseThreshold=31.15999984741211
2014-03-04 14:55:06 INFO filtre.Filter : Filter.add noiseThreshold=31.15999984741211
2014-03-04 14:55:06 INFO filtre.Filter : Filter.add noiseThreshold=31.15999984741211
2014-03-04 14:55:07 INFO filtre.Filter : Filter.add noiseThreshold=31.15999984741211
2014-03-04 14:55:07 INFO filtre.Filter : Filter.add noiseThreshold=31.15999984741211
2014-03-04 14:55:07 INFO filtre.Filter : Filter.add noiseThreshold=31.15999984741211
2014-03-04 14:55:07 INFO filtre.Filter : Filter.add noiseThreshold=31.15999984741211
2014-03-04 14:55:07 INFO filtre.Filter : Filter.add noiseThreshold=31.15999984741211
2014-03-04 14:55:07 INFO filtre.Filter : Filter.add noiseThreshold=31.15999984741211
2014-03-04 14:55:07 INFO filtre.Filter : Filter.add noiseThreshold=31.15999984741211
2014-03-04 14:55:07 INFO filtre.Filter : Filter.add noiseThreshold=31.15999984741211
2014-03-04 14:55:07 INFO filtre.Filter : Filter.add noiseThreshold=31.15999984741211
2014-03-04 14:55:07 INFO filtre.Filter : Filter.add noiseThreshold=31.15999984741211
2014-03-04 14:55:07 INFO filtre.Filter : Filter.add noiseThreshold=31.15999984741211
2014-03-04 14:55:07 INFO filtre.Filter : Filter.add noiseThreshold=31.15999984741211
2014-03-04 14:55:08 INFO filtre.Filter : Filter.add noiseThreshold=31.15999984741211
2014-03-04 14:55:08 INFO filtre.Filter : Filter.add noiseThreshold=31.15999984741211
2014-03-04 14:55:08 INFO filtre.Filter : Filter.add noiseThreshold=31.15999984741211
2014-03-04 14:55:08 INFO filtre.Filter : Filter.add noiseThreshold=31.15999984741211
2014-03-04 14:55:08 INFO filtre.Filter : Filter.add noiseThreshold=31.15999984741211
2014-03-04 14:55:08 INFO filtre.Filter : Filter.add noiseThreshold=31.15999984741211
2014-03-04 14:55:08 INFO filtre.Filter : Filter.add noiseThreshold=31.15999984741211
2014-03-04 14:55:08 INFO filtre.Filter : Filter.add noiseThreshold=31.15999984741211
2014-03-04 14:55:08 INFO filtre.Filter : Filter.add noiseThreshold=31.15999984741211
2014-03-04 14:55:08 INFO filtre.Filter : Filter.add noiseThreshold=31.15999984741211
2014-03-04 14:55:08 INFO filtre.Filter : Filter.add noiseThreshold=31.15999984741211
2014-03-04 14:55:08 INFO filtre.Filter : Filter.add noiseThreshold=31.15999984741211
2014-03-04 14:55:08 INFO filtre.Filter : Filter.add noiseThreshold=31.15999984741211
2014-03-04 14:55:09 INFO filtre.Filter : Filter.add noiseThreshold=31.15999984741211
2014-03-04 14:55:09 INFO filtre.Filter : Filter.add noiseThreshold=31.15999984741211
2014-03-04 14:55:09 INFO filtre.Filter : Filter.add noiseThreshold=31.15999984741211
2014-03-04 14:55:09 INFO filtre.Filter : Filter.add noiseThreshold=31.15999984741211
2014-03-04 14:55:09 INFO filtre.Filter : Filter.add noiseThreshold=31.15999984741211
2014-03-04 14:55:09 INFO filtre.Filter : Filter.add noiseThreshold=31.15999984741211
2014-03-04 14:55:09 INFO filtre.Filter : Filter.add noiseThreshold=31.15999984741211
2014-03-04 14:55:09 INFO filtre.Filter : Filter.add noiseThreshold=31.15999984741211
2014-03-04 14:55:09 INFO filtre.Filter : Filter.add noiseThreshold=31.15999984741211
2014-03-04 14:55:09 INFO filtre.Filter : Filter.add noiseThreshold=31.15999984741211
2014-03-04 14:55:09 INFO filtre.Filter : Filter.add noiseThreshold=31.15999984741211
2014-03-04 14:55:09 INFO filtre.Filter : Filter.add noiseThreshold=31.15999984741211
2014-03-04 14:55:10 INFO filtre.Filter : Filter.add noiseThreshold=31.15999984741211
2014-03-04 14:55:10 INFO filtre.Filter : Filter.add noiseThreshold=31.15999984741211
2014-03-04 14:55:10 INFO filtre.Filter : Filter.add noiseThreshold=31.15999984741211
2014-03-04 14:55:10 INFO filtre.Filter : Filter.add noiseThreshold=31.15999984741211
2014-03-04 14:55:10 INFO filtre.Filter : Filter.add noiseThreshold=31.15999984741211
2014-03-04 14:55:10 INFO filtre.Filter : Filter.add noiseThreshold=31.15999984741211
2014-03-04 14:55:10 INFO filtre.Filter : Filter.add noiseThreshold=31.15999984741211
2014-03-04 14:55:10 INFO filtre.Filter : Filter.add noiseThreshold=31.15999984741211
2014-03-04 14:55:10 INFO filtre.Filter : Filter.add noiseThreshold=31.15999984741211
2014-03-04 14:55:10 INFO filtre.Filter : Filter.add noiseThreshold=31.15999984741211
2014-03-04 14:55:10 INFO filtre.Filter : Filter.add noiseThreshold=31.15999984741211
2014-03-04 14:55:10 INFO filtre.Filter : Filter.add noiseThreshold=31.15999984741211
2014-03-04 14:55:11 INFO filtre.Filter : Filter.add noiseThreshold=31.15999984741211
2014-03-04 14:55:11 INFO filtre.Filter : Filter.add noiseThreshold=31.15999984741211
2014-03-04 14:55:11 INFO filtre.Filter : Filter.add noiseThreshold=31.15999984741211
2014-03-04 14:55:11 WARNING imu.IMU : stopped listening raw datas for drone 5
2014-03-04 14:55:11 WARNING imu.IMU : stopped listening raw datas for drone 5
2014-03-04 14:55:11 INFO imu.IMU : new aircraft built with id=5
