2014-02-28 17:25:25 INFO ihm.Calibration : Properties : 
autofocus_calibration_data=logs/calibration.data
simulation_calibration_data=test/calib_prod1_3_droneId_5.data
paparazzi_script_calibration=paparazzi_calibration/calibrate.py

2014-02-28 17:25:26 INFO imu.IMU : new aircraft built with id=5
2014-02-28 17:25:26 INFO testData.Sender : starting sending IMU test data...
2014-02-28 17:25:26 WARNING ihm.MainFrame : setSelectedIndex: 3 out of bounds
2014-02-28 17:25:31 INFO ihm.MainFrame : starting calibration of magnetometer...
2014-02-28 17:25:31 INFO imu.IMU : listening raw datas for drone 5...
2014-02-28 17:25:31 INFO imu.IMU : IMY mess received  25 -204 -2057
2014-02-28 17:25:31 INFO filtre.FilterSphere : FilterSphere add d=25.0 -204.0 -2057.0
2014-02-28 17:25:31 INFO imu.IMU : IMY mess received  26 -287 -2239
2014-02-28 17:25:31 INFO filtre.FilterSphere : FilterSphere add d=25.0 -204.0 -2057.0
2014-02-28 17:25:31 INFO imu.IMU : IMY mess received  377 -208 -2210
2014-02-28 17:25:31 INFO filtre.FilterSphere : FilterSphere add d=25.0 -204.0 -2057.0
2014-02-28 17:25:31 INFO imu.IMU : IMY mess received  134 -142 -2330
2014-02-28 17:25:31 INFO filtre.FilterSphere : FilterSphere add d=25.0 -204.0 -2057.0
2014-02-28 17:25:31 INFO imu.IMU : IMY mess received  200 -35 -2207
2014-02-28 17:25:31 INFO filtre.FilterSphere : FilterSphere add d=25.0 -204.0 -2057.0
2014-02-28 17:25:31 INFO imu.IMU : IMY mess received  139 6 -1821
2014-02-28 17:25:31 INFO filtre.FilterSphere : FilterSphere add d=25.0 -204.0 -2057.0
2014-02-28 17:25:31 INFO imu.IMU : IMY mess received  300 3 -1858
2014-02-28 17:25:31 INFO filtre.FilterSphere : FilterSphere add d=25.0 -204.0 -2057.0
2014-02-28 17:25:31 INFO imu.IMU : IMY mess received  242 -56 -2231
2014-02-28 17:25:31 INFO filtre.FilterSphere : FilterSphere add d=25.0 -204.0 -2057.0
2014-02-28 17:25:31 INFO imu.IMU : IMY mess received  283 -101 -2168
2014-02-28 17:25:31 INFO filtre.FilterSphere : FilterSphere add d=25.0 -204.0 -2057.0
2014-02-28 17:25:32 INFO imu.IMU : IMY mess received  345 -187 -2422
2014-02-28 17:25:32 INFO filtre.FilterSphere : FilterSphere add d=25.0 -204.0 -2057.0
2014-02-28 17:25:32 INFO imu.IMU : IMY mess received  207 -153 -2076
2014-02-28 17:25:32 INFO filtre.FilterSphere : FilterSphere add d=25.0 -204.0 -2057.0
2014-02-28 17:25:32 INFO imu.IMU : IMY mess received  376 -224 -2125
2014-02-28 17:25:32 INFO filtre.FilterSphere : FilterSphere add d=25.0 -204.0 -2057.0
2014-02-28 17:25:32 INFO imu.IMU : IMY mess received  180 -202 -1908
2014-02-28 17:25:32 INFO filtre.FilterSphere : FilterSphere add d=25.0 -204.0 -2057.0
2014-02-28 17:25:32 INFO imu.IMU : IMY mess received  211 -221 -1986
2014-02-28 17:25:32 INFO filtre.FilterSphere : FilterSphere add d=25.0 -204.0 -2057.0
2014-02-28 17:25:32 INFO imu.IMU : IMY mess received  310 -186 -2098
2014-02-28 17:25:32 INFO filtre.FilterSphere : FilterSphere add d=25.0 -204.0 -2057.0
2014-02-28 17:25:32 INFO imu.IMU : IMY mess received  31 -165 -1782
2014-02-28 17:25:32 INFO filtre.FilterSphere : FilterSphere add d=25.0 -204.0 -2057.0
2014-02-28 17:25:32 INFO imu.IMU : IMY mess received  308 -227 -1879
2014-02-28 17:25:32 INFO filtre.FilterSphere : FilterSphere add d=25.0 -204.0 -2057.0
2014-02-28 17:25:32 INFO imu.IMU : IMY mess received  132 -242 -1850
2014-02-28 17:25:32 INFO filtre.FilterSphere : FilterSphere add d=25.0 -204.0 -2057.0
2014-02-28 17:25:32 INFO imu.IMU : IMY mess received  -98 -110 -1817
2014-02-28 17:25:32 INFO filtre.FilterSphere : FilterSphere add d=25.0 -204.0 -2057.0
2014-02-28 17:25:33 INFO imu.IMU : IMY mess received  163 -306 -1807
2014-02-28 17:25:33 INFO filtre.FilterSphere : FilterSphere add d=25.0 -204.0 -2057.0
2014-02-28 17:25:33 INFO imu.IMU : IMY mess received  -127 -200 -1613
2014-02-28 17:25:33 INFO filtre.FilterSphere : FilterSphere add d=25.0 -204.0 -2057.0
2014-02-28 17:25:33 INFO imu.IMU : IMY mess received  -90 -277 -2072
2014-02-28 17:25:33 INFO filtre.FilterSphere : FilterSphere add d=25.0 -204.0 -2057.0
2014-02-28 17:25:33 INFO imu.IMU : IMY mess received  14 -311 -1941
2014-02-28 17:25:33 INFO filtre.FilterSphere : FilterSphere add d=25.0 -204.0 -2057.0
2014-02-28 17:25:33 INFO imu.IMU : IMY mess received  -146 -233 -1897
2014-02-28 17:25:33 INFO filtre.FilterSphere : FilterSphere add d=25.0 -204.0 -2057.0
2014-02-28 17:25:33 INFO imu.IMU : IMY mess received  21 -288 -1910
2014-02-28 17:25:33 INFO filtre.FilterSphere : FilterSphere add d=25.0 -204.0 -2057.0
2014-02-28 17:25:33 INFO imu.IMU : IMY mess received  -138 -256 -1922
2014-02-28 17:25:33 INFO filtre.FilterSphere : FilterSphere add d=25.0 -204.0 -2057.0
2014-02-28 17:25:33 INFO imu.IMU : IMY mess received  -61 -224 -1878
2014-02-28 17:25:33 INFO filtre.FilterSphere : FilterSphere add d=25.0 -204.0 -2057.0
2014-02-28 17:25:33 INFO imu.IMU : IMY mess received  -41 -300 -2065
2014-02-28 17:25:33 INFO filtre.FilterSphere : FilterSphere add d=25.0 -204.0 -2057.0
2014-02-28 17:25:33 INFO imu.IMU : IMY mess received  -40 -148 -1828
2014-02-28 17:25:33 INFO filtre.FilterSphere : FilterSphere add d=25.0 -204.0 -2057.0
2014-02-28 17:25:33 INFO imu.IMU : IMY mess received  -5 -241 -2008
2014-02-28 17:25:33 INFO filtre.FilterSphere : FilterSphere add d=25.0 -204.0 -2057.0
2014-02-28 17:25:34 INFO imu.IMU : IMY mess received  124 -191 -1972
2014-02-28 17:25:34 INFO filtre.FilterSphere : FilterSphere add d=25.0 -204.0 -2057.0
2014-02-28 17:25:34 INFO imu.IMU : IMY mess received  178 -179 -2198
2014-02-28 17:25:34 INFO filtre.FilterSphere : FilterSphere add d=25.0 -204.0 -2057.0
2014-02-28 17:25:34 INFO imu.IMU : IMY mess received  41 -255 -2054
2014-02-28 17:25:34 INFO filtre.FilterSphere : FilterSphere add d=25.0 -204.0 -2057.0
2014-02-28 17:25:34 INFO imu.IMU : IMY mess received  153 -208 -2188
2014-02-28 17:25:34 INFO filtre.FilterSphere : FilterSphere add d=25.0 -204.0 -2057.0
2014-02-28 17:25:34 INFO imu.IMU : IMY mess received  143 -276 -2016
2014-02-28 17:25:34 INFO filtre.FilterSphere : FilterSphere add d=25.0 -204.0 -2057.0
2014-02-28 17:25:34 INFO imu.IMU : IMY mess received  179 -82 -2080
2014-02-28 17:25:34 INFO filtre.FilterSphere : FilterSphere add d=25.0 -204.0 -2057.0
2014-02-28 17:25:34 INFO imu.IMU : IMY mess received  128 -50 -2195
2014-02-28 17:25:34 INFO filtre.FilterSphere : FilterSphere add d=25.0 -204.0 -2057.0
2014-02-28 17:25:34 INFO imu.IMU : IMY mess received  155 -38 -2029
2014-02-28 17:25:34 INFO filtre.FilterSphere : FilterSphere add d=25.0 -204.0 -2057.0
2014-02-28 17:25:34 INFO imu.IMU : IMY mess received  274 60 -2091
2014-02-28 17:25:34 INFO filtre.FilterSphere : FilterSphere add d=25.0 -204.0 -2057.0
2014-02-28 17:25:34 INFO imu.IMU : IMY mess received  106 18 -2108
2014-02-28 17:25:34 INFO filtre.FilterSphere : FilterSphere add d=25.0 -204.0 -2057.0
2014-02-28 17:25:35 INFO imu.IMU : IMY mess received  238 -7 -2073
2014-02-28 17:25:35 INFO filtre.FilterSphere : FilterSphere add d=26.0 -287.0 -2239.0
2014-02-28 17:25:35 INFO imu.IMU : IMY mess received  196 45 -2193
2014-02-28 17:25:35 INFO filtre.FilterSphere : FilterSphere add d=377.0 -208.0 -2210.0
2014-02-28 17:25:35 INFO imu.IMU : IMY mess received  157 4 -2199
2014-02-28 17:25:35 INFO filtre.FilterSphere : FilterSphere add d=134.0 -142.0 -2330.0
2014-02-28 17:25:35 INFO imu.IMU : IMY mess received  251 3 -2109
2014-02-28 17:25:35 INFO filtre.FilterSphere : FilterSphere add d=200.0 -35.0 -2207.0
2014-02-28 17:25:35 INFO imu.IMU : IMY mess received  223 155 -2172
2014-02-28 17:25:35 INFO filtre.FilterSphere : FilterSphere add d=139.0 6.0 -1821.0
2014-02-28 17:25:35 INFO imu.IMU : IMY mess received  307 55 -1912
2014-02-28 17:25:35 INFO filtre.FilterSphere : FilterSphere add d=300.0 3.0 -1858.0
2014-02-28 17:25:35 INFO imu.IMU : IMY mess received  186 56 -2199
2014-02-28 17:25:35 INFO filtre.FilterSphere : FilterSphere add d=242.0 -56.0 -2231.0
2014-02-28 17:25:35 INFO imu.IMU : IMY mess received  155 94 -2280
2014-02-28 17:25:35 INFO filtre.FilterSphere : FilterSphere add d=283.0 -101.0 -2168.0
2014-02-28 17:25:35 INFO imu.IMU : IMY mess received  164 79 -2261
2014-02-28 17:25:35 INFO filtre.FilterSphere : FilterSphere add d=345.0 -187.0 -2422.0
2014-02-28 17:25:35 INFO imu.IMU : IMY mess received  254 90 -1953
2014-02-28 17:25:35 INFO filtre.FilterSphere : FilterSphere add d=207.0 -153.0 -2076.0
2014-02-28 17:25:36 INFO imu.IMU : IMY mess received  197 2 -2077
2014-02-28 17:25:36 INFO filtre.FilterSphere : FilterSphere add d=376.0 -224.0 -2125.0
2014-02-28 17:25:36 INFO imu.IMU : IMY mess received  240 134 -1973
2014-02-28 17:25:36 INFO filtre.FilterSphere : FilterSphere add d=180.0 -202.0 -1908.0
2014-02-28 17:25:36 INFO imu.IMU : IMY mess received  189 -88 -2110
2014-02-28 17:25:36 INFO filtre.FilterSphere : FilterSphere add d=211.0 -221.0 -1986.0
2014-02-28 17:25:36 INFO imu.IMU : IMY mess received  88 78 -2140
2014-02-28 17:25:36 INFO filtre.FilterSphere : FilterSphere add d=310.0 -186.0 -2098.0
2014-02-28 17:25:36 INFO imu.IMU : IMY mess received  349 81 -2011
2014-02-28 17:25:36 INFO filtre.FilterSphere : FilterSphere add d=31.0 -165.0 -1782.0
2014-02-28 17:25:36 WARNING imu.IMU : stopped listening raw datas for drone 5
2014-02-28 17:25:36 WARNING imu.IMU : stopped listening raw datas for drone 5
2014-02-28 17:25:36 INFO imu.IMU : new aircraft built with id=5
