2014-03-03 18:03:12 INFO ihm.Calibration : Properties : 
autofocus_calibration_data=logs/calibration.data
simulation_calibration_data=test/calib_prod1_3_droneId_5.data
paparazzi_script_calibration=paparazzi_calibration/calibrate.py

2014-03-03 18:03:13 INFO testData.Sender : starting sending IMU test data...
2014-03-03 18:03:13 INFO imu.IMU : new aircraft built with id=5
2014-03-03 18:03:13 INFO imu.IMU : IMU.changeAcMode newMode=2
2014-03-03 18:03:25 INFO imu.IMU : IMU.changeAcMode newMode=1
2014-03-03 18:03:29 INFO imu.IMU : IMU.changeAcMode newMode=3
2014-03-03 18:03:34 INFO imu.IMU : timer - ac.isConnected=true
2014-03-03 18:03:34 INFO ihm.MainFrame : aircraft exited 5
2014-03-03 18:03:35 INFO imu.IMU : new aircraft detected
2014-03-03 18:03:35 INFO imu.IMU : new aircraft built with id=5
2014-03-03 18:03:35 WARNING ihm.MainFrame : setSelectedIndex: 0 out of bounds
2014-03-03 18:03:37 INFO imu.IMU : timer - ac.isConnected=true
2014-03-03 18:03:37 INFO ihm.MainFrame : aircraft exited 5
2014-03-03 18:03:39 INFO imu.IMU : timer - ac.isConnected=true
2014-03-03 18:03:39 INFO ihm.MainFrame : aircraft exited 5
2014-03-03 18:03:41 INFO imu.IMU : timer - ac.isConnected=true
2014-03-03 18:03:41 INFO ihm.MainFrame : aircraft exited 5
2014-03-03 18:03:43 INFO imu.IMU : timer - ac.isConnected=true
2014-03-03 18:03:43 INFO ihm.MainFrame : aircraft exited 5
2014-03-03 18:03:45 INFO imu.IMU : timer - ac.isConnected=true
2014-03-03 18:03:45 INFO ihm.MainFrame : aircraft exited 5
