2014-03-03 15:40:07 INFO ihm.Calibration : Properties : 
autofocus_calibration_data=logs/calibration.data
simulation_calibration_data=test/calib_prod16_droneId_5.data
paparazzi_script_calibration=paparazzi_calibration/calibrate.py

2014-03-03 15:40:08 INFO imu.IMU : new aircraft built with id=5
2014-03-03 15:40:08 INFO testData.Sender : starting sending IMU test data...
2014-03-03 15:40:09 INFO ihm.MainFrame : aircraft 5 connected
2014-03-03 15:40:09 INFO ihm.MainFrame : mode size=0
2014-03-03 15:40:09 INFO ihm.MainFrame : aircraftConnected - nb de modes ajoutés : 1
2014-03-03 15:40:09 INFO ihm.MainFrame : stored mode : null
2014-03-03 15:40:09 INFO ihm.MainFrame : comboBoxAircraft.addItemListener - nb modes ajoutés : 1
2014-03-03 15:40:09 WARNING ihm.MainFrame : setSelectedIndex: 2 out of bounds
2014-03-03 15:41:08 INFO ihm.MainFrame : starting calibration of accelerometer...
2014-03-03 15:41:08 INFO imu.IMU : listening raw datas for drone 5...
2014-03-03 15:41:09 WARNING imu.IMU : stopped listening raw datas for drone 5
2014-03-03 15:41:09 WARNING imu.IMU : stopped listening raw datas for drone 5
2014-03-03 15:41:09 INFO imu.IMU : new aircraft built with id=5
2014-03-03 15:41:09 INFO ihm.MainFrame : aircraft 5 connected
2014-03-03 15:41:09 INFO ihm.MainFrame : mode size=0
2014-03-03 15:41:09 INFO ihm.MainFrame : aircraftConnected - nb de modes ajoutés : 1
2014-03-03 15:41:09 INFO ihm.MainFrame : stored mode : null
2014-03-03 15:41:09 INFO ihm.MainFrame : comboBoxAircraft.addItemListener - nb modes ajoutés : 6
2014-03-03 15:41:09 INFO ihm.MainFrame : arg0=2
2014-03-03 15:41:09 INFO ihm.MainFrame : arg0=1
2014-03-03 15:41:09 INFO ihm.MainFrame : in if try
