2014-03-03 14:22:29 INFO ihm.Calibration : Properties : 
autofocus_calibration_data=logs/calibration.data
simulation_calibration_data=test/calib_prod1_3_droneId_5.data
paparazzi_script_calibration=paparazzi_calibration/calibrate.py

2014-03-03 14:22:30 INFO imu.IMU : new aircraft built with id=5
2014-03-03 14:22:30 INFO testData.Sender : starting sending IMU test data...
2014-03-03 14:22:31 WARNING ihm.MainFrame : setSelectedIndex: 2 out of bounds
2014-03-03 14:22:31 INFO ihm.MainFrame : starting calibration of magnetometer...
2014-03-03 14:22:31 INFO imu.IMU : listening raw datas for drone 5...
2014-03-03 14:37:03 INFO testData.Sender : stopped sending IMU test data
2014-03-03 14:40:38 WARNING imu.IMU : stopped listening raw datas for drone 5
2014-03-03 14:40:38 INFO calibrate.PrintLog : logs/calibration.data created with 7384 lines
2014-03-03 14:40:38 INFO calibrate.CalibrateSystem : executing : python paparazzi_calibration/calibrate.py -s MAG  -v logs/calibration.data
2014-03-03 14:40:38 INFO calibrate.CalibrateSystem : python script result for MAGNETOMETER :
2014-03-03 14:40:38 INFO calibrate.CalibrateSystem : Using aircraft id 5
reading file logs/calibration.data for aircraft 5 and sensor MAG
found 7384 records
Using noise threshold of 1000 for filtering.
remaining 7364 after filtering

2014-03-03 14:40:38 INFO calibrate.CalibrateSystem : end of python script for MAGNETOMETER
2014-03-03 14:40:43 INFO imu.IMU : listening raw datas for drone 5...
