2014-02-28 17:49:38 INFO ihm.Calibration : Properties : 
autofocus_calibration_data=logs/calibration.data
simulation_calibration_data=test/calib_prod1_3_droneId_5.data
paparazzi_script_calibration=paparazzi_calibration/calibrate.py

2014-02-28 17:49:39 INFO imu.IMU : new aircraft built with id=5
2014-02-28 17:49:39 INFO testData.Sender : starting sending IMU test data...
2014-02-28 17:49:40 WARNING ihm.MainFrame : setSelectedIndex: 3 out of bounds
2014-02-28 17:49:40 INFO ihm.MainFrame : starting calibration of magnetometer...
2014-02-28 17:49:41 INFO imu.IMU : listening raw datas for drone 5...
2014-02-28 17:49:41 INFO imu.IMU : IMY mess received  49 -199 -2054
2014-02-28 17:49:41 INFO filtre.Filter : Filter.add vector 49.0 -199.0 -2054.0
2014-02-28 17:49:41 INFO imu.IMU : IMY mess received  50 -204 -2047
2014-02-28 17:49:41 INFO filtre.Filter : Filter.add vector 50.0 -204.0 -2047.0
2014-02-28 17:49:41 INFO imu.IMU : IMY mess received  48 -197 -2050
2014-02-28 17:49:41 INFO filtre.Filter : Filter.add vector 48.0 -197.0 -2050.0
2014-02-28 17:49:41 INFO imu.IMU : IMY mess received  50 -195 -2039
2014-02-28 17:49:41 INFO filtre.Filter : Filter.add vector 50.0 -195.0 -2039.0
2014-02-28 17:49:41 INFO imu.IMU : IMY mess received  49 -203 -2044
2014-02-28 17:49:41 INFO filtre.Filter : Filter.add vector 49.0 -203.0 -2044.0
2014-02-28 17:49:41 INFO imu.IMU : IMY mess received  46 -197 -2045
2014-02-28 17:49:41 INFO filtre.Filter : Filter.add vector 46.0 -197.0 -2045.0
2014-02-28 17:49:41 INFO imu.IMU : IMY mess received  53 -200 -2049
2014-02-28 17:49:41 INFO filtre.Filter : Filter.add vector 53.0 -200.0 -2049.0
2014-02-28 17:49:41 INFO imu.IMU : IMY mess received  42 -197 -2030
2014-02-28 17:49:41 INFO filtre.Filter : Filter.add vector 42.0 -197.0 -2030.0
2014-02-28 17:49:41 INFO imu.IMU : IMY mess received  53 -207 -2041
2014-02-28 17:49:41 INFO filtre.Filter : Filter.add vector 53.0 -207.0 -2041.0
2014-02-28 17:49:41 INFO imu.IMU : IMY mess received  50 -194 -2037
2014-02-28 17:49:41 INFO filtre.Filter : Filter.add vector 50.0 -194.0 -2037.0
2014-02-28 17:49:42 INFO imu.IMU : IMY mess received  47 -206 -2036
2014-02-28 17:49:42 INFO filtre.Filter : Filter.add vector 47.0 -206.0 -2036.0
2014-02-28 17:49:42 INFO imu.IMU : IMY mess received  63 -203 -2048
2014-02-28 17:49:42 INFO filtre.Filter : Filter.add vector 63.0 -203.0 -2048.0
2014-02-28 17:49:42 INFO imu.IMU : IMY mess received  46 -201 -2045
2014-02-28 17:49:42 INFO filtre.Filter : Filter.add vector 46.0 -201.0 -2045.0
2014-02-28 17:49:42 INFO imu.IMU : IMY mess received  46 -194 -2034
2014-02-28 17:49:42 INFO filtre.Filter : Filter.add vector 46.0 -194.0 -2034.0
2014-02-28 17:49:42 INFO imu.IMU : IMY mess received  45 -198 -2043
2014-02-28 17:49:42 INFO filtre.Filter : Filter.add vector 45.0 -198.0 -2043.0
2014-02-28 17:49:42 INFO imu.IMU : IMY mess received  53 -206 -2045
2014-02-28 17:49:42 INFO filtre.Filter : Filter.add vector 53.0 -206.0 -2045.0
2014-02-28 17:49:42 INFO imu.IMU : IMY mess received  44 -203 -2048
2014-02-28 17:49:42 INFO filtre.Filter : Filter.add vector 44.0 -203.0 -2048.0
2014-02-28 17:49:42 INFO imu.IMU : IMY mess received  50 -202 -2047
2014-02-28 17:49:42 INFO filtre.Filter : Filter.add vector 50.0 -202.0 -2047.0
2014-02-28 17:49:42 INFO imu.IMU : IMY mess received  43 -195 -2049
2014-02-28 17:49:42 INFO filtre.Filter : Filter.add vector 43.0 -195.0 -2049.0
2014-02-28 17:49:42 INFO imu.IMU : IMY mess received  49 -194 -2043
2014-02-28 17:49:42 INFO filtre.Filter : Filter.add vector 49.0 -194.0 -2043.0
2014-02-28 17:49:42 INFO imu.IMU : IMY mess received  50 -204 -2051
2014-02-28 17:49:42 INFO filtre.Filter : Filter.add vector 50.0 -204.0 -2051.0
2014-02-28 17:49:43 INFO imu.IMU : IMY mess received  49 -202 -2038
2014-02-28 17:49:43 INFO filtre.Filter : Filter.add vector 49.0 -202.0 -2038.0
2014-02-28 17:49:43 INFO imu.IMU : IMY mess received  46 -201 -2045
2014-02-28 17:49:43 INFO filtre.Filter : Filter.add vector 46.0 -201.0 -2045.0
2014-02-28 17:49:43 INFO imu.IMU : IMY mess received  47 -199 -2044
2014-02-28 17:49:43 INFO filtre.Filter : Filter.add vector 47.0 -199.0 -2044.0
2014-02-28 17:49:43 INFO imu.IMU : IMY mess received  44 -205 -2043
2014-02-28 17:49:43 INFO filtre.Filter : Filter.add vector 44.0 -205.0 -2043.0
2014-02-28 17:49:43 INFO imu.IMU : IMY mess received  50 -203 -2057
2014-02-28 17:49:43 INFO filtre.Filter : Filter.add vector 50.0 -203.0 -2057.0
2014-02-28 17:49:43 INFO imu.IMU : IMY mess received  49 -202 -2038
2014-02-28 17:49:43 INFO filtre.Filter : Filter.add vector 49.0 -202.0 -2038.0
2014-02-28 17:49:43 INFO imu.IMU : IMY mess received  242 -219 -1935
2014-02-28 17:49:43 INFO filtre.Filter : Filter.add vector 242.0 -219.0 -1935.0
2014-02-28 17:49:43 INFO imu.IMU : IMY mess received  -30 -204 -2089
2014-02-28 17:49:43 INFO filtre.Filter : Filter.add vector -30.0 -204.0 -2089.0
2014-02-28 17:49:43 INFO imu.IMU : IMY mess received  86 -194 -2016
2014-02-28 17:49:43 INFO filtre.Filter : Filter.add vector 86.0 -194.0 -2016.0
2014-02-28 17:49:44 INFO imu.IMU : IMY mess received  54 -197 -2054
2014-02-28 17:49:44 INFO filtre.Filter : Filter.add vector 54.0 -197.0 -2054.0
2014-02-28 17:49:44 INFO imu.IMU : IMY mess received  50 -201 -2054
2014-02-28 17:49:44 INFO filtre.Filter : Filter.add vector 50.0 -201.0 -2054.0
2014-02-28 17:49:44 INFO imu.IMU : IMY mess received  44 -200 -2050
2014-02-28 17:49:44 INFO filtre.Filter : Filter.add vector 44.0 -200.0 -2050.0
2014-02-28 17:49:44 INFO imu.IMU : IMY mess received  52 -201 -2042
2014-02-28 17:49:44 INFO filtre.Filter : Filter.add vector 52.0 -201.0 -2042.0
2014-02-28 17:49:44 INFO imu.IMU : IMY mess received  45 -201 -2049
2014-02-28 17:49:44 INFO filtre.Filter : Filter.add vector 45.0 -201.0 -2049.0
2014-02-28 17:49:44 INFO imu.IMU : IMY mess received  55 -199 -2043
2014-02-28 17:49:44 INFO filtre.Filter : Filter.add vector 55.0 -199.0 -2043.0
2014-02-28 17:49:44 INFO imu.IMU : IMY mess received  14 -226 -2060
2014-02-28 17:49:44 INFO filtre.Filter : Filter.add vector 14.0 -226.0 -2060.0
2014-02-28 17:49:44 INFO imu.IMU : IMY mess received  -79 -194 -2041
2014-02-28 17:49:44 INFO filtre.Filter : Filter.add vector -79.0 -194.0 -2041.0
2014-02-28 17:49:44 INFO imu.IMU : IMY mess received  25 -204 -2057
2014-02-28 17:49:44 INFO filtre.Filter : Filter.add vector 25.0 -204.0 -2057.0
2014-02-28 17:49:44 INFO imu.IMU : IMY mess received  26 -287 -2239
2014-02-28 17:49:44 INFO filtre.Filter : Filter.add vector 26.0 -287.0 -2239.0
2014-02-28 17:49:45 INFO imu.IMU : IMY mess received  377 -208 -2210
2014-02-28 17:49:45 INFO filtre.Filter : Filter.add vector 377.0 -208.0 -2210.0
2014-02-28 17:49:45 INFO imu.IMU : IMY mess received  134 -142 -2330
2014-02-28 17:49:45 INFO filtre.Filter : Filter.add vector 134.0 -142.0 -2330.0
2014-02-28 17:49:45 INFO imu.IMU : IMY mess received  200 -35 -2207
2014-02-28 17:49:45 INFO filtre.Filter : Filter.add vector 200.0 -35.0 -2207.0
