2014-03-03 18:03:48 INFO ihm.Calibration : Properties : 
autofocus_calibration_data=logs/calibration.data
simulation_calibration_data=test/calib_prod1_3_droneId_5.data
paparazzi_script_calibration=paparazzi_calibration/calibrate.py

2014-03-03 18:03:49 INFO imu.IMU : new aircraft built with id=5
2014-03-03 18:03:49 INFO testData.Sender : starting sending IMU test data...
2014-03-03 18:03:55 INFO imu.IMU : IMU.changeAcMode newMode=3
2014-03-03 18:04:00 INFO imu.IMU : IMU.changeAcMode newMode=2
2014-03-03 18:04:09 INFO ihm.MainFrame : starting calibration of magnetometer...
2014-03-03 18:04:09 INFO imu.IMU : listening raw datas for drone 5...
2014-03-03 18:05:48 WARNING imu.IMU : stopped listening raw datas for drone 5
2014-03-03 18:05:48 INFO ihm.Result : quantité de données insuffisante pour pouvoir calculer une calibration : 1258/2000
2014-03-03 18:05:50 INFO imu.IMU : listening raw datas for drone 5...
2014-03-03 18:06:11 WARNING imu.IMU : stopped listening raw datas for drone 5
2014-03-03 18:06:11 INFO ihm.Result : quantité de données insuffisante pour pouvoir calculer une calibration : 1525/2000
2014-03-03 18:06:13 INFO imu.IMU : listening raw datas for drone 5...
2014-03-03 18:06:53 WARNING imu.IMU : stopped listening raw datas for drone 5
2014-03-03 18:06:53 INFO calibrate.PrintLog : logs/calibration.data created with 2033 lines
2014-03-03 18:06:53 INFO calibrate.CalibrateSystem : executing : python paparazzi_calibration/calibrate.py -s MAG  -v logs/calibration.data
2014-03-03 18:06:53 INFO calibrate.CalibrateSystem : python script result for MAGNETOMETER :
2014-03-03 18:06:54 INFO calibrate.CalibrateSystem : Using aircraft id 5
reading file logs/calibration.data for aircraft 5 and sensor MAG
found 2033 records
Using noise threshold of 1000 for filtering.
remaining 2013 after filtering

2014-03-03 18:06:54 INFO calibrate.CalibrateSystem : end of python script for MAGNETOMETER
2014-03-03 18:06:57 INFO imu.IMU : listening raw datas for drone 5...
2014-03-03 18:06:58 WARNING imu.IMU : stopped listening raw datas for drone 5
2014-03-03 18:06:58 WARNING imu.IMU : stopped listening raw datas for drone 5
2014-03-03 18:06:58 INFO imu.IMU : new aircraft built with id=5
2014-03-03 18:06:58 INFO imu.IMU : IMU.changeAcMode newMode=2
2014-03-03 18:06:59 INFO ihm.MainFrame : starting calibration of accelerometer...
2014-03-03 18:06:59 INFO imu.IMU : listening raw datas for drone 5...
2014-03-03 18:07:41 WARNING imu.IMU : stopped listening raw datas for drone 5
2014-03-03 18:07:41 INFO calibrate.PrintLog : logs/calibration.data created with 2582 lines
2014-03-03 18:07:41 INFO calibrate.CalibrateSystem : executing : python paparazzi_calibration/calibrate.py -s ACCEL  -v logs/calibration.data
2014-03-03 18:07:41 INFO calibrate.CalibrateSystem : python script result for ACCELEROMETER :
