2014-03-03 10:49:43 INFO ihm.Calibration : Properties : 
autofocus_calibration_data=logs/calibration.data
simulation_calibration_data=test/calib_lisa_test_droneId_5.data
paparazzi_script_calibration=paparazzi_calibration/calibrate.py

2014-03-03 10:49:44 INFO imu.IMU : new aircraft built with id=5
2014-03-03 10:49:44 INFO testData.Sender : starting sending IMU test data...
2014-03-03 10:49:44 WARNING ihm.MainFrame : setSelectedIndex: 2 out of bounds
2014-03-03 10:49:47 INFO ihm.MainFrame : starting calibration of accelerometer...
2014-03-03 10:49:47 INFO imu.IMU : listening raw datas for drone 5...
2014-03-03 10:49:50 WARNING imu.IMU : stopped listening raw datas for drone 5
2014-03-03 10:49:50 WARNING imu.IMU : stopped listening raw datas for drone 5
2014-03-03 10:49:50 INFO imu.IMU : new aircraft built with id=5
2014-03-03 10:49:50 INFO ihm.MainFrame : starting calibration of magnetometer...
2014-03-03 10:49:50 INFO imu.IMU : listening raw datas for drone 5...
2014-03-03 10:49:58 WARNING imu.IMU : stopped listening raw datas for drone 5
2014-03-03 10:49:58 WARNING imu.IMU : stopped listening raw datas for drone 5
2014-03-03 10:49:58 INFO imu.IMU : new aircraft built with id=5
2014-03-03 10:49:58 WARNING ihm.MainFrame : aircraftRawOn : comboBox AC vide
2014-03-03 10:49:58 WARNING ihm.MainFrame : null
2014-03-03 10:49:59 INFO ihm.MainFrame : starting calibration of magnetometer...
2014-03-03 10:49:59 INFO imu.IMU : listening raw datas for drone 5...
2014-03-03 10:50:02 WARNING imu.IMU : stopped listening raw datas for drone 5
2014-03-03 10:50:02 WARNING imu.IMU : stopped listening raw datas for drone 5
2014-03-03 10:50:02 INFO imu.IMU : new aircraft built with id=5
2014-03-03 10:50:03 INFO ihm.MainFrame : starting calibration of magnetometer...
2014-03-03 10:50:03 INFO imu.IMU : listening raw datas for drone 5...
2014-03-03 10:50:04 WARNING imu.IMU : stopped listening raw datas for drone 5
2014-03-03 10:50:04 WARNING imu.IMU : stopped listening raw datas for drone 5
2014-03-03 10:50:04 INFO imu.IMU : new aircraft built with id=5
2014-03-03 10:50:04 INFO ihm.MainFrame : starting calibration of accelerometer...
2014-03-03 10:50:04 INFO imu.IMU : listening raw datas for drone 5...
2014-03-03 10:50:06 WARNING imu.IMU : stopped listening raw datas for drone 5
2014-03-03 10:50:06 WARNING imu.IMU : stopped listening raw datas for drone 5
2014-03-03 10:50:06 INFO imu.IMU : new aircraft built with id=5
