2014-03-04 15:00:41 INFO ihm.Calibration : Properties : 
autofocus_calibration_data=logs/calibration.data
simulation_calibration_data=test/calib_lisa_test_droneId_5.data
paparazzi_script_calibration=paparazzi_calibration/calibrate.py

2014-03-04 15:00:42 INFO imu.IMU : new aircraft built with id=5
2014-03-04 15:00:42 INFO testData.Sender : starting sending IMU test data...
2014-03-04 15:00:45 INFO ihm.MainFrame : starting calibration of accelerometer...
2014-03-04 15:00:45 INFO imu.IMU : listening raw datas for drone 5...
2014-03-04 15:00:45 INFO filtre.Filter : Filter.add noiseThreshold=31.0
2014-03-04 15:00:46 INFO filtre.Filter : Filter.updateCorrectness : false
2014-03-04 15:00:46 INFO filtre.Filter : Filter.add noiseThreshold=31.0
2014-03-04 15:00:46 INFO filtre.Filter : Filter.add noiseThreshold=31.0
2014-03-04 15:00:46 INFO filtre.Filter : Filter.add noiseThreshold=31.0
2014-03-04 15:00:46 INFO filtre.Filter : Filter.add noiseThreshold=31.0
2014-03-04 15:00:46 INFO filtre.Filter : Filter.add noiseThreshold=31.0
2014-03-04 15:00:46 INFO filtre.Filter : Filter.add noiseThreshold=31.0
2014-03-04 15:00:46 INFO filtre.Filter : Filter.add noiseThreshold=31.0
2014-03-04 15:00:46 INFO filtre.Filter : Filter.add noiseThreshold=31.0
2014-03-04 15:00:46 INFO filtre.Filter : Filter.add noiseThreshold=31.0
2014-03-04 15:00:46 INFO filtre.Filter : Filter.add noiseThreshold=31.0
2014-03-04 15:00:46 INFO filtre.Filter : Filter.add noiseThreshold=31.0
2014-03-04 15:00:46 INFO filtre.Filter : Filter.add noiseThreshold=31.0
2014-03-04 15:00:46 INFO filtre.Filter : Filter.add noiseThreshold=31.0
2014-03-04 15:00:47 INFO filtre.Filter : Filter.add noiseThreshold=31.0
2014-03-04 15:00:47 INFO filtre.Filter : Filter.add noiseThreshold=31.0
2014-03-04 15:00:47 INFO filtre.Filter : Filter.add noiseThreshold=31.0
2014-03-04 15:00:47 INFO filtre.Filter : Filter.add noiseThreshold=31.0
2014-03-04 15:00:47 INFO filtre.Filter : Filter.add noiseThreshold=31.0
2014-03-04 15:00:47 INFO filtre.Filter : Filter.add noiseThreshold=31.0
2014-03-04 15:00:47 INFO filtre.Filter : Filter.add noiseThreshold=31.0
2014-03-04 15:00:47 INFO filtre.Filter : Filter.add noiseThreshold=31.0
2014-03-04 15:00:47 INFO filtre.Filter : Filter.add noiseThreshold=31.0
2014-03-04 15:00:47 INFO filtre.Filter : Filter.add noiseThreshold=31.0
2014-03-04 15:00:47 INFO filtre.Filter : Filter.add noiseThreshold=31.0
2014-03-04 15:00:47 INFO filtre.Filter : Filter.add noiseThreshold=31.0
2014-03-04 15:00:47 INFO filtre.Filter : Filter.add noiseThreshold=31.0
2014-03-04 15:00:48 INFO filtre.Filter : Filter.add noiseThreshold=31.0
2014-03-04 15:00:48 INFO filtre.Filter : Filter.add noiseThreshold=31.0
2014-03-04 15:00:48 INFO filtre.Filter : Filter.add noiseThreshold=31.0
2014-03-04 15:00:48 INFO filtre.Filter : Filter.add noiseThreshold=31.0
2014-03-04 15:00:48 INFO filtre.Filter : Filter.add noiseThreshold=31.0
2014-03-04 15:00:48 INFO filtre.Filter : Filter.add noiseThreshold=31.0
2014-03-04 15:00:48 INFO filtre.Filter : Filter.add noiseThreshold=31.0
2014-03-04 15:00:48 INFO filtre.Filter : Filter.add noiseThreshold=31.0
2014-03-04 15:00:48 INFO filtre.Filter : Filter.add noiseThreshold=31.0
2014-03-04 15:00:48 INFO filtre.Filter : Filter.add noiseThreshold=31.0
2014-03-04 15:00:48 INFO filtre.Filter : Filter.add noiseThreshold=31.0
2014-03-04 15:00:48 INFO filtre.Filter : Filter.add noiseThreshold=31.0
2014-03-04 15:00:49 INFO filtre.Filter : Filter.add noiseThreshold=31.0
2014-03-04 15:00:49 INFO filtre.Filter : Filter.add noiseThreshold=31.0
2014-03-04 15:00:49 INFO filtre.Filter : Filter.add noiseThreshold=31.0
2014-03-04 15:00:49 INFO filtre.Filter : Filter.add noiseThreshold=31.0
2014-03-04 15:00:49 INFO filtre.Filter : Filter.add noiseThreshold=31.0
2014-03-04 15:00:49 INFO filtre.Filter : Filter.add noiseThreshold=31.0
2014-03-04 15:00:49 INFO filtre.Filter : Filter.add noiseThreshold=31.0
2014-03-04 15:00:49 INFO filtre.Filter : Filter.add noiseThreshold=31.0
2014-03-04 15:00:49 INFO filtre.Filter : Filter.add noiseThreshold=31.0
2014-03-04 15:00:49 INFO filtre.Filter : Filter.add noiseThreshold=31.0
2014-03-04 15:00:49 INFO filtre.Filter : Filter.add noiseThreshold=31.0
2014-03-04 15:00:49 INFO filtre.Filter : Filter.add noiseThreshold=31.0
2014-03-04 15:00:50 INFO filtre.Filter : Filter.add noiseThreshold=31.0
2014-03-04 15:00:50 INFO filtre.Filter : Filter.add noiseThreshold=31.0
2014-03-04 15:00:50 INFO filtre.Filter : Filter.add noiseThreshold=31.0
2014-03-04 15:00:50 INFO filtre.Filter : Filter.add noiseThreshold=31.0
2014-03-04 15:00:50 INFO filtre.Filter : Filter.add noiseThreshold=31.0
2014-03-04 15:00:50 INFO filtre.Filter : Filter.add noiseThreshold=31.0
2014-03-04 15:00:50 INFO filtre.Filter : Filter.add noiseThreshold=31.0
2014-03-04 15:00:50 INFO filtre.Filter : Filter.add noiseThreshold=31.0
2014-03-04 15:00:50 INFO filtre.Filter : Filter.add noiseThreshold=31.0
2014-03-04 15:00:50 INFO filtre.Filter : Filter.add noiseThreshold=31.0
2014-03-04 15:00:50 INFO filtre.Filter : Filter.add noiseThreshold=31.0
2014-03-04 15:00:50 INFO filtre.Filter : Filter.add noiseThreshold=31.0
2014-03-04 15:00:50 INFO filtre.Filter : Filter.add noiseThreshold=31.0
2014-03-04 15:00:51 INFO filtre.Filter : Filter.add noiseThreshold=31.0
2014-03-04 15:00:51 INFO filtre.Filter : Filter.add noiseThreshold=31.0
2014-03-04 15:00:51 INFO filtre.Filter : Filter.add noiseThreshold=31.0
2014-03-04 15:00:51 INFO filtre.Filter : Filter.add noiseThreshold=31.0
2014-03-04 15:00:51 INFO filtre.Filter : Filter.add noiseThreshold=31.0
2014-03-04 15:00:51 INFO filtre.Filter : Filter.add noiseThreshold=31.0
2014-03-04 15:00:51 INFO filtre.Filter : Filter.add noiseThreshold=31.0
2014-03-04 15:00:51 INFO filtre.Filter : Filter.add noiseThreshold=31.0
2014-03-04 15:00:51 INFO filtre.Filter : Filter.add noiseThreshold=31.0
2014-03-04 15:00:51 INFO filtre.Filter : Filter.add noiseThreshold=31.0
2014-03-04 15:00:51 INFO filtre.Filter : Filter.add noiseThreshold=31.0
2014-03-04 15:00:51 INFO filtre.Filter : Filter.add noiseThreshold=31.0
2014-03-04 15:00:52 INFO filtre.Filter : Filter.add noiseThreshold=31.0
2014-03-04 15:00:52 INFO filtre.Filter : Filter.add noiseThreshold=31.0
2014-03-04 15:00:52 INFO filtre.Filter : Filter.add noiseThreshold=31.0
2014-03-04 15:00:52 INFO filtre.Filter : Filter.add noiseThreshold=31.0
2014-03-04 15:00:52 INFO filtre.Filter : Filter.add noiseThreshold=31.0
2014-03-04 15:00:52 INFO filtre.Filter : Filter.add noiseThreshold=31.0
2014-03-04 15:00:52 INFO filtre.Filter : Filter.add noiseThreshold=31.0
2014-03-04 15:00:52 INFO filtre.Filter : Filter.add noiseThreshold=31.0
2014-03-04 15:00:52 INFO filtre.Filter : Filter.add noiseThreshold=31.0
2014-03-04 15:00:52 INFO filtre.Filter : Filter.add noiseThreshold=31.0
2014-03-04 15:00:52 INFO filtre.Filter : Filter.add noiseThreshold=31.0
2014-03-04 15:00:52 INFO filtre.Filter : Filter.add noiseThreshold=31.0
2014-03-04 15:00:52 INFO filtre.Filter : Filter.add noiseThreshold=31.0
2014-03-04 15:00:53 INFO filtre.Filter : Filter.add noiseThreshold=31.0
2014-03-04 15:00:53 INFO filtre.Filter : Filter.add noiseThreshold=31.0
2014-03-04 15:00:53 INFO filtre.Filter : Filter.add noiseThreshold=31.0
2014-03-04 15:00:53 INFO filtre.Filter : Filter.add noiseThreshold=31.0
2014-03-04 15:00:53 INFO filtre.Filter : Filter.add noiseThreshold=31.0
2014-03-04 15:00:53 INFO filtre.Filter : Filter.add noiseThreshold=31.0
2014-03-04 15:00:53 INFO filtre.Filter : Filter.add noiseThreshold=31.0
2014-03-04 15:00:53 INFO filtre.Filter : Filter.add noiseThreshold=31.0
2014-03-04 15:00:53 INFO filtre.Filter : Filter.add noiseThreshold=31.0
2014-03-04 15:00:53 INFO filtre.Filter : Filter.add noiseThreshold=31.0
2014-03-04 15:00:53 INFO filtre.Filter : Filter.add noiseThreshold=31.0
2014-03-04 15:00:53 INFO filtre.Filter : Filter.add noiseThreshold=31.0
2014-03-04 15:00:54 INFO filtre.Filter : Filter.add noiseThreshold=31.0
2014-03-04 15:00:54 INFO filtre.Filter : Filter.add noiseThreshold=31.0
2014-03-04 15:00:54 INFO filtre.Filter : Filter.add noiseThreshold=31.0
2014-03-04 15:00:54 INFO filtre.Filter : Filter.add noiseThreshold=31.0
2014-03-04 15:00:54 INFO filtre.Filter : Filter.add noiseThreshold=31.0
2014-03-04 15:00:54 INFO filtre.Filter : Filter.add noiseThreshold=31.0
2014-03-04 15:00:54 INFO filtre.Filter : Filter.add noiseThreshold=31.0
2014-03-04 15:00:54 INFO filtre.Filter : Filter.add noiseThreshold=31.0
2014-03-04 15:00:54 INFO filtre.Filter : Filter.add noiseThreshold=31.0
2014-03-04 15:00:54 INFO filtre.Filter : Filter.add noiseThreshold=31.0
2014-03-04 15:00:54 INFO filtre.Filter : Filter.add noiseThreshold=31.0
2014-03-04 15:00:54 INFO filtre.Filter : Filter.add noiseThreshold=31.0
2014-03-04 15:00:55 INFO filtre.Filter : Filter.add noiseThreshold=31.0
2014-03-04 15:00:55 INFO filtre.Filter : Filter.add noiseThreshold=31.0
2014-03-04 15:00:55 INFO filtre.Filter : Filter.add noiseThreshold=31.0
2014-03-04 15:00:55 INFO filtre.Filter : Filter.add noiseThreshold=31.0
2014-03-04 15:00:55 INFO filtre.Filter : Filter.add noiseThreshold=31.0
2014-03-04 15:00:55 INFO filtre.Filter : Filter.add noiseThreshold=31.0
2014-03-04 15:00:55 INFO filtre.Filter : Filter.add noiseThreshold=31.0
2014-03-04 15:00:55 INFO filtre.Filter : Filter.add noiseThreshold=31.0
2014-03-04 15:00:55 INFO filtre.Filter : Filter.add noiseThreshold=31.0
2014-03-04 15:00:55 INFO filtre.Filter : Filter.add noiseThreshold=31.0
2014-03-04 15:00:55 INFO filtre.Filter : Filter.add noiseThreshold=31.0
2014-03-04 15:00:55 INFO filtre.Filter : Filter.add noiseThreshold=31.0
2014-03-04 15:00:56 INFO filtre.Filter : Filter.add noiseThreshold=31.0
2014-03-04 15:00:56 INFO filtre.Filter : Filter.add noiseThreshold=31.0
2014-03-04 15:00:56 INFO filtre.Filter : Filter.add noiseThreshold=31.0
2014-03-04 15:00:56 INFO filtre.Filter : Filter.add noiseThreshold=31.0
2014-03-04 15:00:56 INFO filtre.Filter : Filter.add noiseThreshold=31.0
2014-03-04 15:00:56 INFO filtre.Filter : Filter.add noiseThreshold=31.0
2014-03-04 15:00:56 INFO filtre.Filter : Filter.add noiseThreshold=31.0
2014-03-04 15:00:56 INFO filtre.Filter : Filter.add noiseThreshold=31.0
2014-03-04 15:00:56 INFO filtre.Filter : Filter.add noiseThreshold=31.0
2014-03-04 15:00:56 INFO filtre.Filter : Filter.add noiseThreshold=31.0
2014-03-04 15:00:56 INFO filtre.Filter : Filter.add noiseThreshold=31.0
2014-03-04 15:00:56 INFO filtre.Filter : Filter.add noiseThreshold=31.0
2014-03-04 15:00:56 INFO filtre.Filter : Filter.add noiseThreshold=31.0
2014-03-04 15:00:57 INFO filtre.Filter : Filter.add noiseThreshold=31.0
2014-03-04 15:00:57 INFO filtre.Filter : Filter.add noiseThreshold=31.0
2014-03-04 15:00:57 INFO filtre.Filter : Filter.add noiseThreshold=31.0
2014-03-04 15:00:57 INFO filtre.Filter : Filter.add noiseThreshold=31.0
2014-03-04 15:00:57 INFO filtre.Filter : Filter.add noiseThreshold=31.0
2014-03-04 15:00:57 INFO filtre.Filter : Filter.add noiseThreshold=31.0
2014-03-04 15:00:57 INFO filtre.Filter : Filter.add noiseThreshold=31.0
2014-03-04 15:00:57 INFO filtre.Filter : Filter.add noiseThreshold=31.0
2014-03-04 15:00:57 INFO filtre.Filter : Filter.add noiseThreshold=31.0
2014-03-04 15:00:57 INFO filtre.Filter : Filter.add noiseThreshold=31.0
2014-03-04 15:00:57 INFO filtre.Filter : Filter.add noiseThreshold=31.0
2014-03-04 15:00:57 INFO filtre.Filter : Filter.add noiseThreshold=31.0
2014-03-04 15:00:58 INFO filtre.Filter : Filter.add noiseThreshold=31.0
2014-03-04 15:00:58 INFO filtre.Filter : Filter.add noiseThreshold=31.0
2014-03-04 15:00:58 INFO filtre.Filter : Filter.add noiseThreshold=31.0
2014-03-04 15:00:58 INFO filtre.Filter : Filter.add noiseThreshold=31.0
2014-03-04 15:00:58 INFO filtre.Filter : Filter.add noiseThreshold=31.0
2014-03-04 15:00:58 INFO filtre.Filter : Filter.add noiseThreshold=31.0
2014-03-04 15:00:58 INFO filtre.Filter : Filter.add noiseThreshold=31.0
2014-03-04 15:00:58 INFO filtre.Filter : Filter.add noiseThreshold=31.0
2014-03-04 15:00:58 INFO filtre.Filter : Filter.add noiseThreshold=31.0
2014-03-04 15:00:58 INFO filtre.Filter : Filter.add noiseThreshold=31.0
2014-03-04 15:00:58 INFO filtre.Filter : Filter.add noiseThreshold=31.0
2014-03-04 15:00:58 INFO filtre.Filter : Filter.add noiseThreshold=31.0
2014-03-04 15:00:59 INFO filtre.Filter : Filter.add noiseThreshold=31.0
2014-03-04 15:00:59 INFO filtre.Filter : Filter.add noiseThreshold=31.0
2014-03-04 15:00:59 INFO filtre.Filter : Filter.add noiseThreshold=31.0
2014-03-04 15:00:59 INFO filtre.Filter : Filter.add noiseThreshold=31.0
2014-03-04 15:00:59 INFO filtre.Filter : Filter.add noiseThreshold=31.0
2014-03-04 15:00:59 INFO filtre.Filter : Filter.add noiseThreshold=31.0
2014-03-04 15:00:59 INFO filtre.Filter : Filter.add noiseThreshold=31.0
2014-03-04 15:00:59 INFO filtre.Filter : Filter.add noiseThreshold=31.0
2014-03-04 15:00:59 INFO filtre.Filter : Filter.add noiseThreshold=31.0
2014-03-04 15:00:59 INFO filtre.Filter : Filter.add noiseThreshold=31.0
2014-03-04 15:00:59 INFO filtre.Filter : Filter.add noiseThreshold=31.0
2014-03-04 15:00:59 INFO filtre.Filter : Filter.add noiseThreshold=31.0
2014-03-04 15:00:59 INFO filtre.Filter : Filter.add noiseThreshold=31.0
2014-03-04 15:01:00 INFO filtre.Filter : Filter.add noiseThreshold=31.0
2014-03-04 15:01:00 INFO filtre.Filter : Filter.add noiseThreshold=31.0
2014-03-04 15:01:00 INFO filtre.Filter : Filter.add noiseThreshold=31.0
2014-03-04 15:01:00 INFO filtre.Filter : Filter.add noiseThreshold=31.0
2014-03-04 15:01:00 INFO filtre.Filter : Filter.add noiseThreshold=31.0
2014-03-04 15:01:00 INFO filtre.Filter : Filter.add noiseThreshold=31.0
2014-03-04 15:01:00 INFO filtre.Filter : Filter.add noiseThreshold=31.0
2014-03-04 15:01:00 INFO filtre.Filter : Filter.add noiseThreshold=31.0
2014-03-04 15:01:00 INFO filtre.Filter : Filter.add noiseThreshold=31.0
2014-03-04 15:01:00 INFO filtre.Filter : Filter.add noiseThreshold=31.0
2014-03-04 15:01:00 INFO filtre.Filter : Filter.add noiseThreshold=31.0
2014-03-04 15:01:00 INFO filtre.Filter : Filter.add noiseThreshold=31.0
2014-03-04 15:01:00 INFO filtre.Filter : Filter.add noiseThreshold=31.0
2014-03-04 15:01:01 INFO filtre.Filter : Filter.add noiseThreshold=31.0
2014-03-04 15:01:01 INFO filtre.Filter : Filter.add noiseThreshold=31.0
2014-03-04 15:01:01 INFO filtre.Filter : Filter.add noiseThreshold=31.0
2014-03-04 15:01:01 INFO filtre.Filter : Filter.add noiseThreshold=31.0
2014-03-04 15:01:01 INFO filtre.Filter : Filter.add noiseThreshold=31.0
2014-03-04 15:01:01 INFO filtre.Filter : Filter.add noiseThreshold=31.0
2014-03-04 15:01:01 INFO filtre.Filter : Filter.add noiseThreshold=31.0
2014-03-04 15:01:01 INFO filtre.Filter : Filter.add noiseThreshold=31.0
2014-03-04 15:01:01 INFO filtre.Filter : Filter.add noiseThreshold=31.0
2014-03-04 15:01:01 INFO filtre.Filter : Filter.add noiseThreshold=31.0
2014-03-04 15:01:01 INFO filtre.Filter : Filter.add noiseThreshold=31.0
2014-03-04 15:01:01 INFO filtre.Filter : Filter.add noiseThreshold=31.0
2014-03-04 15:01:02 INFO filtre.Filter : Filter.add noiseThreshold=31.0
2014-03-04 15:01:02 INFO filtre.Filter : Filter.add noiseThreshold=31.0
2014-03-04 15:01:02 INFO filtre.Filter : Filter.add noiseThreshold=31.0
2014-03-04 15:01:02 INFO filtre.Filter : Filter.add noiseThreshold=31.0
2014-03-04 15:01:02 INFO filtre.Filter : Filter.add noiseThreshold=31.0
2014-03-04 15:01:02 INFO filtre.Filter : Filter.add noiseThreshold=31.0
2014-03-04 15:01:02 INFO filtre.Filter : Filter.add noiseThreshold=31.0
2014-03-04 15:01:02 INFO filtre.Filter : Filter.add noiseThreshold=31.0
2014-03-04 15:01:02 INFO filtre.Filter : Filter.add noiseThreshold=31.0
2014-03-04 15:01:02 INFO filtre.Filter : Filter.add noiseThreshold=31.0
2014-03-04 15:01:02 INFO filtre.Filter : Filter.add noiseThreshold=31.0
2014-03-04 15:01:02 INFO filtre.Filter : Filter.add noiseThreshold=31.0
2014-03-04 15:01:03 INFO filtre.Filter : Filter.add noiseThreshold=31.0
2014-03-04 15:01:03 INFO filtre.Filter : Filter.add noiseThreshold=31.0
2014-03-04 15:01:03 INFO filtre.Filter : Filter.add noiseThreshold=31.0
2014-03-04 15:01:03 INFO filtre.Filter : Filter.add noiseThreshold=31.0
2014-03-04 15:01:03 INFO filtre.Filter : Filter.add noiseThreshold=31.0
2014-03-04 15:01:03 INFO filtre.Filter : Filter.add noiseThreshold=31.0
2014-03-04 15:01:03 INFO filtre.Filter : Filter.add noiseThreshold=31.0
2014-03-04 15:01:03 INFO filtre.Filter : Filter.add noiseThreshold=31.0
2014-03-04 15:01:03 INFO filtre.Filter : Filter.add noiseThreshold=31.0
2014-03-04 15:01:03 INFO filtre.Filter : Filter.add noiseThreshold=31.0
2014-03-04 15:01:03 INFO filtre.Filter : Filter.add noiseThreshold=31.0
2014-03-04 15:01:03 INFO filtre.Filter : Filter.add noiseThreshold=31.0
2014-03-04 15:01:03 INFO filtre.Filter : Filter.add noiseThreshold=31.0
2014-03-04 15:01:04 INFO filtre.Filter : Filter.add noiseThreshold=31.0
2014-03-04 15:01:04 INFO filtre.Filter : Filter.add noiseThreshold=31.0
2014-03-04 15:01:04 INFO filtre.Filter : Filter.add noiseThreshold=31.0
2014-03-04 15:01:04 INFO filtre.Filter : Filter.add noiseThreshold=31.0
2014-03-04 15:01:04 INFO filtre.Filter : Filter.add noiseThreshold=31.0
2014-03-04 15:01:04 INFO filtre.Filter : Filter.add noiseThreshold=31.0
2014-03-04 15:01:04 INFO filtre.Filter : Filter.add noiseThreshold=31.0
2014-03-04 15:01:04 INFO filtre.Filter : Filter.add noiseThreshold=31.0
2014-03-04 15:01:04 INFO filtre.Filter : Filter.add noiseThreshold=31.0
2014-03-04 15:01:04 INFO filtre.Filter : Filter.add noiseThreshold=31.0
2014-03-04 15:01:04 INFO filtre.Filter : Filter.add noiseThreshold=31.0
2014-03-04 15:01:04 INFO filtre.Filter : Filter.add noiseThreshold=31.0
2014-03-04 15:01:05 INFO filtre.Filter : Filter.add noiseThreshold=31.0
2014-03-04 15:01:05 INFO filtre.Filter : Filter.add noiseThreshold=31.0
2014-03-04 15:01:05 INFO filtre.Filter : Filter.add noiseThreshold=31.0
2014-03-04 15:01:05 INFO filtre.Filter : Filter.add noiseThreshold=31.0
2014-03-04 15:01:05 INFO filtre.Filter : Filter.add noiseThreshold=31.0
2014-03-04 15:01:05 INFO filtre.Filter : Filter.add noiseThreshold=31.0
2014-03-04 15:01:05 INFO filtre.Filter : Filter.add noiseThreshold=31.0
2014-03-04 15:01:05 INFO filtre.Filter : Filter.add noiseThreshold=31.0
2014-03-04 15:01:05 INFO filtre.Filter : Filter.add noiseThreshold=31.0
2014-03-04 15:01:05 INFO filtre.Filter : Filter.add noiseThreshold=31.0
2014-03-04 15:01:05 INFO filtre.Filter : Filter.add noiseThreshold=31.0
2014-03-04 15:01:05 INFO filtre.Filter : Filter.add noiseThreshold=31.0
2014-03-04 15:01:05 INFO filtre.Filter : Filter.add noiseThreshold=31.0
2014-03-04 15:01:06 INFO filtre.Filter : Filter.add noiseThreshold=31.0
2014-03-04 15:01:06 INFO filtre.Filter : Filter.add noiseThreshold=31.0
2014-03-04 15:01:06 INFO filtre.Filter : Filter.add noiseThreshold=31.0
2014-03-04 15:01:06 INFO filtre.Filter : Filter.add noiseThreshold=31.0
2014-03-04 15:01:06 INFO filtre.Filter : Filter.add noiseThreshold=31.0
2014-03-04 15:01:06 INFO filtre.Filter : Filter.add noiseThreshold=31.0
2014-03-04 15:01:06 INFO filtre.Filter : Filter.add noiseThreshold=31.0
2014-03-04 15:01:06 INFO filtre.Filter : Filter.add noiseThreshold=31.0
2014-03-04 15:01:06 INFO filtre.Filter : Filter.add noiseThreshold=31.0
2014-03-04 15:01:06 INFO filtre.Filter : Filter.add noiseThreshold=31.0
2014-03-04 15:01:06 INFO filtre.Filter : Filter.add noiseThreshold=31.0
2014-03-04 15:01:06 INFO filtre.Filter : Filter.add noiseThreshold=31.0
2014-03-04 15:01:07 INFO filtre.Filter : Filter.add noiseThreshold=31.0
2014-03-04 15:01:07 INFO filtre.Filter : Filter.add noiseThreshold=31.0
2014-03-04 15:01:07 INFO filtre.Filter : Filter.add noiseThreshold=31.0
2014-03-04 15:01:07 INFO filtre.Filter : Filter.add noiseThreshold=31.0
2014-03-04 15:01:07 INFO filtre.Filter : Filter.add noiseThreshold=31.0
2014-03-04 15:01:07 INFO filtre.Filter : Filter.add noiseThreshold=31.0
2014-03-04 15:01:07 INFO filtre.Filter : Filter.add noiseThreshold=31.0
2014-03-04 15:01:07 INFO filtre.Filter : Filter.add noiseThreshold=31.0
2014-03-04 15:01:07 INFO filtre.Filter : Filter.add noiseThreshold=31.0
2014-03-04 15:01:07 INFO filtre.Filter : Filter.add noiseThreshold=31.0
2014-03-04 15:01:07 INFO filtre.Filter : Filter.add noiseThreshold=31.0
2014-03-04 15:01:07 INFO filtre.Filter : Filter.add noiseThreshold=31.0
2014-03-04 15:01:07 INFO filtre.Filter : Filter.add noiseThreshold=31.0
2014-03-04 15:01:08 INFO filtre.Filter : Filter.add noiseThreshold=31.0
2014-03-04 15:01:08 INFO filtre.Filter : Filter.add noiseThreshold=31.0
2014-03-04 15:01:08 INFO filtre.Filter : Filter.add noiseThreshold=31.0
2014-03-04 15:01:08 INFO filtre.Filter : Filter.add noiseThreshold=31.0
2014-03-04 15:01:08 INFO filtre.Filter : Filter.add noiseThreshold=31.0
2014-03-04 15:01:08 INFO filtre.Filter : Filter.add noiseThreshold=31.0
2014-03-04 15:01:08 INFO filtre.Filter : Filter.add noiseThreshold=31.0
2014-03-04 15:01:08 INFO filtre.Filter : Filter.add noiseThreshold=31.0
2014-03-04 15:01:08 INFO filtre.Filter : Filter.add noiseThreshold=31.0
2014-03-04 15:01:08 INFO filtre.Filter : Filter.add noiseThreshold=31.0
2014-03-04 15:01:08 INFO filtre.Filter : Filter.add noiseThreshold=31.0
2014-03-04 15:01:08 INFO filtre.Filter : Filter.add noiseThreshold=31.0
2014-03-04 15:01:09 INFO filtre.Filter : Filter.add noiseThreshold=31.0
2014-03-04 15:01:09 INFO filtre.Filter : Filter.add noiseThreshold=31.0
2014-03-04 15:01:09 INFO filtre.Filter : Filter.add noiseThreshold=31.0
2014-03-04 15:01:09 INFO filtre.Filter : Filter.add noiseThreshold=31.0
2014-03-04 15:01:09 INFO filtre.Filter : Filter.add noiseThreshold=31.0
2014-03-04 15:01:09 INFO filtre.Filter : Filter.add noiseThreshold=31.0
2014-03-04 15:01:09 INFO filtre.Filter : Filter.add noiseThreshold=31.0
2014-03-04 15:01:09 INFO filtre.Filter : Filter.add noiseThreshold=31.0
2014-03-04 15:01:09 INFO filtre.Filter : Filter.add noiseThreshold=31.0
2014-03-04 15:01:09 INFO filtre.Filter : Filter.add noiseThreshold=31.0
2014-03-04 15:01:09 INFO filtre.Filter : Filter.add noiseThreshold=31.0
2014-03-04 15:01:09 INFO filtre.Filter : Filter.add noiseThreshold=31.0
2014-03-04 15:01:10 INFO filtre.Filter : Filter.add noiseThreshold=31.0
2014-03-04 15:01:10 INFO filtre.Filter : Filter.add noiseThreshold=31.0
2014-03-04 15:01:10 INFO filtre.Filter : Filter.add noiseThreshold=31.0
2014-03-04 15:01:10 INFO filtre.Filter : Filter.add noiseThreshold=31.0
2014-03-04 15:01:10 INFO filtre.Filter : Filter.add noiseThreshold=31.0
2014-03-04 15:01:10 INFO filtre.Filter : Filter.add noiseThreshold=31.0
2014-03-04 15:01:10 INFO filtre.Filter : Filter.add noiseThreshold=31.0
2014-03-04 15:01:10 INFO filtre.Filter : Filter.add noiseThreshold=31.0
2014-03-04 15:01:10 INFO filtre.Filter : Filter.add noiseThreshold=31.0
2014-03-04 15:01:10 INFO filtre.Filter : Filter.add noiseThreshold=31.0
2014-03-04 15:01:10 INFO filtre.Filter : Filter.add noiseThreshold=31.0
2014-03-04 15:01:10 INFO filtre.Filter : Filter.add noiseThreshold=31.0
2014-03-04 15:01:11 INFO filtre.Filter : Filter.add noiseThreshold=31.0
2014-03-04 15:01:11 INFO filtre.Filter : Filter.add noiseThreshold=31.0
2014-03-04 15:01:11 INFO filtre.Filter : Filter.add noiseThreshold=31.0
2014-03-04 15:01:11 INFO filtre.Filter : Filter.add noiseThreshold=31.0
2014-03-04 15:01:11 INFO filtre.Filter : Filter.add noiseThreshold=31.0
2014-03-04 15:01:11 INFO filtre.Filter : Filter.add noiseThreshold=31.0
2014-03-04 15:01:11 INFO filtre.Filter : Filter.add noiseThreshold=31.0
2014-03-04 15:01:11 INFO filtre.Filter : Filter.add noiseThreshold=31.0
2014-03-04 15:01:11 INFO filtre.Filter : Filter.add noiseThreshold=31.0
2014-03-04 15:01:11 INFO filtre.Filter : Filter.add noiseThreshold=31.0
2014-03-04 15:01:11 INFO filtre.Filter : Filter.add noiseThreshold=31.0
2014-03-04 15:01:11 INFO filtre.Filter : Filter.add noiseThreshold=31.0
2014-03-04 15:01:11 INFO filtre.Filter : Filter.add noiseThreshold=31.0
2014-03-04 15:01:12 INFO filtre.Filter : Filter.add noiseThreshold=31.0
2014-03-04 15:01:12 INFO filtre.Filter : Filter.add noiseThreshold=31.0
2014-03-04 15:01:12 INFO filtre.Filter : Filter.add noiseThreshold=31.0
2014-03-04 15:01:12 INFO filtre.Filter : Filter.add noiseThreshold=31.0
2014-03-04 15:01:12 INFO filtre.Filter : Filter.add noiseThreshold=31.0
2014-03-04 15:01:12 INFO filtre.Filter : Filter.add noiseThreshold=31.0
2014-03-04 15:01:12 INFO filtre.Filter : Filter.add noiseThreshold=31.0
2014-03-04 15:01:12 INFO filtre.Filter : Filter.add noiseThreshold=31.0
2014-03-04 15:01:12 INFO filtre.Filter : Filter.add noiseThreshold=31.0
2014-03-04 15:01:12 INFO filtre.Filter : Filter.add noiseThreshold=31.0
2014-03-04 15:01:12 INFO filtre.Filter : Filter.add noiseThreshold=31.0
2014-03-04 15:01:12 INFO filtre.Filter : Filter.add noiseThreshold=31.0
2014-03-04 15:01:13 INFO filtre.Filter : Filter.add noiseThreshold=31.0
2014-03-04 15:01:13 INFO filtre.Filter : Filter.add noiseThreshold=31.0
2014-03-04 15:01:13 INFO filtre.Filter : Filter.add noiseThreshold=31.0
2014-03-04 15:01:13 INFO filtre.Filter : Filter.add noiseThreshold=31.0
2014-03-04 15:01:13 INFO filtre.Filter : Filter.add noiseThreshold=31.0
2014-03-04 15:01:13 INFO filtre.Filter : Filter.add noiseThreshold=31.0
2014-03-04 15:01:13 INFO filtre.Filter : Filter.add noiseThreshold=31.0
2014-03-04 15:01:13 INFO filtre.Filter : Filter.add noiseThreshold=31.0
2014-03-04 15:01:13 INFO filtre.Filter : Filter.add noiseThreshold=31.0
2014-03-04 15:01:13 INFO filtre.Filter : Filter.add noiseThreshold=31.0
2014-03-04 15:01:13 INFO filtre.Filter : Filter.add noiseThreshold=31.0
2014-03-04 15:01:13 INFO filtre.Filter : Filter.add noiseThreshold=31.0
2014-03-04 15:01:13 INFO filtre.Filter : Filter.add noiseThreshold=31.0
2014-03-04 15:01:14 INFO filtre.Filter : Filter.add noiseThreshold=31.0
2014-03-04 15:01:14 INFO filtre.Filter : Filter.add noiseThreshold=31.0
2014-03-04 15:01:14 INFO filtre.Filter : Filter.add noiseThreshold=31.0
2014-03-04 15:01:14 INFO filtre.Filter : Filter.add noiseThreshold=31.0
2014-03-04 15:01:14 INFO filtre.Filter : Filter.add noiseThreshold=31.0
2014-03-04 15:01:14 INFO filtre.Filter : Filter.add noiseThreshold=31.0
2014-03-04 15:01:14 INFO filtre.Filter : Filter.add noiseThreshold=31.0
2014-03-04 15:01:14 INFO filtre.Filter : Filter.add noiseThreshold=31.0
2014-03-04 15:01:14 INFO filtre.Filter : Filter.add noiseThreshold=31.0
2014-03-04 15:01:14 INFO filtre.Filter : Filter.add noiseThreshold=31.0
2014-03-04 15:01:14 INFO filtre.Filter : Filter.add noiseThreshold=31.0
2014-03-04 15:01:14 INFO filtre.Filter : Filter.add noiseThreshold=31.0
2014-03-04 15:01:15 INFO filtre.Filter : Filter.add noiseThreshold=31.0
2014-03-04 15:01:15 INFO filtre.Filter : Filter.add noiseThreshold=31.0
2014-03-04 15:01:15 INFO filtre.Filter : Filter.add noiseThreshold=31.0
2014-03-04 15:01:15 INFO filtre.Filter : Filter.add noiseThreshold=31.0
2014-03-04 15:01:15 INFO filtre.Filter : Filter.add noiseThreshold=31.0
2014-03-04 15:01:15 INFO filtre.Filter : Filter.add noiseThreshold=31.0
2014-03-04 15:01:15 INFO filtre.Filter : Filter.add noiseThreshold=31.0
2014-03-04 15:01:15 INFO filtre.Filter : Filter.add noiseThreshold=31.0
2014-03-04 15:01:15 INFO filtre.Filter : Filter.add noiseThreshold=31.0
2014-03-04 15:01:15 INFO filtre.Filter : Filter.add noiseThreshold=31.0
2014-03-04 15:01:15 INFO filtre.Filter : Filter.add noiseThreshold=31.0
2014-03-04 15:01:15 INFO filtre.Filter : Filter.add noiseThreshold=31.0
2014-03-04 15:01:16 INFO filtre.Filter : Filter.add noiseThreshold=31.0
2014-03-04 15:01:16 INFO filtre.Filter : Filter.add noiseThreshold=31.0
2014-03-04 15:01:16 INFO filtre.Filter : Filter.add noiseThreshold=31.0
2014-03-04 15:01:16 INFO filtre.Filter : Filter.add noiseThreshold=31.0
2014-03-04 15:01:16 INFO filtre.Filter : Filter.add noiseThreshold=31.0
2014-03-04 15:01:16 INFO filtre.Filter : Filter.add noiseThreshold=31.0
2014-03-04 15:01:16 INFO filtre.Filter : Filter.add noiseThreshold=31.0
2014-03-04 15:01:16 INFO filtre.Filter : Filter.add noiseThreshold=31.0
2014-03-04 15:01:16 INFO filtre.Filter : Filter.add noiseThreshold=31.0
2014-03-04 15:01:16 INFO filtre.Filter : Filter.add noiseThreshold=31.0
2014-03-04 15:01:16 INFO filtre.Filter : Filter.add noiseThreshold=31.0
2014-03-04 15:01:16 INFO filtre.Filter : Filter.add noiseThreshold=31.0
2014-03-04 15:01:16 INFO filtre.Filter : Filter.add noiseThreshold=31.0
2014-03-04 15:01:17 INFO filtre.Filter : Filter.add noiseThreshold=31.0
2014-03-04 15:01:17 INFO filtre.Filter : Filter.add noiseThreshold=31.0
2014-03-04 15:01:17 INFO filtre.Filter : Filter.add noiseThreshold=31.0
2014-03-04 15:01:17 INFO filtre.Filter : Filter.add noiseThreshold=31.0
2014-03-04 15:01:17 INFO filtre.Filter : Filter.add noiseThreshold=31.0
2014-03-04 15:01:17 INFO filtre.Filter : Filter.add noiseThreshold=31.0
2014-03-04 15:01:17 INFO filtre.Filter : Filter.add noiseThreshold=31.0
2014-03-04 15:01:17 INFO filtre.Filter : Filter.add noiseThreshold=31.0
2014-03-04 15:01:17 INFO filtre.Filter : Filter.add noiseThreshold=31.0
2014-03-04 15:01:17 INFO filtre.Filter : Filter.add noiseThreshold=31.0
2014-03-04 15:01:17 INFO filtre.Filter : Filter.add noiseThreshold=31.0
2014-03-04 15:01:17 INFO filtre.Filter : Filter.add noiseThreshold=31.0
2014-03-04 15:01:18 INFO filtre.Filter : Filter.add noiseThreshold=31.0
2014-03-04 15:01:18 INFO filtre.Filter : Filter.add noiseThreshold=31.0
2014-03-04 15:01:18 INFO filtre.Filter : Filter.add noiseThreshold=31.0
2014-03-04 15:01:18 INFO filtre.Filter : Filter.add noiseThreshold=31.0
2014-03-04 15:01:18 INFO filtre.Filter : Filter.add noiseThreshold=31.0
2014-03-04 15:01:18 INFO filtre.Filter : Filter.add noiseThreshold=31.0
2014-03-04 15:01:18 INFO filtre.Filter : Filter.add noiseThreshold=31.0
2014-03-04 15:01:18 INFO filtre.Filter : Filter.add noiseThreshold=31.0
2014-03-04 15:01:18 INFO filtre.Filter : Filter.add noiseThreshold=31.0
2014-03-04 15:01:18 INFO filtre.Filter : Filter.add noiseThreshold=31.0
2014-03-04 15:01:18 INFO filtre.Filter : Filter.add noiseThreshold=31.0
2014-03-04 15:01:18 INFO filtre.Filter : Filter.add noiseThreshold=31.0
2014-03-04 15:01:19 INFO filtre.Filter : Filter.add noiseThreshold=31.0
2014-03-04 15:01:19 INFO filtre.Filter : Filter.add noiseThreshold=31.0
2014-03-04 15:01:19 INFO filtre.Filter : Filter.add noiseThreshold=31.0
2014-03-04 15:01:19 INFO filtre.Filter : Filter.add noiseThreshold=31.0
2014-03-04 15:01:19 INFO filtre.Filter : Filter.add noiseThreshold=31.0
2014-03-04 15:01:19 INFO filtre.Filter : Filter.add noiseThreshold=31.0
2014-03-04 15:01:19 INFO filtre.Filter : Filter.add noiseThreshold=31.0
2014-03-04 15:01:19 INFO filtre.Filter : Filter.add noiseThreshold=31.0
2014-03-04 15:01:19 INFO filtre.Filter : Filter.add noiseThreshold=31.0
2014-03-04 15:01:19 INFO filtre.Filter : Filter.add noiseThreshold=31.0
2014-03-04 15:01:19 INFO filtre.Filter : Filter.add noiseThreshold=31.0
2014-03-04 15:01:19 INFO filtre.Filter : Filter.add noiseThreshold=31.0
2014-03-04 15:01:20 INFO filtre.Filter : Filter.add noiseThreshold=31.0
2014-03-04 15:01:20 INFO filtre.Filter : Filter.add noiseThreshold=31.0
2014-03-04 15:01:20 INFO filtre.Filter : Filter.add noiseThreshold=31.0
2014-03-04 15:01:20 INFO filtre.Filter : Filter.add noiseThreshold=31.0
2014-03-04 15:01:20 INFO filtre.Filter : Filter.add noiseThreshold=31.0
2014-03-04 15:01:20 INFO filtre.Filter : Filter.add noiseThreshold=31.0
2014-03-04 15:01:20 INFO filtre.Filter : Filter.add noiseThreshold=31.0
2014-03-04 15:01:20 INFO filtre.Filter : Filter.add noiseThreshold=31.0
2014-03-04 15:01:20 INFO filtre.Filter : Filter.add noiseThreshold=31.0
2014-03-04 15:01:20 INFO filtre.Filter : Filter.add noiseThreshold=31.0
2014-03-04 15:01:20 INFO filtre.Filter : Filter.add noiseThreshold=31.0
2014-03-04 15:01:20 INFO filtre.Filter : Filter.add noiseThreshold=31.0
2014-03-04 15:01:21 INFO filtre.Filter : Filter.add noiseThreshold=31.0
2014-03-04 15:01:21 INFO filtre.Filter : Filter.add noiseThreshold=31.0
2014-03-04 15:01:21 INFO filtre.Filter : Filter.add noiseThreshold=31.0
2014-03-04 15:01:21 INFO filtre.Filter : Filter.add noiseThreshold=31.0
2014-03-04 15:01:21 INFO filtre.Filter : Filter.add noiseThreshold=31.0
2014-03-04 15:01:21 INFO filtre.Filter : Filter.add noiseThreshold=31.0
2014-03-04 15:01:21 INFO filtre.Filter : Filter.add noiseThreshold=31.0
2014-03-04 15:01:21 INFO filtre.Filter : Filter.add noiseThreshold=31.0
2014-03-04 15:01:21 INFO filtre.Filter : Filter.add noiseThreshold=31.0
2014-03-04 15:01:21 INFO filtre.Filter : Filter.add noiseThreshold=31.0
2014-03-04 15:01:21 INFO filtre.Filter : Filter.add noiseThreshold=31.0
2014-03-04 15:01:21 INFO filtre.Filter : Filter.add noiseThreshold=31.0
2014-03-04 15:01:21 INFO filtre.Filter : Filter.add noiseThreshold=31.0
2014-03-04 15:01:22 INFO filtre.Filter : Filter.add noiseThreshold=31.0
2014-03-04 15:01:22 INFO filtre.Filter : Filter.add noiseThreshold=31.0
2014-03-04 15:01:22 INFO filtre.Filter : Filter.add noiseThreshold=31.0
2014-03-04 15:01:22 INFO filtre.Filter : Filter.add noiseThreshold=31.0
2014-03-04 15:01:22 INFO filtre.Filter : Filter.add noiseThreshold=31.0
2014-03-04 15:01:22 INFO filtre.Filter : Filter.add noiseThreshold=31.0
2014-03-04 15:01:22 INFO filtre.Filter : Filter.add noiseThreshold=31.0
2014-03-04 15:01:22 INFO filtre.Filter : Filter.add noiseThreshold=31.0
2014-03-04 15:01:22 INFO filtre.Filter : Filter.add noiseThreshold=31.0
2014-03-04 15:01:22 INFO filtre.Filter : Filter.add noiseThreshold=31.0
2014-03-04 15:01:22 INFO filtre.Filter : Filter.add noiseThreshold=31.0
2014-03-04 15:01:22 INFO filtre.Filter : Filter.add noiseThreshold=31.0
2014-03-04 15:01:22 INFO filtre.Filter : Filter.add noiseThreshold=31.0
2014-03-04 15:01:23 INFO filtre.Filter : Filter.add noiseThreshold=31.0
2014-03-04 15:01:23 INFO filtre.Filter : Filter.add noiseThreshold=31.0
2014-03-04 15:01:23 INFO filtre.Filter : Filter.add noiseThreshold=31.0
2014-03-04 15:01:23 INFO filtre.Filter : Filter.add noiseThreshold=31.0
2014-03-04 15:01:23 INFO filtre.Filter : Filter.add noiseThreshold=31.0
2014-03-04 15:01:23 INFO filtre.Filter : Filter.add noiseThreshold=31.0
2014-03-04 15:01:23 INFO filtre.Filter : Filter.add noiseThreshold=31.0
2014-03-04 15:01:23 INFO filtre.Filter : Filter.add noiseThreshold=31.0
2014-03-04 15:01:23 INFO filtre.Filter : Filter.add noiseThreshold=31.0
2014-03-04 15:01:23 INFO filtre.Filter : Filter.add noiseThreshold=31.0
2014-03-04 15:01:23 INFO filtre.Filter : Filter.add noiseThreshold=31.0
2014-03-04 15:01:23 INFO filtre.Filter : Filter.add noiseThreshold=31.0
2014-03-04 15:01:24 INFO filtre.Filter : Filter.add noiseThreshold=31.0
2014-03-04 15:01:24 INFO filtre.Filter : Filter.add noiseThreshold=31.0
2014-03-04 15:01:24 INFO filtre.Filter : Filter.add noiseThreshold=31.0
2014-03-04 15:01:24 INFO filtre.Filter : Filter.add noiseThreshold=31.0
2014-03-04 15:01:24 INFO filtre.Filter : Filter.add noiseThreshold=31.0
2014-03-04 15:01:24 INFO filtre.Filter : Filter.add noiseThreshold=31.0
2014-03-04 15:01:24 INFO filtre.Filter : Filter.add noiseThreshold=31.0
2014-03-04 15:01:24 INFO filtre.Filter : Filter.add noiseThreshold=31.0
2014-03-04 15:01:24 INFO filtre.Filter : Filter.add noiseThreshold=31.0
2014-03-04 15:01:24 INFO filtre.Filter : Filter.add noiseThreshold=31.0
2014-03-04 15:01:24 INFO filtre.Filter : Filter.add noiseThreshold=31.0
2014-03-04 15:01:24 INFO filtre.Filter : Filter.add noiseThreshold=31.0
2014-03-04 15:01:25 INFO filtre.Filter : Filter.add noiseThreshold=31.0
2014-03-04 15:01:25 INFO filtre.Filter : Filter.add noiseThreshold=31.0
2014-03-04 15:01:25 INFO filtre.Filter : Filter.add noiseThreshold=31.0
2014-03-04 15:01:25 INFO filtre.Filter : Filter.add noiseThreshold=31.0
2014-03-04 15:01:25 INFO filtre.Filter : Filter.add noiseThreshold=31.0
2014-03-04 15:01:25 INFO filtre.Filter : Filter.add noiseThreshold=31.0
2014-03-04 15:01:25 INFO filtre.Filter : Filter.add noiseThreshold=31.0
2014-03-04 15:01:25 INFO filtre.Filter : Filter.add noiseThreshold=31.0
2014-03-04 15:01:25 INFO filtre.Filter : Filter.add noiseThreshold=31.0
2014-03-04 15:01:25 INFO filtre.Filter : Filter.add noiseThreshold=31.0
2014-03-04 15:01:25 INFO filtre.Filter : Filter.add noiseThreshold=31.0
2014-03-04 15:01:25 INFO filtre.Filter : Filter.add noiseThreshold=31.0
2014-03-04 15:01:26 INFO filtre.Filter : Filter.add noiseThreshold=31.0
2014-03-04 15:01:26 INFO filtre.Filter : Filter.add noiseThreshold=31.0
2014-03-04 15:01:26 INFO filtre.Filter : Filter.add noiseThreshold=31.0
2014-03-04 15:01:26 INFO filtre.Filter : Filter.add noiseThreshold=31.0
2014-03-04 15:01:26 INFO filtre.Filter : Filter.add noiseThreshold=31.0
2014-03-04 15:01:26 INFO filtre.Filter : Filter.add noiseThreshold=31.0
2014-03-04 15:01:26 INFO filtre.Filter : Filter.add noiseThreshold=31.0
2014-03-04 15:01:26 INFO filtre.Filter : Filter.add noiseThreshold=31.0
2014-03-04 15:01:26 INFO filtre.Filter : Filter.add noiseThreshold=31.0
2014-03-04 15:01:26 INFO filtre.Filter : Filter.add noiseThreshold=31.0
2014-03-04 15:01:26 INFO filtre.Filter : Filter.add noiseThreshold=31.0
2014-03-04 15:01:26 INFO filtre.Filter : Filter.add noiseThreshold=31.0
2014-03-04 15:01:26 INFO filtre.Filter : Filter.add noiseThreshold=31.0
2014-03-04 15:01:27 INFO filtre.Filter : Filter.add noiseThreshold=31.0
2014-03-04 15:01:27 INFO filtre.Filter : Filter.add noiseThreshold=31.0
2014-03-04 15:01:27 INFO filtre.Filter : Filter.add noiseThreshold=31.0
2014-03-04 15:01:27 INFO filtre.Filter : Filter.add noiseThreshold=31.0
2014-03-04 15:01:27 INFO filtre.Filter : Filter.add noiseThreshold=31.0
2014-03-04 15:01:27 INFO filtre.Filter : Filter.add noiseThreshold=31.0
2014-03-04 15:01:27 INFO filtre.Filter : Filter.add noiseThreshold=31.0
2014-03-04 15:01:27 INFO filtre.Filter : Filter.add noiseThreshold=31.0
2014-03-04 15:01:27 INFO filtre.Filter : Filter.add noiseThreshold=31.0
2014-03-04 15:01:27 INFO filtre.Filter : Filter.add noiseThreshold=31.0
2014-03-04 15:01:27 INFO filtre.Filter : Filter.add noiseThreshold=31.0
2014-03-04 15:01:27 INFO filtre.Filter : Filter.add noiseThreshold=31.0
2014-03-04 15:01:28 INFO filtre.Filter : Filter.add noiseThreshold=31.0
2014-03-04 15:01:28 INFO filtre.Filter : Filter.add noiseThreshold=31.0
2014-03-04 15:01:28 INFO filtre.Filter : Filter.add noiseThreshold=31.0
2014-03-04 15:01:28 INFO filtre.Filter : Filter.add noiseThreshold=31.0
2014-03-04 15:01:28 INFO filtre.Filter : Filter.add noiseThreshold=31.0
2014-03-04 15:01:28 INFO filtre.Filter : Filter.add noiseThreshold=31.0
2014-03-04 15:01:28 INFO filtre.Filter : Filter.add noiseThreshold=31.0
2014-03-04 15:01:28 INFO filtre.Filter : Filter.add noiseThreshold=31.0
2014-03-04 15:01:28 INFO filtre.Filter : Filter.add noiseThreshold=31.0
2014-03-04 15:01:28 INFO filtre.Filter : Filter.add noiseThreshold=31.0
2014-03-04 15:01:28 INFO filtre.Filter : Filter.add noiseThreshold=31.0
2014-03-04 15:01:28 INFO filtre.Filter : Filter.add noiseThreshold=31.0
2014-03-04 15:01:28 INFO filtre.Filter : Filter.add noiseThreshold=31.0
2014-03-04 15:01:29 INFO filtre.Filter : Filter.add noiseThreshold=31.0
2014-03-04 15:01:29 INFO filtre.Filter : Filter.add noiseThreshold=31.0
2014-03-04 15:01:29 INFO filtre.Filter : Filter.add noiseThreshold=31.0
2014-03-04 15:01:29 INFO filtre.Filter : Filter.add noiseThreshold=31.0
2014-03-04 15:01:29 INFO filtre.Filter : Filter.add noiseThreshold=31.0
2014-03-04 15:01:29 INFO filtre.Filter : Filter.add noiseThreshold=31.0
2014-03-04 15:01:29 INFO filtre.Filter : Filter.add noiseThreshold=31.0
2014-03-04 15:01:29 INFO filtre.Filter : Filter.add noiseThreshold=31.0
2014-03-04 15:01:29 INFO filtre.Filter : Filter.add noiseThreshold=31.0
2014-03-04 15:01:29 WARNING imu.IMU : stopped listening raw datas for drone 5
2014-03-04 15:01:29 WARNING imu.IMU : stopped listening raw datas for drone 5
2014-03-04 15:01:29 INFO imu.IMU : new aircraft built with id=5
