2014-03-04 14:55:35 INFO ihm.Calibration : Properties : 
autofocus_calibration_data=logs/calibration.data
simulation_calibration_data=test/calib_lisa_test_droneId_5.data
paparazzi_script_calibration=paparazzi_calibration/calibrate.py

2014-03-04 14:55:36 INFO imu.IMU : new aircraft built with id=5
2014-03-04 14:55:36 INFO testData.Sender : starting sending IMU test data...
2014-03-04 14:55:39 INFO ihm.MainFrame : starting calibration of accelerometer...
2014-03-04 14:55:39 INFO imu.IMU : listening raw datas for drone 5...
2014-03-04 14:55:39 INFO filtre.Filter : Filter.add noiseThreshold=30.959999084472656
2014-03-04 14:55:39 INFO filtre.Filter : Filter.updateCorrectness : false
2014-03-04 14:55:39 INFO filtre.Filter : Filter.add noiseThreshold=30.959999084472656
2014-03-04 14:55:39 INFO filtre.Filter : Filter.add noiseThreshold=30.959999084472656
2014-03-04 14:55:39 INFO filtre.Filter : Filter.add noiseThreshold=30.959999084472656
2014-03-04 14:55:39 INFO filtre.Filter : Filter.add noiseThreshold=30.959999084472656
2014-03-04 14:55:39 INFO filtre.Filter : Filter.add noiseThreshold=30.959999084472656
2014-03-04 14:55:39 INFO filtre.Filter : Filter.add noiseThreshold=30.959999084472656
2014-03-04 14:55:39 INFO filtre.Filter : Filter.add noiseThreshold=30.959999084472656
2014-03-04 14:55:40 INFO filtre.Filter : Filter.add noiseThreshold=30.959999084472656
2014-03-04 14:55:40 INFO filtre.Filter : Filter.add noiseThreshold=30.959999084472656
2014-03-04 14:55:40 INFO filtre.Filter : Filter.add noiseThreshold=30.959999084472656
2014-03-04 14:55:40 INFO filtre.Filter : Filter.add noiseThreshold=30.959999084472656
2014-03-04 14:55:40 INFO filtre.Filter : Filter.add noiseThreshold=30.959999084472656
2014-03-04 14:55:40 INFO filtre.Filter : Filter.add noiseThreshold=30.959999084472656
2014-03-04 14:55:40 INFO filtre.Filter : Filter.add noiseThreshold=30.959999084472656
2014-03-04 14:55:40 INFO filtre.Filter : Filter.add noiseThreshold=30.959999084472656
2014-03-04 14:55:40 INFO filtre.Filter : Filter.add noiseThreshold=30.959999084472656
2014-03-04 14:55:40 INFO filtre.Filter : Filter.add noiseThreshold=30.959999084472656
2014-03-04 14:55:40 INFO filtre.Filter : Filter.add noiseThreshold=30.959999084472656
2014-03-04 14:55:40 INFO filtre.Filter : Filter.add noiseThreshold=30.959999084472656
2014-03-04 14:55:40 INFO filtre.Filter : Filter.add noiseThreshold=30.959999084472656
2014-03-04 14:55:41 INFO filtre.Filter : Filter.add noiseThreshold=30.959999084472656
2014-03-04 14:55:41 INFO filtre.Filter : Filter.add noiseThreshold=30.959999084472656
2014-03-04 14:55:41 INFO filtre.Filter : Filter.add noiseThreshold=30.959999084472656
2014-03-04 14:55:41 INFO filtre.Filter : Filter.add noiseThreshold=30.959999084472656
2014-03-04 14:55:41 INFO filtre.Filter : Filter.add noiseThreshold=30.959999084472656
2014-03-04 14:55:41 INFO filtre.Filter : Filter.add noiseThreshold=30.959999084472656
2014-03-04 14:55:41 INFO filtre.Filter : Filter.add noiseThreshold=30.959999084472656
2014-03-04 14:55:41 INFO filtre.Filter : Filter.add noiseThreshold=30.959999084472656
2014-03-04 14:55:41 INFO filtre.Filter : Filter.add noiseThreshold=30.959999084472656
2014-03-04 14:55:41 INFO filtre.Filter : Filter.add noiseThreshold=30.959999084472656
2014-03-04 14:55:41 INFO filtre.Filter : Filter.add noiseThreshold=30.959999084472656
2014-03-04 14:55:41 INFO filtre.Filter : Filter.add noiseThreshold=30.959999084472656
2014-03-04 14:55:42 INFO filtre.Filter : Filter.add noiseThreshold=30.959999084472656
2014-03-04 14:55:42 INFO filtre.Filter : Filter.add noiseThreshold=30.959999084472656
2014-03-04 14:55:42 INFO filtre.Filter : Filter.add noiseThreshold=30.959999084472656
2014-03-04 14:55:42 INFO filtre.Filter : Filter.add noiseThreshold=30.959999084472656
2014-03-04 14:55:42 INFO filtre.Filter : Filter.add noiseThreshold=30.959999084472656
2014-03-04 14:55:42 INFO filtre.Filter : Filter.add noiseThreshold=30.959999084472656
2014-03-04 14:55:42 INFO filtre.Filter : Filter.add noiseThreshold=30.959999084472656
2014-03-04 14:55:42 INFO filtre.Filter : Filter.add noiseThreshold=30.959999084472656
2014-03-04 14:55:42 INFO filtre.Filter : Filter.add noiseThreshold=30.959999084472656
2014-03-04 14:55:42 INFO filtre.Filter : Filter.add noiseThreshold=30.959999084472656
2014-03-04 14:55:42 INFO filtre.Filter : Filter.add noiseThreshold=30.959999084472656
2014-03-04 14:55:42 INFO filtre.Filter : Filter.add noiseThreshold=30.959999084472656
2014-03-04 14:55:42 INFO filtre.Filter : Filter.add noiseThreshold=30.959999084472656
2014-03-04 14:55:43 INFO filtre.Filter : Filter.add noiseThreshold=30.959999084472656
2014-03-04 14:55:43 INFO filtre.Filter : Filter.add noiseThreshold=30.959999084472656
2014-03-04 14:55:43 INFO filtre.Filter : Filter.add noiseThreshold=30.959999084472656
2014-03-04 14:55:43 INFO filtre.Filter : Filter.add noiseThreshold=30.959999084472656
2014-03-04 14:55:43 INFO filtre.Filter : Filter.add noiseThreshold=30.959999084472656
2014-03-04 14:55:43 INFO filtre.Filter : Filter.add noiseThreshold=30.959999084472656
2014-03-04 14:55:43 INFO filtre.Filter : Filter.add noiseThreshold=30.959999084472656
2014-03-04 14:55:43 INFO filtre.Filter : Filter.add noiseThreshold=30.959999084472656
2014-03-04 14:55:43 INFO filtre.Filter : Filter.add noiseThreshold=30.959999084472656
2014-03-04 14:55:43 INFO filtre.Filter : Filter.add noiseThreshold=30.959999084472656
2014-03-04 14:55:43 INFO filtre.Filter : Filter.add noiseThreshold=30.959999084472656
2014-03-04 14:55:43 INFO filtre.Filter : Filter.add noiseThreshold=30.959999084472656
2014-03-04 14:55:44 INFO filtre.Filter : Filter.add noiseThreshold=30.959999084472656
2014-03-04 14:55:44 INFO filtre.Filter : Filter.add noiseThreshold=30.959999084472656
2014-03-04 14:55:44 INFO filtre.Filter : Filter.add noiseThreshold=30.959999084472656
2014-03-04 14:55:44 INFO filtre.Filter : Filter.add noiseThreshold=30.959999084472656
2014-03-04 14:55:44 INFO filtre.Filter : Filter.add noiseThreshold=30.959999084472656
2014-03-04 14:55:44 INFO filtre.Filter : Filter.add noiseThreshold=30.959999084472656
2014-03-04 14:55:44 INFO filtre.Filter : Filter.add noiseThreshold=30.959999084472656
2014-03-04 14:55:44 INFO filtre.Filter : Filter.add noiseThreshold=30.959999084472656
2014-03-04 14:55:44 INFO filtre.Filter : Filter.add noiseThreshold=30.959999084472656
2014-03-04 14:55:44 INFO filtre.Filter : Filter.add noiseThreshold=30.959999084472656
2014-03-04 14:55:44 INFO filtre.Filter : Filter.add noiseThreshold=30.959999084472656
2014-03-04 14:55:44 INFO filtre.Filter : Filter.add noiseThreshold=30.959999084472656
2014-03-04 14:55:44 INFO filtre.Filter : Filter.add noiseThreshold=30.959999084472656
2014-03-04 14:55:45 INFO filtre.Filter : Filter.add noiseThreshold=30.959999084472656
2014-03-04 14:55:45 INFO filtre.Filter : Filter.add noiseThreshold=30.959999084472656
2014-03-04 14:55:45 INFO filtre.Filter : Filter.add noiseThreshold=30.959999084472656
2014-03-04 14:55:45 INFO filtre.Filter : Filter.add noiseThreshold=30.959999084472656
2014-03-04 14:55:45 INFO filtre.Filter : Filter.add noiseThreshold=30.959999084472656
2014-03-04 14:55:45 INFO filtre.Filter : Filter.add noiseThreshold=30.959999084472656
2014-03-04 14:55:45 INFO filtre.Filter : Filter.add noiseThreshold=30.959999084472656
2014-03-04 14:55:45 INFO filtre.Filter : Filter.add noiseThreshold=30.959999084472656
2014-03-04 14:55:45 INFO filtre.Filter : Filter.add noiseThreshold=30.959999084472656
2014-03-04 14:55:45 INFO filtre.Filter : Filter.add noiseThreshold=30.959999084472656
2014-03-04 14:55:45 INFO filtre.Filter : Filter.add noiseThreshold=30.959999084472656
2014-03-04 14:55:45 INFO filtre.Filter : Filter.add noiseThreshold=30.959999084472656
2014-03-04 14:55:46 INFO filtre.Filter : Filter.add noiseThreshold=30.959999084472656
2014-03-04 14:55:46 INFO filtre.Filter : Filter.add noiseThreshold=30.959999084472656
2014-03-04 14:55:46 INFO filtre.Filter : Filter.add noiseThreshold=30.959999084472656
2014-03-04 14:55:46 INFO filtre.Filter : Filter.add noiseThreshold=30.959999084472656
2014-03-04 14:55:46 INFO filtre.Filter : Filter.add noiseThreshold=30.959999084472656
2014-03-04 14:55:46 INFO filtre.Filter : Filter.add noiseThreshold=30.959999084472656
2014-03-04 14:55:46 INFO filtre.Filter : Filter.add noiseThreshold=30.959999084472656
2014-03-04 14:55:46 INFO filtre.Filter : Filter.add noiseThreshold=30.959999084472656
2014-03-04 14:55:46 INFO filtre.Filter : Filter.add noiseThreshold=30.959999084472656
2014-03-04 14:55:46 INFO filtre.Filter : Filter.add noiseThreshold=30.959999084472656
2014-03-04 14:55:46 INFO filtre.Filter : Filter.add noiseThreshold=30.959999084472656
2014-03-04 14:55:46 INFO filtre.Filter : Filter.add noiseThreshold=30.959999084472656
2014-03-04 14:55:46 INFO filtre.Filter : Filter.add noiseThreshold=30.959999084472656
2014-03-04 14:55:47 INFO filtre.Filter : Filter.add noiseThreshold=30.959999084472656
2014-03-04 14:55:47 INFO filtre.Filter : Filter.add noiseThreshold=30.959999084472656
2014-03-04 14:55:47 INFO filtre.Filter : Filter.add noiseThreshold=30.959999084472656
2014-03-04 14:55:47 INFO filtre.Filter : Filter.add noiseThreshold=30.959999084472656
2014-03-04 14:55:47 INFO filtre.Filter : Filter.add noiseThreshold=30.959999084472656
2014-03-04 14:55:47 INFO filtre.Filter : Filter.add noiseThreshold=30.959999084472656
2014-03-04 14:55:47 INFO filtre.Filter : Filter.add noiseThreshold=30.959999084472656
2014-03-04 14:55:47 INFO filtre.Filter : Filter.add noiseThreshold=30.959999084472656
2014-03-04 14:55:47 INFO filtre.Filter : Filter.add noiseThreshold=30.959999084472656
2014-03-04 14:55:47 INFO filtre.Filter : Filter.add noiseThreshold=30.959999084472656
2014-03-04 14:55:47 INFO filtre.Filter : Filter.add noiseThreshold=30.959999084472656
2014-03-04 14:55:47 INFO filtre.Filter : Filter.add noiseThreshold=30.959999084472656
2014-03-04 14:55:48 INFO filtre.Filter : Filter.add noiseThreshold=30.959999084472656
2014-03-04 14:55:48 INFO filtre.Filter : Filter.add noiseThreshold=30.959999084472656
2014-03-04 14:55:48 INFO filtre.Filter : Filter.add noiseThreshold=30.959999084472656
2014-03-04 14:55:48 INFO filtre.Filter : Filter.add noiseThreshold=30.959999084472656
2014-03-04 14:55:48 INFO filtre.Filter : Filter.add noiseThreshold=30.959999084472656
2014-03-04 14:55:48 INFO filtre.Filter : Filter.add noiseThreshold=30.959999084472656
2014-03-04 14:55:48 INFO filtre.Filter : Filter.add noiseThreshold=30.959999084472656
2014-03-04 14:55:48 INFO filtre.Filter : Filter.add noiseThreshold=30.959999084472656
2014-03-04 14:55:48 INFO filtre.Filter : Filter.add noiseThreshold=30.959999084472656
2014-03-04 14:55:48 INFO filtre.Filter : Filter.add noiseThreshold=30.959999084472656
2014-03-04 14:55:48 INFO filtre.Filter : Filter.add noiseThreshold=30.959999084472656
2014-03-04 14:55:48 INFO filtre.Filter : Filter.add noiseThreshold=30.959999084472656
2014-03-04 14:55:48 INFO filtre.Filter : Filter.add noiseThreshold=30.959999084472656
2014-03-04 14:55:49 INFO filtre.Filter : Filter.add noiseThreshold=30.959999084472656
2014-03-04 14:55:49 INFO filtre.Filter : Filter.add noiseThreshold=30.959999084472656
2014-03-04 14:55:49 INFO filtre.Filter : Filter.add noiseThreshold=30.959999084472656
2014-03-04 14:55:49 INFO filtre.Filter : Filter.add noiseThreshold=30.959999084472656
2014-03-04 14:55:49 INFO filtre.Filter : Filter.add noiseThreshold=30.959999084472656
2014-03-04 14:55:49 INFO filtre.Filter : Filter.add noiseThreshold=30.959999084472656
2014-03-04 14:55:49 INFO filtre.Filter : Filter.add noiseThreshold=30.959999084472656
2014-03-04 14:55:49 INFO filtre.Filter : Filter.add noiseThreshold=30.959999084472656
2014-03-04 14:55:49 INFO filtre.Filter : Filter.add noiseThreshold=30.959999084472656
2014-03-04 14:55:49 INFO filtre.Filter : Filter.add noiseThreshold=30.959999084472656
2014-03-04 14:55:49 INFO filtre.Filter : Filter.add noiseThreshold=30.959999084472656
2014-03-04 14:55:49 INFO filtre.Filter : Filter.add noiseThreshold=30.959999084472656
2014-03-04 14:55:50 INFO filtre.Filter : Filter.add noiseThreshold=30.959999084472656
2014-03-04 14:55:50 INFO filtre.Filter : Filter.add noiseThreshold=30.959999084472656
2014-03-04 14:55:50 INFO filtre.Filter : Filter.add noiseThreshold=30.959999084472656
2014-03-04 14:55:50 INFO filtre.Filter : Filter.add noiseThreshold=30.959999084472656
2014-03-04 14:55:50 INFO filtre.Filter : Filter.add noiseThreshold=30.959999084472656
2014-03-04 14:55:50 INFO filtre.Filter : Filter.add noiseThreshold=30.959999084472656
2014-03-04 14:55:50 INFO filtre.Filter : Filter.add noiseThreshold=30.959999084472656
2014-03-04 14:55:50 INFO filtre.Filter : Filter.add noiseThreshold=30.959999084472656
2014-03-04 14:55:50 INFO filtre.Filter : Filter.add noiseThreshold=30.959999084472656
2014-03-04 14:55:50 INFO filtre.Filter : Filter.add noiseThreshold=30.959999084472656
2014-03-04 14:55:50 INFO filtre.Filter : Filter.add noiseThreshold=30.959999084472656
2014-03-04 14:55:50 INFO filtre.Filter : Filter.add noiseThreshold=30.959999084472656
2014-03-04 14:55:51 INFO filtre.Filter : Filter.add noiseThreshold=30.959999084472656
2014-03-04 14:55:51 INFO filtre.Filter : Filter.add noiseThreshold=30.959999084472656
2014-03-04 14:55:51 INFO filtre.Filter : Filter.add noiseThreshold=30.959999084472656
2014-03-04 14:55:51 INFO filtre.Filter : Filter.add noiseThreshold=30.959999084472656
2014-03-04 14:55:51 INFO filtre.Filter : Filter.add noiseThreshold=30.959999084472656
2014-03-04 14:55:51 INFO filtre.Filter : Filter.add noiseThreshold=30.959999084472656
2014-03-04 14:55:51 INFO filtre.Filter : Filter.add noiseThreshold=30.959999084472656
2014-03-04 14:55:51 INFO filtre.Filter : Filter.add noiseThreshold=30.959999084472656
2014-03-04 14:55:51 INFO filtre.Filter : Filter.add noiseThreshold=30.959999084472656
2014-03-04 14:55:51 INFO filtre.Filter : Filter.add noiseThreshold=30.959999084472656
2014-03-04 14:55:51 INFO filtre.Filter : Filter.add noiseThreshold=30.959999084472656
2014-03-04 14:55:51 INFO filtre.Filter : Filter.add noiseThreshold=30.959999084472656
2014-03-04 14:55:52 INFO filtre.Filter : Filter.add noiseThreshold=30.959999084472656
2014-03-04 14:55:52 INFO filtre.Filter : Filter.add noiseThreshold=30.959999084472656
2014-03-04 14:55:52 INFO filtre.Filter : Filter.add noiseThreshold=30.959999084472656
2014-03-04 14:55:52 INFO filtre.Filter : Filter.add noiseThreshold=30.959999084472656
2014-03-04 14:55:52 INFO filtre.Filter : Filter.add noiseThreshold=30.959999084472656
2014-03-04 14:55:52 INFO filtre.Filter : Filter.add noiseThreshold=30.959999084472656
2014-03-04 14:55:52 INFO filtre.Filter : Filter.add noiseThreshold=30.959999084472656
2014-03-04 14:55:52 INFO filtre.Filter : Filter.add noiseThreshold=30.959999084472656
2014-03-04 14:55:52 INFO filtre.Filter : Filter.add noiseThreshold=30.959999084472656
2014-03-04 14:55:52 INFO filtre.Filter : Filter.add noiseThreshold=30.959999084472656
2014-03-04 14:55:52 INFO filtre.Filter : Filter.add noiseThreshold=30.959999084472656
2014-03-04 14:55:52 INFO filtre.Filter : Filter.add noiseThreshold=30.959999084472656
2014-03-04 14:55:52 INFO filtre.Filter : Filter.add noiseThreshold=30.959999084472656
2014-03-04 14:55:52 INFO filtre.Filter : Filter.add noiseThreshold=30.959999084472656
2014-03-04 14:55:53 INFO filtre.Filter : Filter.add noiseThreshold=30.959999084472656
2014-03-04 14:55:53 INFO filtre.Filter : Filter.add noiseThreshold=30.959999084472656
2014-03-04 14:55:53 INFO filtre.Filter : Filter.add noiseThreshold=30.959999084472656
2014-03-04 14:55:53 INFO filtre.Filter : Filter.add noiseThreshold=30.959999084472656
2014-03-04 14:55:53 INFO filtre.Filter : Filter.add noiseThreshold=30.959999084472656
2014-03-04 14:55:53 INFO filtre.Filter : Filter.add noiseThreshold=30.959999084472656
2014-03-04 14:55:53 INFO filtre.Filter : Filter.add noiseThreshold=30.959999084472656
2014-03-04 14:55:53 INFO filtre.Filter : Filter.add noiseThreshold=30.959999084472656
2014-03-04 14:55:53 INFO filtre.Filter : Filter.add noiseThreshold=30.959999084472656
2014-03-04 14:55:53 INFO filtre.Filter : Filter.add noiseThreshold=30.959999084472656
2014-03-04 14:55:53 INFO filtre.Filter : Filter.add noiseThreshold=30.959999084472656
2014-03-04 14:55:53 INFO filtre.Filter : Filter.add noiseThreshold=30.959999084472656
2014-03-04 14:55:54 INFO filtre.Filter : Filter.add noiseThreshold=30.959999084472656
2014-03-04 14:55:54 INFO filtre.Filter : Filter.add noiseThreshold=30.959999084472656
2014-03-04 14:55:54 INFO filtre.Filter : Filter.add noiseThreshold=30.959999084472656
2014-03-04 14:55:54 INFO filtre.Filter : Filter.add noiseThreshold=30.959999084472656
2014-03-04 14:55:54 INFO filtre.Filter : Filter.add noiseThreshold=30.959999084472656
2014-03-04 14:55:54 INFO filtre.Filter : Filter.add noiseThreshold=30.959999084472656
2014-03-04 14:55:54 INFO filtre.Filter : Filter.add noiseThreshold=30.959999084472656
2014-03-04 14:55:54 INFO filtre.Filter : Filter.add noiseThreshold=30.959999084472656
2014-03-04 14:55:54 INFO filtre.Filter : Filter.add noiseThreshold=30.959999084472656
2014-03-04 14:55:54 INFO filtre.Filter : Filter.add noiseThreshold=30.959999084472656
2014-03-04 14:55:54 INFO filtre.Filter : Filter.add noiseThreshold=30.959999084472656
2014-03-04 14:55:54 INFO filtre.Filter : Filter.add noiseThreshold=30.959999084472656
2014-03-04 14:55:55 INFO filtre.Filter : Filter.add noiseThreshold=30.959999084472656
2014-03-04 14:55:55 INFO filtre.Filter : Filter.add noiseThreshold=30.959999084472656
2014-03-04 14:55:55 INFO filtre.Filter : Filter.add noiseThreshold=30.959999084472656
2014-03-04 14:55:55 INFO filtre.Filter : Filter.add noiseThreshold=30.959999084472656
2014-03-04 14:55:55 INFO filtre.Filter : Filter.add noiseThreshold=30.959999084472656
2014-03-04 14:55:55 INFO filtre.Filter : Filter.add noiseThreshold=30.959999084472656
2014-03-04 14:55:55 INFO filtre.Filter : Filter.add noiseThreshold=30.959999084472656
2014-03-04 14:55:55 INFO filtre.Filter : Filter.add noiseThreshold=30.959999084472656
2014-03-04 14:55:55 INFO filtre.Filter : Filter.add noiseThreshold=30.959999084472656
2014-03-04 14:55:55 INFO filtre.Filter : Filter.add noiseThreshold=30.959999084472656
2014-03-04 14:55:55 INFO filtre.Filter : Filter.add noiseThreshold=30.959999084472656
2014-03-04 14:55:55 INFO filtre.Filter : Filter.add noiseThreshold=30.959999084472656
2014-03-04 14:55:55 INFO filtre.Filter : Filter.add noiseThreshold=30.959999084472656
2014-03-04 14:55:56 INFO filtre.Filter : Filter.add noiseThreshold=30.959999084472656
2014-03-04 14:55:56 INFO filtre.Filter : Filter.add noiseThreshold=30.959999084472656
2014-03-04 14:55:56 INFO filtre.Filter : Filter.add noiseThreshold=30.959999084472656
2014-03-04 14:55:56 INFO filtre.Filter : Filter.add noiseThreshold=30.959999084472656
2014-03-04 14:55:56 INFO filtre.Filter : Filter.add noiseThreshold=30.959999084472656
2014-03-04 14:55:56 INFO filtre.Filter : Filter.add noiseThreshold=30.959999084472656
2014-03-04 14:55:56 INFO filtre.Filter : Filter.add noiseThreshold=30.959999084472656
2014-03-04 14:55:56 INFO filtre.Filter : Filter.add noiseThreshold=30.959999084472656
2014-03-04 14:55:56 INFO filtre.Filter : Filter.add noiseThreshold=30.959999084472656
2014-03-04 14:55:56 INFO filtre.Filter : Filter.add noiseThreshold=30.959999084472656
2014-03-04 14:55:56 INFO filtre.Filter : Filter.add noiseThreshold=30.959999084472656
2014-03-04 14:55:56 INFO filtre.Filter : Filter.add noiseThreshold=30.959999084472656
2014-03-04 14:55:56 INFO filtre.Filter : Filter.add noiseThreshold=30.959999084472656
2014-03-04 14:55:57 INFO filtre.Filter : Filter.add noiseThreshold=30.959999084472656
2014-03-04 14:55:57 INFO filtre.Filter : Filter.add noiseThreshold=30.959999084472656
2014-03-04 14:55:57 INFO filtre.Filter : Filter.add noiseThreshold=30.959999084472656
2014-03-04 14:55:57 INFO filtre.Filter : Filter.add noiseThreshold=30.959999084472656
2014-03-04 14:55:57 INFO filtre.Filter : Filter.add noiseThreshold=30.959999084472656
2014-03-04 14:55:57 INFO filtre.Filter : Filter.add noiseThreshold=30.959999084472656
2014-03-04 14:55:57 INFO filtre.Filter : Filter.add noiseThreshold=30.959999084472656
2014-03-04 14:55:57 INFO filtre.Filter : Filter.add noiseThreshold=30.959999084472656
2014-03-04 14:55:57 INFO filtre.Filter : Filter.add noiseThreshold=30.959999084472656
2014-03-04 14:55:57 INFO filtre.Filter : Filter.add noiseThreshold=30.959999084472656
2014-03-04 14:55:57 INFO filtre.Filter : Filter.add noiseThreshold=30.959999084472656
2014-03-04 14:55:57 INFO filtre.Filter : Filter.add noiseThreshold=30.959999084472656
2014-03-04 14:55:58 INFO filtre.Filter : Filter.add noiseThreshold=30.959999084472656
2014-03-04 14:55:58 INFO filtre.Filter : Filter.add noiseThreshold=30.959999084472656
2014-03-04 14:55:58 INFO filtre.Filter : Filter.add noiseThreshold=30.959999084472656
2014-03-04 14:55:58 INFO filtre.Filter : Filter.add noiseThreshold=30.959999084472656
2014-03-04 14:55:58 INFO filtre.Filter : Filter.add noiseThreshold=30.959999084472656
2014-03-04 14:55:58 INFO filtre.Filter : Filter.add noiseThreshold=30.959999084472656
2014-03-04 14:55:58 INFO filtre.Filter : Filter.add noiseThreshold=30.959999084472656
2014-03-04 14:55:58 INFO filtre.Filter : Filter.add noiseThreshold=30.959999084472656
2014-03-04 14:55:58 INFO filtre.Filter : Filter.add noiseThreshold=30.959999084472656
2014-03-04 14:55:58 INFO filtre.Filter : Filter.add noiseThreshold=30.959999084472656
2014-03-04 14:55:58 INFO filtre.Filter : Filter.add noiseThreshold=30.959999084472656
2014-03-04 14:55:58 INFO filtre.Filter : Filter.add noiseThreshold=30.959999084472656
2014-03-04 14:55:59 INFO filtre.Filter : Filter.add noiseThreshold=30.959999084472656
2014-03-04 14:55:59 INFO filtre.Filter : Filter.add noiseThreshold=30.959999084472656
2014-03-04 14:55:59 INFO filtre.Filter : Filter.add noiseThreshold=30.959999084472656
2014-03-04 14:55:59 INFO filtre.Filter : Filter.add noiseThreshold=30.959999084472656
2014-03-04 14:55:59 INFO filtre.Filter : Filter.add noiseThreshold=30.959999084472656
2014-03-04 14:55:59 INFO filtre.Filter : Filter.add noiseThreshold=30.959999084472656
2014-03-04 14:55:59 INFO filtre.Filter : Filter.add noiseThreshold=30.959999084472656
2014-03-04 14:55:59 INFO filtre.Filter : Filter.add noiseThreshold=30.959999084472656
2014-03-04 14:55:59 INFO filtre.Filter : Filter.add noiseThreshold=30.959999084472656
2014-03-04 14:55:59 INFO filtre.Filter : Filter.add noiseThreshold=30.959999084472656
2014-03-04 14:55:59 INFO filtre.Filter : Filter.add noiseThreshold=30.959999084472656
2014-03-04 14:55:59 INFO filtre.Filter : Filter.add noiseThreshold=30.959999084472656
2014-03-04 14:55:59 INFO filtre.Filter : Filter.add noiseThreshold=30.959999084472656
2014-03-04 14:56:00 INFO filtre.Filter : Filter.add noiseThreshold=30.959999084472656
2014-03-04 14:56:00 INFO filtre.Filter : Filter.add noiseThreshold=30.959999084472656
2014-03-04 14:56:00 INFO filtre.Filter : Filter.add noiseThreshold=30.959999084472656
2014-03-04 14:56:00 INFO filtre.Filter : Filter.add noiseThreshold=30.959999084472656
2014-03-04 14:56:00 INFO filtre.Filter : Filter.add noiseThreshold=30.959999084472656
2014-03-04 14:56:00 INFO filtre.Filter : Filter.add noiseThreshold=30.959999084472656
2014-03-04 14:56:00 INFO filtre.Filter : Filter.add noiseThreshold=30.959999084472656
2014-03-04 14:56:00 INFO filtre.Filter : Filter.add noiseThreshold=30.959999084472656
2014-03-04 14:56:00 INFO filtre.Filter : Filter.add noiseThreshold=30.959999084472656
2014-03-04 14:56:00 INFO filtre.Filter : Filter.add noiseThreshold=30.959999084472656
2014-03-04 14:56:00 INFO filtre.Filter : Filter.add noiseThreshold=30.959999084472656
2014-03-04 14:56:00 INFO filtre.Filter : Filter.add noiseThreshold=30.959999084472656
2014-03-04 14:56:00 INFO filtre.Filter : Filter.add noiseThreshold=30.959999084472656
2014-03-04 14:56:01 INFO filtre.Filter : Filter.add noiseThreshold=30.959999084472656
2014-03-04 14:56:01 INFO filtre.Filter : Filter.add noiseThreshold=30.959999084472656
2014-03-04 14:56:01 INFO filtre.Filter : Filter.add noiseThreshold=30.959999084472656
2014-03-04 14:56:01 INFO filtre.Filter : Filter.add noiseThreshold=30.959999084472656
2014-03-04 14:56:01 INFO filtre.Filter : Filter.add noiseThreshold=30.959999084472656
2014-03-04 14:56:01 INFO filtre.Filter : Filter.add noiseThreshold=30.959999084472656
2014-03-04 14:56:01 INFO filtre.Filter : Filter.add noiseThreshold=30.959999084472656
2014-03-04 14:56:01 INFO filtre.Filter : Filter.add noiseThreshold=30.959999084472656
2014-03-04 14:56:01 INFO filtre.Filter : Filter.add noiseThreshold=30.959999084472656
2014-03-04 14:56:01 INFO filtre.Filter : Filter.add noiseThreshold=30.959999084472656
2014-03-04 14:56:01 INFO filtre.Filter : Filter.add noiseThreshold=30.959999084472656
2014-03-04 14:56:01 INFO filtre.Filter : Filter.add noiseThreshold=30.959999084472656
2014-03-04 14:56:02 INFO filtre.Filter : Filter.add noiseThreshold=30.959999084472656
2014-03-04 14:56:02 INFO filtre.Filter : Filter.add noiseThreshold=30.959999084472656
2014-03-04 14:56:02 INFO filtre.Filter : Filter.add noiseThreshold=30.959999084472656
2014-03-04 14:56:02 INFO filtre.Filter : Filter.add noiseThreshold=30.959999084472656
2014-03-04 14:56:02 INFO filtre.Filter : Filter.add noiseThreshold=30.959999084472656
2014-03-04 14:56:02 INFO filtre.Filter : Filter.add noiseThreshold=30.959999084472656
2014-03-04 14:56:02 INFO filtre.Filter : Filter.add noiseThreshold=30.959999084472656
2014-03-04 14:56:02 INFO filtre.Filter : Filter.add noiseThreshold=30.959999084472656
2014-03-04 14:56:02 INFO filtre.Filter : Filter.add noiseThreshold=30.959999084472656
2014-03-04 14:56:02 INFO filtre.Filter : Filter.add noiseThreshold=30.959999084472656
2014-03-04 14:56:02 INFO filtre.Filter : Filter.add noiseThreshold=30.959999084472656
2014-03-04 14:56:02 INFO filtre.Filter : Filter.add noiseThreshold=30.959999084472656
2014-03-04 14:56:03 INFO filtre.Filter : Filter.add noiseThreshold=30.959999084472656
2014-03-04 14:56:03 INFO filtre.Filter : Filter.add noiseThreshold=30.959999084472656
2014-03-04 14:56:03 INFO filtre.Filter : Filter.add noiseThreshold=30.959999084472656
2014-03-04 14:56:03 INFO filtre.Filter : Filter.add noiseThreshold=30.959999084472656
2014-03-04 14:56:03 INFO filtre.Filter : Filter.add noiseThreshold=30.959999084472656
2014-03-04 14:56:03 INFO filtre.Filter : Filter.add noiseThreshold=30.959999084472656
2014-03-04 14:56:03 INFO filtre.Filter : Filter.add noiseThreshold=30.959999084472656
2014-03-04 14:56:03 INFO filtre.Filter : Filter.add noiseThreshold=30.959999084472656
2014-03-04 14:56:03 INFO filtre.Filter : Filter.add noiseThreshold=30.959999084472656
2014-03-04 14:56:03 INFO filtre.Filter : Filter.add noiseThreshold=30.959999084472656
2014-03-04 14:56:03 INFO filtre.Filter : Filter.add noiseThreshold=30.959999084472656
2014-03-04 14:56:03 INFO filtre.Filter : Filter.add noiseThreshold=30.959999084472656
2014-03-04 14:56:03 INFO filtre.Filter : Filter.add noiseThreshold=30.959999084472656
2014-03-04 14:56:04 INFO filtre.Filter : Filter.add noiseThreshold=30.959999084472656
2014-03-04 14:56:04 INFO filtre.Filter : Filter.add noiseThreshold=30.959999084472656
2014-03-04 14:56:04 INFO filtre.Filter : Filter.add noiseThreshold=30.959999084472656
2014-03-04 14:56:04 INFO filtre.Filter : Filter.add noiseThreshold=30.959999084472656
2014-03-04 14:56:04 INFO filtre.Filter : Filter.add noiseThreshold=30.959999084472656
2014-03-04 14:56:04 INFO filtre.Filter : Filter.add noiseThreshold=30.959999084472656
2014-03-04 14:56:04 INFO filtre.Filter : Filter.add noiseThreshold=30.959999084472656
2014-03-04 14:56:04 INFO filtre.Filter : Filter.add noiseThreshold=30.959999084472656
2014-03-04 14:56:04 INFO filtre.Filter : Filter.add noiseThreshold=30.959999084472656
2014-03-04 14:56:04 INFO filtre.Filter : Filter.add noiseThreshold=30.959999084472656
2014-03-04 14:56:04 INFO filtre.Filter : Filter.add noiseThreshold=30.959999084472656
2014-03-04 14:56:04 INFO filtre.Filter : Filter.add noiseThreshold=30.959999084472656
2014-03-04 14:56:05 INFO filtre.Filter : Filter.add noiseThreshold=30.959999084472656
2014-03-04 14:56:05 INFO filtre.Filter : Filter.add noiseThreshold=30.959999084472656
2014-03-04 14:56:05 INFO filtre.Filter : Filter.add noiseThreshold=30.959999084472656
2014-03-04 14:56:05 INFO filtre.Filter : Filter.add noiseThreshold=30.959999084472656
2014-03-04 14:56:05 INFO filtre.Filter : Filter.add noiseThreshold=30.959999084472656
2014-03-04 14:56:05 INFO filtre.Filter : Filter.add noiseThreshold=30.959999084472656
2014-03-04 14:56:05 INFO filtre.Filter : Filter.add noiseThreshold=30.959999084472656
2014-03-04 14:56:05 INFO filtre.Filter : Filter.add noiseThreshold=30.959999084472656
2014-03-04 14:56:05 INFO filtre.Filter : Filter.add noiseThreshold=30.959999084472656
2014-03-04 14:56:05 INFO filtre.Filter : Filter.add noiseThreshold=30.959999084472656
2014-03-04 14:56:05 INFO filtre.Filter : Filter.add noiseThreshold=30.959999084472656
2014-03-04 14:56:05 INFO filtre.Filter : Filter.add noiseThreshold=30.959999084472656
2014-03-04 14:56:05 INFO filtre.Filter : Filter.add noiseThreshold=30.959999084472656
