2014-03-04 15:23:02 INFO ihm.Calibration : Properties : 
autofocus_calibration_data=logs/calibration.data
simulation_calibration_data=test/calib_lisa_test_droneId_5.data
paparazzi_script_calibration=paparazzi_calibration/calibrate.py

2014-03-04 15:23:04 INFO testData.Sender : starting sending IMU test data...
2014-03-04 15:23:04 INFO imu.IMU : new aircraft built with id=5
2014-03-04 15:23:07 INFO ihm.MainFrame : starting calibration of accelerometer...
2014-03-04 15:23:07 INFO imu.IMU : listening raw datas for drone 5...
2014-03-04 15:23:12 WARNING imu.IMU : stopped listening raw datas for drone 5
2014-03-04 15:23:12 WARNING imu.IMU : stopped listening raw datas for drone 5
2014-03-04 15:23:12 INFO imu.IMU : new aircraft built with id=5
2014-03-04 15:23:13 INFO ihm.MainFrame : starting calibration of magnetometer...
2014-03-04 15:23:13 INFO imu.IMU : listening raw datas for drone 5...
2014-03-04 15:23:20 WARNING imu.IMU : stopped listening raw datas for drone 5
2014-03-04 15:23:20 WARNING imu.IMU : stopped listening raw datas for drone 5
2014-03-04 15:23:20 INFO imu.IMU : new aircraft built with id=5
2014-03-04 15:23:20 INFO ihm.MainFrame : starting calibration of accelerometer...
2014-03-04 15:23:21 INFO imu.IMU : listening raw datas for drone 5...
2014-03-04 15:23:22 WARNING imu.IMU : stopped listening raw datas for drone 5
2014-03-04 15:23:22 WARNING imu.IMU : stopped listening raw datas for drone 5
2014-03-04 15:23:22 INFO imu.IMU : new aircraft built with id=5
2014-03-04 15:23:23 INFO ihm.MainFrame : starting calibration of magnetometer...
2014-03-04 15:23:23 INFO imu.IMU : listening raw datas for drone 5...
2014-03-04 15:23:27 WARNING imu.IMU : stopped listening raw datas for drone 5
2014-03-04 15:23:27 WARNING imu.IMU : stopped listening raw datas for drone 5
2014-03-04 15:23:27 INFO imu.IMU : new aircraft built with id=5
