2014-03-06 10:16:49 INFO ihm.Calibration : Properties : 
autofocus_calibration_data=logs/calibration.data
simulation_calibration_data=test/calib_lisa_test_droneId_5.data
paparazzi_script_calibration=paparazzi_calibration/calibrate.py

2014-03-06 10:16:51 INFO imu.IMU : new aircraft built with id=5
2014-03-06 10:16:51 INFO testData.Sender : starting sending IMU test data...
2014-03-06 10:16:54 INFO ihm.MainFrame : starting calibration of magnetometer...
2014-03-06 10:16:54 INFO imu.IMU : listening raw datas for drone 5...
2014-03-06 10:18:20 WARNING imu.IMU : stopped listening raw datas for drone 5
2014-03-06 10:18:20 INFO calibrate.PrintLog : logs/calibration.data created with 911 lines
2014-03-06 10:18:20 INFO calibrate.CalibrateSystem : executing : python paparazzi_calibration/calibrate.py -s MAG  -v logs/calibration.data
2014-03-06 10:18:20 INFO calibrate.CalibrateSystem : python script result for MAGNETOMETER :
2014-03-06 10:18:21 INFO calibrate.CalibrateSystem : Using aircraft id 5
reading file logs/calibration.data for aircraft 5 and sensor MAG
found 911 records
Using noise threshold of 1000 for filtering.
remaining 891 after filtering
initial guess : avg 1.04967690499 std 0.127978978017
optimized guess : avg 0.999487868411 std 0.022624528599

<define name="MAG_X_NEUTRAL" value="12"/>
<define name="MAG_Y_NEUTRAL" value="-99"/>
<define name="MAG_Z_NEUTRAL" value="-44"/>
<define name="MAG_X_SENS" value="3.91502955934" integer="16"/>
<define name="MAG_Y_SENS" value="3.99987998005" integer="16"/>
<define name="MAG_Z_SENS" value="4.53995372636" integer="16"/>

2014-03-06 10:18:21 INFO calibrate.CalibrateSystem : end of python script for MAGNETOMETER
2014-03-06 10:18:23 INFO imu.IMU : listening raw datas for drone 5...
2014-03-06 10:18:23 WARNING imu.IMU : stopped listening raw datas for drone 5
2014-03-06 10:18:23 WARNING imu.IMU : stopped listening raw datas for drone 5
2014-03-06 10:18:24 INFO imu.IMU : new aircraft built with id=5
