2014-03-04 15:13:45 INFO ihm.Calibration : Properties : 
autofocus_calibration_data=logs/calibration.data
simulation_calibration_data=test/calib_lisa_test_droneId_5.data
paparazzi_script_calibration=paparazzi_calibration/calibrate.py

2014-03-04 15:13:46 INFO imu.IMU : new aircraft built with id=5
2014-03-04 15:13:46 INFO testData.Sender : starting sending IMU test data...
2014-03-04 15:13:50 INFO ihm.MainFrame : starting calibration of accelerometer...
2014-03-04 15:13:50 INFO imu.IMU : listening raw datas for drone 5...
2014-03-04 15:13:52 WARNING imu.IMU : stopped listening raw datas for drone 5
2014-03-04 15:13:52 WARNING imu.IMU : stopped listening raw datas for drone 5
2014-03-04 15:13:52 INFO imu.IMU : new aircraft built with id=5
2014-03-04 15:13:53 INFO ihm.MainFrame : starting calibration of magnetometer...
2014-03-04 15:13:53 INFO imu.IMU : listening raw datas for drone 5...
2014-03-04 15:13:58 WARNING imu.IMU : stopped listening raw datas for drone 5
2014-03-04 15:13:58 WARNING imu.IMU : stopped listening raw datas for drone 5
2014-03-04 15:13:58 INFO imu.IMU : new aircraft built with id=5
2014-03-04 15:13:59 INFO ihm.MainFrame : starting calibration of magnetometer...
2014-03-04 15:13:59 INFO imu.IMU : listening raw datas for drone 5...
2014-03-04 15:14:01 WARNING imu.IMU : stopped listening raw datas for drone 5
2014-03-04 15:14:01 WARNING imu.IMU : stopped listening raw datas for drone 5
2014-03-04 15:14:01 INFO imu.IMU : new aircraft built with id=5
