2014-03-03 13:26:21 INFO ihm.Calibration : Properties : 
autofocus_calibration_data=logs/calibration.data
simulation_calibration_data=test/calib_prod16_droneId_5.data
paparazzi_script_calibration=paparazzi_calibration/calibrate.py

2014-03-03 13:26:23 INFO imu.IMU : new aircraft built with id=5
2014-03-03 13:26:23 INFO testData.Sender : starting sending IMU test data...
2014-03-03 13:26:23 WARNING ihm.MainFrame : setSelectedIndex: 2 out of bounds
2014-03-03 13:26:28 INFO ihm.MainFrame : starting calibration of accelerometer...
2014-03-03 13:26:28 INFO imu.IMU : listening raw datas for drone 5...
2014-03-03 13:41:01 INFO testData.Sender : stopped sending IMU test data
2014-03-03 13:41:12 WARNING imu.IMU : stopped listening raw datas for drone 5
2014-03-03 13:41:12 INFO calibrate.PrintLog : logs/calibration.data created with 7795 lines
2014-03-03 13:41:12 INFO calibrate.CalibrateSystem : executing : python paparazzi_calibration/calibrate.py -s ACCEL  -v logs/calibration.data
2014-03-03 13:41:12 INFO calibrate.CalibrateSystem : python script result for ACCELEROMETER :
2014-03-03 13:41:14 INFO calibrate.CalibrateSystem : Using aircraft id 5
reading file logs/calibration.data for aircraft 5 and sensor ACCEL
found 7795 records
Using noise threshold of 40 for filtering.
remaining 5572 after filtering
initial guess : avg 9.65328357702 std 0.0952872807831
optimized guess : avg 9.80968584023 std 0.0555140404372

<define name="ACCEL_X_NEUTRAL" value="29"/>
<define name="ACCEL_Y_NEUTRAL" value="-4"/>
<define name="ACCEL_Z_NEUTRAL" value="169"/>
<define name="ACCEL_X_SENS" value="4.88556280338" integer="16"/>
<define name="ACCEL_Y_SENS" value="4.87774688354" integer="16"/>
<define name="ACCEL_Z_SENS" value="4.89797672007" integer="16"/>

2014-03-03 13:41:14 INFO calibrate.CalibrateSystem : end of python script for ACCELEROMETER
2014-03-03 13:41:30 INFO imu.IMU : listening raw datas for drone 5...
2014-03-03 13:41:32 WARNING imu.IMU : stopped listening raw datas for drone 5
2014-03-03 13:41:32 WARNING imu.IMU : stopped listening raw datas for drone 5
2014-03-03 13:41:33 INFO imu.IMU : new aircraft built with id=5
