2014-02-28 18:45:07 INFO ihm.Calibration : Properties : 
autofocus_calibration_data=logs/calibration.data
simulation_calibration_data=test/calib_lisa_test_droneId_5.data
paparazzi_script_calibration=paparazzi_calibration/calibrate.py

2014-02-28 18:45:08 INFO imu.IMU : new aircraft built with id=5
2014-02-28 18:45:08 INFO testData.Sender : starting sending IMU test data...
2014-02-28 18:45:08 WARNING ihm.MainFrame : setSelectedIndex: 2 out of bounds
2014-02-28 18:45:11 INFO ihm.MainFrame : starting calibration of accelerometer...
2014-02-28 18:45:11 INFO imu.IMU : listening raw datas for drone 5...
2014-02-28 18:46:02 WARNING imu.IMU : stopped listening raw datas for drone 5
2014-02-28 18:46:02 WARNING imu.IMU : stopped listening raw datas for drone 5
2014-02-28 18:46:02 INFO imu.IMU : new aircraft built with id=5
2014-02-28 18:46:03 INFO ihm.MainFrame : starting calibration of accelerometer...
2014-02-28 18:46:03 INFO imu.IMU : listening raw datas for drone 5...
2014-02-28 18:47:36 WARNING imu.IMU : stopped listening raw datas for drone 5
2014-02-28 18:47:36 INFO calibrate.PrintLog : logs/calibration.data created with 1791 lines
2014-02-28 18:47:36 WARNING calibrate.CalibrateSystem :  can't get calibration : null
2014-02-28 18:47:46 INFO imu.IMU : listening raw datas for drone 5...
2014-02-28 18:48:43 INFO testData.Sender : stopped sending IMU test data
2014-02-28 18:48:44 WARNING imu.IMU : stopped listening raw datas for drone 5
2014-02-28 18:48:44 INFO calibrate.PrintLog : logs/calibration.data created with 2494 lines
2014-02-28 18:48:44 WARNING calibrate.CalibrateSystem :  can't get calibration : null
2014-02-28 18:48:49 INFO imu.IMU : listening raw datas for drone 5...
