2014-03-06 10:13:41 INFO ihm.Calibration : Properties : 
autofocus_calibration_data=logs/calibration.data
simulation_calibration_data=test/calib_lisa_test_droneId_5.data
paparazzi_script_calibration=paparazzi_calibration/calibrate.py

2014-03-06 10:13:43 INFO imu.IMU : new aircraft built with id=5
2014-03-06 10:13:43 INFO testData.Sender : starting sending IMU test data...
2014-03-06 10:13:47 INFO ihm.MainFrame : starting calibration of accelerometer...
2014-03-06 10:13:47 INFO imu.IMU : listening raw datas for drone 5...
2014-03-06 10:13:47 INFO ellipsoide.Sphere : Sphere.update : values have changed
2014-03-06 10:14:02 INFO ellipsoide.Sphere : Sphere.update : values have changed
2014-03-06 10:14:03 INFO ellipsoide.Sphere : Sphere.update : values have changed
2014-03-06 10:14:04 INFO ellipsoide.Sphere : Sphere.update : values have changed
2014-03-06 10:14:04 INFO ellipsoide.Sphere : Sphere.update : values have changed
2014-03-06 10:14:04 INFO ellipsoide.Sphere : Sphere.update : values have changed
2014-03-06 10:14:04 INFO ellipsoide.Sphere : Sphere.update : values have changed
2014-03-06 10:14:04 INFO ellipsoide.Sphere : Sphere.update : values have changed
2014-03-06 10:14:04 INFO ellipsoide.Sphere : Sphere.update : values have changed
2014-03-06 10:14:04 INFO ellipsoide.Sphere : Sphere.update : values have changed
2014-03-06 10:14:05 INFO ellipsoide.Sphere : Sphere.update : values have changed
2014-03-06 10:14:06 INFO ellipsoide.Sphere : Sphere.update : values have changed
2014-03-06 10:14:07 INFO ellipsoide.Sphere : Sphere.update : values have changed
2014-03-06 10:14:07 INFO ellipsoide.Sphere : Sphere.update : values have changed
2014-03-06 10:14:07 INFO ellipsoide.Sphere : Sphere.update : values have changed
2014-03-06 10:14:07 INFO ellipsoide.Sphere : Sphere.update : values have changed
2014-03-06 10:14:08 INFO ellipsoide.Sphere : Sphere.update : values have changed
2014-03-06 10:14:08 INFO ellipsoide.Sphere : Sphere.update : values have changed
2014-03-06 10:14:10 INFO ellipsoide.Sphere : Sphere.update : values have changed
2014-03-06 10:14:10 INFO ellipsoide.Sphere : Sphere.update : values have changed
2014-03-06 10:14:10 INFO ellipsoide.Sphere : Sphere.update : values have changed
2014-03-06 10:14:11 INFO ellipsoide.Sphere : Sphere.update : values have changed
2014-03-06 10:14:11 INFO ellipsoide.Sphere : Sphere.update : values have changed
2014-03-06 10:14:12 INFO ellipsoide.Sphere : Sphere.update : values have changed
2014-03-06 10:14:12 INFO ellipsoide.Sphere : Sphere.update : values have changed
2014-03-06 10:14:13 INFO ellipsoide.Sphere : Sphere.update : values have changed
2014-03-06 10:14:19 INFO ellipsoide.Sphere : Sphere.update : values have changed
2014-03-06 10:14:22 INFO ellipsoide.Sphere : Sphere.update : values have changed
2014-03-06 10:14:22 INFO ellipsoide.Sphere : Sphere.update : values have changed
2014-03-06 10:14:25 INFO ellipsoide.Sphere : Sphere.update : values have changed
2014-03-06 10:14:26 INFO ellipsoide.Sphere : Sphere.update : values have changed
2014-03-06 10:14:29 INFO ellipsoide.Sphere : Sphere.update : values have changed
2014-03-06 10:14:31 INFO ellipsoide.Sphere : Sphere.update : values have changed
2014-03-06 10:14:32 INFO ellipsoide.Sphere : Sphere.update : values have changed
2014-03-06 10:14:39 INFO ellipsoide.Sphere : Sphere.update : values have changed
2014-03-06 10:15:10 INFO ellipsoide.Sphere : Sphere.update : values have changed
2014-03-06 10:15:11 INFO ellipsoide.Sphere : Sphere.update : values have changed
2014-03-06 10:15:29 INFO ellipsoide.Sphere : Sphere.update : values have changed
2014-03-06 10:16:26 WARNING imu.IMU : stopped listening raw datas for drone 5
2014-03-06 10:16:26 WARNING imu.IMU : stopped listening raw datas for drone 5
2014-03-06 10:16:26 INFO imu.IMU : new aircraft built with id=5
2014-03-06 10:16:27 INFO ihm.MainFrame : starting calibration of magnetometer...
2014-03-06 10:16:27 INFO imu.IMU : listening raw datas for drone 5...
2014-03-06 10:16:27 INFO ellipsoide.Sphere : Sphere.update : values have changed
2014-03-06 10:16:36 INFO ellipsoide.Sphere : Sphere.update : values have changed
2014-03-06 10:16:37 INFO ellipsoide.Sphere : Sphere.update : values have changed
2014-03-06 10:16:39 INFO ellipsoide.Sphere : Sphere.update : values have changed
