2014-03-06 11:27:43 INFO ihm.Calibration : Properties : 
autofocus_calibration_data=logs/calibration.data
simulation_calibration_data=test/14_03_04__11_25_31_droneId_5.data
paparazzi_script_calibration=paparazzi_calibration/calibrate.py

2014-03-06 11:27:44 INFO imu.IMU : new aircraft built with id=5
2014-03-06 11:27:44 INFO testData.Sender : starting sending IMU test data...
2014-03-06 11:29:48 INFO ihm.MainFrame : starting calibration of accelerometer...
2014-03-06 11:29:48 INFO imu.IMU : listening raw datas for drone 5...
2014-03-06 11:31:27 WARNING imu.IMU : stopped listening raw datas for drone 5
2014-03-06 11:31:27 WARNING imu.IMU : stopped listening raw datas for drone 5
2014-03-06 11:31:27 INFO imu.IMU : new aircraft built with id=5
2014-03-06 11:31:28 INFO ihm.MainFrame : starting calibration of magnetometer...
2014-03-06 11:31:28 INFO imu.IMU : listening raw datas for drone 5...
2014-03-06 11:38:21 WARNING imu.IMU : stopped listening raw datas for drone 5
2014-03-06 11:38:21 WARNING imu.IMU : stopped listening raw datas for drone 5
2014-03-06 11:38:21 INFO imu.IMU : new aircraft built with id=5
2014-03-06 11:38:22 INFO ihm.MainFrame : starting calibration of magnetometer...
2014-03-06 11:38:22 INFO imu.IMU : listening raw datas for drone 5...
2014-03-06 11:38:25 WARNING imu.IMU : stopped listening raw datas for drone 5
2014-03-06 11:38:25 INFO calibrate.PrintLog : logs/calibration.data created with 6260 lines
2014-03-06 11:38:25 INFO calibrate.CalibrateSystem : executing : python paparazzi_calibration/calibrate.py -s MAG  -v logs/calibration.data
2014-03-06 11:38:25 INFO calibrate.CalibrateSystem : python script result for MAGNETOMETER :
2014-03-06 11:38:30 INFO calibrate.CalibrateSystem : Using aircraft id 5
reading file logs/calibration.data for aircraft 5 and sensor MAG
found 5045 records
Using noise threshold of 1000 for filtering.
remaining 5025 after filtering
initial guess : avg 0.991883145286 std 0.102539892038
optimized guess : avg 0.995400646908 std 0.0676623901736

<define name="MAG_X_NEUTRAL" value="41"/>
<define name="MAG_Y_NEUTRAL" value="-56"/>
<define name="MAG_Z_NEUTRAL" value="-10"/>
<define name="MAG_X_SENS" value="3.28793457141" integer="16"/>
<define name="MAG_Y_SENS" value="4.12720898695" integer="16"/>
<define name="MAG_Z_SENS" value="5.02091797475" integer="16"/>

2014-03-06 11:38:30 INFO calibrate.CalibrateSystem : end of python script for MAGNETOMETER
2014-03-06 11:38:44 WARNING imu.IMU : stopped listening raw datas for drone 5
2014-03-06 11:38:44 WARNING imu.IMU : stopped listening raw datas for drone 5
2014-03-06 11:38:44 INFO imu.IMU : new aircraft built with id=5
2014-03-06 11:38:44 INFO ihm.MainFrame : starting calibration of accelerometer...
2014-03-06 11:38:44 INFO imu.IMU : listening raw datas for drone 5...
2014-03-06 11:38:45 WARNING imu.IMU : stopped listening raw datas for drone 5
2014-03-06 11:38:45 INFO calibrate.PrintLog : logs/calibration.data created with 6269 lines
2014-03-06 11:38:45 INFO calibrate.CalibrateSystem : executing : python paparazzi_calibration/calibrate.py -s ACCEL  -v logs/calibration.data
2014-03-06 11:38:45 INFO calibrate.CalibrateSystem : python script result for ACCELEROMETER :
2014-03-06 11:39:01 INFO calibrate.CalibrateSystem : Using aircraft id 5
reading file logs/calibration.data for aircraft 5 and sensor ACCEL
found 1224 records
Using noise threshold of 40 for filtering.
remaining 946 after filtering
initial guess : avg 12.9372714483 std 1.42549905574
Optimization error:  Number of calls to function has reached maxfev = 1400.
Please try to provide a clean logfile.

2014-03-06 11:39:01 INFO calibrate.CalibrateSystem : end of python script for ACCELEROMETER
2014-03-06 11:39:05 INFO imu.IMU : listening raw datas for drone 5...
2014-03-06 11:39:07 WARNING imu.IMU : stopped listening raw datas for drone 5
2014-03-06 11:39:07 WARNING imu.IMU : stopped listening raw datas for drone 5
2014-03-06 11:39:07 INFO imu.IMU : new aircraft built with id=5
2014-03-06 11:39:07 INFO ihm.MainFrame : starting calibration of magnetometer...
2014-03-06 11:39:07 INFO imu.IMU : listening raw datas for drone 5...
2014-03-06 11:39:08 WARNING imu.IMU : stopped listening raw datas for drone 5
2014-03-06 11:39:08 INFO calibrate.PrintLog : logs/calibration.data created with 6304 lines
2014-03-06 11:39:08 INFO calibrate.CalibrateSystem : executing : python paparazzi_calibration/calibrate.py -s MAG  -v logs/calibration.data
2014-03-06 11:39:08 INFO calibrate.CalibrateSystem : python script result for MAGNETOMETER :
2014-03-06 11:39:11 INFO calibrate.CalibrateSystem : Using aircraft id 5
reading file logs/calibration.data for aircraft 5 and sensor MAG
found 5057 records
Using noise threshold of 1000 for filtering.
remaining 5037 after filtering
initial guess : avg 0.992087037443 std 0.102502862271
optimized guess : avg 0.995409078282 std 0.0676006300068

<define name="MAG_X_NEUTRAL" value="41"/>
<define name="MAG_Y_NEUTRAL" value="-56"/>
<define name="MAG_Z_NEUTRAL" value="-10"/>
<define name="MAG_X_SENS" value="3.28808626395" integer="16"/>
<define name="MAG_Y_SENS" value="4.12639704652" integer="16"/>
<define name="MAG_Z_SENS" value="5.02100242362" integer="16"/>

2014-03-06 11:39:11 INFO calibrate.CalibrateSystem : end of python script for MAGNETOMETER
2014-03-06 11:39:15 INFO imu.IMU : listening raw datas for drone 5...
2014-03-06 11:40:53 WARNING imu.IMU : stopped listening raw datas for drone 5
2014-03-06 11:40:53 INFO calibrate.PrintLog : logs/calibration.data created with 7469 lines
2014-03-06 11:40:53 INFO calibrate.CalibrateSystem : executing : python paparazzi_calibration/calibrate.py -s MAG  -v logs/calibration.data
2014-03-06 11:40:53 INFO calibrate.CalibrateSystem : python script result for MAGNETOMETER :
2014-03-06 11:41:00 INFO calibrate.CalibrateSystem : Using aircraft id 5
reading file logs/calibration.data for aircraft 5 and sensor MAG
found 6222 records
Using noise threshold of 1000 for filtering.
remaining 6202 after filtering
initial guess : avg 0.964664476954 std 0.158627581328
optimized guess : avg 0.982003998958 std 0.132936621137

<define name="MAG_X_NEUTRAL" value="147"/>
<define name="MAG_Y_NEUTRAL" value="-9"/>
<define name="MAG_Z_NEUTRAL" value="-43"/>
<define name="MAG_X_SENS" value="3.24877259142" integer="16"/>
<define name="MAG_Y_SENS" value="3.75126342849" integer="16"/>
<define name="MAG_Z_SENS" value="5.03563855624" integer="16"/>

2014-03-06 11:41:00 INFO calibrate.CalibrateSystem : end of python script for MAGNETOMETER
2014-03-06 11:41:32 INFO imu.IMU : listening raw datas for drone 5...
2014-03-06 11:41:45 WARNING imu.IMU : stopped listening raw datas for drone 5
2014-03-06 11:41:45 WARNING imu.IMU : stopped listening raw datas for drone 5
2014-03-06 11:41:45 INFO imu.IMU : new aircraft built with id=5
2014-03-06 11:41:45 INFO ihm.MainFrame : starting calibration of accelerometer...
2014-03-06 11:41:45 INFO imu.IMU : listening raw datas for drone 5...
2014-03-06 11:45:39 WARNING imu.IMU : stopped listening raw datas for drone 5
2014-03-06 11:45:39 WARNING imu.IMU : stopped listening raw datas for drone 5
2014-03-06 11:45:39 INFO imu.IMU : new aircraft built with id=5
2014-03-06 11:45:40 INFO ihm.MainFrame : starting calibration of magnetometer...
2014-03-06 11:45:40 INFO imu.IMU : listening raw datas for drone 5...
