2014-03-03 11:33:05 INFO ihm.Calibration : Properties : 
autofocus_calibration_data=logs/calibration.data
simulation_calibration_data=test/calib_lisa_test_droneId_5.data
paparazzi_script_calibration=paparazzi_calibration/calibrate.py

2014-03-03 11:33:06 INFO imu.IMU : new aircraft built with id=5
2014-03-03 11:33:06 INFO testData.Sender : starting sending IMU test data...
2014-03-03 11:33:11 INFO ihm.MainFrame : starting calibration of accelerometer...
2014-03-03 11:33:11 INFO imu.IMU : listening raw datas for drone 5...
2014-03-03 11:33:11 INFO ellipsoide.SpherePanel : paintComponent height=295 width454
2014-03-03 11:33:11 INFO ellipsoide.SpherePanel : paintComponent height=295 width454
2014-03-03 11:33:11 INFO ellipsoide.SpherePanel : paintComponent height=295 width454
2014-03-03 11:33:11 INFO ellipsoide.SpherePanel : paintComponent height=295 width454
2014-03-03 11:33:11 INFO ellipsoide.SpherePanel : paintComponent height=295 width454
2014-03-03 11:33:11 INFO ellipsoide.SpherePanel : paintComponent height=295 width454
2014-03-03 11:33:11 INFO ellipsoide.SpherePanel : paintComponent height=295 width454
2014-03-03 11:33:12 INFO ellipsoide.SpherePanel : paintComponent height=295 width454
2014-03-03 11:33:12 INFO ellipsoide.SpherePanel : paintComponent height=295 width454
2014-03-03 11:33:12 INFO ellipsoide.SpherePanel : paintComponent height=295 width454
2014-03-03 11:33:12 INFO ellipsoide.SpherePanel : paintComponent height=295 width454
2014-03-03 11:33:12 INFO ellipsoide.SpherePanel : paintComponent height=295 width454
2014-03-03 11:33:12 INFO ellipsoide.SpherePanel : paintComponent height=295 width454
2014-03-03 11:33:12 INFO ellipsoide.SpherePanel : paintComponent height=295 width454
2014-03-03 11:33:12 INFO ellipsoide.SpherePanel : paintComponent height=295 width454
2014-03-03 11:33:12 INFO ellipsoide.SpherePanel : paintComponent height=295 width454
2014-03-03 11:33:12 INFO ellipsoide.SpherePanel : paintComponent height=295 width454
2014-03-03 11:33:12 INFO ellipsoide.SpherePanel : paintComponent height=295 width454
2014-03-03 11:33:13 INFO ellipsoide.SpherePanel : paintComponent height=295 width454
2014-03-03 11:33:13 INFO ellipsoide.SpherePanel : paintComponent height=295 width454
2014-03-03 11:33:13 INFO ellipsoide.SpherePanel : paintComponent height=295 width454
2014-03-03 11:33:13 INFO ellipsoide.SpherePanel : paintComponent height=295 width454
2014-03-03 11:33:13 INFO ellipsoide.SpherePanel : paintComponent height=295 width454
2014-03-03 11:33:13 INFO ellipsoide.SpherePanel : paintComponent height=295 width454
2014-03-03 11:33:13 INFO ellipsoide.SpherePanel : paintComponent height=295 width454
2014-03-03 11:33:13 INFO ellipsoide.SpherePanel : paintComponent height=295 width454
2014-03-03 11:33:13 INFO ellipsoide.SpherePanel : paintComponent height=295 width454
2014-03-03 11:33:13 INFO ellipsoide.SpherePanel : paintComponent height=295 width454
2014-03-03 11:33:14 INFO ellipsoide.SpherePanel : paintComponent height=295 width454
2014-03-03 11:33:14 INFO ellipsoide.SpherePanel : paintComponent height=295 width454
2014-03-03 11:33:14 INFO ellipsoide.SpherePanel : paintComponent height=295 width454
2014-03-03 11:33:14 INFO ellipsoide.SpherePanel : paintComponent height=295 width454
2014-03-03 11:33:14 INFO ellipsoide.SpherePanel : paintComponent height=295 width454
2014-03-03 11:33:14 INFO ellipsoide.SpherePanel : paintComponent height=295 width454
2014-03-03 11:33:14 INFO ellipsoide.SpherePanel : paintComponent height=295 width454
2014-03-03 11:33:14 INFO ellipsoide.SpherePanel : paintComponent height=295 width454
2014-03-03 11:33:14 INFO ellipsoide.SpherePanel : paintComponent height=295 width454
2014-03-03 11:33:14 INFO ellipsoide.SpherePanel : paintComponent height=295 width454
2014-03-03 11:33:15 INFO ellipsoide.SpherePanel : paintComponent height=295 width454
2014-03-03 11:33:15 INFO ellipsoide.SpherePanel : paintComponent height=295 width454
2014-03-03 11:33:15 INFO ellipsoide.SpherePanel : paintComponent height=295 width454
2014-03-03 11:33:15 INFO ellipsoide.SpherePanel : paintComponent height=295 width454
2014-03-03 11:33:15 INFO ellipsoide.SpherePanel : paintComponent height=295 width454
2014-03-03 11:33:15 INFO ellipsoide.SpherePanel : paintComponent height=295 width454
2014-03-03 11:33:15 INFO ellipsoide.SpherePanel : paintComponent height=295 width454
2014-03-03 11:33:15 INFO ellipsoide.SpherePanel : paintComponent height=295 width454
2014-03-03 11:33:15 INFO ellipsoide.SpherePanel : paintComponent height=295 width454
2014-03-03 11:33:15 INFO ellipsoide.SpherePanel : paintComponent height=295 width454
2014-03-03 11:33:16 INFO ellipsoide.SpherePanel : paintComponent height=295 width454
2014-03-03 11:33:16 INFO ellipsoide.SpherePanel : paintComponent height=295 width454
2014-03-03 11:33:16 INFO ellipsoide.SpherePanel : paintComponent height=295 width454
2014-03-03 11:33:16 INFO ellipsoide.SpherePanel : paintComponent height=295 width454
2014-03-03 11:33:16 INFO ellipsoide.SpherePanel : paintComponent height=295 width454
2014-03-03 11:33:16 INFO ellipsoide.SpherePanel : paintComponent height=295 width454
