2014-03-03 11:49:18 INFO ihm.Calibration : Properties : 
autofocus_calibration_data=logs/calibration.data
simulation_calibration_data=test/calib_lisa_test_droneId_5.data
paparazzi_script_calibration=paparazzi_calibration/calibrate.py

2014-03-03 11:49:19 INFO imu.IMU : new aircraft built with id=5
2014-03-03 11:49:19 INFO testData.Sender : starting sending IMU test data...
2014-03-03 11:49:19 WARNING ihm.MainFrame : setSelectedIndex: 2 out of bounds
2014-03-03 11:49:23 INFO ihm.MainFrame : starting calibration of accelerometer...
2014-03-03 11:49:23 INFO imu.IMU : listening raw datas for drone 5...
2014-03-03 11:49:24 WARNING imu.IMU : stopped listening raw datas for drone 5
2014-03-03 11:49:24 INFO ihm.Result : quantité de données insuffisante pour pouvoir calculer une calibration
2014-03-03 11:49:28 INFO imu.IMU : listening raw datas for drone 5...
2014-03-03 11:49:32 WARNING imu.IMU : stopped listening raw datas for drone 5
2014-03-03 11:49:32 INFO ihm.Result : quantité de données insuffisante pour pouvoir calculer une calibration
2014-03-03 11:49:34 INFO imu.IMU : listening raw datas for drone 5...
2014-03-03 11:49:58 WARNING imu.IMU : stopped listening raw datas for drone 5
2014-03-03 11:49:58 INFO ihm.Result : quantité de données insuffisante pour pouvoir calculer une calibration
2014-03-03 11:49:59 INFO imu.IMU : listening raw datas for drone 5...
2014-03-03 11:50:31 WARNING imu.IMU : stopped listening raw datas for drone 5
2014-03-03 11:50:31 INFO ihm.Result : quantité de données insuffisante pour pouvoir calculer une calibration
2014-03-03 11:50:33 INFO imu.IMU : listening raw datas for drone 5...
2014-03-03 11:51:06 WARNING imu.IMU : stopped listening raw datas for drone 5
2014-03-03 11:51:06 INFO ihm.Result : quantité de données insuffisante pour pouvoir calculer une calibration
2014-03-03 11:51:08 INFO imu.IMU : listening raw datas for drone 5...
2014-03-03 11:51:58 WARNING imu.IMU : stopped listening raw datas for drone 5
2014-03-03 11:51:58 INFO ihm.Result : quantité de données insuffisante pour pouvoir calculer une calibration
2014-03-03 11:52:00 INFO imu.IMU : listening raw datas for drone 5...
2014-03-03 11:52:29 WARNING imu.IMU : stopped listening raw datas for drone 5
2014-03-03 11:52:29 INFO ihm.Result : quantité de données insuffisante pour pouvoir calculer une calibration
2014-03-03 11:52:30 INFO imu.IMU : listening raw datas for drone 5...
2014-03-03 11:52:43 WARNING imu.IMU : stopped listening raw datas for drone 5
2014-03-03 11:52:43 INFO ihm.Result : quantité de données insuffisante pour pouvoir calculer une calibration
2014-03-03 11:52:44 INFO imu.IMU : listening raw datas for drone 5...
2014-03-03 11:53:42 INFO testData.Sender : stopped sending IMU test data
2014-03-03 11:53:50 WARNING imu.IMU : stopped listening raw datas for drone 5
2014-03-03 11:53:50 INFO ihm.Result : quantité de données insuffisante pour pouvoir calculer une calibration
2014-03-03 11:53:52 INFO imu.IMU : listening raw datas for drone 5...
