2014-03-03 18:00:26 INFO ihm.Calibration : Properties : 
autofocus_calibration_data=logs/calibration.data
simulation_calibration_data=test/calib_prod1_3_droneId_5.data
paparazzi_script_calibration=paparazzi_calibration/calibrate.py

2014-03-03 18:00:27 INFO imu.IMU : new aircraft built with id=5
2014-03-03 18:00:27 INFO testData.Sender : starting sending IMU test data...
2014-03-03 18:00:29 INFO imu.IMU : IMU.changeAcMode newMode=1
2014-03-03 18:00:32 INFO imu.IMU : IMU.changeAcMode newMode=3
2014-03-03 18:00:35 INFO ihm.MainFrame : starting calibration of accelerometer...
2014-03-03 18:00:35 INFO imu.IMU : listening raw datas for drone 5...
2014-03-03 18:00:45 WARNING imu.IMU : stopped listening raw datas for drone 5
2014-03-03 18:00:45 WARNING imu.IMU : stopped listening raw datas for drone 5
2014-03-03 18:00:45 INFO imu.IMU : new aircraft built with id=5
2014-03-03 18:00:46 INFO imu.IMU : IMU.changeAcMode newMode=3
2014-03-03 18:00:46 INFO ihm.MainFrame : starting calibration of magnetometer...
2014-03-03 18:00:46 INFO imu.IMU : listening raw datas for drone 5...
2014-03-03 18:00:49 WARNING imu.IMU : stopped listening raw datas for drone 5
2014-03-03 18:00:49 WARNING imu.IMU : stopped listening raw datas for drone 5
2014-03-03 18:00:49 INFO imu.IMU : new aircraft built with id=5
2014-03-03 18:00:49 INFO imu.IMU : IMU.changeAcMode newMode=3
2014-03-03 18:00:51 INFO ihm.MainFrame : starting calibration of accelerometer...
2014-03-03 18:00:51 INFO imu.IMU : listening raw datas for drone 5...
2014-03-03 18:00:51 WARNING imu.IMU : stopped listening raw datas for drone 5
2014-03-03 18:00:51 INFO ihm.Result : quantité de données insuffisante pour pouvoir calculer une calibration : 174/2000
2014-03-03 18:00:53 INFO imu.IMU : listening raw datas for drone 5...
2014-03-03 18:00:53 WARNING imu.IMU : stopped listening raw datas for drone 5
2014-03-03 18:00:53 WARNING imu.IMU : stopped listening raw datas for drone 5
2014-03-03 18:00:53 INFO imu.IMU : new aircraft built with id=5
2014-03-03 18:00:55 INFO imu.IMU : IMU.changeAcMode newMode=3
2014-03-03 18:00:57 INFO ihm.MainFrame : starting calibration of accelerometer...
2014-03-03 18:00:57 INFO imu.IMU : listening raw datas for drone 5...
2014-03-03 18:01:14 WARNING imu.IMU : stopped listening raw datas for drone 5
2014-03-03 18:01:14 WARNING imu.IMU : stopped listening raw datas for drone 5
2014-03-03 18:01:14 INFO imu.IMU : new aircraft built with id=5
2014-03-03 18:01:14 INFO imu.IMU : IMU.changeAcMode newMode=3
2014-03-03 18:01:17 INFO imu.IMU : IMU.changeAcMode newMode=0
2014-03-03 18:01:18 INFO imu.IMU : IMU.changeAcMode newMode=1
2014-03-03 18:01:20 INFO imu.IMU : IMU.changeAcMode newMode=5
2014-03-03 18:01:23 INFO imu.IMU : IMU.changeAcMode newMode=0
2014-03-03 18:01:24 INFO imu.IMU : IMU.changeAcMode newMode=2
2014-03-03 18:01:29 INFO ihm.MainFrame : starting calibration of accelerometer...
2014-03-03 18:01:29 INFO imu.IMU : listening raw datas for drone 5...
2014-03-03 18:01:33 WARNING imu.IMU : stopped listening raw datas for drone 5
2014-03-03 18:01:33 WARNING imu.IMU : stopped listening raw datas for drone 5
2014-03-03 18:01:33 INFO imu.IMU : new aircraft built with id=5
2014-03-03 18:01:33 INFO imu.IMU : IMU.changeAcMode newMode=2
2014-03-03 18:01:39 INFO imu.IMU : IMU.changeAcMode newMode=1
2014-03-03 18:01:42 INFO ihm.MainFrame : starting calibration of accelerometer...
2014-03-03 18:01:42 INFO imu.IMU : listening raw datas for drone 5...
2014-03-03 18:01:43 WARNING imu.IMU : stopped listening raw datas for drone 5
2014-03-03 18:01:43 WARNING imu.IMU : stopped listening raw datas for drone 5
2014-03-03 18:01:43 INFO imu.IMU : new aircraft built with id=5
2014-03-03 18:01:43 INFO imu.IMU : IMU.changeAcMode newMode=1
2014-03-03 18:01:45 INFO imu.IMU : IMU.changeAcMode newMode=3
2014-03-03 18:01:48 INFO ihm.MainFrame : starting calibration of accelerometer...
2014-03-03 18:01:48 INFO imu.IMU : listening raw datas for drone 5...
2014-03-03 18:01:50 WARNING imu.IMU : stopped listening raw datas for drone 5
2014-03-03 18:01:50 WARNING imu.IMU : stopped listening raw datas for drone 5
2014-03-03 18:01:50 INFO imu.IMU : new aircraft built with id=5
2014-03-03 18:01:50 INFO imu.IMU : IMU.changeAcMode newMode=3
2014-03-03 18:02:01 INFO imu.IMU : IMU.changeAcMode newMode=2
2014-03-03 18:02:04 INFO imu.IMU : IMU.changeAcMode newMode=3
2014-03-03 18:02:06 INFO imu.IMU : IMU.changeAcMode newMode=0
2014-03-03 18:02:09 INFO imu.IMU : IMU.changeAcMode newMode=1
2014-03-03 18:02:12 INFO imu.IMU : IMU.changeAcMode newMode=5
2014-03-03 18:02:19 INFO imu.IMU : IMU.changeAcMode newMode=2
