2014-02-28 18:15:26 INFO ihm.Calibration : Properties : 
autofocus_calibration_data=logs/calibration.data
simulation_calibration_data=test/calib_prod1_3_droneId_5.data
paparazzi_script_calibration=paparazzi_calibration/calibrate.py

2014-02-28 18:15:28 INFO imu.IMU : new aircraft built with id=5
2014-02-28 18:15:28 INFO testData.Sender : starting sending IMU test data...
2014-02-28 18:15:28 WARNING ihm.MainFrame : setSelectedIndex: 3 out of bounds
2014-02-28 18:15:30 INFO ihm.MainFrame : starting calibration of magnetometer...
2014-02-28 18:15:30 INFO imu.IMU : listening raw datas for drone 5...
2014-02-28 18:15:30 INFO imu.IMU : IMY mess received  53 -206 -2045
2014-02-28 18:15:30 INFO imu.IMU : IMY mess received  44 -203 -2048
2014-02-28 18:15:31 INFO imu.IMU : IMY mess received  50 -202 -2047
2014-02-28 18:15:31 INFO imu.IMU : IMY mess received  43 -195 -2049
2014-02-28 18:15:31 INFO imu.IMU : IMY mess received  49 -194 -2043
2014-02-28 18:15:31 INFO imu.IMU : IMY mess received  50 -204 -2051
2014-02-28 18:15:31 INFO imu.IMU : IMY mess received  49 -202 -2038
2014-02-28 18:15:31 INFO imu.IMU : IMY mess received  46 -201 -2045
2014-02-28 18:15:31 INFO imu.IMU : IMY mess received  47 -199 -2044
2014-02-28 18:15:31 INFO imu.IMU : IMY mess received  44 -205 -2043
2014-02-28 18:15:31 INFO imu.IMU : IMY mess received  50 -203 -2057
2014-02-28 18:15:31 INFO imu.IMU : IMY mess received  49 -202 -2038
2014-02-28 18:15:32 INFO imu.IMU : IMY mess received  242 -219 -1935
2014-02-28 18:15:32 INFO imu.IMU : IMY mess received  -30 -204 -2089
2014-02-28 18:15:32 INFO imu.IMU : IMY mess received  86 -194 -2016
2014-02-28 18:15:32 INFO imu.IMU : IMY mess received  54 -197 -2054
2014-02-28 18:15:32 INFO imu.IMU : IMY mess received  50 -201 -2054
2014-02-28 18:15:32 INFO imu.IMU : IMY mess received  44 -200 -2050
2014-02-28 18:15:32 INFO imu.IMU : IMY mess received  52 -201 -2042
2014-02-28 18:15:32 INFO imu.IMU : IMY mess received  45 -201 -2049
2014-02-28 18:15:32 INFO imu.IMU : IMY mess received  55 -199 -2043
2014-02-28 18:15:32 INFO imu.IMU : IMY mess received  14 -226 -2060
2014-02-28 18:15:33 INFO imu.IMU : IMY mess received  -79 -194 -2041
2014-02-28 18:15:33 INFO imu.IMU : IMY mess received  25 -204 -2057
2014-02-28 18:15:33 INFO imu.IMU : IMY mess received  26 -287 -2239
2014-02-28 18:15:33 INFO imu.IMU : IMY mess received  377 -208 -2210
2014-02-28 18:15:33 INFO imu.IMU : IMY mess received  134 -142 -2330
2014-02-28 18:15:33 INFO imu.IMU : IMY mess received  200 -35 -2207
2014-02-28 18:15:33 INFO imu.IMU : IMY mess received  139 6 -1821
2014-02-28 18:15:33 INFO imu.IMU : IMY mess received  300 3 -1858
2014-02-28 18:15:33 INFO imu.IMU : IMY mess received  242 -56 -2231
2014-02-28 18:15:33 INFO imu.IMU : IMY mess received  283 -101 -2168
2014-02-28 18:15:34 INFO imu.IMU : IMY mess received  345 -187 -2422
2014-02-28 18:15:34 INFO imu.IMU : IMY mess received  207 -153 -2076
2014-02-28 18:15:34 INFO imu.IMU : IMY mess received  376 -224 -2125
2014-02-28 18:15:34 INFO imu.IMU : IMY mess received  180 -202 -1908
2014-02-28 18:15:34 INFO imu.IMU : IMY mess received  211 -221 -1986
2014-02-28 18:15:34 INFO imu.IMU : IMY mess received  310 -186 -2098
2014-02-28 18:15:34 INFO imu.IMU : IMY mess received  31 -165 -1782
2014-02-28 18:15:34 INFO imu.IMU : IMY mess received  308 -227 -1879
2014-02-28 18:15:34 INFO imu.IMU : IMY mess received  132 -242 -1850
2014-02-28 18:15:34 INFO imu.IMU : IMY mess received  -98 -110 -1817
2014-02-28 18:15:34 INFO imu.IMU : IMY mess received  163 -306 -1807
2014-02-28 18:15:35 INFO imu.IMU : IMY mess received  -127 -200 -1613
2014-02-28 18:15:35 INFO imu.IMU : IMY mess received  -90 -277 -2072
2014-02-28 18:15:35 INFO imu.IMU : IMY mess received  14 -311 -1941
2014-02-28 18:15:35 INFO imu.IMU : IMY mess received  -146 -233 -1897
2014-02-28 18:15:35 INFO imu.IMU : IMY mess received  21 -288 -1910
2014-02-28 18:15:35 INFO imu.IMU : IMY mess received  -138 -256 -1922
2014-02-28 18:15:35 INFO imu.IMU : IMY mess received  -61 -224 -1878
2014-02-28 18:15:35 INFO imu.IMU : IMY mess received  -41 -300 -2065
2014-02-28 18:15:35 INFO imu.IMU : IMY mess received  -40 -148 -1828
2014-02-28 18:15:35 INFO imu.IMU : IMY mess received  -5 -241 -2008
2014-02-28 18:15:36 INFO imu.IMU : IMY mess received  124 -191 -1972
2014-02-28 18:15:36 INFO imu.IMU : IMY mess received  178 -179 -2198
2014-02-28 18:15:36 INFO imu.IMU : IMY mess received  41 -255 -2054
2014-02-28 18:15:36 INFO imu.IMU : IMY mess received  153 -208 -2188
2014-02-28 18:15:36 INFO imu.IMU : IMY mess received  143 -276 -2016
2014-02-28 18:15:36 INFO imu.IMU : IMY mess received  179 -82 -2080
2014-02-28 18:15:36 INFO imu.IMU : IMY mess received  128 -50 -2195
2014-02-28 18:15:36 INFO imu.IMU : IMY mess received  155 -38 -2029
2014-02-28 18:15:36 INFO imu.IMU : IMY mess received  274 60 -2091
2014-02-28 18:15:36 INFO imu.IMU : IMY mess received  106 18 -2108
2014-02-28 18:15:37 INFO imu.IMU : IMY mess received  238 -7 -2073
2014-02-28 18:15:37 INFO imu.IMU : IMY mess received  196 45 -2193
2014-02-28 18:15:37 INFO imu.IMU : IMY mess received  157 4 -2199
2014-02-28 18:15:37 INFO imu.IMU : IMY mess received  251 3 -2109
2014-02-28 18:15:37 INFO imu.IMU : IMY mess received  223 155 -2172
2014-02-28 18:15:37 INFO imu.IMU : IMY mess received  307 55 -1912
2014-02-28 18:15:37 INFO imu.IMU : IMY mess received  186 56 -2199
2014-02-28 18:15:37 INFO imu.IMU : IMY mess received  155 94 -2280
2014-02-28 18:15:37 INFO imu.IMU : IMY mess received  164 79 -2261
2014-02-28 18:15:37 INFO imu.IMU : IMY mess received  254 90 -1953
2014-02-28 18:15:38 INFO imu.IMU : IMY mess received  197 2 -2077
2014-02-28 18:15:38 INFO imu.IMU : IMY mess received  240 134 -1973
2014-02-28 18:15:38 INFO imu.IMU : IMY mess received  189 -88 -2110
2014-02-28 18:15:38 INFO imu.IMU : IMY mess received  88 78 -2140
2014-02-28 18:15:38 INFO imu.IMU : IMY mess received  349 81 -2011
2014-02-28 18:15:38 INFO imu.IMU : IMY mess received  -22 -98 -1877
2014-02-28 18:15:38 INFO imu.IMU : IMY mess received  -12 -12 -1842
2014-02-28 18:15:38 INFO imu.IMU : IMY mess received  210 147 -2144
2014-02-28 18:15:38 INFO imu.IMU : IMY mess received  77 -21 -2091
2014-02-28 18:15:38 INFO imu.IMU : IMY mess received  -5 81 -2142
2014-02-28 18:15:39 INFO imu.IMU : IMY mess received  -32 65 -2158
2014-02-28 18:15:39 INFO imu.IMU : IMY mess received  164 131 -2069
2014-02-28 18:15:39 INFO imu.IMU : IMY mess received  3 -6 -1900
2014-02-28 18:15:39 INFO imu.IMU : IMY mess received  -88 61 -2252
2014-02-28 18:15:39 INFO imu.IMU : IMY mess received  54 18 -2085
2014-02-28 18:15:39 INFO imu.IMU : IMY mess received  173 88 -2067
2014-02-28 18:15:39 INFO imu.IMU : IMY mess received  21 15 -1953
2014-02-28 18:15:39 INFO imu.IMU : IMY mess received  -15 34 -2129
2014-02-28 18:15:39 INFO imu.IMU : IMY mess received  64 37 -2093
2014-02-28 18:15:39 INFO imu.IMU : IMY mess received  83 55 -2095
2014-02-28 18:15:39 INFO imu.IMU : IMY mess received  9 111 -1923
2014-02-28 18:15:40 INFO imu.IMU : IMY mess received  46 88 -1983
2014-02-28 18:15:40 INFO imu.IMU : IMY mess received  78 93 -2220
2014-02-28 18:15:40 INFO imu.IMU : IMY mess received  19 47 -2064
2014-02-28 18:15:40 INFO imu.IMU : IMY mess received  -45 79 -1932
2014-02-28 18:15:40 INFO imu.IMU : IMY mess received  76 82 -2060
2014-02-28 18:15:40 INFO imu.IMU : IMY mess received  -101 -135 -2069
2014-02-28 18:15:40 INFO imu.IMU : IMY mess received  140 70 -2185
2014-02-28 18:15:40 INFO imu.IMU : IMY mess received  137 -63 -2389
2014-02-28 18:15:40 INFO imu.IMU : IMY mess received  89 73 -1855
2014-02-28 18:15:41 INFO imu.IMU : IMY mess received  21 75 -1905
2014-02-28 18:15:41 INFO imu.IMU : IMY mess received  45 39 -2062
2014-02-28 18:15:41 INFO imu.IMU : IMY mess received  53 107 -2320
2014-02-28 18:15:41 INFO imu.IMU : IMY mess received  -11 13 -2029
2014-02-28 18:15:41 INFO imu.IMU : IMY mess received  38 -12 -1882
2014-02-28 18:15:41 INFO imu.IMU : IMY mess received  91 10 -2135
2014-02-28 18:15:41 INFO imu.IMU : IMY mess received  50 -38 -2098
2014-02-28 18:15:41 INFO imu.IMU : IMY mess received  41 5 -1975
2014-02-28 18:15:41 INFO imu.IMU : IMY mess received  44 47 -2119
2014-02-28 18:15:41 INFO imu.IMU : IMY mess received  46 28 -2042
2014-02-28 18:15:42 INFO imu.IMU : IMY mess received  96 -7 -2043
2014-02-28 18:15:42 INFO imu.IMU : IMY mess received  48 63 -2091
2014-02-28 18:15:42 INFO imu.IMU : IMY mess received  64 22 -2092
2014-02-28 18:15:42 INFO imu.IMU : IMY mess received  72 55 -2020
2014-02-28 18:15:42 INFO imu.IMU : IMY mess received  160 13 -2025
2014-02-28 18:15:42 INFO imu.IMU : IMY mess received  16 44 -2076
2014-02-28 18:15:42 INFO imu.IMU : IMY mess received  53 42 -2010
2014-02-28 18:15:42 INFO imu.IMU : IMY mess received  59 51 -2087
2014-02-28 18:15:42 INFO imu.IMU : IMY mess received  104 35 -2051
2014-02-28 18:15:42 INFO imu.IMU : IMY mess received  34 63 -2024
2014-02-28 18:15:43 INFO imu.IMU : IMY mess received  125 27 -2080
2014-02-28 18:15:43 INFO imu.IMU : IMY mess received  86 81 -2062
2014-02-28 18:15:43 INFO imu.IMU : IMY mess received  141 47 -2024
2014-02-28 18:15:43 INFO imu.IMU : IMY mess received  121 45 -2056
2014-02-28 18:15:43 INFO imu.IMU : IMY mess received  76 17 -2049
2014-02-28 18:15:43 INFO imu.IMU : IMY mess received  89 30 -2069
2014-02-28 18:15:43 INFO imu.IMU : IMY mess received  97 43 -2025
2014-02-28 18:15:43 INFO imu.IMU : IMY mess received  89 52 -2049
2014-02-28 18:15:43 INFO imu.IMU : IMY mess received  98 61 -2059
2014-02-28 18:15:43 INFO imu.IMU : IMY mess received  127 39 -2057
2014-02-28 18:15:44 INFO imu.IMU : IMY mess received  89 39 -2040
2014-02-28 18:15:44 INFO imu.IMU : IMY mess received  114 28 -2059
2014-02-28 18:15:44 INFO imu.IMU : IMY mess received  84 42 -2065
2014-02-28 18:15:44 INFO imu.IMU : IMY mess received  115 45 -2058
2014-02-28 18:15:44 INFO imu.IMU : IMY mess received  87 59 -2046
2014-02-28 18:15:44 INFO imu.IMU : IMY mess received  86 45 -2047
2014-02-28 18:15:44 INFO imu.IMU : IMY mess received  107 21 -2039
2014-02-28 18:15:44 INFO imu.IMU : IMY mess received  97 30 -2040
2014-02-28 18:15:44 INFO imu.IMU : IMY mess received  93 19 -2079
2014-02-28 18:15:44 INFO imu.IMU : IMY mess received  103 24 -2027
2014-02-28 18:15:44 INFO imu.IMU : IMY mess received  92 44 -2070
2014-02-28 18:15:45 INFO imu.IMU : IMY mess received  100 26 -2057
2014-02-28 18:15:45 INFO imu.IMU : IMY mess received  98 31 -2059
2014-02-28 18:15:45 INFO imu.IMU : IMY mess received  86 19 -2060
2014-02-28 18:15:45 INFO imu.IMU : IMY mess received  85 25 -2052
2014-02-28 18:15:45 INFO imu.IMU : IMY mess received  94 34 -2056
2014-02-28 18:15:45 INFO imu.IMU : IMY mess received  93 23 -2044
2014-02-28 18:15:45 INFO imu.IMU : IMY mess received  91 14 -2053
2014-02-28 18:15:45 INFO imu.IMU : IMY mess received  88 17 -2046
2014-02-28 18:15:45 INFO imu.IMU : IMY mess received  99 31 -2052
2014-02-28 18:15:45 INFO imu.IMU : IMY mess received  81 18 -2057
2014-02-28 18:15:46 INFO imu.IMU : IMY mess received  95 18 -2041
2014-02-28 18:15:46 INFO imu.IMU : IMY mess received  80 12 -2065
2014-02-28 18:15:46 INFO imu.IMU : IMY mess received  84 14 -2058
2014-02-28 18:15:46 INFO imu.IMU : IMY mess received  96 18 -2070
2014-02-28 18:15:46 INFO imu.IMU : IMY mess received  79 24 -2061
2014-02-28 18:15:46 INFO imu.IMU : IMY mess received  73 12 -2040
2014-02-28 18:15:46 INFO imu.IMU : IMY mess received  82 13 -2074
2014-02-28 18:15:46 INFO imu.IMU : IMY mess received  70 6 -2011
2014-02-28 18:15:46 INFO imu.IMU : IMY mess received  74 28 -2062
2014-02-28 18:15:46 INFO imu.IMU : IMY mess received  50 2 -2083
2014-02-28 18:15:46 INFO imu.IMU : IMY mess received  100 11 -2029
2014-02-28 18:15:47 INFO imu.IMU : IMY mess received  69 -3 -2108
2014-02-28 18:15:47 INFO imu.IMU : IMY mess received  91 16 -2063
2014-02-28 18:15:47 INFO imu.IMU : IMY mess received  57 5 -2038
2014-02-28 18:15:47 INFO imu.IMU : IMY mess received  60 -16 -2011
2014-02-28 18:15:47 INFO imu.IMU : IMY mess received  72 6 -2036
2014-02-28 18:15:47 INFO imu.IMU : IMY mess received  85 19 -2091
2014-02-28 18:15:47 INFO imu.IMU : IMY mess received  60 29 -2032
2014-02-28 18:15:47 INFO imu.IMU : IMY mess received  82 13 -2064
2014-02-28 18:15:47 INFO imu.IMU : IMY mess received  43 10 -2036
2014-02-28 18:15:47 INFO imu.IMU : IMY mess received  70 -24 -2028
2014-02-28 18:15:48 INFO imu.IMU : IMY mess received  86 28 -2074
2014-02-28 18:15:48 INFO imu.IMU : IMY mess received  117 29 -2067
2014-02-28 18:15:48 INFO imu.IMU : IMY mess received  110 25 -2084
2014-02-28 18:15:48 INFO imu.IMU : IMY mess received  88 25 -2073
2014-02-28 18:15:48 INFO imu.IMU : IMY mess received  69 11 -2027
2014-02-28 18:15:48 INFO imu.IMU : IMY mess received  40 -16 -2055
2014-02-28 18:15:48 INFO imu.IMU : IMY mess received  32 -2 -2035
2014-02-28 18:15:48 INFO imu.IMU : IMY mess received  74 -14 -2056
2014-02-28 18:15:48 INFO imu.IMU : IMY mess received  85 -5 -2052
2014-02-28 18:15:48 INFO imu.IMU : IMY mess received  84 7 -2072
2014-02-28 18:15:49 INFO imu.IMU : IMY mess received  83 14 -2045
2014-02-28 18:15:49 INFO imu.IMU : IMY mess received  109 -3 -2032
2014-02-28 18:15:49 INFO imu.IMU : IMY mess received  81 -8 -2065
2014-02-28 18:15:49 INFO imu.IMU : IMY mess received  75 0 -2042
2014-02-28 18:15:49 INFO imu.IMU : IMY mess received  77 -15 -2032
2014-02-28 18:15:49 INFO imu.IMU : IMY mess received  78 4 -2051
2014-02-28 18:15:49 INFO imu.IMU : IMY mess received  83 -4 -2057
2014-02-28 18:15:49 INFO imu.IMU : IMY mess received  97 17 -2063
2014-02-28 18:15:49 INFO imu.IMU : IMY mess received  109 27 -2045
2014-02-28 18:15:50 INFO imu.IMU : IMY mess received  97 3 -2070
2014-02-28 18:15:50 INFO imu.IMU : IMY mess received  87 0 -2087
2014-02-28 18:15:50 INFO imu.IMU : IMY mess received  79 23 -2034
