2014-03-04 15:24:24 INFO ihm.Calibration : Properties : 
autofocus_calibration_data=logs/calibration.data
simulation_calibration_data=test/calib_lisa_test_droneId_5.data
paparazzi_script_calibration=paparazzi_calibration/calibrate.py

2014-03-04 15:24:25 INFO imu.IMU : new aircraft built with id=5
2014-03-04 15:24:25 INFO testData.Sender : starting sending IMU test data...
2014-03-04 15:24:26 INFO ihm.MainFrame : starting calibration of accelerometer...
2014-03-04 15:24:27 INFO imu.IMU : listening raw datas for drone 5...
2014-03-04 15:24:33 WARNING imu.IMU : stopped listening raw datas for drone 5
2014-03-04 15:24:33 WARNING imu.IMU : stopped listening raw datas for drone 5
2014-03-04 15:24:33 INFO imu.IMU : new aircraft built with id=5
2014-03-04 15:24:33 INFO ihm.MainFrame : starting calibration of magnetometer...
2014-03-04 15:24:33 INFO imu.IMU : listening raw datas for drone 5...
2014-03-04 15:24:41 WARNING imu.IMU : stopped listening raw datas for drone 5
2014-03-04 15:24:41 WARNING imu.IMU : stopped listening raw datas for drone 5
2014-03-04 15:24:41 INFO imu.IMU : new aircraft built with id=5
2014-03-04 15:24:41 INFO ihm.MainFrame : starting calibration of accelerometer...
2014-03-04 15:24:41 INFO imu.IMU : listening raw datas for drone 5...
2014-03-04 15:24:43 WARNING imu.IMU : stopped listening raw datas for drone 5
2014-03-04 15:24:43 WARNING imu.IMU : stopped listening raw datas for drone 5
2014-03-04 15:24:43 INFO imu.IMU : new aircraft built with id=5
