2014-03-03 18:08:07 INFO ihm.Calibration : Properties : 
autofocus_calibration_data=logs/calibration.data
simulation_calibration_data=test/calib_prod1_3_droneId_5.data
paparazzi_script_calibration=paparazzi_calibration/calibrate.py

2014-03-03 18:08:09 INFO imu.IMU : new aircraft built with id=5
2014-03-03 18:08:09 INFO testData.Sender : starting sending IMU test data...
2014-03-03 18:08:11 INFO imu.IMU : IMU.changeAcMode newMode=3
2014-03-03 18:08:12 INFO ihm.MainFrame : starting calibration of accelerometer...
2014-03-03 18:08:12 INFO imu.IMU : listening raw datas for drone 5...
2014-03-03 18:09:06 WARNING imu.IMU : stopped listening raw datas for drone 5
2014-03-03 18:09:06 INFO ihm.Result : quantité de données insuffisante pour pouvoir calculer une calibration : 696/2000
2014-03-03 18:09:07 INFO imu.IMU : listening raw datas for drone 5...
2014-03-03 18:09:45 WARNING imu.IMU : stopped listening raw datas for drone 5
2014-03-03 18:09:45 INFO ihm.Result : quantité de données insuffisante pour pouvoir calculer une calibration : 1178/2000
2014-03-03 18:09:47 INFO imu.IMU : listening raw datas for drone 5...
2014-03-03 18:10:23 WARNING imu.IMU : stopped listening raw datas for drone 5
2014-03-03 18:10:23 INFO ihm.Result : quantité de données insuffisante pour pouvoir calculer une calibration : 1640/2000
2014-03-03 18:10:25 INFO imu.IMU : listening raw datas for drone 5...
2014-03-03 18:11:38 WARNING imu.IMU : stopped listening raw datas for drone 5
2014-03-03 18:11:38 INFO calibrate.PrintLog : logs/calibration.data created with 2561 lines
2014-03-03 18:11:38 INFO calibrate.CalibrateSystem : executing : python paparazzi_calibration/calibrate.py -s ACCEL  -v logs/calibration.data
2014-03-03 18:11:38 INFO calibrate.CalibrateSystem : python script result for ACCELEROMETER :
