2014-03-04 16:16:44 INFO ihm.Calibration : Properties : 
autofocus_calibration_data=logs/calibration.data
simulation_calibration_data=test/calib_lisa_test_droneId_5.data
paparazzi_script_calibration=paparazzi_calibration/calibrate.py

2014-03-04 16:16:46 INFO imu.IMU : new aircraft built with id=5
2014-03-04 16:16:46 INFO testData.Sender : starting sending IMU test data...
2014-03-04 16:16:49 INFO ihm.MainFrame : starting calibration of magnetometer...
2014-03-04 16:16:49 INFO imu.IMU : listening raw datas for drone 5...
2014-03-04 16:17:05 WARNING imu.IMU : stopped listening raw datas for drone 5
2014-03-04 16:17:05 WARNING imu.IMU : stopped listening raw datas for drone 5
2014-03-04 16:17:05 INFO imu.IMU : new aircraft built with id=5
2014-03-04 16:17:06 INFO ihm.MainFrame : starting calibration of accelerometer...
2014-03-04 16:17:06 INFO imu.IMU : listening raw datas for drone 5...
2014-03-04 16:17:36 WARNING imu.IMU : stopped listening raw datas for drone 5
2014-03-04 16:17:36 WARNING imu.IMU : stopped listening raw datas for drone 5
2014-03-04 16:17:36 INFO imu.IMU : new aircraft built with id=5
2014-03-04 16:17:36 INFO ihm.MainFrame : starting calibration of magnetometer...
2014-03-04 16:17:36 INFO imu.IMU : listening raw datas for drone 5...
2014-03-04 16:17:41 WARNING imu.IMU : stopped listening raw datas for drone 5
2014-03-04 16:17:41 WARNING imu.IMU : stopped listening raw datas for drone 5
2014-03-04 16:17:41 INFO imu.IMU : new aircraft built with id=5
2014-03-04 16:17:42 INFO ihm.MainFrame : starting calibration of magnetometer...
2014-03-04 16:17:42 INFO imu.IMU : listening raw datas for drone 5...
2014-03-04 16:17:43 WARNING imu.IMU : stopped listening raw datas for drone 5
2014-03-04 16:17:43 WARNING imu.IMU : stopped listening raw datas for drone 5
2014-03-04 16:17:43 INFO imu.IMU : new aircraft built with id=5
2014-03-04 16:17:44 INFO ihm.MainFrame : starting calibration of accelerometer...
2014-03-04 16:17:44 INFO imu.IMU : listening raw datas for drone 5...
