2014-02-28 18:44:21 INFO ihm.Calibration : Properties : 
autofocus_calibration_data=logs/calibration.data
simulation_calibration_data=test/calib_lisa_test_droneId_5.data
paparazzi_script_calibration=paparazzi_calibration/calibrate.py

2014-02-28 18:44:22 INFO imu.IMU : new aircraft built with id=5
2014-02-28 18:44:22 INFO testData.Sender : starting sending IMU test data...
2014-02-28 18:44:29 INFO ihm.MainFrame : starting calibration of magnetometer...
2014-02-28 18:44:29 INFO imu.IMU : listening raw datas for drone 5...
2014-02-28 18:44:30 INFO imu.IMU : IMY mess received  -1052 498 2049
2014-02-28 18:44:30 INFO imu.IMU : IMY mess received  -1045 502 2057
2014-02-28 18:44:30 INFO imu.IMU : IMY mess received  -1052 495 2054
2014-02-28 18:44:30 INFO imu.IMU : IMY mess received  -1061 492 2050
2014-02-28 18:44:30 INFO imu.IMU : IMY mess received  -1040 504 2051
2014-02-28 18:44:30 INFO imu.IMU : IMY mess received  -1053 497 2047
2014-02-28 18:44:30 INFO imu.IMU : IMY mess received  -1058 499 2047
2014-02-28 18:44:30 INFO imu.IMU : IMY mess received  -1051 501 2046
2014-02-28 18:44:30 INFO imu.IMU : IMY mess received  -1038 502 2046
2014-02-28 18:44:30 INFO imu.IMU : IMY mess received  -1049 501 2048
2014-02-28 18:44:30 INFO imu.IMU : IMY mess received  -1047 497 2049
2014-02-28 18:44:30 INFO imu.IMU : IMY mess received  -1045 501 2058
2014-02-28 18:44:31 INFO imu.IMU : IMY mess received  -1051 496 2044
2014-02-28 18:44:31 INFO imu.IMU : IMY mess received  -1050 498 2039
2014-02-28 18:44:31 INFO imu.IMU : IMY mess received  -1047 494 2046
2014-02-28 18:44:31 INFO imu.IMU : IMY mess received  -1047 491 2055
2014-02-28 18:44:31 INFO imu.IMU : IMY mess received  -1047 495 2056
2014-02-28 18:44:31 INFO imu.IMU : IMY mess received  -1049 498 2052
2014-02-28 18:44:31 INFO imu.IMU : IMY mess received  -1051 497 2046
2014-02-28 18:44:31 INFO imu.IMU : IMY mess received  -1049 496 2052
2014-02-28 18:44:31 INFO imu.IMU : IMY mess received  -1048 498 2051
2014-02-28 18:44:31 INFO imu.IMU : IMY mess received  -1048 499 2050
2014-02-28 18:44:31 INFO imu.IMU : IMY mess received  -1045 495 2055
2014-02-28 18:44:31 INFO imu.IMU : IMY mess received  -1046 492 2047
2014-02-28 18:44:32 INFO imu.IMU : IMY mess received  -1046 498 2057
2014-02-28 18:44:32 INFO imu.IMU : IMY mess received  -1038 501 2049
2014-02-28 18:44:32 INFO imu.IMU : IMY mess received  -1044 502 2047
2014-02-28 18:44:32 INFO imu.IMU : IMY mess received  -1046 492 2042
2014-02-28 18:44:32 INFO imu.IMU : IMY mess received  -1046 501 2052
2014-02-28 18:44:32 INFO imu.IMU : IMY mess received  -1047 497 2060
2014-02-28 18:44:32 INFO imu.IMU : IMY mess received  -1045 498 2044
2014-02-28 18:44:32 INFO imu.IMU : IMY mess received  -1045 492 2053
2014-02-28 18:44:32 INFO imu.IMU : IMY mess received  -1050 496 2047
2014-02-28 18:44:32 INFO imu.IMU : IMY mess received  -1043 493 2047
2014-02-28 18:44:32 INFO imu.IMU : IMY mess received  -1043 496 2053
2014-02-28 18:44:32 INFO imu.IMU : IMY mess received  -1043 497 2051
2014-02-28 18:44:32 INFO imu.IMU : IMY mess received  -1047 494 2048
2014-02-28 18:44:33 INFO imu.IMU : IMY mess received  -1038 495 2049
2014-02-28 18:44:33 INFO imu.IMU : IMY mess received  -1039 503 2059
2014-02-28 18:44:33 INFO imu.IMU : IMY mess received  -1044 501 2044
2014-02-28 18:44:33 INFO imu.IMU : IMY mess received  -1044 497 2048
2014-02-28 18:44:33 INFO imu.IMU : IMY mess received  -1042 497 2045
2014-02-28 18:44:33 INFO imu.IMU : IMY mess received  -1047 494 2050
2014-02-28 18:44:33 INFO imu.IMU : IMY mess received  -1044 499 2045
2014-02-28 18:44:33 INFO imu.IMU : IMY mess received  -1048 495 2047
2014-02-28 18:44:33 INFO imu.IMU : IMY mess received  -1044 502 2051
2014-02-28 18:44:33 INFO imu.IMU : IMY mess received  -1042 500 2053
2014-02-28 18:44:33 INFO imu.IMU : IMY mess received  -1052 501 2050
2014-02-28 18:44:33 INFO imu.IMU : IMY mess received  -1042 495 2043
2014-02-28 18:44:34 INFO imu.IMU : IMY mess received  -1042 497 2045
2014-02-28 18:44:34 INFO imu.IMU : IMY mess received  -1040 497 2047
2014-02-28 18:44:34 INFO imu.IMU : IMY mess received  -1048 494 2051
2014-02-28 18:44:34 INFO imu.IMU : IMY mess received  -1039 501 2053
2014-02-28 18:44:34 INFO imu.IMU : IMY mess received  -1044 498 2053
2014-02-28 18:44:34 INFO imu.IMU : IMY mess received  -1046 496 2051
2014-02-28 18:44:34 INFO imu.IMU : IMY mess received  -1034 499 2056
2014-02-28 18:44:34 INFO imu.IMU : IMY mess received  -1045 493 2053
2014-02-28 18:44:34 INFO imu.IMU : IMY mess received  -1051 494 2057
2014-02-28 18:44:34 INFO imu.IMU : IMY mess received  -1043 503 2057
2014-02-28 18:44:34 INFO imu.IMU : IMY mess received  -1045 497 2054
2014-02-28 18:44:34 INFO imu.IMU : IMY mess received  -1044 495 2054
2014-02-28 18:44:34 INFO imu.IMU : IMY mess received  -1044 500 2044
2014-02-28 18:44:35 INFO imu.IMU : IMY mess received  -1043 499 2057
2014-02-28 18:44:35 INFO imu.IMU : IMY mess received  -1043 505 2051
2014-02-28 18:44:35 INFO imu.IMU : IMY mess received  -1051 501 2054
2014-02-28 18:44:35 INFO imu.IMU : IMY mess received  -1030 478 2027
2014-02-28 18:44:35 INFO imu.IMU : IMY mess received  -1038 498 2046
2014-02-28 18:44:35 INFO imu.IMU : IMY mess received  -1046 496 2045
2014-02-28 18:44:35 INFO imu.IMU : IMY mess received  -1040 509 2049
2014-02-28 18:44:35 INFO imu.IMU : IMY mess received  -1035 500 2056
2014-02-28 18:44:35 INFO imu.IMU : IMY mess received  -1030 497 2058
2014-02-28 18:44:35 INFO imu.IMU : IMY mess received  -1039 505 2058
2014-02-28 18:44:35 INFO imu.IMU : IMY mess received  -1039 492 2028
2014-02-28 18:44:35 INFO imu.IMU : IMY mess received  -1038 491 2054
2014-02-28 18:44:36 INFO imu.IMU : IMY mess received  -1043 503 2064
2014-02-28 18:44:36 INFO imu.IMU : IMY mess received  -1042 494 2049
2014-02-28 18:44:36 INFO imu.IMU : IMY mess received  -1038 495 2044
2014-02-28 18:44:36 INFO imu.IMU : IMY mess received  -1039 502 2064
2014-02-28 18:44:36 INFO imu.IMU : IMY mess received  -1038 501 2055
2014-02-28 18:44:36 INFO imu.IMU : IMY mess received  -1027 496 2053
2014-02-28 18:44:36 INFO imu.IMU : IMY mess received  -1033 507 2053
2014-02-28 18:44:36 INFO imu.IMU : IMY mess received  -1032 499 2037
2014-02-28 18:44:36 INFO imu.IMU : IMY mess received  -1035 500 2057
2014-02-28 18:44:36 INFO imu.IMU : IMY mess received  -1033 502 2061
2014-02-28 18:44:36 INFO imu.IMU : IMY mess received  -1029 492 2043
2014-02-28 18:44:36 INFO imu.IMU : IMY mess received  -1027 493 2042
2014-02-28 18:44:36 INFO imu.IMU : IMY mess received  -1039 506 2053
2014-02-28 18:44:37 INFO imu.IMU : IMY mess received  -1024 556 2063
2014-02-28 18:44:37 INFO imu.IMU : IMY mess received  -832 528 2044
2014-02-28 18:44:37 INFO imu.IMU : IMY mess received  -958 438 2001
2014-02-28 18:44:37 INFO imu.IMU : IMY mess received  -1007 458 2048
2014-02-28 18:44:37 INFO imu.IMU : IMY mess received  -1014 468 2055
2014-02-28 18:44:37 INFO imu.IMU : IMY mess received  -1016 476 2063
2014-02-28 18:44:37 INFO imu.IMU : IMY mess received  -1031 477 2066
2014-02-28 18:44:37 INFO imu.IMU : IMY mess received  -1015 479 2072
2014-02-28 18:44:37 INFO imu.IMU : IMY mess received  -1019 477 2064
2014-02-28 18:44:37 INFO imu.IMU : IMY mess received  -1024 471 2062
2014-02-28 18:44:37 INFO imu.IMU : IMY mess received  -1024 469 2054
2014-02-28 18:44:37 INFO imu.IMU : IMY mess received  -1018 474 2076
2014-02-28 18:44:38 INFO imu.IMU : IMY mess received  -1022 474 2060
2014-02-28 18:44:38 INFO imu.IMU : IMY mess received  -1020 469 2065
2014-02-28 18:44:38 INFO imu.IMU : IMY mess received  -1021 477 2062
2014-02-28 18:44:38 INFO imu.IMU : IMY mess received  -1023 470 2064
2014-02-28 18:44:38 INFO imu.IMU : IMY mess received  -1021 475 2059
2014-02-28 18:44:38 INFO imu.IMU : IMY mess received  -1028 481 2064
2014-02-28 18:44:38 INFO imu.IMU : IMY mess received  -1018 479 2064
2014-02-28 18:44:38 INFO imu.IMU : IMY mess received  -1018 477 2058
2014-02-28 18:44:38 INFO imu.IMU : IMY mess received  -1032 478 2062
2014-02-28 18:44:38 INFO imu.IMU : IMY mess received  -1023 481 2070
2014-02-28 18:44:38 INFO imu.IMU : IMY mess received  -999 487 2094
2014-02-28 18:44:38 INFO imu.IMU : IMY mess received  -1018 481 2072
2014-02-28 18:44:38 INFO imu.IMU : IMY mess received  -1030 479 2065
2014-02-28 18:44:39 INFO imu.IMU : IMY mess received  -1189 310 2019
2014-02-28 18:44:39 INFO imu.IMU : IMY mess received  -1064 341 2129
2014-02-28 18:44:39 INFO imu.IMU : IMY mess received  -960 447 2158
2014-02-28 18:44:39 INFO imu.IMU : IMY mess received  -985 555 2191
2014-02-28 18:44:39 INFO imu.IMU : IMY mess received  -1160 409 2093
2014-02-28 18:44:39 INFO imu.IMU : IMY mess received  -1006 477 2157
2014-02-28 18:44:39 INFO imu.IMU : IMY mess received  -909 402 2132
2014-02-28 18:44:39 INFO imu.IMU : IMY mess received  -863 348 2168
2014-02-28 18:44:39 INFO imu.IMU : IMY mess received  -913 298 2169
2014-02-28 18:44:39 INFO imu.IMU : IMY mess received  -938 305 2078
2014-02-28 18:44:39 INFO imu.IMU : IMY mess received  -1043 195 2107
2014-02-28 18:44:39 INFO imu.IMU : IMY mess received  -1351 193 1914
2014-02-28 18:44:40 INFO imu.IMU : IMY mess received  -1307 160 2012
2014-02-28 18:44:40 INFO imu.IMU : IMY mess received  -1668 169 1686
2014-02-28 18:44:40 INFO imu.IMU : IMY mess received  -2087 41 1374
2014-02-28 18:44:40 INFO imu.IMU : IMY mess received  -2119 96 1414
2014-02-28 18:44:40 INFO imu.IMU : IMY mess received  -2341 38 1017
2014-02-28 18:44:40 INFO imu.IMU : IMY mess received  -2469 60 868
2014-02-28 18:44:40 INFO imu.IMU : IMY mess received  -2489 -51 353
2014-02-28 18:44:40 INFO imu.IMU : IMY mess received  -2820 30 364
2014-02-28 18:44:40 INFO imu.IMU : IMY mess received  -2583 -48 -50
2014-02-28 18:44:40 INFO imu.IMU : IMY mess received  -2626 -101 -95
2014-02-28 18:44:40 INFO imu.IMU : IMY mess received  -2719 -105 -169
2014-02-28 18:44:40 INFO imu.IMU : IMY mess received  -2630 -168 -292
2014-02-28 18:44:41 INFO imu.IMU : IMY mess received  -2539 -252 -336
2014-02-28 18:44:41 INFO imu.IMU : IMY mess received  -2646 -194 -226
2014-02-28 18:44:41 INFO imu.IMU : IMY mess received  -2578 -233 -453
2014-02-28 18:44:41 INFO imu.IMU : IMY mess received  -2610 -244 -119
2014-02-28 18:44:41 INFO imu.IMU : IMY mess received  -2682 -274 -337
2014-02-28 18:44:41 INFO imu.IMU : IMY mess received  -2546 -297 -198
2014-02-28 18:44:41 INFO imu.IMU : IMY mess received  -2653 -175 -78
2014-02-28 18:44:41 INFO imu.IMU : IMY mess received  -2748 -287 -8
2014-02-28 18:44:41 INFO imu.IMU : IMY mess received  -2809 -212 316
2014-02-28 18:44:41 INFO imu.IMU : IMY mess received  -2733 -175 684
2014-02-28 18:44:41 INFO imu.IMU : IMY mess received  -2412 -260 897
2014-02-28 18:44:41 INFO imu.IMU : IMY mess received  -1947 -187 1530
2014-02-28 18:44:42 INFO imu.IMU : IMY mess received  -1466 -304 1760
2014-02-28 18:44:42 INFO imu.IMU : IMY mess received  -1054 -316 2066
2014-02-28 18:44:42 INFO imu.IMU : IMY mess received  -833 -337 2112
2014-02-28 18:44:42 INFO imu.IMU : IMY mess received  -757 -336 2084
2014-02-28 18:44:42 INFO imu.IMU : IMY mess received  -650 -446 2110
2014-02-28 18:44:42 INFO imu.IMU : IMY mess received  -1241 -181 1891
2014-02-28 18:44:42 INFO imu.IMU : IMY mess received  -1608 -59 1542
2014-02-28 18:44:42 INFO imu.IMU : IMY mess received  -2072 -8 1683
2014-02-28 18:44:42 INFO imu.IMU : IMY mess received  -2303 90 1630
2014-02-28 18:44:42 INFO imu.IMU : IMY mess received  -2450 71 1397
2014-02-28 18:44:42 INFO imu.IMU : IMY mess received  -2475 57 1073
2014-02-28 18:44:42 INFO imu.IMU : IMY mess received  -2619 151 1384
2014-02-28 18:44:42 INFO imu.IMU : IMY mess received  -2772 2 1169
2014-02-28 18:44:42 INFO imu.IMU : IMY mess received  -2587 -432 211
2014-02-28 18:44:43 INFO imu.IMU : IMY mess received  -2466 -744 -318
2014-02-28 18:44:43 INFO imu.IMU : IMY mess received  -2619 -303 -105
2014-02-28 18:44:43 INFO imu.IMU : IMY mess received  -3524 -749 46
2014-02-28 18:44:43 INFO imu.IMU : IMY mess received  -2137 -742 -976
2014-02-28 18:44:43 INFO imu.IMU : IMY mess received  -3303 -365 237
2014-02-28 18:44:43 INFO imu.IMU : IMY mess received  -2583 -1012 -654
2014-02-28 18:44:43 INFO imu.IMU : IMY mess received  -1948 -1010 -515
2014-02-28 18:44:43 INFO imu.IMU : IMY mess received  -2274 -1137 -572
2014-02-28 18:44:43 INFO imu.IMU : IMY mess received  -2152 -1108 -323
2014-02-28 18:44:43 INFO imu.IMU : IMY mess received  -1669 -1477 -673
2014-02-28 18:44:43 INFO imu.IMU : IMY mess received  -2115 -1348 -279
2014-02-28 18:44:43 INFO imu.IMU : IMY mess received  -2257 -1193 -418
2014-02-28 18:44:44 INFO imu.IMU : IMY mess received  -1650 -1468 -478
2014-02-28 18:44:44 INFO imu.IMU : IMY mess received  -2156 -1508 -573
2014-02-28 18:44:44 INFO imu.IMU : IMY mess received  -2176 -1212 67
2014-02-28 18:44:44 INFO imu.IMU : IMY mess received  -2684 -1345 328
2014-02-28 18:44:44 INFO imu.IMU : IMY mess received  -1897 -1349 -84
2014-02-28 18:44:44 INFO imu.IMU : IMY mess received  -1974 -1350 412
2014-02-28 18:44:44 INFO imu.IMU : IMY mess received  -2092 -1236 912
2014-02-28 18:44:44 INFO imu.IMU : IMY mess received  -1634 -1303 839
2014-02-28 18:44:44 INFO imu.IMU : IMY mess received  -1827 -1510 901
2014-02-28 18:44:44 INFO imu.IMU : IMY mess received  -1515 -1430 1142
2014-02-28 18:44:44 INFO imu.IMU : IMY mess received  -1730 -1501 1049
2014-02-28 18:44:44 INFO imu.IMU : IMY mess received  -1536 -1441 1039
2014-02-28 18:44:44 INFO imu.IMU : IMY mess received  -1540 -1414 1454
2014-02-28 18:44:45 INFO imu.IMU : IMY mess received  -1094 -1557 982
2014-02-28 18:44:45 INFO imu.IMU : IMY mess received  -794 -1371 1424
2014-02-28 18:44:45 INFO imu.IMU : IMY mess received  -713 -1208 1689
2014-02-28 18:44:45 INFO imu.IMU : IMY mess received  -663 -1677 1005
2014-02-28 18:44:45 INFO imu.IMU : IMY mess received  28 -1365 2219
2014-02-28 18:44:45 INFO imu.IMU : IMY mess received  -524 -1254 1391
2014-02-28 18:44:45 INFO imu.IMU : IMY mess received  -254 -1506 1251
2014-02-28 18:44:45 INFO imu.IMU : IMY mess received  87 -1568 1246
2014-02-28 18:44:45 INFO imu.IMU : IMY mess received  325 -1589 884
2014-02-28 18:44:45 INFO imu.IMU : IMY mess received  630 -1794 629
2014-02-28 18:44:45 INFO imu.IMU : IMY mess received  536 -1500 953
2014-02-28 18:44:45 INFO imu.IMU : IMY mess received  168 -1560 679
2014-02-28 18:44:46 INFO imu.IMU : IMY mess received  419 -768 1660
2014-02-28 18:44:46 INFO imu.IMU : IMY mess received  271 -1727 858
2014-02-28 18:44:46 INFO imu.IMU : IMY mess received  346 -1080 1523
2014-02-28 18:44:46 INFO imu.IMU : IMY mess received  -42 -1881 772
2014-02-28 18:44:46 INFO imu.IMU : IMY mess received  385 -1622 970
2014-02-28 18:44:46 INFO imu.IMU : IMY mess received  -859 -1941 319
2014-02-28 18:44:46 INFO imu.IMU : IMY mess received  -129 -1601 973
2014-02-28 18:44:46 INFO imu.IMU : IMY mess received  -1252 -1634 1297
2014-02-28 18:44:46 INFO imu.IMU : IMY mess received  886 -1419 2510
2014-02-28 18:44:46 INFO imu.IMU : IMY mess received  -423 -1447 1661
2014-02-28 18:44:46 INFO imu.IMU : IMY mess received  -171 -1562 680
2014-02-28 18:44:46 INFO imu.IMU : IMY mess received  -548 -1559 1739
2014-02-28 18:44:47 INFO imu.IMU : IMY mess received  24 -1546 1300
2014-02-28 18:44:47 INFO imu.IMU : IMY mess received  -409 -1521 1581
2014-02-28 18:44:47 INFO imu.IMU : IMY mess received  -76 -1486 1226
2014-02-28 18:44:47 INFO imu.IMU : IMY mess received  142 -1682 2364
2014-02-28 18:44:47 INFO imu.IMU : IMY mess received  -121 -1715 2233
2014-02-28 18:44:47 INFO imu.IMU : IMY mess received  145 -1465 2390
2014-02-28 18:44:47 INFO imu.IMU : IMY mess received  -2 -1681 1361
2014-02-28 18:44:47 INFO imu.IMU : IMY mess received  95 -1448 717
2014-02-28 18:44:47 INFO imu.IMU : IMY mess received  543 -1598 14
2014-02-28 18:44:47 INFO imu.IMU : IMY mess received  1156 -1762 65
2014-02-28 18:44:47 INFO imu.IMU : IMY mess received  107 -1358 -584
2014-02-28 18:44:47 INFO imu.IMU : IMY mess received  193 -1355 -978
2014-02-28 18:44:47 INFO imu.IMU : IMY mess received  284 -1729 -1298
2014-02-28 18:44:48 INFO imu.IMU : IMY mess received  289 -1429 -1115
2014-02-28 18:44:48 INFO imu.IMU : IMY mess received  244 -1355 -1451
2014-02-28 18:44:48 INFO imu.IMU : IMY mess received  241 -1315 -1546
2014-02-28 18:44:48 INFO imu.IMU : IMY mess received  390 -1261 -1387
2014-02-28 18:44:48 INFO imu.IMU : IMY mess received  229 -1185 -1472
2014-02-28 18:44:48 INFO imu.IMU : IMY mess received  207 -1338 -1504
2014-02-28 18:44:48 INFO imu.IMU : IMY mess received  234 -1292 -1399
2014-02-28 18:44:48 INFO imu.IMU : IMY mess received  210 -1361 -1329
2014-02-28 18:44:48 INFO imu.IMU : IMY mess received  267 -1341 -1204
2014-02-28 18:44:48 INFO imu.IMU : IMY mess received  267 -1281 -1249
2014-02-28 18:44:48 INFO imu.IMU : IMY mess received  251 -1260 -1173
2014-02-28 18:44:48 INFO imu.IMU : IMY mess received  259 -1269 -1322
2014-02-28 18:44:49 INFO imu.IMU : IMY mess received  212 -1348 -1251
2014-02-28 18:44:49 INFO imu.IMU : IMY mess received  242 -1302 -1350
2014-02-28 18:44:49 INFO imu.IMU : IMY mess received  213 -1327 -1282
2014-02-28 18:44:49 INFO imu.IMU : IMY mess received  158 -1355 -1197
2014-02-28 18:44:49 INFO imu.IMU : IMY mess received  195 -1333 -1273
2014-02-28 18:44:49 INFO imu.IMU : IMY mess received  150 -1352 -1190
2014-02-28 18:44:49 INFO imu.IMU : IMY mess received  138 -1416 -1312
2014-02-28 18:44:49 INFO imu.IMU : IMY mess received  198 -1346 -1200
2014-02-28 18:44:49 INFO imu.IMU : IMY mess received  177 -1379 -1300
2014-02-28 18:44:49 INFO imu.IMU : IMY mess received  207 -1315 -1272
2014-02-28 18:44:49 INFO imu.IMU : IMY mess received  216 -1315 -1251
2014-02-28 18:44:49 INFO imu.IMU : IMY mess received  209 -1331 -1319
2014-02-28 18:44:49 INFO imu.IMU : IMY mess received  146 -1380 -1197
2014-02-28 18:44:50 INFO imu.IMU : IMY mess received  181 -1356 -1327
2014-02-28 18:44:50 INFO imu.IMU : IMY mess received  158 -1354 -1246
2014-02-28 18:44:50 INFO imu.IMU : IMY mess received  161 -1338 -1267
2014-02-28 18:44:50 INFO imu.IMU : IMY mess received  172 -1368 -1281
2014-02-28 18:44:50 INFO imu.IMU : IMY mess received  140 -1400 -1256
2014-02-28 18:44:50 INFO imu.IMU : IMY mess received  188 -1351 -1227
2014-02-28 18:44:50 INFO imu.IMU : IMY mess received  189 -1353 -1235
2014-02-28 18:44:50 INFO imu.IMU : IMY mess received  190 -1352 -1256
2014-02-28 18:44:50 INFO imu.IMU : IMY mess received  210 -1347 -1275
2014-02-28 18:44:50 INFO imu.IMU : IMY mess received  204 -1325 -1291
2014-02-28 18:44:50 INFO imu.IMU : IMY mess received  192 -1328 -1268
2014-02-28 18:44:50 INFO imu.IMU : IMY mess received  163 -1368 -1264
2014-02-28 18:44:51 INFO imu.IMU : IMY mess received  178 -1348 -1274
2014-02-28 18:44:51 INFO imu.IMU : IMY mess received  165 -1366 -1255
2014-02-28 18:44:51 INFO imu.IMU : IMY mess received  181 -1353 -1303
2014-02-28 18:44:51 INFO imu.IMU : IMY mess received  184 -1329 -1231
2014-02-28 18:44:51 INFO imu.IMU : IMY mess received  190 -1338 -1315
2014-02-28 18:44:51 INFO imu.IMU : IMY mess received  197 -1332 -1243
2014-02-28 18:44:51 INFO imu.IMU : IMY mess received  193 -1336 -1306
2014-02-28 18:44:51 INFO imu.IMU : IMY mess received  205 -1340 -1253
2014-02-28 18:44:51 INFO imu.IMU : IMY mess received  176 -1331 -1259
2014-02-28 18:44:51 INFO imu.IMU : IMY mess received  196 -1335 -1279
2014-02-28 18:44:51 INFO imu.IMU : IMY mess received  179 -1349 -1267
2014-02-28 18:44:51 INFO imu.IMU : IMY mess received  183 -1349 -1283
2014-02-28 18:44:51 INFO imu.IMU : IMY mess received  213 -1344 -1257
2014-02-28 18:44:52 INFO imu.IMU : IMY mess received  205 -1330 -1266
2014-02-28 18:44:52 INFO imu.IMU : IMY mess received  227 -1309 -1201
2014-02-28 18:44:52 INFO imu.IMU : IMY mess received  212 -1286 -1249
2014-02-28 18:44:52 INFO imu.IMU : IMY mess received  162 -1350 -1266
2014-02-28 18:44:52 INFO imu.IMU : IMY mess received  155 -1401 -1310
2014-02-28 18:44:52 INFO imu.IMU : IMY mess received  162 -1388 -1279
2014-02-28 18:44:52 INFO imu.IMU : IMY mess received  190 -1315 -1231
2014-02-28 18:44:52 INFO imu.IMU : IMY mess received  196 -1335 -1237
2014-02-28 18:44:52 INFO imu.IMU : IMY mess received  188 -1338 -1248
2014-02-28 18:44:52 INFO imu.IMU : IMY mess received  167 -1399 -1276
2014-02-28 18:44:52 INFO imu.IMU : IMY mess received  197 -1357 -1249
2014-02-28 18:44:52 INFO imu.IMU : IMY mess received  223 -1311 -1225
2014-02-28 18:44:52 INFO imu.IMU : IMY mess received  214 -1305 -1251
2014-02-28 18:44:53 INFO imu.IMU : IMY mess received  185 -1333 -1260
2014-02-28 18:44:53 INFO imu.IMU : IMY mess received  167 -1362 -1323
2014-02-28 18:44:53 INFO imu.IMU : IMY mess received  186 -1417 -1244
2014-02-28 18:44:53 INFO imu.IMU : IMY mess received  175 -1350 -1251
2014-02-28 18:44:53 INFO imu.IMU : IMY mess received  206 -1306 -1226
2014-02-28 18:44:53 INFO imu.IMU : IMY mess received  211 -1324 -1319
2014-02-28 18:44:53 INFO imu.IMU : IMY mess received  209 -1362 -1396
2014-02-28 18:44:53 INFO imu.IMU : IMY mess received  69 -1473 -1602
2014-02-28 18:44:53 INFO imu.IMU : IMY mess received  142 -1599 -1515
2014-02-28 18:44:53 INFO imu.IMU : IMY mess received  -105 -1777 -1281
2014-02-28 18:44:53 INFO imu.IMU : IMY mess received  -289 -1939 -925
2014-02-28 18:44:54 INFO imu.IMU : IMY mess received  -320 -1794 -305
2014-02-28 18:44:54 INFO imu.IMU : IMY mess received  -117 -1604 456
2014-02-28 18:44:54 INFO imu.IMU : IMY mess received  181 -1603 935
2014-02-28 18:44:54 INFO imu.IMU : IMY mess received  568 -1044 1179
2014-02-28 18:44:54 INFO imu.IMU : IMY mess received  571 -621 1540
2014-02-28 18:44:54 INFO imu.IMU : IMY mess received  723 -424 1279
2014-02-28 18:44:54 INFO imu.IMU : IMY mess received  976 -112 1577
2014-02-28 18:44:54 INFO imu.IMU : IMY mess received  1028 -77 995
2014-02-28 18:44:54 INFO imu.IMU : IMY mess received  945 134 1540
2014-02-28 18:44:54 INFO imu.IMU : IMY mess received  832 -33 1782
2014-02-28 18:44:54 INFO imu.IMU : IMY mess received  851 177 2529
2014-02-28 18:44:54 INFO imu.IMU : IMY mess received  875 -31 1984
2014-02-28 18:44:54 INFO imu.IMU : IMY mess received  770 -245 1902
2014-02-28 18:44:54 INFO imu.IMU : IMY mess received  896 -388 1651
2014-02-28 18:44:55 INFO imu.IMU : IMY mess received  865 -576 964
2014-02-28 18:44:55 INFO imu.IMU : IMY mess received  581 -1268 545
2014-02-28 18:44:55 INFO imu.IMU : IMY mess received  473 -1546 375
2014-02-28 18:44:55 INFO imu.IMU : IMY mess received  304 -1485 -8
2014-02-28 18:44:55 INFO imu.IMU : IMY mess received  357 -1507 -554
2014-02-28 18:44:55 INFO imu.IMU : IMY mess received  620 -1059 -826
2014-02-28 18:44:55 INFO imu.IMU : IMY mess received  454 -1155 -1069
2014-02-28 18:44:55 INFO imu.IMU : IMY mess received  498 -998 -1390
2014-02-28 18:44:55 INFO imu.IMU : IMY mess received  590 -789 -1420
2014-02-28 18:44:55 INFO imu.IMU : IMY mess received  447 -845 -1708
2014-02-28 18:44:55 INFO imu.IMU : IMY mess received  106 -1123 -2082
2014-02-28 18:44:55 INFO imu.IMU : IMY mess received  -18 -1392 -2719
2014-02-28 18:44:56 INFO imu.IMU : IMY mess received  58 -1518 -2557
2014-02-28 18:44:56 INFO imu.IMU : IMY mess received  -96 -1505 -2139
2014-02-28 18:44:56 INFO imu.IMU : IMY mess received  -92 -1420 -870
2014-02-28 18:44:56 INFO imu.IMU : IMY mess received  251 -1179 -195
2014-02-28 18:44:56 INFO imu.IMU : IMY mess received  323 -1154 317
2014-02-28 18:44:56 INFO imu.IMU : IMY mess received  587 -1112 713
2014-02-28 18:44:56 INFO imu.IMU : IMY mess received  615 -827 1023
2014-02-28 18:44:56 INFO imu.IMU : IMY mess received  1020 -580 968
2014-02-28 18:44:56 INFO imu.IMU : IMY mess received  859 -167 1358
2014-02-28 18:44:56 INFO imu.IMU : IMY mess received  684 -58 1547
2014-02-28 18:44:56 INFO imu.IMU : IMY mess received  658 305 1779
2014-02-28 18:44:56 INFO imu.IMU : IMY mess received  381 357 2210
2014-02-28 18:44:57 INFO imu.IMU : IMY mess received  297 476 2333
2014-02-28 18:44:57 INFO imu.IMU : IMY mess received  298 392 2234
2014-02-28 18:44:57 INFO imu.IMU : IMY mess received  426 402 2240
2014-02-28 18:44:57 INFO imu.IMU : IMY mess received  427 272 2055
2014-02-28 18:44:57 INFO imu.IMU : IMY mess received  477 145 2149
2014-02-28 18:44:57 INFO imu.IMU : IMY mess received  632 34 1827
2014-02-28 18:44:57 INFO imu.IMU : IMY mess received  685 -208 1611
2014-02-28 18:44:57 INFO imu.IMU : IMY mess received  568 -748 1236
2014-02-28 18:44:57 INFO imu.IMU : IMY mess received  567 -1060 1069
2014-02-28 18:44:57 INFO imu.IMU : IMY mess received  660 -1055 697
2014-02-28 18:44:57 INFO imu.IMU : IMY mess received  544 -1279 258
2014-02-28 18:44:57 INFO imu.IMU : IMY mess received  600 -1361 -106
2014-02-28 18:44:58 INFO imu.IMU : IMY mess received  448 -1551 -368
2014-02-28 18:44:58 INFO imu.IMU : IMY mess received  556 -1312 -544
2014-02-28 18:44:58 INFO imu.IMU : IMY mess received  517 -1375 -959
2014-02-28 18:44:58 INFO imu.IMU : IMY mess received  396 -1430 -1407
2014-02-28 18:44:58 INFO imu.IMU : IMY mess received  457 -1213 -1486
2014-02-28 18:44:58 INFO imu.IMU : IMY mess received  428 -1134 -1745
2014-02-28 18:44:58 INFO imu.IMU : IMY mess received  147 -1265 -1917
2014-02-28 18:44:58 INFO imu.IMU : IMY mess received  402 -1486 -2844
2014-02-28 18:44:58 INFO imu.IMU : IMY mess received  184 -1737 -2756
2014-02-28 18:44:58 INFO imu.IMU : IMY mess received  -36 -1421 -1515
2014-02-28 18:44:58 INFO imu.IMU : IMY mess received  300 -671 -196
2014-02-28 18:44:58 INFO imu.IMU : IMY mess received  508 -693 677
2014-02-28 18:44:58 INFO imu.IMU : IMY mess received  681 -629 686
2014-02-28 18:44:59 INFO imu.IMU : IMY mess received  630 -342 1187
2014-02-28 18:44:59 INFO imu.IMU : IMY mess received  771 -22 1625
2014-02-28 18:44:59 INFO imu.IMU : IMY mess received  367 -85 1980
2014-02-28 18:44:59 INFO imu.IMU : IMY mess received  277 223 2226
2014-02-28 18:44:59 INFO imu.IMU : IMY mess received  136 328 2566
2014-02-28 18:44:59 INFO imu.IMU : IMY mess received  74 173 2760
2014-02-28 18:44:59 INFO imu.IMU : IMY mess received  28 -4 2559
2014-02-28 18:44:59 INFO imu.IMU : IMY mess received  252 -256 1982
2014-02-28 18:44:59 INFO imu.IMU : IMY mess received  444 -522 1374
2014-02-28 18:44:59 INFO imu.IMU : IMY mess received  363 -618 352
2014-02-28 18:44:59 INFO imu.IMU : IMY mess received  442 -1005 -246
2014-02-28 18:44:59 INFO imu.IMU : IMY mess received  505 -866 -993
2014-02-28 18:45:00 INFO imu.IMU : IMY mess received  559 -1203 -1379
2014-02-28 18:45:00 INFO imu.IMU : IMY mess received  411 -788 -1908
2014-02-28 18:45:00 INFO imu.IMU : IMY mess received  292 -981 -2022
2014-02-28 18:45:00 INFO imu.IMU : IMY mess received  286 -866 -2241
