2014-03-04 14:19:10 INFO ihm.Calibration : Properties : 
autofocus_calibration_data=logs/calibration.data
simulation_calibration_data=test/calib_lisa_test_droneId_5.data
paparazzi_script_calibration=paparazzi_calibration/calibrate.py

2014-03-04 14:19:12 INFO imu.IMU : new aircraft built with id=5
2014-03-04 14:19:12 INFO testData.Sender : starting sending IMU test data...
2014-03-04 14:19:17 INFO ihm.MainFrame : starting calibration of accelerometer...
2014-03-04 14:19:17 INFO imu.IMU : listening raw datas for drone 5...
2014-03-04 14:19:17 INFO filtre.Filter : Filter.add variables size=0
2014-03-04 14:19:17 INFO filtre.Filter : Filter.add variables size=3
2014-03-04 14:19:17 INFO filtre.Filter : Filter.add variables size=6
2014-03-04 14:19:17 INFO filtre.Filter : Filter.add variables size=9
2014-03-04 14:19:18 INFO filtre.Filter : Filter.add variables size=12
2014-03-04 14:19:18 INFO filtre.Filter : Filter.add variables size=15
2014-03-04 14:19:18 INFO filtre.Filter : Filter.add variables size=18
2014-03-04 14:19:18 INFO filtre.Filter : Filter.add variables size=21
2014-03-04 14:19:18 INFO filtre.Filter : Filter.add variables size=24
2014-03-04 14:19:18 INFO filtre.Filter : Filter.add variables size=27
2014-03-04 14:19:18 INFO filtre.Filter : Filter.add variables size=30
2014-03-04 14:19:18 INFO filtre.Filter : Filter.add variables size=33
2014-03-04 14:19:18 INFO filtre.Filter : Filter.add variables size=36
2014-03-04 14:19:19 INFO filtre.Filter : Filter.add variables size=39
2014-03-04 14:19:19 INFO filtre.Filter : Filter.add variables size=42
2014-03-04 14:19:19 INFO filtre.Filter : Filter.add variables size=45
2014-03-04 14:19:19 INFO filtre.Filter : Filter.add variables size=48
2014-03-04 14:19:19 INFO filtre.Filter : Filter.add variables size=51
2014-03-04 14:19:19 INFO filtre.Filter : Filter.add variables size=54
2014-03-04 14:19:19 INFO filtre.Filter : Filter.add variables size=57
2014-03-04 14:19:19 INFO filtre.Filter : Filter.add variables size=60
2014-03-04 14:19:19 INFO filtre.Filter : Filter.add variables size=63
2014-03-04 14:19:20 INFO filtre.Filter : Filter.add variables size=66
2014-03-04 14:19:20 INFO filtre.Filter : Filter.add variables size=69
2014-03-04 14:19:20 INFO filtre.Filter : Filter.add variables size=72
2014-03-04 14:19:20 INFO filtre.Filter : Filter.add variables size=75
2014-03-04 14:19:20 INFO filtre.Filter : Filter.add variables size=78
2014-03-04 14:19:20 INFO filtre.Filter : Filter.add variables size=81
2014-03-04 14:19:20 INFO filtre.Filter : Filter.add variables size=84
2014-03-04 14:19:20 INFO filtre.Filter : Filter.add variables size=87
2014-03-04 14:19:20 INFO filtre.Filter : Filter.add variables size=90
2014-03-04 14:19:21 INFO filtre.Filter : Filter.add variables size=93
2014-03-04 14:19:21 INFO filtre.Filter : Filter.add variables size=96
2014-03-04 14:19:21 INFO filtre.Filter : Filter.add variables size=99
2014-03-04 14:19:21 INFO filtre.Filter : Filter.add variables size=102
2014-03-04 14:19:21 INFO filtre.Filter : Filter.add variables size=105
2014-03-04 14:19:21 INFO filtre.Filter : Filter.add variables size=108
2014-03-04 14:19:21 INFO filtre.Filter : Filter.add variables size=111
2014-03-04 14:19:21 INFO filtre.Filter : Filter.add variables size=114
2014-03-04 14:19:22 INFO filtre.Filter : Filter.add variables size=117
2014-03-04 14:19:22 WARNING imu.IMU : stopped listening raw datas for drone 5
2014-03-04 14:19:22 WARNING imu.IMU : stopped listening raw datas for drone 5
2014-03-04 14:19:22 INFO imu.IMU : new aircraft built with id=5
2014-03-04 14:19:22 INFO ihm.MainFrame : starting calibration of magnetometer...
2014-03-04 14:19:22 INFO imu.IMU : listening raw datas for drone 5...
2014-03-04 14:19:22 INFO filtre.Filter : Filter.add variables size=0
2014-03-04 14:19:23 INFO filtre.Filter : Filter.add variables size=3
2014-03-04 14:19:23 INFO filtre.Filter : Filter.add variables size=6
2014-03-04 14:19:23 INFO filtre.Filter : Filter.add variables size=9
2014-03-04 14:19:23 INFO filtre.Filter : Filter.add variables size=12
2014-03-04 14:19:23 INFO filtre.Filter : Filter.add variables size=15
2014-03-04 14:19:23 INFO filtre.Filter : Filter.add variables size=18
2014-03-04 14:19:23 INFO filtre.Filter : Filter.add variables size=21
2014-03-04 14:19:23 INFO filtre.Filter : Filter.add variables size=24
2014-03-04 14:19:23 INFO filtre.Filter : Filter.add variables size=27
2014-03-04 14:19:24 INFO filtre.Filter : Filter.add variables size=30
2014-03-04 14:19:24 INFO filtre.Filter : Filter.add variables size=33
2014-03-04 14:19:24 INFO filtre.Filter : Filter.add variables size=36
2014-03-04 14:19:24 INFO filtre.Filter : Filter.add variables size=39
2014-03-04 14:19:24 INFO filtre.Filter : Filter.add variables size=42
2014-03-04 14:19:24 INFO filtre.Filter : Filter.add variables size=45
2014-03-04 14:19:24 INFO filtre.Filter : Filter.add variables size=48
2014-03-04 14:19:24 INFO filtre.Filter : Filter.add variables size=51
2014-03-04 14:19:24 INFO filtre.Filter : Filter.add variables size=54
2014-03-04 14:19:25 INFO filtre.Filter : Filter.add variables size=57
2014-03-04 14:19:25 INFO filtre.Filter : Filter.add variables size=60
2014-03-04 14:19:25 INFO filtre.Filter : Filter.add variables size=63
2014-03-04 14:19:25 INFO filtre.Filter : Filter.add variables size=66
2014-03-04 14:19:25 INFO filtre.Filter : Filter.add variables size=69
2014-03-04 14:19:25 INFO filtre.Filter : Filter.add variables size=72
2014-03-04 14:19:25 INFO filtre.Filter : Filter.add variables size=75
2014-03-04 14:19:25 INFO filtre.Filter : Filter.add variables size=78
2014-03-04 14:19:25 INFO filtre.Filter : Filter.add variables size=81
2014-03-04 14:19:26 INFO filtre.Filter : Filter.add variables size=84
2014-03-04 14:19:26 INFO filtre.Filter : Filter.add variables size=87
2014-03-04 14:19:26 INFO filtre.Filter : Filter.add variables size=90
2014-03-04 14:19:26 WARNING imu.IMU : stopped listening raw datas for drone 5
2014-03-04 14:19:26 WARNING imu.IMU : stopped listening raw datas for drone 5
2014-03-04 14:19:26 INFO imu.IMU : new aircraft built with id=5
2014-03-04 14:19:27 INFO ihm.MainFrame : starting calibration of magnetometer...
2014-03-04 14:19:27 INFO imu.IMU : listening raw datas for drone 5...
2014-03-04 14:19:27 INFO filtre.Filter : Filter.add variables size=0
2014-03-04 14:19:27 INFO filtre.Filter : Filter.add variables size=3
2014-03-04 14:19:27 INFO filtre.Filter : Filter.add variables size=6
2014-03-04 14:19:27 INFO filtre.Filter : Filter.add variables size=9
2014-03-04 14:19:27 INFO filtre.Filter : Filter.add variables size=12
2014-03-04 14:19:27 INFO filtre.Filter : Filter.add variables size=15
2014-03-04 14:19:28 INFO filtre.Filter : Filter.add variables size=18
2014-03-04 14:19:28 INFO filtre.Filter : Filter.add variables size=21
2014-03-04 14:19:28 INFO filtre.Filter : Filter.add variables size=24
2014-03-04 14:19:28 INFO filtre.Filter : Filter.add variables size=27
2014-03-04 14:19:28 INFO filtre.Filter : Filter.add variables size=30
2014-03-04 14:19:28 INFO filtre.Filter : Filter.add variables size=33
2014-03-04 14:19:28 INFO filtre.Filter : Filter.add variables size=36
2014-03-04 14:19:28 INFO filtre.Filter : Filter.add variables size=39
2014-03-04 14:19:29 INFO filtre.Filter : Filter.add variables size=42
2014-03-04 14:19:29 INFO filtre.Filter : Filter.add variables size=45
2014-03-04 14:19:29 INFO filtre.Filter : Filter.add variables size=48
2014-03-04 14:19:29 INFO filtre.Filter : Filter.add variables size=51
2014-03-04 14:19:29 INFO filtre.Filter : Filter.add variables size=54
2014-03-04 14:19:29 INFO filtre.Filter : Filter.add variables size=57
2014-03-04 14:19:29 INFO filtre.Filter : Filter.add variables size=60
2014-03-04 14:19:29 INFO filtre.Filter : Filter.add variables size=63
2014-03-04 14:19:29 INFO filtre.Filter : Filter.add variables size=66
2014-03-04 14:19:29 INFO filtre.Filter : Filter.add variables size=69
2014-03-04 14:19:30 INFO filtre.Filter : Filter.add variables size=72
2014-03-04 14:19:30 WARNING imu.IMU : stopped listening raw datas for drone 5
2014-03-04 14:19:30 WARNING imu.IMU : stopped listening raw datas for drone 5
2014-03-04 14:19:30 INFO imu.IMU : new aircraft built with id=5
2014-03-04 14:19:30 INFO ihm.MainFrame : starting calibration of accelerometer...
2014-03-04 14:19:30 INFO imu.IMU : listening raw datas for drone 5...
2014-03-04 14:19:30 INFO filtre.Filter : Filter.add variables size=0
2014-03-04 14:19:31 INFO filtre.Filter : Filter.add variables size=3
2014-03-04 14:19:31 INFO filtre.Filter : Filter.add variables size=6
2014-03-04 14:19:31 INFO filtre.Filter : Filter.add variables size=9
2014-03-04 14:19:31 INFO filtre.Filter : Filter.add variables size=12
2014-03-04 14:19:31 INFO filtre.Filter : Filter.add variables size=15
2014-03-04 14:19:31 INFO filtre.Filter : Filter.add variables size=18
2014-03-04 14:19:31 INFO filtre.Filter : Filter.add variables size=21
2014-03-04 14:19:31 INFO filtre.Filter : Filter.add variables size=24
2014-03-04 14:19:31 INFO filtre.Filter : Filter.add variables size=27
2014-03-04 14:19:32 INFO filtre.Filter : Filter.add variables size=30
2014-03-04 14:19:32 INFO filtre.Filter : Filter.add variables size=33
2014-03-04 14:19:32 INFO filtre.Filter : Filter.add variables size=36
2014-03-04 14:19:32 INFO filtre.Filter : Filter.add variables size=39
2014-03-04 14:19:32 INFO filtre.Filter : Filter.add variables size=42
2014-03-04 14:19:32 WARNING imu.IMU : stopped listening raw datas for drone 5
2014-03-04 14:19:32 WARNING imu.IMU : stopped listening raw datas for drone 5
2014-03-04 14:19:32 INFO imu.IMU : new aircraft built with id=5
2014-03-04 14:19:33 INFO ihm.MainFrame : starting calibration of magnetometer...
2014-03-04 14:19:33 INFO imu.IMU : listening raw datas for drone 5...
2014-03-04 14:19:33 INFO filtre.Filter : Filter.add variables size=0
2014-03-04 14:19:33 INFO filtre.Filter : Filter.add variables size=3
2014-03-04 14:19:33 INFO filtre.Filter : Filter.add variables size=6
2014-03-04 14:19:33 INFO filtre.Filter : Filter.add variables size=9
2014-03-04 14:19:33 INFO filtre.Filter : Filter.add variables size=12
2014-03-04 14:19:33 INFO filtre.Filter : Filter.add variables size=15
2014-03-04 14:19:33 INFO filtre.Filter : Filter.add variables size=18
2014-03-04 14:19:33 INFO filtre.Filter : Filter.add variables size=21
2014-03-04 14:19:34 INFO filtre.Filter : Filter.add variables size=24
2014-03-04 14:19:34 INFO filtre.Filter : Filter.add variables size=27
2014-03-04 14:19:34 INFO filtre.Filter : Filter.add variables size=30
2014-03-04 14:19:34 INFO filtre.Filter : Filter.add variables size=33
2014-03-04 14:19:34 INFO filtre.Filter : Filter.add variables size=36
2014-03-04 14:19:34 INFO filtre.Filter : Filter.add variables size=39
2014-03-04 14:19:34 INFO filtre.Filter : Filter.add variables size=42
2014-03-04 14:19:34 INFO filtre.Filter : Filter.add variables size=45
2014-03-04 14:19:35 INFO filtre.Filter : Filter.add variables size=48
2014-03-04 14:19:35 INFO filtre.Filter : Filter.add variables size=51
2014-03-04 14:19:35 INFO filtre.Filter : Filter.add variables size=54
2014-03-04 14:19:35 INFO filtre.Filter : Filter.add variables size=57
2014-03-04 14:19:35 INFO filtre.Filter : Filter.add variables size=60
2014-03-04 14:19:35 INFO filtre.Filter : Filter.add variables size=63
2014-03-04 14:19:35 WARNING imu.IMU : stopped listening raw datas for drone 5
2014-03-04 14:19:35 WARNING imu.IMU : stopped listening raw datas for drone 5
2014-03-04 14:19:35 INFO imu.IMU : new aircraft built with id=5
