2014-03-05 09:58:51 INFO ihm.Calibration : Properties : 
autofocus_calibration_data=logs/calibration.data
simulation_calibration_data=test/calib_lisa_test_droneId_5.data
paparazzi_script_calibration=paparazzi_calibration/calibrate.py

2014-03-05 09:58:53 INFO testData.Sender : starting sending IMU test data...
2014-03-05 09:58:54 INFO imu.IMU : new aircraft built with id=5
2014-03-05 09:59:01 INFO ihm.MainFrame : starting calibration of accelerometer...
2014-03-05 09:59:01 INFO imu.IMU : listening raw datas for drone 5...
2014-03-05 09:59:01 INFO filtre.Filter : nbCorrectVect=1 nbWrongVect=0
2014-03-05 09:59:01 INFO filtre.Filter : nbCorrectVect=2 nbWrongVect=0
2014-03-05 09:59:01 INFO filtre.Filter : nbCorrectVect=3 nbWrongVect=0
2014-03-05 09:59:02 INFO filtre.Filter : nbCorrectVect=4 nbWrongVect=0
2014-03-05 09:59:02 INFO filtre.Filter : nbCorrectVect=5 nbWrongVect=0
2014-03-05 09:59:02 INFO filtre.Filter : nbCorrectVect=6 nbWrongVect=0
2014-03-05 09:59:02 INFO filtre.Filter : nbCorrectVect=7 nbWrongVect=0
2014-03-05 09:59:03 INFO filtre.Filter : nbCorrectVect=8 nbWrongVect=0
2014-03-05 09:59:03 INFO filtre.Filter : nbCorrectVect=9 nbWrongVect=0
2014-03-05 09:59:03 INFO filtre.Filter : nbCorrectVect=10 nbWrongVect=0
2014-03-05 09:59:03 INFO filtre.Filter : nbCorrectVect=11 nbWrongVect=0
2014-03-05 09:59:04 INFO filtre.Filter : nbCorrectVect=12 nbWrongVect=0
2014-03-05 09:59:04 INFO filtre.Filter : nbCorrectVect=13 nbWrongVect=0
2014-03-05 09:59:04 INFO filtre.Filter : nbCorrectVect=14 nbWrongVect=0
2014-03-05 09:59:04 INFO filtre.Filter : nbCorrectVect=15 nbWrongVect=0
2014-03-05 09:59:04 INFO filtre.Filter : nbCorrectVect=16 nbWrongVect=0
2014-03-05 09:59:05 INFO filtre.Filter : nbCorrectVect=17 nbWrongVect=0
2014-03-05 09:59:05 INFO filtre.Filter : nbCorrectVect=18 nbWrongVect=0
2014-03-05 09:59:05 INFO filtre.Filter : nbCorrectVect=19 nbWrongVect=0
2014-03-05 09:59:05 INFO filtre.Filter : nbCorrectVect=20 nbWrongVect=0
2014-03-05 09:59:06 INFO filtre.Filter : nbCorrectVect=21 nbWrongVect=0
2014-03-05 09:59:06 INFO filtre.Filter : nbCorrectVect=22 nbWrongVect=0
2014-03-05 09:59:06 INFO filtre.Filter : nbCorrectVect=23 nbWrongVect=0
2014-03-05 09:59:06 INFO filtre.Filter : nbCorrectVect=24 nbWrongVect=0
2014-03-05 09:59:07 INFO filtre.Filter : nbCorrectVect=25 nbWrongVect=0
2014-03-05 09:59:07 INFO filtre.Filter : nbCorrectVect=26 nbWrongVect=0
2014-03-05 09:59:07 INFO filtre.Filter : nbCorrectVect=27 nbWrongVect=0
2014-03-05 09:59:07 INFO filtre.Filter : nbCorrectVect=28 nbWrongVect=0
2014-03-05 09:59:07 INFO filtre.Filter : nbCorrectVect=29 nbWrongVect=0
2014-03-05 09:59:08 INFO filtre.Filter : nbCorrectVect=30 nbWrongVect=0
2014-03-05 09:59:08 INFO filtre.Filter : nbCorrectVect=31 nbWrongVect=0
2014-03-05 09:59:08 INFO filtre.Filter : nbCorrectVect=32 nbWrongVect=0
2014-03-05 09:59:08 INFO filtre.Filter : nbCorrectVect=33 nbWrongVect=0
2014-03-05 09:59:09 INFO filtre.Filter : nbCorrectVect=34 nbWrongVect=0
2014-03-05 09:59:09 INFO filtre.Filter : nbCorrectVect=35 nbWrongVect=0
2014-03-05 09:59:09 INFO filtre.Filter : nbCorrectVect=36 nbWrongVect=0
2014-03-05 09:59:09 INFO filtre.Filter : nbCorrectVect=37 nbWrongVect=0
2014-03-05 09:59:10 INFO filtre.Filter : nbCorrectVect=38 nbWrongVect=0
2014-03-05 09:59:10 INFO filtre.Filter : nbCorrectVect=39 nbWrongVect=0
2014-03-05 09:59:10 INFO filtre.Filter : nbCorrectVect=40 nbWrongVect=0
2014-03-05 09:59:10 INFO filtre.Filter : nbCorrectVect=41 nbWrongVect=0
2014-03-05 09:59:10 INFO filtre.Filter : nbCorrectVect=42 nbWrongVect=0
2014-03-05 09:59:11 INFO filtre.Filter : nbCorrectVect=43 nbWrongVect=0
2014-03-05 09:59:11 INFO filtre.Filter : nbCorrectVect=44 nbWrongVect=0
2014-03-05 09:59:11 INFO filtre.Filter : nbCorrectVect=45 nbWrongVect=0
2014-03-05 09:59:11 INFO filtre.Filter : nbCorrectVect=46 nbWrongVect=0
2014-03-05 09:59:12 INFO filtre.Filter : nbCorrectVect=47 nbWrongVect=0
2014-03-05 09:59:12 INFO filtre.Filter : nbCorrectVect=48 nbWrongVect=0
2014-03-05 09:59:12 INFO filtre.Filter : nbCorrectVect=49 nbWrongVect=0
2014-03-05 09:59:12 INFO filtre.Filter : nbCorrectVect=50 nbWrongVect=0
2014-03-05 09:59:13 INFO filtre.Filter : nbCorrectVect=51 nbWrongVect=0
2014-03-05 09:59:13 INFO filtre.Filter : nbCorrectVect=52 nbWrongVect=0
2014-03-05 09:59:13 INFO filtre.Filter : nbCorrectVect=53 nbWrongVect=0
2014-03-05 09:59:13 INFO filtre.Filter : nbCorrectVect=54 nbWrongVect=0
2014-03-05 09:59:13 INFO filtre.Filter : nbCorrectVect=55 nbWrongVect=0
2014-03-05 09:59:14 INFO filtre.Filter : nbCorrectVect=56 nbWrongVect=0
2014-03-05 09:59:14 INFO filtre.Filter : nbCorrectVect=57 nbWrongVect=0
2014-03-05 09:59:14 INFO filtre.Filter : nbCorrectVect=58 nbWrongVect=0
2014-03-05 09:59:14 INFO filtre.Filter : nbCorrectVect=59 nbWrongVect=0
2014-03-05 09:59:14 INFO filtre.Filter : nbCorrectVect=60 nbWrongVect=0
2014-03-05 09:59:15 INFO filtre.Filter : nbCorrectVect=61 nbWrongVect=0
2014-03-05 09:59:15 INFO filtre.Filter : nbCorrectVect=62 nbWrongVect=0
2014-03-05 09:59:15 INFO filtre.Filter : nbCorrectVect=63 nbWrongVect=0
2014-03-05 09:59:15 INFO filtre.Filter : nbCorrectVect=64 nbWrongVect=0
2014-03-05 09:59:16 INFO filtre.Filter : nbCorrectVect=65 nbWrongVect=0
2014-03-05 09:59:16 INFO filtre.Filter : nbCorrectVect=66 nbWrongVect=0
2014-03-05 09:59:16 INFO filtre.Filter : nbCorrectVect=67 nbWrongVect=0
2014-03-05 09:59:16 INFO filtre.Filter : nbCorrectVect=68 nbWrongVect=0
2014-03-05 09:59:16 INFO filtre.Filter : nbCorrectVect=69 nbWrongVect=0
2014-03-05 09:59:17 INFO filtre.Filter : nbCorrectVect=70 nbWrongVect=0
2014-03-05 09:59:17 INFO filtre.Filter : nbCorrectVect=71 nbWrongVect=0
2014-03-05 09:59:17 INFO filtre.Filter : nbCorrectVect=72 nbWrongVect=0
2014-03-05 09:59:17 INFO filtre.Filter : nbCorrectVect=73 nbWrongVect=0
2014-03-05 09:59:18 INFO filtre.Filter : nbCorrectVect=74 nbWrongVect=0
2014-03-05 09:59:18 INFO filtre.Filter : nbCorrectVect=75 nbWrongVect=0
2014-03-05 09:59:18 INFO filtre.Filter : nbCorrectVect=76 nbWrongVect=0
2014-03-05 09:59:18 INFO filtre.Filter : nbCorrectVect=77 nbWrongVect=0
2014-03-05 09:59:18 INFO filtre.Filter : nbCorrectVect=78 nbWrongVect=0
2014-03-05 09:59:19 INFO filtre.Filter : nbCorrectVect=79 nbWrongVect=0
2014-03-05 09:59:19 INFO filtre.Filter : nbCorrectVect=80 nbWrongVect=0
2014-03-05 09:59:19 INFO filtre.Filter : nbCorrectVect=81 nbWrongVect=0
2014-03-05 09:59:19 INFO filtre.Filter : nbCorrectVect=82 nbWrongVect=0
2014-03-05 09:59:20 INFO filtre.Filter : nbCorrectVect=83 nbWrongVect=0
2014-03-05 09:59:20 INFO filtre.Filter : nbCorrectVect=84 nbWrongVect=0
2014-03-05 09:59:20 INFO filtre.Filter : nbCorrectVect=85 nbWrongVect=0
2014-03-05 09:59:20 INFO filtre.Filter : nbCorrectVect=86 nbWrongVect=0
2014-03-05 09:59:20 INFO filtre.Filter : nbCorrectVect=87 nbWrongVect=0
2014-03-05 09:59:21 INFO filtre.Filter : nbCorrectVect=88 nbWrongVect=0
2014-03-05 09:59:21 INFO filtre.Filter : nbCorrectVect=89 nbWrongVect=0
2014-03-05 09:59:21 INFO filtre.Filter : nbCorrectVect=90 nbWrongVect=0
2014-03-05 09:59:21 INFO filtre.Filter : nbCorrectVect=91 nbWrongVect=0
2014-03-05 09:59:22 INFO filtre.Filter : nbCorrectVect=92 nbWrongVect=0
2014-03-05 09:59:22 INFO filtre.Filter : nbCorrectVect=93 nbWrongVect=0
2014-03-05 09:59:22 INFO filtre.Filter : nbCorrectVect=94 nbWrongVect=0
2014-03-05 09:59:22 INFO filtre.Filter : nbCorrectVect=95 nbWrongVect=0
2014-03-05 09:59:22 INFO filtre.Filter : nbCorrectVect=96 nbWrongVect=0
2014-03-05 09:59:23 INFO filtre.Filter : nbCorrectVect=97 nbWrongVect=0
2014-03-05 09:59:23 INFO filtre.Filter : nbCorrectVect=98 nbWrongVect=0
2014-03-05 09:59:23 INFO filtre.Filter : nbCorrectVect=99 nbWrongVect=0
2014-03-05 09:59:23 INFO filtre.Filter : nbCorrectVect=100 nbWrongVect=0
2014-03-05 09:59:24 INFO filtre.Filter : nbCorrectVect=101 nbWrongVect=0
2014-03-05 09:59:24 INFO filtre.Filter : nbCorrectVect=102 nbWrongVect=0
2014-03-05 09:59:24 INFO filtre.Filter : nbCorrectVect=103 nbWrongVect=0
2014-03-05 09:59:24 INFO filtre.Filter : nbCorrectVect=104 nbWrongVect=0
2014-03-05 09:59:24 INFO filtre.Filter : nbCorrectVect=105 nbWrongVect=0
2014-03-05 09:59:25 INFO filtre.Filter : nbCorrectVect=106 nbWrongVect=0
2014-03-05 09:59:25 INFO filtre.Filter : nbCorrectVect=107 nbWrongVect=0
2014-03-05 09:59:25 INFO filtre.Filter : nbCorrectVect=108 nbWrongVect=0
2014-03-05 09:59:25 INFO filtre.Filter : nbCorrectVect=109 nbWrongVect=0
2014-03-05 09:59:26 INFO filtre.Filter : nbCorrectVect=110 nbWrongVect=0
2014-03-05 09:59:26 INFO filtre.Filter : nbCorrectVect=111 nbWrongVect=0
2014-03-05 09:59:26 INFO filtre.Filter : nbCorrectVect=112 nbWrongVect=0
2014-03-05 09:59:26 INFO filtre.Filter : nbCorrectVect=113 nbWrongVect=0
2014-03-05 09:59:26 INFO filtre.Filter : nbCorrectVect=114 nbWrongVect=0
2014-03-05 09:59:27 INFO filtre.Filter : nbCorrectVect=115 nbWrongVect=0
2014-03-05 09:59:27 INFO filtre.Filter : nbCorrectVect=116 nbWrongVect=0
2014-03-05 09:59:27 INFO filtre.Filter : nbCorrectVect=117 nbWrongVect=0
2014-03-05 09:59:27 INFO filtre.Filter : nbCorrectVect=118 nbWrongVect=0
2014-03-05 09:59:28 INFO filtre.Filter : nbCorrectVect=119 nbWrongVect=0
2014-03-05 09:59:28 INFO filtre.Filter : nbCorrectVect=120 nbWrongVect=0
2014-03-05 09:59:28 INFO filtre.Filter : nbCorrectVect=121 nbWrongVect=0
2014-03-05 09:59:28 INFO filtre.Filter : nbCorrectVect=122 nbWrongVect=0
2014-03-05 09:59:28 INFO filtre.Filter : nbCorrectVect=123 nbWrongVect=0
2014-03-05 09:59:29 INFO filtre.Filter : nbCorrectVect=124 nbWrongVect=0
2014-03-05 09:59:29 INFO filtre.Filter : nbCorrectVect=125 nbWrongVect=0
2014-03-05 09:59:29 INFO filtre.Filter : nbCorrectVect=126 nbWrongVect=0
2014-03-05 09:59:29 INFO filtre.Filter : nbCorrectVect=127 nbWrongVect=0
2014-03-05 09:59:29 INFO filtre.Filter : nbCorrectVect=128 nbWrongVect=0
2014-03-05 09:59:30 INFO filtre.Filter : nbCorrectVect=129 nbWrongVect=0
2014-03-05 09:59:30 INFO filtre.Filter : nbCorrectVect=130 nbWrongVect=0
2014-03-05 09:59:30 INFO filtre.Filter : nbCorrectVect=131 nbWrongVect=0
2014-03-05 09:59:30 INFO filtre.Filter : nbCorrectVect=132 nbWrongVect=0
2014-03-05 09:59:31 INFO filtre.Filter : nbCorrectVect=133 nbWrongVect=0
2014-03-05 09:59:31 INFO filtre.Filter : nbCorrectVect=134 nbWrongVect=0
2014-03-05 09:59:31 INFO filtre.Filter : nbCorrectVect=135 nbWrongVect=0
2014-03-05 09:59:31 INFO filtre.Filter : nbCorrectVect=136 nbWrongVect=0
2014-03-05 09:59:32 INFO filtre.Filter : nbCorrectVect=137 nbWrongVect=0
2014-03-05 09:59:32 INFO filtre.Filter : nbCorrectVect=138 nbWrongVect=0
2014-03-05 09:59:32 INFO filtre.Filter : nbCorrectVect=139 nbWrongVect=0
2014-03-05 09:59:32 INFO filtre.Filter : nbCorrectVect=140 nbWrongVect=0
2014-03-05 09:59:33 INFO filtre.Filter : nbCorrectVect=141 nbWrongVect=0
2014-03-05 09:59:33 INFO filtre.Filter : nbCorrectVect=142 nbWrongVect=0
2014-03-05 09:59:33 INFO filtre.Filter : nbCorrectVect=143 nbWrongVect=0
2014-03-05 09:59:33 INFO filtre.Filter : nbCorrectVect=144 nbWrongVect=0
2014-03-05 09:59:33 INFO filtre.Filter : nbCorrectVect=145 nbWrongVect=0
2014-03-05 09:59:34 INFO filtre.Filter : nbCorrectVect=146 nbWrongVect=0
2014-03-05 09:59:34 INFO filtre.Filter : nbCorrectVect=147 nbWrongVect=0
2014-03-05 09:59:34 INFO filtre.Filter : nbCorrectVect=148 nbWrongVect=0
2014-03-05 09:59:34 INFO filtre.Filter : nbCorrectVect=149 nbWrongVect=0
2014-03-05 09:59:35 INFO filtre.Filter : nbCorrectVect=150 nbWrongVect=0
2014-03-05 09:59:35 INFO filtre.Filter : nbCorrectVect=151 nbWrongVect=0
2014-03-05 09:59:35 INFO filtre.Filter : nbCorrectVect=152 nbWrongVect=0
2014-03-05 09:59:35 INFO filtre.Filter : nbCorrectVect=153 nbWrongVect=0
2014-03-05 09:59:36 INFO filtre.Filter : nbCorrectVect=154 nbWrongVect=0
2014-03-05 09:59:36 INFO filtre.Filter : nbCorrectVect=155 nbWrongVect=0
