2014-03-03 17:27:28 INFO ihm.Calibration : Properties : 
autofocus_calibration_data=logs/calibration.data
simulation_calibration_data=test/calib_prod1_3_droneId_5.data
paparazzi_script_calibration=paparazzi_calibration/calibrate.py

2014-03-03 17:27:29 INFO imu.IMU : IMU.buildAcc new aircraft built with id=5
2014-03-03 17:27:29 INFO imu.IMU : IMU.buildAcc fireAircraftConnected
2014-03-03 17:27:29 INFO ihm.MainFrame : MainFrame.aircraftConnected
2014-03-03 17:27:29 INFO ihm.MainFrame : MainFrame.aircraftConnected modes=0
2014-03-03 17:27:29 INFO testData.Sender : starting sending IMU test data...
2014-03-03 17:27:29 INFO ihm.MainFrame : comboBoxAircraft.addItemListener - nb modes ajoutés : 1
2014-03-03 17:27:29 WARNING ihm.MainFrame : setSelectedIndex: 2 out of bounds
2014-03-03 17:27:47 INFO ihm.MainFrame : starting calibration of accelerometer...
2014-03-03 17:27:47 INFO imu.IMU : listening raw datas for drone 5...
2014-03-03 17:27:47 WARNING imu.IMU : stopped listening raw datas for drone 5
2014-03-03 17:27:47 WARNING imu.IMU : stopped listening raw datas for drone 5
2014-03-03 17:27:47 INFO imu.IMU : IMU.buildAcc new aircraft built with id=5
2014-03-03 17:27:47 INFO imu.IMU : IMU.buildAcc fireAircraftConnected
2014-03-03 17:27:47 INFO ihm.MainFrame : MainFrame.aircraftConnected
2014-03-03 17:27:47 INFO ihm.MainFrame : MainFrame.aircraftConnected modes=0
2014-03-03 17:27:47 INFO ihm.MainFrame : comboBoxAircraft.addItemListener - nb modes ajoutés : 6
