2014-03-03 10:36:41 INFO ihm.Calibration : Properties : 
autofocus_calibration_data=logs/calibration.data
simulation_calibration_data=test/calib_lisa_test_droneId_5.data
paparazzi_script_calibration=paparazzi_calibration/calibrate.py

2014-03-03 10:36:41 INFO imu.IMU : new aircraft built with id=5
2014-03-03 10:36:41 INFO testData.Sender : starting sending IMU test data...
2014-03-03 10:36:42 WARNING ihm.MainFrame : setSelectedIndex: 2 out of bounds
2014-03-03 10:36:45 INFO ihm.MainFrame : starting calibration of accelerometer...
2014-03-03 10:36:45 INFO imu.IMU : listening raw datas for drone 5...
2014-03-03 10:36:48 WARNING imu.IMU : stopped listening raw datas for drone 5
2014-03-03 10:36:48 WARNING imu.IMU : stopped listening raw datas for drone 5
2014-03-03 10:36:48 INFO imu.IMU : new aircraft built with id=5
2014-03-03 10:36:49 INFO ihm.MainFrame : starting calibration of magnetometer...
2014-03-03 10:36:49 INFO imu.IMU : listening raw datas for drone 5...
2014-03-03 10:36:53 WARNING imu.IMU : stopped listening raw datas for drone 5
2014-03-03 10:36:53 WARNING imu.IMU : stopped listening raw datas for drone 5
2014-03-03 10:36:53 INFO imu.IMU : new aircraft built with id=5
2014-03-03 10:36:53 WARNING ihm.MainFrame : aircraftRawOn : comboBox AC vide
2014-03-03 10:36:53 WARNING ihm.MainFrame : null
2014-03-03 10:36:57 INFO ihm.MainFrame : starting calibration of accelerometer...
2014-03-03 10:36:57 INFO imu.IMU : listening raw datas for drone 5...
