2014-03-04 14:56:24 INFO ihm.Calibration : Properties : 
autofocus_calibration_data=logs/calibration.data
simulation_calibration_data=test/calib_lisa_test_droneId_5.data
paparazzi_script_calibration=paparazzi_calibration/calibrate.py

2014-03-04 14:56:25 INFO imu.IMU : new aircraft built with id=5
2014-03-04 14:56:26 INFO testData.Sender : starting sending IMU test data...
2014-03-04 14:56:31 INFO ihm.MainFrame : starting calibration of accelerometer...
2014-03-04 14:56:31 INFO imu.IMU : listening raw datas for drone 5...
2014-03-04 14:56:31 INFO filtre.Filter : Filter.add noiseThreshold=30.959999084472656
2014-03-04 14:56:31 INFO filtre.Filter : Filter.updateCorrectness : false
2014-03-04 14:56:31 INFO filtre.Filter : Filter.add noiseThreshold=30.959999084472656
2014-03-04 14:56:31 INFO filtre.Filter : Filter.add noiseThreshold=30.959999084472656
2014-03-04 14:56:31 INFO filtre.Filter : Filter.add noiseThreshold=30.959999084472656
2014-03-04 14:56:31 INFO filtre.Filter : Filter.add noiseThreshold=30.959999084472656
2014-03-04 14:56:31 INFO filtre.Filter : Filter.add noiseThreshold=30.959999084472656
2014-03-04 14:56:31 INFO filtre.Filter : Filter.add noiseThreshold=30.959999084472656
2014-03-04 14:56:31 INFO filtre.Filter : Filter.add noiseThreshold=30.959999084472656
2014-03-04 14:56:31 INFO filtre.Filter : Filter.add noiseThreshold=30.959999084472656
2014-03-04 14:56:32 INFO filtre.Filter : Filter.add noiseThreshold=30.959999084472656
2014-03-04 14:56:32 INFO filtre.Filter : Filter.add noiseThreshold=30.959999084472656
2014-03-04 14:56:32 INFO filtre.Filter : Filter.add noiseThreshold=30.959999084472656
2014-03-04 14:56:32 INFO filtre.Filter : Filter.add noiseThreshold=30.959999084472656
2014-03-04 14:56:32 INFO filtre.Filter : Filter.add noiseThreshold=30.959999084472656
2014-03-04 14:56:32 INFO filtre.Filter : Filter.add noiseThreshold=30.959999084472656
2014-03-04 14:56:32 INFO filtre.Filter : Filter.add noiseThreshold=30.959999084472656
2014-03-04 14:56:32 INFO filtre.Filter : Filter.add noiseThreshold=30.959999084472656
2014-03-04 14:56:32 INFO filtre.Filter : Filter.add noiseThreshold=30.959999084472656
2014-03-04 14:56:32 INFO filtre.Filter : Filter.add noiseThreshold=30.959999084472656
2014-03-04 14:56:32 INFO filtre.Filter : Filter.add noiseThreshold=30.959999084472656
2014-03-04 14:56:32 INFO filtre.Filter : Filter.add noiseThreshold=30.959999084472656
2014-03-04 14:56:32 INFO filtre.Filter : Filter.add noiseThreshold=30.959999084472656
2014-03-04 14:56:33 INFO filtre.Filter : Filter.add noiseThreshold=30.959999084472656
2014-03-04 14:56:33 INFO filtre.Filter : Filter.add noiseThreshold=30.959999084472656
2014-03-04 14:56:33 INFO filtre.Filter : Filter.add noiseThreshold=30.959999084472656
2014-03-04 14:56:33 INFO filtre.Filter : Filter.add noiseThreshold=30.959999084472656
2014-03-04 14:56:33 INFO filtre.Filter : Filter.add noiseThreshold=30.959999084472656
2014-03-04 14:56:33 INFO filtre.Filter : Filter.add noiseThreshold=30.959999084472656
2014-03-04 14:56:33 INFO filtre.Filter : Filter.add noiseThreshold=30.959999084472656
2014-03-04 14:56:33 INFO filtre.Filter : Filter.add noiseThreshold=30.959999084472656
2014-03-04 14:56:33 INFO filtre.Filter : Filter.add noiseThreshold=30.959999084472656
2014-03-04 14:56:33 INFO filtre.Filter : Filter.add noiseThreshold=30.959999084472656
2014-03-04 14:56:33 INFO filtre.Filter : Filter.add noiseThreshold=30.959999084472656
2014-03-04 14:56:33 INFO filtre.Filter : Filter.add noiseThreshold=30.959999084472656
2014-03-04 14:56:34 INFO filtre.Filter : Filter.add noiseThreshold=30.959999084472656
2014-03-04 14:56:34 INFO filtre.Filter : Filter.add noiseThreshold=30.959999084472656
2014-03-04 14:56:34 INFO filtre.Filter : Filter.add noiseThreshold=30.959999084472656
2014-03-04 14:56:34 INFO filtre.Filter : Filter.add noiseThreshold=30.959999084472656
2014-03-04 14:56:34 INFO filtre.Filter : Filter.add noiseThreshold=30.959999084472656
2014-03-04 14:56:34 INFO filtre.Filter : Filter.add noiseThreshold=30.959999084472656
2014-03-04 14:56:34 INFO filtre.Filter : Filter.add noiseThreshold=30.959999084472656
2014-03-04 14:56:34 INFO filtre.Filter : Filter.add noiseThreshold=30.959999084472656
2014-03-04 14:56:34 INFO filtre.Filter : Filter.add noiseThreshold=30.959999084472656
2014-03-04 14:56:34 INFO filtre.Filter : Filter.add noiseThreshold=30.959999084472656
2014-03-04 14:56:34 INFO filtre.Filter : Filter.add noiseThreshold=30.959999084472656
2014-03-04 14:56:34 INFO filtre.Filter : Filter.add noiseThreshold=30.959999084472656
2014-03-04 14:56:34 INFO filtre.Filter : Filter.add noiseThreshold=30.959999084472656
2014-03-04 14:56:35 INFO filtre.Filter : Filter.add noiseThreshold=30.959999084472656
2014-03-04 14:56:35 INFO filtre.Filter : Filter.add noiseThreshold=30.959999084472656
2014-03-04 14:56:35 INFO filtre.Filter : Filter.add noiseThreshold=30.959999084472656
2014-03-04 14:56:35 INFO filtre.Filter : Filter.add noiseThreshold=30.959999084472656
2014-03-04 14:56:35 INFO filtre.Filter : Filter.add noiseThreshold=30.959999084472656
2014-03-04 14:56:35 INFO filtre.Filter : Filter.add noiseThreshold=30.959999084472656
2014-03-04 14:56:35 INFO filtre.Filter : Filter.add noiseThreshold=30.959999084472656
2014-03-04 14:56:35 INFO filtre.Filter : Filter.add noiseThreshold=30.959999084472656
2014-03-04 14:56:35 INFO filtre.Filter : Filter.add noiseThreshold=30.959999084472656
2014-03-04 14:56:35 INFO filtre.Filter : Filter.add noiseThreshold=30.959999084472656
2014-03-04 14:56:35 INFO filtre.Filter : Filter.add noiseThreshold=30.959999084472656
2014-03-04 14:56:35 INFO filtre.Filter : Filter.add noiseThreshold=30.959999084472656
2014-03-04 14:56:36 INFO filtre.Filter : Filter.add noiseThreshold=30.959999084472656
2014-03-04 14:56:36 INFO filtre.Filter : Filter.add noiseThreshold=30.959999084472656
2014-03-04 14:56:36 INFO filtre.Filter : Filter.add noiseThreshold=30.959999084472656
2014-03-04 14:56:36 INFO filtre.Filter : Filter.add noiseThreshold=30.959999084472656
2014-03-04 14:56:36 INFO filtre.Filter : Filter.add noiseThreshold=30.959999084472656
2014-03-04 14:56:36 INFO filtre.Filter : Filter.add noiseThreshold=30.959999084472656
2014-03-04 14:56:36 INFO filtre.Filter : Filter.add noiseThreshold=30.959999084472656
2014-03-04 14:56:36 INFO filtre.Filter : Filter.add noiseThreshold=30.959999084472656
2014-03-04 14:56:36 INFO filtre.Filter : Filter.add noiseThreshold=30.959999084472656
2014-03-04 14:56:36 INFO filtre.Filter : Filter.add noiseThreshold=30.959999084472656
2014-03-04 14:56:36 INFO filtre.Filter : Filter.add noiseThreshold=30.959999084472656
2014-03-04 14:56:36 INFO filtre.Filter : Filter.add noiseThreshold=30.959999084472656
2014-03-04 14:56:37 INFO filtre.Filter : Filter.add noiseThreshold=30.959999084472656
2014-03-04 14:56:37 INFO filtre.Filter : Filter.add noiseThreshold=30.959999084472656
2014-03-04 14:56:37 INFO filtre.Filter : Filter.add noiseThreshold=30.959999084472656
2014-03-04 14:56:37 INFO filtre.Filter : Filter.add noiseThreshold=30.959999084472656
2014-03-04 14:56:37 INFO filtre.Filter : Filter.add noiseThreshold=30.959999084472656
2014-03-04 14:56:37 INFO filtre.Filter : Filter.add noiseThreshold=30.959999084472656
2014-03-04 14:56:37 INFO filtre.Filter : Filter.add noiseThreshold=30.959999084472656
2014-03-04 14:56:37 INFO filtre.Filter : Filter.add noiseThreshold=30.959999084472656
2014-03-04 14:56:37 INFO filtre.Filter : Filter.add noiseThreshold=30.959999084472656
2014-03-04 14:56:37 INFO filtre.Filter : Filter.add noiseThreshold=30.959999084472656
2014-03-04 14:56:37 INFO filtre.Filter : Filter.add noiseThreshold=30.959999084472656
2014-03-04 14:56:37 INFO filtre.Filter : Filter.add noiseThreshold=30.959999084472656
2014-03-04 14:56:37 INFO filtre.Filter : Filter.add noiseThreshold=30.959999084472656
2014-03-04 14:56:38 INFO filtre.Filter : Filter.add noiseThreshold=30.959999084472656
2014-03-04 14:56:38 INFO filtre.Filter : Filter.add noiseThreshold=30.959999084472656
2014-03-04 14:56:38 INFO filtre.Filter : Filter.add noiseThreshold=30.959999084472656
2014-03-04 14:56:38 INFO filtre.Filter : Filter.add noiseThreshold=30.959999084472656
2014-03-04 14:56:38 INFO filtre.Filter : Filter.add noiseThreshold=30.959999084472656
2014-03-04 14:56:38 INFO filtre.Filter : Filter.add noiseThreshold=30.959999084472656
2014-03-04 14:56:38 INFO filtre.Filter : Filter.add noiseThreshold=30.959999084472656
2014-03-04 14:56:38 INFO filtre.Filter : Filter.add noiseThreshold=30.959999084472656
2014-03-04 14:56:38 INFO filtre.Filter : Filter.add noiseThreshold=30.959999084472656
2014-03-04 14:56:38 INFO filtre.Filter : Filter.add noiseThreshold=30.959999084472656
2014-03-04 14:56:38 INFO filtre.Filter : Filter.add noiseThreshold=30.959999084472656
2014-03-04 14:56:38 INFO filtre.Filter : Filter.add noiseThreshold=30.959999084472656
2014-03-04 14:56:39 INFO filtre.Filter : Filter.add noiseThreshold=30.959999084472656
2014-03-04 14:56:39 INFO filtre.Filter : Filter.add noiseThreshold=30.959999084472656
2014-03-04 14:56:39 INFO filtre.Filter : Filter.add noiseThreshold=30.959999084472656
2014-03-04 14:56:39 INFO filtre.Filter : Filter.add noiseThreshold=30.959999084472656
2014-03-04 14:56:39 INFO filtre.Filter : Filter.add noiseThreshold=30.959999084472656
2014-03-04 14:56:39 INFO filtre.Filter : Filter.add noiseThreshold=30.959999084472656
2014-03-04 14:56:39 INFO filtre.Filter : Filter.add noiseThreshold=30.959999084472656
2014-03-04 14:56:39 INFO filtre.Filter : Filter.add noiseThreshold=30.959999084472656
2014-03-04 14:56:39 INFO filtre.Filter : Filter.add noiseThreshold=30.959999084472656
2014-03-04 14:56:39 INFO filtre.Filter : Filter.add noiseThreshold=30.959999084472656
2014-03-04 14:56:39 INFO filtre.Filter : Filter.add noiseThreshold=30.959999084472656
2014-03-04 14:56:39 INFO filtre.Filter : Filter.add noiseThreshold=30.959999084472656
2014-03-04 14:56:40 INFO filtre.Filter : Filter.add noiseThreshold=30.959999084472656
2014-03-04 14:56:40 INFO filtre.Filter : Filter.add noiseThreshold=30.959999084472656
2014-03-04 14:56:40 INFO filtre.Filter : Filter.add noiseThreshold=30.959999084472656
2014-03-04 14:56:40 INFO filtre.Filter : Filter.add noiseThreshold=30.959999084472656
2014-03-04 14:56:40 INFO filtre.Filter : Filter.add noiseThreshold=30.959999084472656
2014-03-04 14:56:40 INFO filtre.Filter : Filter.add noiseThreshold=30.959999084472656
2014-03-04 14:56:40 INFO filtre.Filter : Filter.add noiseThreshold=30.959999084472656
2014-03-04 14:56:40 INFO filtre.Filter : Filter.add noiseThreshold=30.959999084472656
2014-03-04 14:56:40 INFO filtre.Filter : Filter.add noiseThreshold=30.959999084472656
2014-03-04 14:56:40 INFO filtre.Filter : Filter.add noiseThreshold=30.959999084472656
2014-03-04 14:56:40 INFO filtre.Filter : Filter.add noiseThreshold=30.959999084472656
2014-03-04 14:56:40 INFO filtre.Filter : Filter.add noiseThreshold=30.959999084472656
2014-03-04 14:56:40 INFO filtre.Filter : Filter.add noiseThreshold=30.959999084472656
2014-03-04 14:56:41 INFO filtre.Filter : Filter.add noiseThreshold=30.959999084472656
2014-03-04 14:56:41 INFO filtre.Filter : Filter.add noiseThreshold=30.959999084472656
2014-03-04 14:56:41 INFO filtre.Filter : Filter.add noiseThreshold=30.959999084472656
2014-03-04 14:56:41 INFO filtre.Filter : Filter.add noiseThreshold=30.959999084472656
2014-03-04 14:56:41 INFO filtre.Filter : Filter.add noiseThreshold=30.959999084472656
2014-03-04 14:56:41 INFO filtre.Filter : Filter.add noiseThreshold=30.959999084472656
2014-03-04 14:56:41 INFO filtre.Filter : Filter.add noiseThreshold=30.959999084472656
2014-03-04 14:56:41 INFO filtre.Filter : Filter.add noiseThreshold=30.959999084472656
2014-03-04 14:56:41 INFO filtre.Filter : Filter.add noiseThreshold=30.959999084472656
2014-03-04 14:56:41 INFO filtre.Filter : Filter.add noiseThreshold=30.959999084472656
2014-03-04 14:56:41 INFO filtre.Filter : Filter.add noiseThreshold=30.959999084472656
2014-03-04 14:56:41 INFO filtre.Filter : Filter.add noiseThreshold=30.959999084472656
2014-03-04 14:56:41 INFO filtre.Filter : Filter.add noiseThreshold=30.959999084472656
2014-03-04 14:56:42 INFO filtre.Filter : Filter.add noiseThreshold=30.959999084472656
2014-03-04 14:56:42 INFO filtre.Filter : Filter.add noiseThreshold=30.959999084472656
2014-03-04 14:56:42 INFO filtre.Filter : Filter.add noiseThreshold=30.959999084472656
2014-03-04 14:56:42 INFO filtre.Filter : Filter.add noiseThreshold=30.959999084472656
2014-03-04 14:56:42 INFO filtre.Filter : Filter.add noiseThreshold=30.959999084472656
2014-03-04 14:56:42 INFO filtre.Filter : Filter.add noiseThreshold=30.959999084472656
2014-03-04 14:56:42 INFO filtre.Filter : Filter.add noiseThreshold=30.959999084472656
2014-03-04 14:56:42 INFO filtre.Filter : Filter.add noiseThreshold=30.959999084472656
2014-03-04 14:56:42 INFO filtre.Filter : Filter.add noiseThreshold=30.959999084472656
2014-03-04 14:56:42 INFO filtre.Filter : Filter.add noiseThreshold=30.959999084472656
2014-03-04 14:56:42 INFO filtre.Filter : Filter.add noiseThreshold=30.959999084472656
2014-03-04 14:56:42 INFO filtre.Filter : Filter.add noiseThreshold=30.959999084472656
2014-03-04 14:56:43 INFO filtre.Filter : Filter.add noiseThreshold=30.959999084472656
2014-03-04 14:56:43 INFO filtre.Filter : Filter.add noiseThreshold=30.959999084472656
2014-03-04 14:56:43 INFO filtre.Filter : Filter.add noiseThreshold=30.959999084472656
2014-03-04 14:56:43 INFO filtre.Filter : Filter.add noiseThreshold=30.959999084472656
2014-03-04 14:56:43 INFO filtre.Filter : Filter.add noiseThreshold=30.959999084472656
2014-03-04 14:56:43 INFO filtre.Filter : Filter.add noiseThreshold=30.959999084472656
2014-03-04 14:56:43 INFO filtre.Filter : Filter.add noiseThreshold=30.959999084472656
2014-03-04 14:56:43 INFO filtre.Filter : Filter.add noiseThreshold=30.959999084472656
2014-03-04 14:56:43 INFO filtre.Filter : Filter.add noiseThreshold=30.959999084472656
2014-03-04 14:56:43 INFO filtre.Filter : Filter.add noiseThreshold=30.959999084472656
2014-03-04 14:56:43 INFO filtre.Filter : Filter.add noiseThreshold=30.959999084472656
2014-03-04 14:56:43 INFO filtre.Filter : Filter.add noiseThreshold=30.959999084472656
2014-03-04 14:56:43 INFO filtre.Filter : Filter.add noiseThreshold=30.959999084472656
2014-03-04 14:56:44 INFO filtre.Filter : Filter.add noiseThreshold=30.959999084472656
2014-03-04 14:56:44 INFO filtre.Filter : Filter.add noiseThreshold=30.959999084472656
2014-03-04 14:56:44 INFO filtre.Filter : Filter.add noiseThreshold=30.959999084472656
2014-03-04 14:56:44 INFO filtre.Filter : Filter.add noiseThreshold=30.959999084472656
2014-03-04 14:56:44 INFO filtre.Filter : Filter.add noiseThreshold=30.959999084472656
2014-03-04 14:56:44 INFO filtre.Filter : Filter.add noiseThreshold=30.959999084472656
2014-03-04 14:56:44 INFO filtre.Filter : Filter.add noiseThreshold=30.959999084472656
2014-03-04 14:56:44 INFO filtre.Filter : Filter.add noiseThreshold=30.959999084472656
2014-03-04 14:56:44 INFO filtre.Filter : Filter.add noiseThreshold=30.959999084472656
2014-03-04 14:56:44 INFO filtre.Filter : Filter.add noiseThreshold=30.959999084472656
2014-03-04 14:56:44 INFO filtre.Filter : Filter.add noiseThreshold=30.959999084472656
2014-03-04 14:56:45 INFO filtre.Filter : Filter.add noiseThreshold=30.959999084472656
2014-03-04 14:56:45 INFO filtre.Filter : Filter.add noiseThreshold=30.959999084472656
2014-03-04 14:56:45 INFO filtre.Filter : Filter.add noiseThreshold=30.959999084472656
2014-03-04 14:56:45 INFO filtre.Filter : Filter.add noiseThreshold=30.959999084472656
2014-03-04 14:56:45 INFO filtre.Filter : Filter.add noiseThreshold=30.959999084472656
2014-03-04 14:56:45 INFO filtre.Filter : Filter.add noiseThreshold=30.959999084472656
2014-03-04 14:56:45 INFO filtre.Filter : Filter.add noiseThreshold=30.959999084472656
2014-03-04 14:56:45 INFO filtre.Filter : Filter.add noiseThreshold=30.959999084472656
2014-03-04 14:56:45 INFO filtre.Filter : Filter.add noiseThreshold=30.959999084472656
2014-03-04 14:56:45 INFO filtre.Filter : Filter.add noiseThreshold=30.959999084472656
2014-03-04 14:56:45 INFO filtre.Filter : Filter.add noiseThreshold=30.959999084472656
2014-03-04 14:56:45 INFO filtre.Filter : Filter.add noiseThreshold=30.959999084472656
2014-03-04 14:56:45 INFO filtre.Filter : Filter.add noiseThreshold=30.959999084472656
2014-03-04 14:56:46 INFO filtre.Filter : Filter.add noiseThreshold=30.959999084472656
2014-03-04 14:56:46 INFO filtre.Filter : Filter.add noiseThreshold=30.959999084472656
2014-03-04 14:56:46 INFO filtre.Filter : Filter.add noiseThreshold=30.959999084472656
2014-03-04 14:56:46 INFO filtre.Filter : Filter.add noiseThreshold=30.959999084472656
2014-03-04 14:56:46 INFO filtre.Filter : Filter.add noiseThreshold=30.959999084472656
2014-03-04 14:56:46 INFO filtre.Filter : Filter.add noiseThreshold=30.959999084472656
2014-03-04 14:56:46 INFO filtre.Filter : Filter.add noiseThreshold=30.959999084472656
2014-03-04 14:56:46 INFO filtre.Filter : Filter.add noiseThreshold=30.959999084472656
2014-03-04 14:56:46 INFO filtre.Filter : Filter.add noiseThreshold=30.959999084472656
2014-03-04 14:56:46 INFO filtre.Filter : Filter.add noiseThreshold=30.959999084472656
2014-03-04 14:56:46 INFO filtre.Filter : Filter.add noiseThreshold=30.959999084472656
2014-03-04 14:56:46 INFO filtre.Filter : Filter.add noiseThreshold=30.959999084472656
2014-03-04 14:56:46 INFO filtre.Filter : Filter.add noiseThreshold=30.959999084472656
2014-03-04 14:56:47 INFO filtre.Filter : Filter.add noiseThreshold=30.959999084472656
2014-03-04 14:56:47 INFO filtre.Filter : Filter.add noiseThreshold=30.959999084472656
2014-03-04 14:56:47 INFO filtre.Filter : Filter.add noiseThreshold=30.959999084472656
2014-03-04 14:56:47 INFO filtre.Filter : Filter.add noiseThreshold=30.959999084472656
2014-03-04 14:56:47 INFO filtre.Filter : Filter.add noiseThreshold=30.959999084472656
2014-03-04 14:56:47 INFO filtre.Filter : Filter.add noiseThreshold=30.959999084472656
2014-03-04 14:56:47 INFO filtre.Filter : Filter.add noiseThreshold=30.959999084472656
2014-03-04 14:56:47 INFO filtre.Filter : Filter.add noiseThreshold=30.959999084472656
2014-03-04 14:56:47 INFO filtre.Filter : Filter.add noiseThreshold=30.959999084472656
2014-03-04 14:56:47 INFO filtre.Filter : Filter.add noiseThreshold=30.959999084472656
2014-03-04 14:56:47 INFO filtre.Filter : Filter.add noiseThreshold=30.959999084472656
2014-03-04 14:56:47 INFO filtre.Filter : Filter.add noiseThreshold=30.959999084472656
2014-03-04 14:56:48 INFO filtre.Filter : Filter.add noiseThreshold=30.959999084472656
2014-03-04 14:56:48 INFO filtre.Filter : Filter.add noiseThreshold=30.959999084472656
2014-03-04 14:56:48 INFO filtre.Filter : Filter.add noiseThreshold=30.959999084472656
2014-03-04 14:56:48 INFO filtre.Filter : Filter.add noiseThreshold=30.959999084472656
2014-03-04 14:56:48 INFO filtre.Filter : Filter.add noiseThreshold=30.959999084472656
2014-03-04 14:56:48 INFO filtre.Filter : Filter.add noiseThreshold=30.959999084472656
2014-03-04 14:56:48 INFO filtre.Filter : Filter.add noiseThreshold=30.959999084472656
2014-03-04 14:56:48 INFO filtre.Filter : Filter.add noiseThreshold=30.959999084472656
2014-03-04 14:56:48 INFO filtre.Filter : Filter.add noiseThreshold=30.959999084472656
2014-03-04 14:56:48 INFO filtre.Filter : Filter.add noiseThreshold=30.959999084472656
2014-03-04 14:56:48 INFO filtre.Filter : Filter.add noiseThreshold=30.959999084472656
2014-03-04 14:56:48 INFO filtre.Filter : Filter.add noiseThreshold=30.959999084472656
2014-03-04 14:56:48 INFO filtre.Filter : Filter.add noiseThreshold=30.959999084472656
2014-03-04 14:56:49 INFO filtre.Filter : Filter.add noiseThreshold=30.959999084472656
2014-03-04 14:56:49 INFO filtre.Filter : Filter.add noiseThreshold=30.959999084472656
2014-03-04 14:56:49 INFO filtre.Filter : Filter.add noiseThreshold=30.959999084472656
2014-03-04 14:56:49 INFO filtre.Filter : Filter.add noiseThreshold=30.959999084472656
2014-03-04 14:56:49 INFO filtre.Filter : Filter.add noiseThreshold=30.959999084472656
2014-03-04 14:56:49 INFO filtre.Filter : Filter.add noiseThreshold=30.959999084472656
2014-03-04 14:56:49 INFO filtre.Filter : Filter.add noiseThreshold=30.959999084472656
2014-03-04 14:56:49 INFO filtre.Filter : Filter.add noiseThreshold=30.959999084472656
2014-03-04 14:56:49 INFO filtre.Filter : Filter.add noiseThreshold=30.959999084472656
2014-03-04 14:56:49 INFO filtre.Filter : Filter.add noiseThreshold=30.959999084472656
2014-03-04 14:56:49 INFO filtre.Filter : Filter.add noiseThreshold=30.959999084472656
2014-03-04 14:56:49 INFO filtre.Filter : Filter.add noiseThreshold=30.959999084472656
2014-03-04 14:56:49 INFO filtre.Filter : Filter.add noiseThreshold=30.959999084472656
2014-03-04 14:56:50 INFO filtre.Filter : Filter.add noiseThreshold=30.959999084472656
2014-03-04 14:56:50 INFO filtre.Filter : Filter.add noiseThreshold=30.959999084472656
2014-03-04 14:56:50 INFO filtre.Filter : Filter.add noiseThreshold=30.959999084472656
2014-03-04 14:56:50 INFO filtre.Filter : Filter.add noiseThreshold=30.959999084472656
2014-03-04 14:56:50 INFO filtre.Filter : Filter.add noiseThreshold=30.959999084472656
2014-03-04 14:56:50 INFO filtre.Filter : Filter.add noiseThreshold=30.959999084472656
2014-03-04 14:56:50 INFO filtre.Filter : Filter.add noiseThreshold=30.959999084472656
2014-03-04 14:56:50 INFO filtre.Filter : Filter.add noiseThreshold=30.959999084472656
2014-03-04 14:56:50 INFO filtre.Filter : Filter.add noiseThreshold=30.959999084472656
2014-03-04 14:56:50 INFO filtre.Filter : Filter.add noiseThreshold=30.959999084472656
2014-03-04 14:56:50 INFO filtre.Filter : Filter.add noiseThreshold=30.959999084472656
2014-03-04 14:56:50 INFO filtre.Filter : Filter.add noiseThreshold=30.959999084472656
2014-03-04 14:56:51 INFO filtre.Filter : Filter.add noiseThreshold=30.959999084472656
2014-03-04 14:56:51 INFO filtre.Filter : Filter.add noiseThreshold=30.959999084472656
2014-03-04 14:56:51 INFO filtre.Filter : Filter.add noiseThreshold=30.959999084472656
2014-03-04 14:56:51 INFO filtre.Filter : Filter.add noiseThreshold=30.959999084472656
2014-03-04 14:56:51 INFO filtre.Filter : Filter.add noiseThreshold=30.959999084472656
2014-03-04 14:56:51 INFO filtre.Filter : Filter.add noiseThreshold=30.959999084472656
2014-03-04 14:56:51 INFO filtre.Filter : Filter.add noiseThreshold=30.959999084472656
2014-03-04 14:56:51 INFO filtre.Filter : Filter.add noiseThreshold=30.959999084472656
2014-03-04 14:56:51 INFO filtre.Filter : Filter.add noiseThreshold=30.959999084472656
2014-03-04 14:56:51 INFO filtre.Filter : Filter.add noiseThreshold=30.959999084472656
2014-03-04 14:56:51 INFO filtre.Filter : Filter.add noiseThreshold=30.959999084472656
2014-03-04 14:56:51 INFO filtre.Filter : Filter.add noiseThreshold=30.959999084472656
2014-03-04 14:56:51 INFO filtre.Filter : Filter.add noiseThreshold=30.959999084472656
2014-03-04 14:56:52 INFO filtre.Filter : Filter.add noiseThreshold=30.959999084472656
2014-03-04 14:56:52 INFO filtre.Filter : Filter.add noiseThreshold=30.959999084472656
2014-03-04 14:56:52 INFO filtre.Filter : Filter.add noiseThreshold=30.959999084472656
2014-03-04 14:56:52 INFO filtre.Filter : Filter.add noiseThreshold=30.959999084472656
2014-03-04 14:56:52 INFO filtre.Filter : Filter.add noiseThreshold=30.959999084472656
2014-03-04 14:56:52 INFO filtre.Filter : Filter.add noiseThreshold=30.959999084472656
2014-03-04 14:56:52 INFO filtre.Filter : Filter.add noiseThreshold=30.959999084472656
2014-03-04 14:56:52 INFO filtre.Filter : Filter.add noiseThreshold=30.959999084472656
2014-03-04 14:56:52 INFO filtre.Filter : Filter.add noiseThreshold=30.959999084472656
2014-03-04 14:56:52 INFO filtre.Filter : Filter.add noiseThreshold=30.959999084472656
2014-03-04 14:56:52 INFO filtre.Filter : Filter.add noiseThreshold=30.959999084472656
2014-03-04 14:56:53 INFO filtre.Filter : Filter.add noiseThreshold=30.959999084472656
2014-03-04 14:56:53 INFO filtre.Filter : Filter.add noiseThreshold=30.959999084472656
2014-03-04 14:56:53 INFO filtre.Filter : Filter.add noiseThreshold=30.959999084472656
2014-03-04 14:56:53 INFO filtre.Filter : Filter.add noiseThreshold=30.959999084472656
2014-03-04 14:56:53 INFO filtre.Filter : Filter.add noiseThreshold=30.959999084472656
2014-03-04 14:56:53 INFO filtre.Filter : Filter.add noiseThreshold=30.959999084472656
2014-03-04 14:56:53 INFO filtre.Filter : Filter.add noiseThreshold=30.959999084472656
2014-03-04 14:56:53 INFO filtre.Filter : Filter.add noiseThreshold=30.959999084472656
2014-03-04 14:56:53 INFO filtre.Filter : Filter.add noiseThreshold=30.959999084472656
2014-03-04 14:56:53 INFO filtre.Filter : Filter.add noiseThreshold=30.959999084472656
2014-03-04 14:56:53 INFO filtre.Filter : Filter.add noiseThreshold=30.959999084472656
2014-03-04 14:56:53 INFO filtre.Filter : Filter.add noiseThreshold=30.959999084472656
2014-03-04 14:56:53 INFO filtre.Filter : Filter.add noiseThreshold=30.959999084472656
2014-03-04 14:56:54 INFO filtre.Filter : Filter.add noiseThreshold=30.959999084472656
2014-03-04 14:56:54 INFO filtre.Filter : Filter.add noiseThreshold=30.959999084472656
2014-03-04 14:56:54 INFO filtre.Filter : Filter.add noiseThreshold=30.959999084472656
2014-03-04 14:56:54 INFO filtre.Filter : Filter.add noiseThreshold=30.959999084472656
2014-03-04 14:56:54 INFO filtre.Filter : Filter.add noiseThreshold=30.959999084472656
2014-03-04 14:56:54 INFO filtre.Filter : Filter.add noiseThreshold=30.959999084472656
2014-03-04 14:56:54 INFO filtre.Filter : Filter.add noiseThreshold=30.959999084472656
2014-03-04 14:56:54 INFO filtre.Filter : Filter.add noiseThreshold=30.959999084472656
2014-03-04 14:56:54 INFO filtre.Filter : Filter.add noiseThreshold=30.959999084472656
2014-03-04 14:56:54 INFO filtre.Filter : Filter.add noiseThreshold=30.959999084472656
2014-03-04 14:56:54 INFO filtre.Filter : Filter.add noiseThreshold=30.959999084472656
2014-03-04 14:56:54 INFO filtre.Filter : Filter.add noiseThreshold=30.959999084472656
2014-03-04 14:56:54 INFO filtre.Filter : Filter.add noiseThreshold=30.959999084472656
2014-03-04 14:56:55 INFO filtre.Filter : Filter.add noiseThreshold=30.959999084472656
2014-03-04 14:56:55 INFO filtre.Filter : Filter.add noiseThreshold=30.959999084472656
2014-03-04 14:56:55 INFO filtre.Filter : Filter.add noiseThreshold=30.959999084472656
2014-03-04 14:56:55 INFO filtre.Filter : Filter.add noiseThreshold=30.959999084472656
2014-03-04 14:56:55 INFO filtre.Filter : Filter.add noiseThreshold=30.959999084472656
2014-03-04 14:56:55 INFO filtre.Filter : Filter.add noiseThreshold=30.959999084472656
2014-03-04 14:56:55 INFO filtre.Filter : Filter.add noiseThreshold=30.959999084472656
2014-03-04 14:56:55 INFO filtre.Filter : Filter.add noiseThreshold=30.959999084472656
2014-03-04 14:56:55 INFO filtre.Filter : Filter.add noiseThreshold=30.959999084472656
2014-03-04 14:56:55 INFO filtre.Filter : Filter.add noiseThreshold=30.959999084472656
2014-03-04 14:56:55 INFO filtre.Filter : Filter.add noiseThreshold=30.959999084472656
2014-03-04 14:56:55 INFO filtre.Filter : Filter.add noiseThreshold=30.959999084472656
2014-03-04 14:56:56 INFO filtre.Filter : Filter.add noiseThreshold=30.959999084472656
2014-03-04 14:56:56 INFO filtre.Filter : Filter.add noiseThreshold=30.959999084472656
2014-03-04 14:56:56 INFO filtre.Filter : Filter.add noiseThreshold=30.959999084472656
2014-03-04 14:56:56 INFO filtre.Filter : Filter.add noiseThreshold=30.959999084472656
2014-03-04 14:56:56 INFO filtre.Filter : Filter.add noiseThreshold=30.959999084472656
2014-03-04 14:56:56 INFO filtre.Filter : Filter.add noiseThreshold=30.959999084472656
2014-03-04 14:56:56 INFO filtre.Filter : Filter.add noiseThreshold=30.959999084472656
2014-03-04 14:56:56 INFO filtre.Filter : Filter.add noiseThreshold=30.959999084472656
2014-03-04 14:56:56 INFO filtre.Filter : Filter.add noiseThreshold=30.959999084472656
2014-03-04 14:56:56 INFO filtre.Filter : Filter.add noiseThreshold=30.959999084472656
2014-03-04 14:56:56 INFO filtre.Filter : Filter.add noiseThreshold=30.959999084472656
2014-03-04 14:56:56 INFO filtre.Filter : Filter.add noiseThreshold=30.959999084472656
2014-03-04 14:56:56 INFO filtre.Filter : Filter.add noiseThreshold=30.959999084472656
2014-03-04 14:56:57 INFO filtre.Filter : Filter.add noiseThreshold=30.959999084472656
2014-03-04 14:56:57 INFO filtre.Filter : Filter.add noiseThreshold=30.959999084472656
2014-03-04 14:56:57 INFO filtre.Filter : Filter.add noiseThreshold=30.959999084472656
2014-03-04 14:56:57 INFO filtre.Filter : Filter.add noiseThreshold=30.959999084472656
2014-03-04 14:56:57 INFO filtre.Filter : Filter.add noiseThreshold=30.959999084472656
2014-03-04 14:56:57 INFO filtre.Filter : Filter.add noiseThreshold=30.959999084472656
2014-03-04 14:56:57 INFO filtre.Filter : Filter.add noiseThreshold=30.959999084472656
2014-03-04 14:56:57 INFO filtre.Filter : Filter.add noiseThreshold=30.959999084472656
2014-03-04 14:56:57 INFO filtre.Filter : Filter.add noiseThreshold=30.959999084472656
2014-03-04 14:56:57 INFO filtre.Filter : Filter.add noiseThreshold=30.959999084472656
2014-03-04 14:56:57 INFO filtre.Filter : Filter.add noiseThreshold=30.959999084472656
2014-03-04 14:56:57 INFO filtre.Filter : Filter.add noiseThreshold=30.959999084472656
2014-03-04 14:56:57 INFO filtre.Filter : Filter.add noiseThreshold=30.959999084472656
2014-03-04 14:56:58 INFO filtre.Filter : Filter.add noiseThreshold=30.959999084472656
2014-03-04 14:56:58 INFO filtre.Filter : Filter.add noiseThreshold=30.959999084472656
2014-03-04 14:56:58 INFO filtre.Filter : Filter.add noiseThreshold=30.959999084472656
2014-03-04 14:56:58 INFO filtre.Filter : Filter.add noiseThreshold=30.959999084472656
2014-03-04 14:56:58 INFO filtre.Filter : Filter.add noiseThreshold=30.959999084472656
2014-03-04 14:56:58 INFO filtre.Filter : Filter.add noiseThreshold=30.959999084472656
2014-03-04 14:56:58 INFO filtre.Filter : Filter.add noiseThreshold=30.959999084472656
2014-03-04 14:56:58 INFO filtre.Filter : Filter.add noiseThreshold=30.959999084472656
2014-03-04 14:56:58 INFO filtre.Filter : Filter.add noiseThreshold=30.959999084472656
2014-03-04 14:56:58 INFO filtre.Filter : Filter.add noiseThreshold=30.959999084472656
2014-03-04 14:56:58 INFO filtre.Filter : Filter.add noiseThreshold=30.959999084472656
2014-03-04 14:56:58 INFO filtre.Filter : Filter.add noiseThreshold=30.959999084472656
2014-03-04 14:56:59 INFO filtre.Filter : Filter.add noiseThreshold=30.959999084472656
2014-03-04 14:56:59 INFO filtre.Filter : Filter.add noiseThreshold=30.959999084472656
2014-03-04 14:56:59 INFO filtre.Filter : Filter.add noiseThreshold=30.959999084472656
2014-03-04 14:56:59 INFO filtre.Filter : Filter.add noiseThreshold=30.959999084472656
2014-03-04 14:56:59 INFO filtre.Filter : Filter.add noiseThreshold=30.959999084472656
2014-03-04 14:56:59 INFO filtre.Filter : Filter.add noiseThreshold=30.959999084472656
2014-03-04 14:56:59 INFO filtre.Filter : Filter.add noiseThreshold=30.959999084472656
2014-03-04 14:56:59 INFO filtre.Filter : Filter.add noiseThreshold=30.959999084472656
2014-03-04 14:56:59 INFO filtre.Filter : Filter.add noiseThreshold=30.959999084472656
2014-03-04 14:56:59 INFO filtre.Filter : Filter.add noiseThreshold=30.959999084472656
2014-03-04 14:56:59 INFO filtre.Filter : Filter.add noiseThreshold=30.959999084472656
2014-03-04 14:56:59 INFO filtre.Filter : Filter.add noiseThreshold=30.959999084472656
2014-03-04 14:57:00 INFO filtre.Filter : Filter.add noiseThreshold=30.959999084472656
2014-03-04 14:57:00 INFO filtre.Filter : Filter.add noiseThreshold=30.959999084472656
2014-03-04 14:57:00 INFO filtre.Filter : Filter.add noiseThreshold=30.959999084472656
2014-03-04 14:57:00 INFO filtre.Filter : Filter.add noiseThreshold=30.959999084472656
2014-03-04 14:57:00 INFO filtre.Filter : Filter.add noiseThreshold=30.959999084472656
2014-03-04 14:57:00 INFO filtre.Filter : Filter.add noiseThreshold=30.959999084472656
2014-03-04 14:57:00 INFO filtre.Filter : Filter.add noiseThreshold=30.959999084472656
2014-03-04 14:57:00 INFO filtre.Filter : Filter.add noiseThreshold=30.959999084472656
2014-03-04 14:57:00 INFO filtre.Filter : Filter.add noiseThreshold=30.959999084472656
2014-03-04 14:57:00 INFO filtre.Filter : Filter.add noiseThreshold=30.959999084472656
2014-03-04 14:57:00 INFO filtre.Filter : Filter.add noiseThreshold=30.959999084472656
2014-03-04 14:57:00 INFO filtre.Filter : Filter.add noiseThreshold=30.959999084472656
2014-03-04 14:57:00 INFO filtre.Filter : Filter.add noiseThreshold=30.959999084472656
2014-03-04 14:57:01 INFO filtre.Filter : Filter.add noiseThreshold=30.959999084472656
2014-03-04 14:57:01 INFO filtre.Filter : Filter.add noiseThreshold=30.959999084472656
2014-03-04 14:57:01 INFO filtre.Filter : Filter.add noiseThreshold=30.959999084472656
2014-03-04 14:57:01 INFO filtre.Filter : Filter.add noiseThreshold=30.959999084472656
2014-03-04 14:57:01 INFO filtre.Filter : Filter.add noiseThreshold=30.959999084472656
2014-03-04 14:57:01 INFO filtre.Filter : Filter.add noiseThreshold=30.959999084472656
2014-03-04 14:57:01 INFO filtre.Filter : Filter.add noiseThreshold=30.959999084472656
2014-03-04 14:57:01 INFO filtre.Filter : Filter.add noiseThreshold=30.959999084472656
2014-03-04 14:57:01 INFO filtre.Filter : Filter.add noiseThreshold=30.959999084472656
2014-03-04 14:57:01 INFO filtre.Filter : Filter.add noiseThreshold=30.959999084472656
2014-03-04 14:57:01 INFO filtre.Filter : Filter.add noiseThreshold=30.959999084472656
2014-03-04 14:57:01 INFO filtre.Filter : Filter.add noiseThreshold=30.959999084472656
2014-03-04 14:57:01 INFO filtre.Filter : Filter.add noiseThreshold=30.959999084472656
2014-03-04 14:57:02 INFO filtre.Filter : Filter.add noiseThreshold=30.959999084472656
2014-03-04 14:57:02 INFO filtre.Filter : Filter.add noiseThreshold=30.959999084472656
2014-03-04 14:57:02 INFO filtre.Filter : Filter.add noiseThreshold=30.959999084472656
2014-03-04 14:57:02 INFO filtre.Filter : Filter.add noiseThreshold=30.959999084472656
2014-03-04 14:57:02 INFO filtre.Filter : Filter.add noiseThreshold=30.959999084472656
2014-03-04 14:57:02 INFO filtre.Filter : Filter.add noiseThreshold=30.959999084472656
2014-03-04 14:57:02 INFO filtre.Filter : Filter.add noiseThreshold=30.959999084472656
2014-03-04 14:57:02 INFO filtre.Filter : Filter.add noiseThreshold=30.959999084472656
2014-03-04 14:57:02 INFO filtre.Filter : Filter.add noiseThreshold=30.959999084472656
2014-03-04 14:57:02 INFO filtre.Filter : Filter.add noiseThreshold=30.959999084472656
2014-03-04 14:57:02 INFO filtre.Filter : Filter.add noiseThreshold=30.959999084472656
2014-03-04 14:57:02 INFO filtre.Filter : Filter.add noiseThreshold=30.959999084472656
2014-03-04 14:57:03 INFO filtre.Filter : Filter.add noiseThreshold=30.959999084472656
2014-03-04 14:57:03 INFO filtre.Filter : Filter.add noiseThreshold=30.959999084472656
2014-03-04 14:57:03 INFO filtre.Filter : Filter.add noiseThreshold=30.959999084472656
2014-03-04 14:57:03 INFO filtre.Filter : Filter.add noiseThreshold=30.959999084472656
2014-03-04 14:57:03 INFO filtre.Filter : Filter.add noiseThreshold=30.959999084472656
2014-03-04 14:57:03 INFO filtre.Filter : Filter.add noiseThreshold=30.959999084472656
2014-03-04 14:57:03 INFO filtre.Filter : Filter.add noiseThreshold=30.959999084472656
2014-03-04 14:57:03 INFO filtre.Filter : Filter.add noiseThreshold=30.959999084472656
2014-03-04 14:57:03 INFO filtre.Filter : Filter.add noiseThreshold=30.959999084472656
2014-03-04 14:57:03 INFO filtre.Filter : Filter.add noiseThreshold=30.959999084472656
2014-03-04 14:57:03 INFO filtre.Filter : Filter.add noiseThreshold=30.959999084472656
2014-03-04 14:57:03 INFO filtre.Filter : Filter.add noiseThreshold=30.959999084472656
2014-03-04 14:57:04 INFO filtre.Filter : Filter.add noiseThreshold=30.959999084472656
2014-03-04 14:57:04 INFO filtre.Filter : Filter.add noiseThreshold=30.959999084472656
2014-03-04 14:57:04 INFO filtre.Filter : Filter.add noiseThreshold=30.959999084472656
