2014-03-03 11:59:06 INFO ihm.Calibration : Properties : 
autofocus_calibration_data=logs/calibration.data
simulation_calibration_data=test/calib_lisa_test_droneId_5.data
paparazzi_script_calibration=paparazzi_calibration/calibrate.py

2014-03-03 11:59:07 INFO imu.IMU : new aircraft built with id=5
2014-03-03 11:59:07 INFO testData.Sender : starting sending IMU test data...
2014-03-03 11:59:08 WARNING ihm.MainFrame : setSelectedIndex: 2 out of bounds
2014-03-03 11:59:11 INFO ihm.MainFrame : starting calibration of accelerometer...
2014-03-03 11:59:11 INFO imu.IMU : listening raw datas for drone 5...
2014-03-03 12:02:10 WARNING imu.IMU : stopped listening raw datas for drone 5
2014-03-03 12:02:10 INFO ihm.Result : quantité de données insuffisante pour pouvoir calculer une calibration : 1725/2000
2014-03-03 12:02:12 INFO imu.IMU : listening raw datas for drone 5...
2014-03-03 12:02:44 WARNING imu.IMU : stopped listening raw datas for drone 5
2014-03-03 12:02:44 INFO calibrate.PrintLog : logs/calibration.data created with 2035 lines
2014-03-03 12:02:44 INFO calibrate.CalibrateSystem : executing : python paparazzi_calibration/calibrate.py -s ACCEL  -v logs/calibration.data
2014-03-03 12:02:44 INFO calibrate.CalibrateSystem : python script result for ACCELEROMETER :
2014-03-03 12:02:45 INFO calibrate.CalibrateSystem : Using aircraft id 5
reading file logs/calibration.data for aircraft 5 and sensor ACCEL
found 2035 records
Using noise threshold of 40 for filtering.
remaining 811 after filtering
initial guess : avg 12.5759105293 std 1.87768918556
optimized guess : avg 9.80981683692 std 0.0423888342861

<define name="ACCEL_X_NEUTRAL" value="-618"/>
<define name="ACCEL_Y_NEUTRAL" value="-14"/>
<define name="ACCEL_Z_NEUTRAL" value="85"/>
<define name="ACCEL_X_SENS" value="4.87655689005" integer="16"/>
<define name="ACCEL_Y_SENS" value="5.16058658675" integer="16"/>
<define name="ACCEL_Z_SENS" value="4.81802688304" integer="16"/>

2014-03-03 12:02:45 INFO calibrate.CalibrateSystem : end of python script for ACCELEROMETER
2014-03-03 12:02:52 INFO imu.IMU : listening raw datas for drone 5...
