2014-03-03 11:16:13 INFO ihm.Calibration : Properties : 
autofocus_calibration_data=logs/calibration.data
simulation_calibration_data=test/calib_lisa_test_droneId_5.data
paparazzi_script_calibration=paparazzi_calibration/calibrate.py

2014-03-03 11:16:14 INFO imu.IMU : new aircraft built with id=5
2014-03-03 11:16:14 INFO testData.Sender : starting sending IMU test data...
2014-03-03 11:16:14 WARNING ihm.MainFrame : setSelectedIndex: 2 out of bounds
2014-03-03 11:16:17 INFO ihm.MainFrame : starting calibration of accelerometer...
2014-03-03 11:16:17 INFO imu.IMU : listening raw datas for drone 5...
2014-03-03 11:16:27 WARNING imu.IMU : stopped listening raw datas for drone 5
2014-03-03 11:16:27 WARNING imu.IMU : stopped listening raw datas for drone 5
2014-03-03 11:16:27 INFO imu.IMU : new aircraft built with id=5
2014-03-03 11:16:27 INFO ihm.MainFrame : starting calibration of magnetometer...
2014-03-03 11:16:27 INFO imu.IMU : listening raw datas for drone 5...
2014-03-03 11:16:30 WARNING imu.IMU : stopped listening raw datas for drone 5
2014-03-03 11:16:30 WARNING imu.IMU : stopped listening raw datas for drone 5
2014-03-03 11:16:30 INFO imu.IMU : new aircraft built with id=5
2014-03-03 11:16:30 WARNING ihm.MainFrame : aircraftRawOn : comboBox AC vide
2014-03-03 11:16:30 WARNING ihm.MainFrame : null
2014-03-03 11:16:31 INFO ihm.MainFrame : starting calibration of accelerometer...
2014-03-03 11:16:31 INFO imu.IMU : listening raw datas for drone 5...
2014-03-03 11:16:35 WARNING imu.IMU : stopped listening raw datas for drone 5
2014-03-03 11:16:35 WARNING imu.IMU : stopped listening raw datas for drone 5
2014-03-03 11:16:35 INFO imu.IMU : new aircraft built with id=5
