2014-03-06 10:18:36 INFO ihm.Calibration : Properties : 
autofocus_calibration_data=logs/calibration.data
simulation_calibration_data=test/calib_prod16_droneId_5.data
paparazzi_script_calibration=paparazzi_calibration/calibrate.py

2014-03-06 10:18:37 INFO imu.IMU : new aircraft built with id=5
2014-03-06 10:18:38 INFO testData.Sender : starting sending IMU test data...
2014-03-06 10:18:39 INFO ihm.MainFrame : starting calibration of accelerometer...
2014-03-06 10:18:39 INFO imu.IMU : listening raw datas for drone 5...
2014-03-06 10:31:06 INFO testData.Sender : stopped sending IMU test data
2014-03-06 10:39:22 WARNING imu.IMU : stopped listening raw datas for drone 5
2014-03-06 10:39:22 INFO calibrate.PrintLog : logs/calibration.data created with 7830 lines
2014-03-06 10:39:22 INFO calibrate.CalibrateSystem : executing : python paparazzi_calibration/calibrate.py -s ACCEL  -v logs/calibration.data
2014-03-06 10:39:22 INFO calibrate.CalibrateSystem : python script result for ACCELEROMETER :
2014-03-06 10:39:24 INFO calibrate.CalibrateSystem : Using aircraft id 5
reading file logs/calibration.data for aircraft 5 and sensor ACCEL
found 7830 records
Using noise threshold of 40 for filtering.
remaining 5607 after filtering
initial guess : avg 9.65282173785 std 0.0951903275225
optimized guess : avg 9.8096873468 std 0.0553807782606

<define name="ACCEL_X_NEUTRAL" value="29"/>
<define name="ACCEL_Y_NEUTRAL" value="-4"/>
<define name="ACCEL_Z_NEUTRAL" value="169"/>
<define name="ACCEL_X_SENS" value="4.88556384201" integer="16"/>
<define name="ACCEL_Y_SENS" value="4.87774751756" integer="16"/>
<define name="ACCEL_Z_SENS" value="4.89798680399" integer="16"/>

2014-03-06 10:39:24 INFO calibrate.CalibrateSystem : end of python script for ACCELEROMETER
2014-03-06 10:39:33 INFO imu.IMU : listening raw datas for drone 5...
