2014-03-03 13:41:36 INFO ihm.Calibration : Properties : 
autofocus_calibration_data=logs/calibration.data
simulation_calibration_data=test/calib_prod16_droneId_5.data
paparazzi_script_calibration=paparazzi_calibration/calibrate.py

2014-03-03 13:41:37 INFO imu.IMU : new aircraft built with id=5
2014-03-03 13:41:37 INFO testData.Sender : starting sending IMU test data...
2014-03-03 13:41:38 WARNING ihm.MainFrame : setSelectedIndex: 2 out of bounds
2014-03-03 13:41:38 INFO ihm.MainFrame : starting calibration of magnetometer...
2014-03-03 13:41:38 INFO imu.IMU : listening raw datas for drone 5...
2014-03-03 13:56:36 INFO testData.Sender : stopped sending IMU test data
2014-03-03 14:01:16 WARNING imu.IMU : stopped listening raw datas for drone 5
2014-03-03 14:01:16 INFO calibrate.PrintLog : logs/calibration.data created with 7834 lines
2014-03-03 14:01:16 INFO calibrate.CalibrateSystem : executing : python paparazzi_calibration/calibrate.py -s MAG  -v logs/calibration.data
2014-03-03 14:01:16 INFO calibrate.CalibrateSystem : python script result for MAGNETOMETER :
2014-03-03 14:01:20 INFO calibrate.CalibrateSystem : Using aircraft id 5
reading file logs/calibration.data for aircraft 5 and sensor MAG
found 7834 records
Using noise threshold of 1000 for filtering.
remaining 7814 after filtering
initial guess : avg 0.978174419686 std 0.0987934536488
optimized guess : avg 0.999398455279 std 0.024519030807

<define name="MAG_X_NEUTRAL" value="-91"/>
<define name="MAG_Y_NEUTRAL" value="-49"/>
<define name="MAG_Z_NEUTRAL" value="7"/>
<define name="MAG_X_SENS" value="3.90126769026" integer="16"/>
<define name="MAG_Y_SENS" value="3.86603558263" integer="16"/>
<define name="MAG_Z_SENS" value="4.18064592686" integer="16"/>

2014-03-03 14:01:20 INFO calibrate.CalibrateSystem : end of python script for MAGNETOMETER
2014-03-03 14:01:24 INFO imu.IMU : listening raw datas for drone 5...
