2014-03-03 18:18:25 INFO ihm.Calibration : Properties : 
autofocus_calibration_data=logs/calibration.data
simulation_calibration_data=test/calib_prod1_3_droneId_5.data
paparazzi_script_calibration=paparazzi_calibration/calibrate.py

2014-03-03 18:18:26 INFO imu.IMU : new aircraft built with id=5
2014-03-03 18:18:26 INFO testData.Sender : starting sending IMU test data...
2014-03-03 18:18:29 INFO ihm.MainFrame : starting calibration of accelerometer...
2014-03-03 18:18:29 INFO imu.IMU : listening raw datas for drone 5...
2014-03-03 18:18:30 WARNING imu.IMU : stopped listening raw datas for drone 5
2014-03-03 18:18:30 WARNING imu.IMU : stopped listening raw datas for drone 5
2014-03-03 18:18:31 INFO imu.IMU : new aircraft built with id=5
2014-03-03 18:18:32 INFO ihm.MainFrame : starting calibration of accelerometer...
2014-03-03 18:18:32 INFO imu.IMU : listening raw datas for drone 5...
2014-03-03 18:18:41 WARNING imu.IMU : stopped listening raw datas for drone 5
2014-03-03 18:18:41 INFO calibrate.PrintLog : logs/calibration.data created with 125 lines
2014-03-03 18:18:41 INFO calibrate.CalibrateSystem : executing : python paparazzi_calibration/calibrate.py -s ACCEL  -v logs/calibration.data
2014-03-03 18:18:41 INFO calibrate.CalibrateSystem : python script result for ACCELEROMETER :
2014-03-03 18:18:41 INFO calibrate.CalibrateSystem : Using aircraft id 5
reading file logs/calibration.data for aircraft 5 and sensor ACCEL
found 125 records
Using noise threshold of 40 for filtering.
remaining 2 after filtering
initial guess : avg 16.9914184223 std 0.0

2014-03-03 18:18:41 INFO calibrate.CalibrateSystem : end of python script for ACCELEROMETER
2014-03-03 18:18:47 INFO imu.IMU : listening raw datas for drone 5...
2014-03-03 18:19:07 WARNING imu.IMU : stopped listening raw datas for drone 5
2014-03-03 18:19:07 WARNING calibrate.PrintLog : null
2014-03-03 18:19:07 INFO calibrate.CalibrateSystem : executing : python paparazzi_calibration/calibrate.py -s ACCEL  -v logs/calibration.data
2014-03-03 18:19:07 INFO calibrate.CalibrateSystem : python script result for ACCELEROMETER :
2014-03-03 18:19:08 INFO calibrate.CalibrateSystem : 
2014-03-03 18:19:08 INFO calibrate.CalibrateSystem : end of python script for ACCELEROMETER
2014-03-03 18:19:14 INFO imu.IMU : listening raw datas for drone 5...
2014-03-03 18:19:31 WARNING imu.IMU : stopped listening raw datas for drone 5
2014-03-03 18:19:31 INFO calibrate.PrintLog : logs/calibration.data created with 598 lines
2014-03-03 18:19:31 INFO calibrate.CalibrateSystem : executing : python paparazzi_calibration/calibrate.py -s ACCEL  -v logs/calibration.data
2014-03-03 18:19:31 INFO calibrate.CalibrateSystem : python script result for ACCELEROMETER :
