2014-03-03 12:16:56 INFO ihm.Calibration : Properties : 
autofocus_calibration_data=logs/calibration.data
simulation_calibration_data=test/calib_prod1_3_droneId_5.data
paparazzi_script_calibration=paparazzi_calibration/calibrate.py

2014-03-03 12:16:57 INFO imu.IMU : new aircraft built with id=5
2014-03-03 12:16:57 INFO testData.Sender : starting sending IMU test data...
2014-03-03 12:16:58 WARNING ihm.MainFrame : setSelectedIndex: 2 out of bounds
2014-03-03 12:17:01 INFO ihm.MainFrame : starting calibration of accelerometer...
2014-03-03 12:17:01 INFO imu.IMU : listening raw datas for drone 5...
2014-03-03 12:29:40 INFO testData.Sender : stopped sending IMU test data
2014-03-03 12:29:44 WARNING imu.IMU : stopped listening raw datas for drone 5
2014-03-03 12:29:44 INFO calibrate.PrintLog : logs/calibration.data created with 7359 lines
2014-03-03 12:29:44 INFO calibrate.CalibrateSystem : executing : python paparazzi_calibration/calibrate.py -s ACCEL  -v logs/calibration.data
2014-03-03 12:29:44 INFO calibrate.CalibrateSystem : python script result for ACCELEROMETER :
2014-03-03 12:29:46 INFO calibrate.CalibrateSystem : Using aircraft id 5
reading file logs/calibration.data for aircraft 5 and sensor ACCEL
found 7359 records
Using noise threshold of 40 for filtering.
remaining 4569 after filtering
initial guess : avg 9.62595267816 std 0.066354383517
optimized guess : avg 9.80969991471 std 0.0542563064083

<define name="ACCEL_X_NEUTRAL" value="31"/>
<define name="ACCEL_Y_NEUTRAL" value="-11"/>
<define name="ACCEL_Z_NEUTRAL" value="5"/>
<define name="ACCEL_X_SENS" value="4.87771935819" integer="16"/>
<define name="ACCEL_Y_SENS" value="4.86854289658" integer="16"/>
<define name="ACCEL_Z_SENS" value="4.8665851706" integer="16"/>

2014-03-03 12:29:46 INFO calibrate.CalibrateSystem : end of python script for ACCELEROMETER
2014-03-03 12:29:56 INFO imu.IMU : listening raw datas for drone 5...
