2014-03-05 10:48:39 INFO ihm.Calibration : Properties : 
autofocus_calibration_data=logs/calibration.data
simulation_calibration_data=test/calib_prod1_3_droneId_5.data
paparazzi_script_calibration=paparazzi_calibration/calibrate.py

2014-03-05 10:48:41 INFO testData.Sender : starting sending IMU test data...
2014-03-05 10:48:42 INFO imu.IMU : new aircraft built with id=5
2014-03-05 10:48:44 INFO ihm.MainFrame : starting calibration of accelerometer...
2014-03-05 10:48:44 INFO imu.IMU : listening raw datas for drone 5...
2014-03-05 10:48:45 INFO filtre.Filter : Filter.add messageStack size=1
2014-03-05 10:48:45 INFO filtre.Filter : Filter.add messageStack size=2
2014-03-05 10:48:45 INFO filtre.Filter : Filter.add messageStack size=3
2014-03-05 10:48:45 INFO filtre.Filter : Filter.add messageStack size=4
2014-03-05 10:48:46 INFO filtre.Filter : Filter.add messageStack size=5
2014-03-05 10:48:46 INFO filtre.Filter : Filter.add messageStack size=6
2014-03-05 10:48:46 INFO filtre.Filter : Filter.add messageStack size=7
2014-03-05 10:48:46 INFO filtre.Filter : Filter.add messageStack size=8
2014-03-05 10:48:46 INFO filtre.Filter : Filter.add messageStack size=9
2014-03-05 10:48:47 INFO filtre.Filter : Filter.add messageStack size=10
2014-03-05 10:48:47 INFO filtre.Filter : Filter.add messageStack size=11
2014-03-05 10:48:47 INFO filtre.Filter : Filter.add messageStack size=12
2014-03-05 10:48:47 INFO filtre.Filter : Filter.add messageStack size=13
2014-03-05 10:48:48 INFO filtre.Filter : Filter.add messageStack size=14
2014-03-05 10:48:48 INFO filtre.Filter : Filter.add messageStack size=15
2014-03-05 10:48:48 INFO filtre.Filter : Filter.add messageStack size=16
2014-03-05 10:48:48 INFO filtre.Filter : Filter.add messageStack size=17
2014-03-05 10:48:48 INFO filtre.Filter : Filter.add messageStack size=18
2014-03-05 10:48:49 INFO filtre.Filter : Filter.add messageStack size=19
2014-03-05 10:48:49 INFO filtre.Filter : Filter.add messageStack size=20
2014-03-05 10:48:49 INFO filtre.Filter : Filter.add messageStack size=21
2014-03-05 10:48:50 INFO filtre.Filter : Filter.add messageStack size=22
2014-03-05 10:48:50 INFO filtre.Filter : Filter.add messageStack size=23
2014-03-05 10:48:50 INFO filtre.Filter : Filter.add messageStack size=24
2014-03-05 10:48:50 INFO filtre.Filter : Filter.add messageStack size=25
2014-03-05 10:48:51 INFO filtre.Filter : Filter.add messageStack size=26
2014-03-05 10:48:51 INFO filtre.Filter : Filter.add messageStack size=27
2014-03-05 10:48:51 INFO filtre.Filter : Filter.add messageStack size=28
2014-03-05 10:48:51 INFO filtre.Filter : Filter.add messageStack size=29
2014-03-05 10:48:51 INFO filtre.Filter : Filter.add messageStack size=30
2014-03-05 10:48:52 INFO filtre.Filter : Filter.add messageStack size=31
2014-03-05 10:48:52 INFO filtre.Filter : Filter.add messageStack size=32
2014-03-05 10:48:52 INFO filtre.Filter : Filter.add messageStack size=33
2014-03-05 10:48:52 INFO filtre.Filter : Filter.add messageStack size=34
2014-03-05 10:48:53 INFO filtre.Filter : Filter.add messageStack size=35
2014-03-05 10:48:53 INFO filtre.Filter : Filter.add messageStack size=36
2014-03-05 10:48:53 INFO filtre.Filter : Filter.add messageStack size=37
2014-03-05 10:48:53 INFO filtre.Filter : Filter.add messageStack size=38
2014-03-05 10:48:54 INFO filtre.Filter : Filter.add messageStack size=39
2014-03-05 10:48:54 INFO filtre.Filter : Filter.add messageStack size=40
2014-03-05 10:48:54 INFO filtre.Filter : Filter.add messageStack size=41
2014-03-05 10:48:54 INFO filtre.Filter : Filter.add messageStack size=42
2014-03-05 10:48:55 INFO filtre.Filter : Filter.add messageStack size=43
2014-03-05 10:48:55 INFO filtre.Filter : Filter.add messageStack size=44
2014-03-05 10:48:55 INFO filtre.Filter : Filter.add messageStack size=45
2014-03-05 10:48:55 INFO filtre.Filter : Filter.add messageStack size=46
2014-03-05 10:48:55 INFO filtre.Filter : Filter.add messageStack size=47
2014-03-05 10:48:56 INFO filtre.Filter : Filter.add messageStack size=48
2014-03-05 10:48:56 INFO filtre.Filter : Filter.add messageStack size=49
2014-03-05 10:48:56 INFO filtre.Filter : Filter.add messageStack size=50
2014-03-05 10:48:56 INFO filtre.Filter : Filter.add messageStack size=51
2014-03-05 10:48:57 INFO filtre.Filter : Filter.add messageStack size=52
2014-03-05 10:48:57 INFO filtre.Filter : Filter.add messageStack size=53
2014-03-05 10:48:57 INFO filtre.Filter : Filter.add messageStack size=54
2014-03-05 10:48:57 INFO filtre.Filter : Filter.add messageStack size=55
2014-03-05 10:48:57 INFO filtre.Filter : Filter.add messageStack size=56
2014-03-05 10:48:58 INFO filtre.Filter : Filter.add messageStack size=57
2014-03-05 10:48:58 INFO filtre.Filter : Filter.add messageStack size=58
2014-03-05 10:48:58 INFO filtre.Filter : Filter.add messageStack size=59
2014-03-05 10:48:58 INFO filtre.Filter : Filter.add messageStack size=60
2014-03-05 10:48:59 INFO filtre.Filter : Filter.add messageStack size=61
2014-03-05 10:48:59 INFO filtre.Filter : Filter.add messageStack size=62
2014-03-05 10:48:59 INFO filtre.Filter : Filter.add messageStack size=63
2014-03-05 10:48:59 INFO filtre.Filter : Filter.add messageStack size=64
2014-03-05 10:49:00 INFO filtre.Filter : Filter.add messageStack size=65
2014-03-05 10:49:00 INFO filtre.Filter : Filter.add messageStack size=66
2014-03-05 10:49:00 INFO filtre.Filter : Filter.add messageStack size=67
2014-03-05 10:49:00 INFO filtre.Filter : Filter.add messageStack size=68
2014-03-05 10:49:01 INFO filtre.Filter : Filter.add messageStack size=69
2014-03-05 10:49:01 INFO filtre.Filter : Filter.add messageStack size=70
2014-03-05 10:49:01 INFO filtre.Filter : Filter.add messageStack size=71
2014-03-05 10:49:01 INFO filtre.Filter : Filter.add messageStack size=72
2014-03-05 10:49:02 INFO filtre.Filter : Filter.add messageStack size=73
2014-03-05 10:49:02 INFO filtre.Filter : Filter.add messageStack size=74
2014-03-05 10:49:02 INFO filtre.Filter : Filter.add messageStack size=75
2014-03-05 10:49:02 INFO filtre.Filter : Filter.add messageStack size=76
2014-03-05 10:49:03 INFO filtre.Filter : Filter.add messageStack size=77
2014-03-05 10:49:03 INFO filtre.Filter : Filter.add messageStack size=78
2014-03-05 10:49:03 INFO filtre.Filter : Filter.add messageStack size=79
2014-03-05 10:49:03 INFO filtre.Filter : Filter.add messageStack size=80
2014-03-05 10:49:04 INFO filtre.Filter : Filter.add messageStack size=81
2014-03-05 10:49:04 INFO filtre.Filter : Filter.add messageStack size=82
2014-03-05 10:49:04 INFO filtre.Filter : Filter.add messageStack size=83
2014-03-05 10:49:04 INFO filtre.Filter : Filter.add messageStack size=84
2014-03-05 10:49:05 INFO filtre.Filter : Filter.add messageStack size=85
2014-03-05 10:49:05 INFO filtre.Filter : Filter.add messageStack size=86
2014-03-05 10:49:05 INFO filtre.Filter : Filter.add messageStack size=87
2014-03-05 10:49:05 INFO filtre.Filter : Filter.add messageStack size=88
2014-03-05 10:49:05 INFO filtre.Filter : Filter.add messageStack size=89
2014-03-05 10:49:06 INFO filtre.Filter : Filter.add messageStack size=90
2014-03-05 10:49:06 INFO filtre.Filter : Filter.add messageStack size=91
2014-03-05 10:49:06 INFO filtre.Filter : Filter.add messageStack size=92
2014-03-05 10:49:06 INFO filtre.Filter : Filter.add messageStack size=93
2014-03-05 10:49:07 INFO filtre.Filter : Filter.add messageStack size=94
2014-03-05 10:49:07 INFO filtre.Filter : Filter.add messageStack size=95
2014-03-05 10:49:07 INFO filtre.Filter : Filter.add messageStack size=96
2014-03-05 10:49:07 INFO filtre.Filter : Filter.add messageStack size=97
2014-03-05 10:49:07 INFO filtre.Filter : Filter.add messageStack size=98
2014-03-05 10:49:08 INFO filtre.Filter : Filter.add messageStack size=99
2014-03-05 10:49:08 INFO filtre.Filter : Filter.add messageStack size=100
2014-03-05 10:49:08 INFO filtre.Filter : Filter.add messageStack size=100
2014-03-05 10:49:08 INFO filtre.Filter : Filter.add messageStack size=100
2014-03-05 10:49:09 INFO filtre.Filter : Filter.add messageStack size=100
2014-03-05 10:49:09 INFO filtre.Filter : Filter.add messageStack size=100
2014-03-05 10:49:09 INFO filtre.Filter : Filter.add messageStack size=100
2014-03-05 10:49:09 INFO filtre.Filter : Filter.add messageStack size=100
2014-03-05 10:49:10 INFO filtre.Filter : Filter.add messageStack size=100
2014-03-05 10:49:10 INFO filtre.Filter : Filter.add messageStack size=100
2014-03-05 10:49:10 INFO filtre.Filter : Filter.add messageStack size=100
2014-03-05 10:49:10 WARNING imu.IMU : stopped listening raw datas for drone 5
2014-03-05 10:49:10 INFO calibrate.PrintLog : logs/calibration.data created with 109 lines
2014-03-05 10:49:10 INFO calibrate.CalibrateSystem : executing : python paparazzi_calibration/calibrate.py -s ACCEL  -v logs/calibration.data
2014-03-05 10:49:11 INFO calibrate.CalibrateSystem : python script result for ACCELEROMETER :
2014-03-05 10:49:11 INFO calibrate.CalibrateSystem : Using aircraft id 5
reading file logs/calibration.data for aircraft 5 and sensor ACCEL
found 109 records
Using noise threshold of 40 for filtering.
remaining 0 after filtering
Error: found zero IMU_ACCEL_RAW measurements for aircraft with id 5 in log file after filtering!

2014-03-05 10:49:11 INFO calibrate.CalibrateSystem : end of python script for ACCELEROMETER
2014-03-05 10:49:16 INFO imu.IMU : listening raw datas for drone 5...
2014-03-05 10:49:16 INFO filtre.Filter : Filter.add messageStack size=100
2014-03-05 10:49:16 INFO filtre.Filter : Filter.add messageStack size=100
2014-03-05 10:49:16 INFO filtre.Filter : Filter.add messageStack size=100
2014-03-05 10:49:16 INFO filtre.Filter : Filter.add messageStack size=100
2014-03-05 10:49:17 INFO filtre.Filter : Filter.add messageStack size=100
2014-03-05 10:49:17 INFO filtre.Filter : Filter.add messageStack size=100
2014-03-05 10:49:17 INFO filtre.Filter : Filter.add messageStack size=100
2014-03-05 10:49:17 INFO filtre.Filter : Filter.add messageStack size=100
2014-03-05 10:49:17 INFO filtre.Filter : Filter.add messageStack size=100
2014-03-05 10:49:18 INFO filtre.Filter : Filter.add messageStack size=100
2014-03-05 10:49:18 INFO filtre.Filter : Filter.add messageStack size=100
2014-03-05 10:49:18 INFO filtre.Filter : Filter.add messageStack size=100
2014-03-05 10:49:19 INFO filtre.Filter : Filter.add messageStack size=100
2014-03-05 10:49:19 INFO filtre.Filter : Filter.add messageStack size=100
2014-03-05 10:49:19 INFO filtre.Filter : Filter.add messageStack size=100
2014-03-05 10:49:19 INFO filtre.Filter : Filter.add messageStack size=100
2014-03-05 10:49:20 INFO filtre.Filter : Filter.add messageStack size=100
2014-03-05 10:49:20 INFO filtre.Filter : Filter.add messageStack size=100
2014-03-05 10:49:20 INFO filtre.Filter : Filter.add messageStack size=100
2014-03-05 10:49:20 INFO filtre.Filter : Filter.add messageStack size=100
2014-03-05 10:49:20 INFO filtre.Filter : Filter.add messageStack size=100
2014-03-05 10:49:21 INFO filtre.Filter : Filter.add messageStack size=100
2014-03-05 10:49:21 INFO filtre.Filter : Filter.add messageStack size=100
2014-03-05 10:49:21 INFO filtre.Filter : Filter.add messageStack size=100
2014-03-05 10:49:21 INFO filtre.Filter : Filter.add messageStack size=100
2014-03-05 10:49:22 INFO filtre.Filter : Filter.add messageStack size=100
2014-03-05 10:49:22 INFO filtre.Filter : Filter.add messageStack size=100
2014-03-05 10:49:22 INFO filtre.Filter : Filter.add messageStack size=100
2014-03-05 10:49:22 INFO filtre.Filter : Filter.add messageStack size=100
2014-03-05 10:49:23 INFO filtre.Filter : Filter.add messageStack size=100
2014-03-05 10:49:23 INFO filtre.Filter : Filter.add messageStack size=100
2014-03-05 10:49:23 INFO filtre.Filter : Filter.add messageStack size=100
2014-03-05 10:49:23 INFO filtre.Filter : Filter.add messageStack size=100
2014-03-05 10:49:23 INFO filtre.Filter : Filter.add messageStack size=100
2014-03-05 10:49:24 INFO filtre.Filter : Filter.add messageStack size=100
2014-03-05 10:49:24 INFO filtre.Filter : Filter.add messageStack size=100
2014-03-05 10:49:24 INFO filtre.Filter : Filter.add messageStack size=100
2014-03-05 10:49:24 INFO filtre.Filter : Filter.add messageStack size=100
2014-03-05 10:49:25 INFO filtre.Filter : Filter.add messageStack size=100
2014-03-05 10:49:25 INFO filtre.Filter : Filter.add messageStack size=100
2014-03-05 10:49:25 INFO filtre.Filter : Filter.add messageStack size=100
2014-03-05 10:49:25 INFO filtre.Filter : Filter.add messageStack size=100
2014-03-05 10:49:25 INFO filtre.Filter : Filter.add messageStack size=100
2014-03-05 10:49:26 INFO filtre.Filter : Filter.add messageStack size=100
2014-03-05 10:49:26 INFO filtre.Filter : Filter.add messageStack size=100
2014-03-05 10:49:26 INFO filtre.Filter : Filter.add messageStack size=100
2014-03-05 10:49:26 INFO filtre.Filter : Filter.add messageStack size=100
2014-03-05 10:49:27 INFO filtre.Filter : Filter.add messageStack size=100
2014-03-05 10:49:27 INFO filtre.Filter : Filter.add messageStack size=100
2014-03-05 10:49:27 INFO filtre.Filter : Filter.add messageStack size=100
2014-03-05 10:49:27 INFO filtre.Filter : Filter.add messageStack size=100
2014-03-05 10:49:28 INFO filtre.Filter : Filter.add messageStack size=100
2014-03-05 10:49:28 INFO filtre.Filter : Filter.add messageStack size=100
2014-03-05 10:49:28 INFO filtre.Filter : Filter.add messageStack size=100
2014-03-05 10:49:28 INFO filtre.Filter : Filter.add messageStack size=100
2014-03-05 10:49:29 INFO filtre.Filter : Filter.add messageStack size=100
2014-03-05 10:49:29 INFO filtre.Filter : Filter.add messageStack size=100
2014-03-05 10:49:29 INFO filtre.Filter : Filter.add messageStack size=100
2014-03-05 10:49:29 INFO filtre.Filter : Filter.add messageStack size=100
2014-03-05 10:49:30 INFO filtre.Filter : Filter.add messageStack size=100
2014-03-05 10:49:30 INFO filtre.Filter : Filter.add messageStack size=100
2014-03-05 10:49:30 INFO filtre.Filter : Filter.add messageStack size=100
2014-03-05 10:49:30 INFO filtre.Filter : Filter.add messageStack size=100
2014-03-05 10:49:31 INFO filtre.Filter : Filter.add messageStack size=100
2014-03-05 10:49:31 INFO filtre.Filter : Filter.add messageStack size=100
2014-03-05 10:49:31 INFO filtre.Filter : Filter.add messageStack size=100
2014-03-05 10:49:31 INFO filtre.Filter : Filter.add messageStack size=100
2014-03-05 10:49:31 INFO filtre.Filter : Filter.add messageStack size=100
2014-03-05 10:49:32 INFO filtre.Filter : Filter.add messageStack size=100
2014-03-05 10:49:32 INFO filtre.Filter : Filter.add messageStack size=100
2014-03-05 10:49:32 INFO filtre.Filter : Filter.add messageStack size=100
2014-03-05 10:49:32 INFO filtre.Filter : Filter.add messageStack size=100
2014-03-05 10:49:33 INFO filtre.Filter : Filter.add messageStack size=100
2014-03-05 10:49:33 INFO filtre.Filter : Filter.add messageStack size=100
2014-03-05 10:49:33 INFO filtre.Filter : Filter.add messageStack size=100
2014-03-05 10:49:33 INFO filtre.Filter : Filter.add messageStack size=100
2014-03-05 10:49:34 INFO filtre.Filter : Filter.add messageStack size=100
2014-03-05 10:49:34 INFO filtre.Filter : Filter.add messageStack size=100
2014-03-05 10:49:34 INFO filtre.Filter : Filter.add messageStack size=100
2014-03-05 10:49:34 INFO filtre.Filter : Filter.add messageStack size=100
2014-03-05 10:49:34 INFO filtre.Filter : Filter.add messageStack size=100
2014-03-05 10:49:35 INFO filtre.Filter : Filter.add messageStack size=100
2014-03-05 10:49:35 INFO filtre.Filter : Filter.add messageStack size=100
2014-03-05 10:49:35 INFO filtre.Filter : Filter.add messageStack size=100
2014-03-05 10:49:35 INFO filtre.Filter : Filter.add messageStack size=100
2014-03-05 10:49:36 INFO filtre.Filter : Filter.add messageStack size=100
2014-03-05 10:49:36 INFO filtre.Filter : Filter.add messageStack size=100
2014-03-05 10:49:36 INFO filtre.Filter : Filter.add messageStack size=100
2014-03-05 10:49:36 INFO filtre.Filter : Filter.add messageStack size=100
2014-03-05 10:49:36 INFO filtre.Filter : Filter.add messageStack size=100
2014-03-05 10:49:37 INFO filtre.Filter : Filter.add messageStack size=100
2014-03-05 10:49:37 INFO filtre.Filter : Filter.add messageStack size=100
2014-03-05 10:49:37 INFO filtre.Filter : Filter.add messageStack size=100
2014-03-05 10:49:37 INFO filtre.Filter : Filter.add messageStack size=100
2014-03-05 10:49:38 INFO filtre.Filter : Filter.add messageStack size=100
2014-03-05 10:49:38 INFO filtre.Filter : Filter.add messageStack size=100
2014-03-05 10:49:38 INFO filtre.Filter : Filter.add messageStack size=100
2014-03-05 10:49:38 INFO filtre.Filter : Filter.add messageStack size=100
2014-03-05 10:49:39 INFO filtre.Filter : Filter.add messageStack size=100
2014-03-05 10:49:39 INFO filtre.Filter : Filter.add messageStack size=100
2014-03-05 10:49:39 INFO filtre.Filter : Filter.add messageStack size=100
2014-03-05 10:49:39 INFO filtre.Filter : Filter.add messageStack size=100
2014-03-05 10:49:40 INFO filtre.Filter : Filter.add messageStack size=100
2014-03-05 10:49:40 INFO filtre.Filter : Filter.add messageStack size=100
2014-03-05 10:49:40 INFO filtre.Filter : Filter.add messageStack size=100
2014-03-05 10:49:40 INFO filtre.Filter : Filter.add messageStack size=100
2014-03-05 10:49:41 INFO filtre.Filter : Filter.add messageStack size=100
2014-03-05 10:49:41 INFO filtre.Filter : Filter.add messageStack size=100
2014-03-05 10:49:41 INFO filtre.Filter : Filter.add messageStack size=100
2014-03-05 10:49:41 INFO filtre.Filter : Filter.add messageStack size=100
2014-03-05 10:49:41 INFO filtre.Filter : Filter.add messageStack size=100
2014-03-05 10:49:42 INFO filtre.Filter : Filter.add messageStack size=100
2014-03-05 10:49:42 INFO filtre.Filter : Filter.add messageStack size=100
2014-03-05 10:49:42 INFO filtre.Filter : Filter.add messageStack size=100
2014-03-05 10:49:42 INFO filtre.Filter : Filter.add messageStack size=100
2014-03-05 10:49:43 INFO filtre.Filter : Filter.add messageStack size=100
2014-03-05 10:49:43 INFO filtre.Filter : Filter.add messageStack size=100
2014-03-05 10:49:43 INFO filtre.Filter : Filter.add messageStack size=100
2014-03-05 10:49:43 INFO filtre.Filter : Filter.add messageStack size=100
2014-03-05 10:49:44 INFO filtre.Filter : Filter.add messageStack size=100
2014-03-05 10:49:44 INFO filtre.Filter : Filter.add messageStack size=100
2014-03-05 10:49:44 INFO filtre.Filter : Filter.add messageStack size=100
2014-03-05 10:49:44 INFO filtre.Filter : Filter.add messageStack size=100
2014-03-05 10:49:44 INFO filtre.Filter : Filter.add messageStack size=100
2014-03-05 10:49:45 INFO filtre.Filter : Filter.add messageStack size=100
2014-03-05 10:49:45 INFO filtre.Filter : Filter.add messageStack size=100
2014-03-05 10:49:45 INFO filtre.Filter : Filter.add messageStack size=100
2014-03-05 10:49:45 INFO filtre.Filter : Filter.add messageStack size=100
2014-03-05 10:49:46 INFO filtre.Filter : Filter.add messageStack size=100
2014-03-05 10:49:46 INFO filtre.Filter : Filter.add messageStack size=100
2014-03-05 10:49:46 INFO filtre.Filter : Filter.add messageStack size=100
2014-03-05 10:49:46 INFO filtre.Filter : Filter.add messageStack size=100
2014-03-05 10:49:47 INFO filtre.Filter : Filter.add messageStack size=100
2014-03-05 10:49:47 INFO filtre.Filter : Filter.add messageStack size=100
2014-03-05 10:49:47 INFO filtre.Filter : Filter.add messageStack size=100
2014-03-05 10:49:47 INFO filtre.Filter : Filter.add messageStack size=100
2014-03-05 10:49:47 INFO filtre.Filter : Filter.add messageStack size=100
2014-03-05 10:49:48 INFO filtre.Filter : Filter.add messageStack size=100
2014-03-05 10:49:48 INFO filtre.Filter : Filter.add messageStack size=100
2014-03-05 10:49:48 INFO filtre.Filter : Filter.add messageStack size=100
2014-03-05 10:49:48 INFO filtre.Filter : Filter.add messageStack size=100
2014-03-05 10:49:48 INFO filtre.Filter : Filter.add messageStack size=100
2014-03-05 10:49:49 INFO filtre.Filter : Filter.add messageStack size=100
2014-03-05 10:49:49 INFO filtre.Filter : Filter.add messageStack size=100
2014-03-05 10:49:49 INFO filtre.Filter : Filter.add messageStack size=100
2014-03-05 10:49:50 INFO filtre.Filter : Filter.add messageStack size=100
2014-03-05 10:49:50 INFO filtre.Filter : Filter.add messageStack size=100
2014-03-05 10:49:50 INFO filtre.Filter : Filter.add messageStack size=100
2014-03-05 10:49:50 INFO filtre.Filter : Filter.add messageStack size=100
2014-03-05 10:49:51 INFO filtre.Filter : Filter.add messageStack size=100
2014-03-05 10:49:51 INFO filtre.Filter : Filter.add messageStack size=100
2014-03-05 10:49:51 INFO filtre.Filter : Filter.add messageStack size=100
2014-03-05 10:49:51 INFO filtre.Filter : Filter.add messageStack size=100
2014-03-05 10:49:52 INFO filtre.Filter : Filter.add messageStack size=100
2014-03-05 10:49:52 INFO filtre.Filter : Filter.add messageStack size=100
2014-03-05 10:49:52 INFO filtre.Filter : Filter.add messageStack size=100
2014-03-05 10:49:52 INFO filtre.Filter : Filter.add messageStack size=100
2014-03-05 10:49:53 INFO filtre.Filter : Filter.add messageStack size=100
2014-03-05 10:49:53 INFO filtre.Filter : Filter.add messageStack size=100
2014-03-05 10:49:53 INFO filtre.Filter : Filter.add messageStack size=100
2014-03-05 10:49:53 INFO filtre.Filter : Filter.add messageStack size=100
2014-03-05 10:49:54 INFO filtre.Filter : Filter.add messageStack size=100
2014-03-05 10:49:54 INFO filtre.Filter : Filter.add messageStack size=100
2014-03-05 10:49:54 INFO filtre.Filter : Filter.add messageStack size=100
2014-03-05 10:49:54 INFO filtre.Filter : Filter.add messageStack size=100
2014-03-05 10:49:54 INFO filtre.Filter : Filter.add messageStack size=100
2014-03-05 10:49:55 INFO filtre.Filter : Filter.add messageStack size=100
2014-03-05 10:49:55 INFO filtre.Filter : Filter.add messageStack size=100
2014-03-05 10:49:55 INFO filtre.Filter : Filter.add messageStack size=100
2014-03-05 10:49:55 INFO filtre.Filter : Filter.add messageStack size=100
2014-03-05 10:49:56 INFO filtre.Filter : Filter.add messageStack size=100
2014-03-05 10:49:56 INFO filtre.Filter : Filter.add messageStack size=100
2014-03-05 10:49:56 INFO filtre.Filter : Filter.add messageStack size=100
2014-03-05 10:49:56 INFO filtre.Filter : Filter.add messageStack size=100
2014-03-05 10:49:57 INFO filtre.Filter : Filter.add messageStack size=100
2014-03-05 10:49:57 INFO filtre.Filter : Filter.add messageStack size=100
2014-03-05 10:49:57 INFO filtre.Filter : Filter.add messageStack size=100
2014-03-05 10:49:57 INFO filtre.Filter : Filter.add messageStack size=100
2014-03-05 10:49:58 INFO filtre.Filter : Filter.add messageStack size=100
2014-03-05 10:49:58 INFO filtre.Filter : Filter.add messageStack size=100
2014-03-05 10:49:58 INFO filtre.Filter : Filter.add messageStack size=100
2014-03-05 10:49:58 INFO filtre.Filter : Filter.add messageStack size=100
2014-03-05 10:49:58 INFO filtre.Filter : Filter.add messageStack size=100
2014-03-05 10:49:59 INFO filtre.Filter : Filter.add messageStack size=100
2014-03-05 10:49:59 INFO filtre.Filter : Filter.add messageStack size=100
2014-03-05 10:49:59 INFO filtre.Filter : Filter.add messageStack size=100
2014-03-05 10:50:00 INFO filtre.Filter : Filter.add messageStack size=100
2014-03-05 10:50:00 INFO filtre.Filter : Filter.add messageStack size=100
2014-03-05 10:50:00 INFO filtre.Filter : Filter.add messageStack size=100
2014-03-05 10:50:00 INFO filtre.Filter : Filter.add messageStack size=100
2014-03-05 10:50:01 INFO filtre.Filter : Filter.add messageStack size=100
2014-03-05 10:50:01 INFO filtre.Filter : Filter.add messageStack size=100
2014-03-05 10:50:01 INFO filtre.Filter : Filter.add messageStack size=100
2014-03-05 10:50:01 INFO filtre.Filter : Filter.add messageStack size=100
2014-03-05 10:50:01 INFO filtre.Filter : Filter.add messageStack size=100
2014-03-05 10:50:02 INFO filtre.Filter : Filter.add messageStack size=100
2014-03-05 10:50:02 INFO filtre.Filter : Filter.add messageStack size=100
2014-03-05 10:50:02 INFO filtre.Filter : Filter.add messageStack size=100
2014-03-05 10:50:02 INFO filtre.Filter : Filter.add messageStack size=100
2014-03-05 10:50:03 INFO filtre.Filter : Filter.add messageStack size=100
2014-03-05 10:50:03 INFO filtre.Filter : Filter.add messageStack size=100
2014-03-05 10:50:03 INFO filtre.Filter : Filter.add messageStack size=100
2014-03-05 10:50:03 INFO filtre.Filter : Filter.add messageStack size=100
2014-03-05 10:50:03 INFO filtre.Filter : Filter.add messageStack size=100
2014-03-05 10:50:04 INFO filtre.Filter : Filter.add messageStack size=100
2014-03-05 10:50:04 INFO filtre.Filter : Filter.add messageStack size=100
2014-03-05 10:50:04 INFO filtre.Filter : Filter.add messageStack size=100
2014-03-05 10:50:04 INFO filtre.Filter : Filter.add messageStack size=100
2014-03-05 10:50:05 INFO filtre.Filter : Filter.add messageStack size=100
2014-03-05 10:50:05 INFO filtre.Filter : Filter.add messageStack size=100
2014-03-05 10:50:05 INFO filtre.Filter : Filter.add messageStack size=100
2014-03-05 10:50:05 INFO filtre.Filter : Filter.add messageStack size=100
2014-03-05 10:50:06 INFO filtre.Filter : Filter.add messageStack size=100
2014-03-05 10:50:06 INFO filtre.Filter : Filter.add messageStack size=100
2014-03-05 10:50:06 INFO filtre.Filter : Filter.add messageStack size=100
2014-03-05 10:50:06 INFO filtre.Filter : Filter.add messageStack size=100
2014-03-05 10:50:07 INFO filtre.Filter : Filter.add messageStack size=100
2014-03-05 10:50:07 INFO filtre.Filter : Filter.add messageStack size=100
2014-03-05 10:50:07 INFO filtre.Filter : Filter.add messageStack size=100
2014-03-05 10:50:08 INFO filtre.Filter : Filter.add messageStack size=100
2014-03-05 10:50:08 INFO filtre.Filter : Filter.add messageStack size=100
2014-03-05 10:50:08 INFO filtre.Filter : Filter.add messageStack size=100
2014-03-05 10:50:08 INFO filtre.Filter : Filter.add messageStack size=100
2014-03-05 10:50:09 INFO filtre.Filter : Filter.add messageStack size=100
2014-03-05 10:50:09 INFO filtre.Filter : Filter.add messageStack size=100
2014-03-05 10:50:09 INFO filtre.Filter : Filter.add messageStack size=100
2014-03-05 10:50:09 INFO filtre.Filter : Filter.add messageStack size=100
2014-03-05 10:50:10 INFO filtre.Filter : Filter.add messageStack size=100
2014-03-05 10:50:10 INFO filtre.Filter : Filter.add messageStack size=100
2014-03-05 10:50:10 INFO filtre.Filter : Filter.add messageStack size=100
2014-03-05 10:50:10 INFO filtre.Filter : Filter.add messageStack size=100
2014-03-05 10:50:11 INFO filtre.Filter : Filter.add messageStack size=100
2014-03-05 10:50:11 INFO filtre.Filter : Filter.add messageStack size=100
2014-03-05 10:50:11 INFO filtre.Filter : Filter.add messageStack size=100
2014-03-05 10:50:11 INFO filtre.Filter : Filter.add messageStack size=100
2014-03-05 10:50:12 INFO filtre.Filter : Filter.add messageStack size=100
2014-03-05 10:50:12 INFO filtre.Filter : Filter.add messageStack size=100
2014-03-05 10:50:12 INFO filtre.Filter : Filter.add messageStack size=100
2014-03-05 10:50:12 INFO filtre.Filter : Filter.add messageStack size=100
2014-03-05 10:50:12 INFO filtre.Filter : Filter.add messageStack size=100
2014-03-05 10:50:13 INFO filtre.Filter : Filter.add messageStack size=100
2014-03-05 10:50:13 INFO filtre.Filter : Filter.add messageStack size=100
2014-03-05 10:50:13 INFO filtre.Filter : Filter.add messageStack size=100
2014-03-05 10:50:13 INFO filtre.Filter : Filter.add messageStack size=100
2014-03-05 10:50:14 INFO filtre.Filter : Filter.add messageStack size=100
2014-03-05 10:50:14 INFO filtre.Filter : Filter.add messageStack size=100
2014-03-05 10:50:14 INFO filtre.Filter : Filter.add messageStack size=100
2014-03-05 10:50:14 INFO filtre.Filter : Filter.add messageStack size=100
2014-03-05 10:50:15 INFO filtre.Filter : Filter.add messageStack size=100
2014-03-05 10:50:15 INFO filtre.Filter : Filter.add messageStack size=100
2014-03-05 10:50:15 INFO filtre.Filter : Filter.add messageStack size=100
2014-03-05 10:50:15 INFO filtre.Filter : Filter.add messageStack size=100
2014-03-05 10:50:16 INFO filtre.Filter : Filter.add messageStack size=100
2014-03-05 10:50:16 INFO filtre.Filter : Filter.add messageStack size=100
2014-03-05 10:50:16 INFO filtre.Filter : Filter.add messageStack size=100
2014-03-05 10:50:17 INFO filtre.Filter : Filter.add messageStack size=100
2014-03-05 10:50:17 INFO filtre.Filter : Filter.add messageStack size=100
2014-03-05 10:50:17 INFO filtre.Filter : Filter.add messageStack size=100
2014-03-05 10:50:17 INFO filtre.Filter : Filter.add messageStack size=100
2014-03-05 10:50:18 INFO filtre.Filter : Filter.add messageStack size=100
2014-03-05 10:50:18 INFO filtre.Filter : Filter.add messageStack size=100
2014-03-05 10:50:18 INFO filtre.Filter : Filter.add messageStack size=100
2014-03-05 10:50:18 INFO filtre.Filter : Filter.add messageStack size=100
2014-03-05 10:50:19 INFO filtre.Filter : Filter.add messageStack size=100
2014-03-05 10:50:19 INFO filtre.Filter : Filter.add messageStack size=100
2014-03-05 10:50:19 INFO filtre.Filter : Filter.add messageStack size=100
2014-03-05 10:50:19 INFO filtre.Filter : Filter.add messageStack size=100
2014-03-05 10:50:20 INFO filtre.Filter : Filter.add messageStack size=100
2014-03-05 10:50:20 INFO filtre.Filter : Filter.add messageStack size=100
2014-03-05 10:50:20 INFO filtre.Filter : Filter.add messageStack size=100
2014-03-05 10:50:21 INFO filtre.Filter : Filter.add messageStack size=100
2014-03-05 10:50:21 INFO filtre.Filter : Filter.add messageStack size=100
2014-03-05 10:50:21 INFO filtre.Filter : Filter.add messageStack size=100
2014-03-05 10:50:21 INFO filtre.Filter : Filter.add messageStack size=100
2014-03-05 10:50:22 INFO filtre.Filter : Filter.add messageStack size=100
2014-03-05 10:50:22 INFO filtre.Filter : Filter.add messageStack size=100
2014-03-05 10:50:22 INFO filtre.Filter : Filter.add messageStack size=100
2014-03-05 10:50:22 INFO filtre.Filter : Filter.add messageStack size=100
2014-03-05 10:50:23 INFO filtre.Filter : Filter.add messageStack size=100
2014-03-05 10:50:23 INFO filtre.Filter : Filter.add messageStack size=100
2014-03-05 10:50:23 INFO filtre.Filter : Filter.add messageStack size=100
2014-03-05 10:50:23 INFO filtre.Filter : Filter.add messageStack size=100
2014-03-05 10:50:24 INFO filtre.Filter : Filter.add messageStack size=100
2014-03-05 10:50:24 INFO filtre.Filter : Filter.add messageStack size=100
2014-03-05 10:50:24 INFO filtre.Filter : Filter.add messageStack size=100
2014-03-05 10:50:24 INFO filtre.Filter : Filter.add messageStack size=100
2014-03-05 10:50:25 INFO filtre.Filter : Filter.add messageStack size=100
2014-03-05 10:50:25 INFO filtre.Filter : Filter.add messageStack size=100
2014-03-05 10:50:25 INFO filtre.Filter : Filter.add messageStack size=100
2014-03-05 10:50:25 INFO filtre.Filter : Filter.add messageStack size=100
2014-03-05 10:50:26 INFO filtre.Filter : Filter.add messageStack size=100
2014-03-05 10:50:26 INFO filtre.Filter : Filter.add messageStack size=100
2014-03-05 10:50:26 INFO filtre.Filter : Filter.add messageStack size=100
2014-03-05 10:50:26 INFO filtre.Filter : Filter.add messageStack size=100
2014-03-05 10:50:27 INFO filtre.Filter : Filter.add messageStack size=100
2014-03-05 10:50:27 INFO filtre.Filter : Filter.add messageStack size=100
2014-03-05 10:50:27 INFO filtre.Filter : Filter.add messageStack size=100
2014-03-05 10:50:28 INFO filtre.Filter : Filter.add messageStack size=100
2014-03-05 10:50:28 INFO filtre.Filter : Filter.add messageStack size=100
2014-03-05 10:50:28 INFO filtre.Filter : Filter.add messageStack size=100
2014-03-05 10:50:28 INFO filtre.Filter : Filter.add messageStack size=100
2014-03-05 10:50:29 INFO filtre.Filter : Filter.add messageStack size=100
2014-03-05 10:50:29 INFO filtre.Filter : Filter.add messageStack size=100
2014-03-05 10:50:29 INFO filtre.Filter : Filter.add messageStack size=100
2014-03-05 10:50:30 INFO filtre.Filter : Filter.add messageStack size=100
2014-03-05 10:50:30 INFO filtre.Filter : Filter.add messageStack size=100
2014-03-05 10:50:30 INFO filtre.Filter : Filter.add messageStack size=100
2014-03-05 10:50:30 INFO filtre.Filter : Filter.add messageStack size=100
2014-03-05 10:50:31 INFO filtre.Filter : Filter.add messageStack size=100
2014-03-05 10:50:31 INFO filtre.Filter : Filter.add messageStack size=100
2014-03-05 10:50:31 INFO filtre.Filter : Filter.add messageStack size=100
2014-03-05 10:50:32 INFO filtre.Filter : Filter.add messageStack size=100
2014-03-05 10:50:32 INFO filtre.Filter : Filter.add messageStack size=100
2014-03-05 10:50:32 INFO filtre.Filter : Filter.add messageStack size=100
2014-03-05 10:50:32 INFO filtre.Filter : Filter.add messageStack size=100
2014-03-05 10:50:33 INFO filtre.Filter : Filter.add messageStack size=100
2014-03-05 10:50:33 INFO filtre.Filter : Filter.add messageStack size=100
2014-03-05 10:50:33 INFO filtre.Filter : Filter.add messageStack size=100
2014-03-05 10:50:33 INFO filtre.Filter : Filter.add messageStack size=100
2014-03-05 10:50:34 INFO filtre.Filter : Filter.add messageStack size=100
2014-03-05 10:50:34 INFO filtre.Filter : Filter.add messageStack size=100
2014-03-05 10:50:34 INFO filtre.Filter : Filter.add messageStack size=100
2014-03-05 10:50:34 INFO filtre.Filter : Filter.add messageStack size=100
2014-03-05 10:50:35 INFO filtre.Filter : Filter.add messageStack size=100
2014-03-05 10:50:35 INFO filtre.Filter : Filter.add messageStack size=100
2014-03-05 10:50:35 INFO filtre.Filter : Filter.add messageStack size=100
2014-03-05 10:50:35 INFO filtre.Filter : Filter.add messageStack size=100
2014-03-05 10:50:36 INFO filtre.Filter : Filter.add messageStack size=100
2014-03-05 10:50:36 INFO filtre.Filter : Filter.add messageStack size=100
2014-03-05 10:50:36 INFO filtre.Filter : Filter.add messageStack size=100
2014-03-05 10:50:36 INFO filtre.Filter : Filter.add messageStack size=100
2014-03-05 10:50:36 INFO filtre.Filter : Filter.add messageStack size=100
2014-03-05 10:50:37 INFO filtre.Filter : Filter.add messageStack size=100
2014-03-05 10:50:37 INFO filtre.Filter : Filter.add messageStack size=100
2014-03-05 10:50:37 INFO filtre.Filter : Filter.add messageStack size=100
2014-03-05 10:50:37 INFO filtre.Filter : Filter.add messageStack size=100
2014-03-05 10:50:38 INFO filtre.Filter : Filter.add messageStack size=100
2014-03-05 10:50:38 INFO filtre.Filter : Filter.add messageStack size=100
2014-03-05 10:50:38 INFO filtre.Filter : Filter.add messageStack size=100
2014-03-05 10:50:38 INFO filtre.Filter : Filter.add messageStack size=100
2014-03-05 10:50:39 INFO filtre.Filter : Filter.add messageStack size=100
2014-03-05 10:50:39 INFO filtre.Filter : Filter.add messageStack size=100
2014-03-05 10:50:39 INFO filtre.Filter : Filter.add messageStack size=100
2014-03-05 10:50:39 INFO filtre.Filter : Filter.add messageStack size=100
2014-03-05 10:50:40 INFO filtre.Filter : Filter.add messageStack size=100
2014-03-05 10:50:40 INFO filtre.Filter : Filter.add messageStack size=100
2014-03-05 10:50:40 INFO filtre.Filter : Filter.add messageStack size=100
2014-03-05 10:50:40 INFO filtre.Filter : Filter.add messageStack size=100
2014-03-05 10:50:41 INFO filtre.Filter : Filter.add messageStack size=100
2014-03-05 10:50:41 INFO filtre.Filter : Filter.add messageStack size=100
2014-03-05 10:50:41 INFO filtre.Filter : Filter.add messageStack size=100
2014-03-05 10:50:41 INFO filtre.Filter : Filter.add messageStack size=100
2014-03-05 10:50:42 INFO filtre.Filter : Filter.add messageStack size=100
2014-03-05 10:50:42 INFO filtre.Filter : Filter.add messageStack size=100
2014-03-05 10:50:42 INFO filtre.Filter : Filter.add messageStack size=100
2014-03-05 10:50:42 INFO filtre.Filter : Filter.add messageStack size=100
2014-03-05 10:50:43 INFO filtre.Filter : Filter.add messageStack size=100
2014-03-05 10:50:43 INFO filtre.Filter : Filter.add messageStack size=100
2014-03-05 10:50:43 INFO filtre.Filter : Filter.add messageStack size=100
2014-03-05 10:50:43 INFO filtre.Filter : Filter.add messageStack size=100
2014-03-05 10:50:44 INFO filtre.Filter : Filter.add messageStack size=100
2014-03-05 10:50:44 INFO filtre.Filter : Filter.add messageStack size=100
2014-03-05 10:50:44 INFO filtre.Filter : Filter.add messageStack size=100
2014-03-05 10:50:44 INFO filtre.Filter : Filter.add messageStack size=100
2014-03-05 10:50:45 INFO filtre.Filter : Filter.add messageStack size=100
2014-03-05 10:50:45 INFO filtre.Filter : Filter.add messageStack size=100
2014-03-05 10:50:45 INFO filtre.Filter : Filter.add messageStack size=100
2014-03-05 10:50:46 INFO filtre.Filter : Filter.add messageStack size=100
2014-03-05 10:50:46 INFO filtre.Filter : Filter.add messageStack size=100
2014-03-05 10:50:46 INFO filtre.Filter : Filter.add messageStack size=100
2014-03-05 10:50:46 INFO filtre.Filter : Filter.add messageStack size=100
2014-03-05 10:50:47 INFO filtre.Filter : Filter.add messageStack size=100
2014-03-05 10:50:47 INFO filtre.Filter : Filter.add messageStack size=100
2014-03-05 10:50:47 INFO filtre.Filter : Filter.add messageStack size=100
2014-03-05 10:50:47 INFO filtre.Filter : Filter.add messageStack size=100
2014-03-05 10:50:48 INFO filtre.Filter : Filter.add messageStack size=100
2014-03-05 10:50:48 INFO filtre.Filter : Filter.add messageStack size=100
2014-03-05 10:50:48 INFO filtre.Filter : Filter.add messageStack size=100
2014-03-05 10:50:48 INFO filtre.Filter : Filter.add messageStack size=100
2014-03-05 10:50:49 INFO filtre.Filter : Filter.add messageStack size=100
2014-03-05 10:50:49 INFO filtre.Filter : Filter.add messageStack size=100
2014-03-05 10:50:49 INFO filtre.Filter : Filter.add messageStack size=100
2014-03-05 10:50:49 INFO filtre.Filter : Filter.add messageStack size=100
2014-03-05 10:50:50 INFO filtre.Filter : Filter.add messageStack size=100
2014-03-05 10:50:50 INFO filtre.Filter : Filter.add messageStack size=100
2014-03-05 10:50:50 INFO filtre.Filter : Filter.add messageStack size=100
2014-03-05 10:50:51 INFO filtre.Filter : Filter.add messageStack size=100
2014-03-05 10:50:51 INFO filtre.Filter : Filter.add messageStack size=100
2014-03-05 10:50:51 INFO filtre.Filter : Filter.add messageStack size=100
2014-03-05 10:50:51 INFO filtre.Filter : Filter.add messageStack size=100
2014-03-05 10:50:51 INFO filtre.Filter : Filter.add messageStack size=100
2014-03-05 10:50:52 INFO filtre.Filter : Filter.add messageStack size=100
2014-03-05 10:50:52 INFO filtre.Filter : Filter.add messageStack size=100
2014-03-05 10:50:52 INFO filtre.Filter : Filter.add messageStack size=100
2014-03-05 10:50:53 INFO filtre.Filter : Filter.add messageStack size=100
2014-03-05 10:50:53 INFO filtre.Filter : Filter.add messageStack size=100
2014-03-05 10:50:53 INFO filtre.Filter : Filter.add messageStack size=100
2014-03-05 10:50:53 INFO filtre.Filter : Filter.add messageStack size=100
2014-03-05 10:50:54 INFO filtre.Filter : Filter.add messageStack size=100
2014-03-05 10:50:54 INFO filtre.Filter : Filter.add messageStack size=100
2014-03-05 10:50:54 INFO filtre.Filter : Filter.add messageStack size=100
2014-03-05 10:50:54 INFO filtre.Filter : Filter.add messageStack size=100
2014-03-05 10:50:54 INFO filtre.Filter : Filter.add messageStack size=100
2014-03-05 10:50:55 INFO filtre.Filter : Filter.add messageStack size=100
2014-03-05 10:50:55 INFO filtre.Filter : Filter.add messageStack size=100
2014-03-05 10:50:55 INFO filtre.Filter : Filter.add messageStack size=100
2014-03-05 10:50:55 INFO filtre.Filter : Filter.add messageStack size=100
2014-03-05 10:50:56 INFO filtre.Filter : Filter.add messageStack size=100
2014-03-05 10:50:56 INFO filtre.Filter : Filter.add messageStack size=100
2014-03-05 10:50:56 INFO filtre.Filter : Filter.add messageStack size=100
2014-03-05 10:50:57 INFO filtre.Filter : Filter.add messageStack size=100
2014-03-05 10:50:57 INFO filtre.Filter : Filter.add messageStack size=100
2014-03-05 10:50:57 INFO filtre.Filter : Filter.add messageStack size=100
2014-03-05 10:50:57 INFO filtre.Filter : Filter.add messageStack size=100
2014-03-05 10:50:58 INFO filtre.Filter : Filter.add messageStack size=100
2014-03-05 10:50:58 INFO filtre.Filter : Filter.add messageStack size=100
2014-03-05 10:50:58 INFO filtre.Filter : Filter.add messageStack size=100
2014-03-05 10:50:58 INFO filtre.Filter : Filter.add messageStack size=100
2014-03-05 10:50:58 INFO filtre.Filter : Filter.add messageStack size=100
2014-03-05 10:50:59 INFO filtre.Filter : Filter.add messageStack size=100
2014-03-05 10:50:59 INFO filtre.Filter : Filter.add messageStack size=100
2014-03-05 10:50:59 INFO filtre.Filter : Filter.add messageStack size=100
2014-03-05 10:50:59 INFO filtre.Filter : Filter.add messageStack size=100
2014-03-05 10:51:00 INFO filtre.Filter : Filter.add messageStack size=100
2014-03-05 10:51:00 INFO filtre.Filter : Filter.add messageStack size=100
2014-03-05 10:51:00 INFO filtre.Filter : Filter.add messageStack size=100
2014-03-05 10:51:00 INFO filtre.Filter : Filter.add messageStack size=100
2014-03-05 10:51:01 INFO filtre.Filter : Filter.add messageStack size=100
2014-03-05 10:51:01 INFO filtre.Filter : Filter.add messageStack size=100
2014-03-05 10:51:01 INFO filtre.Filter : Filter.add messageStack size=100
2014-03-05 10:51:01 INFO filtre.Filter : Filter.add messageStack size=100
2014-03-05 10:51:02 INFO filtre.Filter : Filter.add messageStack size=100
2014-03-05 10:51:02 INFO filtre.Filter : Filter.add messageStack size=100
2014-03-05 10:51:02 INFO filtre.Filter : Filter.add messageStack size=100
2014-03-05 10:51:02 INFO filtre.Filter : Filter.add messageStack size=100
2014-03-05 10:51:02 INFO filtre.Filter : Filter.add messageStack size=100
2014-03-05 10:51:03 INFO filtre.Filter : Filter.add messageStack size=100
2014-03-05 10:51:03 INFO filtre.Filter : Filter.add messageStack size=100
2014-03-05 10:51:03 INFO filtre.Filter : Filter.add messageStack size=100
2014-03-05 10:51:03 INFO filtre.Filter : Filter.add messageStack size=100
2014-03-05 10:51:04 INFO filtre.Filter : Filter.add messageStack size=100
2014-03-05 10:51:04 INFO filtre.Filter : Filter.add messageStack size=100
2014-03-05 10:51:04 INFO filtre.Filter : Filter.add messageStack size=100
2014-03-05 10:51:04 INFO filtre.Filter : Filter.add messageStack size=100
2014-03-05 10:51:05 INFO filtre.Filter : Filter.add messageStack size=100
2014-03-05 10:51:05 INFO filtre.Filter : Filter.add messageStack size=100
2014-03-05 10:51:05 INFO filtre.Filter : Filter.add messageStack size=100
2014-03-05 10:51:05 INFO filtre.Filter : Filter.add messageStack size=100
2014-03-05 10:51:06 INFO filtre.Filter : Filter.add messageStack size=100
2014-03-05 10:51:06 INFO filtre.Filter : Filter.add messageStack size=100
2014-03-05 10:51:06 INFO filtre.Filter : Filter.add messageStack size=100
2014-03-05 10:51:06 INFO filtre.Filter : Filter.add messageStack size=100
2014-03-05 10:51:07 INFO filtre.Filter : Filter.add messageStack size=100
2014-03-05 10:51:07 INFO filtre.Filter : Filter.add messageStack size=100
2014-03-05 10:51:07 INFO filtre.Filter : Filter.add messageStack size=100
2014-03-05 10:51:07 INFO filtre.Filter : Filter.add messageStack size=100
2014-03-05 10:51:08 INFO filtre.Filter : Filter.add messageStack size=100
2014-03-05 10:51:08 INFO filtre.Filter : Filter.add messageStack size=100
2014-03-05 10:51:08 INFO filtre.Filter : Filter.add messageStack size=100
2014-03-05 10:51:08 INFO filtre.Filter : Filter.add messageStack size=100
2014-03-05 10:51:09 INFO filtre.Filter : Filter.add messageStack size=100
2014-03-05 10:51:09 INFO filtre.Filter : Filter.add messageStack size=100
2014-03-05 10:51:09 INFO filtre.Filter : Filter.add messageStack size=100
2014-03-05 10:51:09 INFO filtre.Filter : Filter.add messageStack size=100
2014-03-05 10:51:10 INFO filtre.Filter : Filter.add messageStack size=100
2014-03-05 10:51:10 INFO filtre.Filter : Filter.add messageStack size=100
2014-03-05 10:51:10 INFO filtre.Filter : Filter.add messageStack size=100
2014-03-05 10:51:10 INFO filtre.Filter : Filter.add messageStack size=100
2014-03-05 10:51:11 INFO filtre.Filter : Filter.add messageStack size=100
2014-03-05 10:51:11 INFO filtre.Filter : Filter.add messageStack size=100
2014-03-05 10:51:11 INFO filtre.Filter : Filter.add messageStack size=100
2014-03-05 10:51:11 INFO filtre.Filter : Filter.add messageStack size=100
2014-03-05 10:51:12 INFO filtre.Filter : Filter.add messageStack size=100
2014-03-05 10:51:12 INFO filtre.Filter : Filter.add messageStack size=100
2014-03-05 10:51:12 INFO filtre.Filter : Filter.add messageStack size=100
2014-03-05 10:51:12 INFO filtre.Filter : Filter.add messageStack size=100
2014-03-05 10:51:12 INFO filtre.Filter : Filter.add messageStack size=100
2014-03-05 10:51:13 INFO filtre.Filter : Filter.add messageStack size=100
2014-03-05 10:51:13 INFO filtre.Filter : Filter.add messageStack size=100
2014-03-05 10:51:13 INFO filtre.Filter : Filter.add messageStack size=100
2014-03-05 10:51:13 INFO filtre.Filter : Filter.add messageStack size=100
2014-03-05 10:51:14 INFO filtre.Filter : Filter.add messageStack size=100
2014-03-05 10:51:14 INFO filtre.Filter : Filter.add messageStack size=100
2014-03-05 10:51:14 INFO filtre.Filter : Filter.add messageStack size=100
2014-03-05 10:51:14 INFO filtre.Filter : Filter.add messageStack size=100
2014-03-05 10:51:14 INFO filtre.Filter : Filter.add messageStack size=100
2014-03-05 10:51:15 INFO filtre.Filter : Filter.add messageStack size=100
2014-03-05 10:51:15 INFO filtre.Filter : Filter.add messageStack size=100
2014-03-05 10:51:15 INFO filtre.Filter : Filter.add messageStack size=100
2014-03-05 10:51:16 INFO filtre.Filter : Filter.add messageStack size=100
2014-03-05 10:51:16 INFO filtre.Filter : Filter.add messageStack size=100
2014-03-05 10:51:16 INFO filtre.Filter : Filter.add messageStack size=100
2014-03-05 10:51:16 INFO filtre.Filter : Filter.add messageStack size=100
2014-03-05 10:51:16 INFO filtre.Filter : Filter.add messageStack size=100
2014-03-05 10:51:17 INFO filtre.Filter : Filter.add messageStack size=100
2014-03-05 10:51:17 INFO filtre.Filter : Filter.add messageStack size=100
2014-03-05 10:51:17 INFO filtre.Filter : Filter.add messageStack size=100
2014-03-05 10:51:17 INFO filtre.Filter : Filter.add messageStack size=100
2014-03-05 10:51:18 INFO filtre.Filter : Filter.add messageStack size=100
2014-03-05 10:51:18 INFO filtre.Filter : Filter.add messageStack size=100
2014-03-05 10:51:18 INFO filtre.Filter : Filter.add messageStack size=100
2014-03-05 10:51:18 INFO filtre.Filter : Filter.add messageStack size=100
2014-03-05 10:51:19 INFO filtre.Filter : Filter.add messageStack size=100
2014-03-05 10:51:19 INFO filtre.Filter : Filter.add messageStack size=100
2014-03-05 10:51:19 INFO filtre.Filter : Filter.add messageStack size=100
2014-03-05 10:51:19 INFO filtre.Filter : Filter.add messageStack size=100
2014-03-05 10:51:20 INFO filtre.Filter : Filter.add messageStack size=100
2014-03-05 10:51:20 INFO filtre.Filter : Filter.add messageStack size=100
2014-03-05 10:51:20 INFO filtre.Filter : Filter.add messageStack size=100
2014-03-05 10:51:20 INFO filtre.Filter : Filter.add messageStack size=100
2014-03-05 10:51:21 INFO filtre.Filter : Filter.add messageStack size=100
2014-03-05 10:51:21 INFO filtre.Filter : Filter.add messageStack size=100
2014-03-05 10:51:21 INFO filtre.Filter : Filter.add messageStack size=100
2014-03-05 10:51:21 INFO filtre.Filter : Filter.add messageStack size=100
2014-03-05 10:51:22 INFO filtre.Filter : Filter.add messageStack size=100
2014-03-05 10:51:22 INFO filtre.Filter : Filter.add messageStack size=100
2014-03-05 10:51:22 INFO filtre.Filter : Filter.add messageStack size=100
2014-03-05 10:51:22 INFO filtre.Filter : Filter.add messageStack size=100
2014-03-05 10:51:23 INFO filtre.Filter : Filter.add messageStack size=100
2014-03-05 10:51:23 INFO filtre.Filter : Filter.add messageStack size=100
2014-03-05 10:51:23 INFO filtre.Filter : Filter.add messageStack size=100
2014-03-05 10:51:24 INFO filtre.Filter : Filter.add messageStack size=100
2014-03-05 10:51:24 INFO filtre.Filter : Filter.add messageStack size=100
2014-03-05 10:51:24 INFO filtre.Filter : Filter.add messageStack size=100
2014-03-05 10:51:24 INFO filtre.Filter : Filter.add messageStack size=100
2014-03-05 10:51:25 INFO filtre.Filter : Filter.add messageStack size=100
2014-03-05 10:51:25 INFO filtre.Filter : Filter.add messageStack size=100
2014-03-05 10:51:25 INFO filtre.Filter : Filter.add messageStack size=100
2014-03-05 10:51:25 INFO filtre.Filter : Filter.add messageStack size=100
2014-03-05 10:51:25 INFO filtre.Filter : Filter.add messageStack size=100
2014-03-05 10:51:26 INFO filtre.Filter : Filter.add messageStack size=100
2014-03-05 10:51:26 INFO filtre.Filter : Filter.add messageStack size=100
2014-03-05 10:51:26 INFO filtre.Filter : Filter.add messageStack size=100
2014-03-05 10:51:26 INFO filtre.Filter : Filter.add messageStack size=100
2014-03-05 10:51:27 INFO filtre.Filter : Filter.add messageStack size=100
2014-03-05 10:51:27 INFO filtre.Filter : Filter.add messageStack size=100
2014-03-05 10:51:27 INFO filtre.Filter : Filter.add messageStack size=100
2014-03-05 10:51:27 INFO filtre.Filter : Filter.add messageStack size=100
2014-03-05 10:51:28 INFO filtre.Filter : Filter.add messageStack size=100
2014-03-05 10:51:28 INFO filtre.Filter : Filter.add messageStack size=100
2014-03-05 10:51:28 INFO filtre.Filter : Filter.add messageStack size=100
2014-03-05 10:51:28 INFO filtre.Filter : Filter.add messageStack size=100
2014-03-05 10:51:29 INFO filtre.Filter : Filter.add messageStack size=100
2014-03-05 10:51:29 INFO filtre.Filter : Filter.add messageStack size=100
2014-03-05 10:51:29 INFO filtre.Filter : Filter.add messageStack size=100
2014-03-05 10:51:29 INFO filtre.Filter : Filter.add messageStack size=100
2014-03-05 10:51:30 INFO filtre.Filter : Filter.add messageStack size=100
2014-03-05 10:51:30 INFO filtre.Filter : Filter.add messageStack size=100
2014-03-05 10:51:30 INFO filtre.Filter : Filter.add messageStack size=100
2014-03-05 10:51:30 INFO filtre.Filter : Filter.add messageStack size=100
2014-03-05 10:51:31 INFO filtre.Filter : Filter.add messageStack size=100
2014-03-05 10:51:31 INFO filtre.Filter : Filter.add messageStack size=100
2014-03-05 10:51:31 INFO filtre.Filter : Filter.add messageStack size=100
2014-03-05 10:51:31 INFO filtre.Filter : Filter.add messageStack size=100
2014-03-05 10:51:32 INFO filtre.Filter : Filter.add messageStack size=100
2014-03-05 10:51:32 INFO filtre.Filter : Filter.add messageStack size=100
2014-03-05 10:51:32 INFO filtre.Filter : Filter.add messageStack size=100
2014-03-05 10:51:32 INFO filtre.Filter : Filter.add messageStack size=100
2014-03-05 10:51:32 INFO filtre.Filter : Filter.add messageStack size=100
2014-03-05 10:51:33 INFO filtre.Filter : Filter.add messageStack size=100
2014-03-05 10:51:33 INFO filtre.Filter : Filter.add messageStack size=100
2014-03-05 10:51:33 INFO filtre.Filter : Filter.add messageStack size=100
2014-03-05 10:51:34 INFO filtre.Filter : Filter.add messageStack size=100
2014-03-05 10:51:34 INFO filtre.Filter : Filter.add messageStack size=100
2014-03-05 10:51:34 INFO filtre.Filter : Filter.add messageStack size=100
2014-03-05 10:51:34 INFO filtre.Filter : Filter.add messageStack size=100
2014-03-05 10:51:34 INFO filtre.Filter : Filter.add messageStack size=100
2014-03-05 10:51:35 INFO filtre.Filter : Filter.add messageStack size=100
2014-03-05 10:51:35 INFO filtre.Filter : Filter.add messageStack size=100
2014-03-05 10:51:35 INFO filtre.Filter : Filter.add messageStack size=100
2014-03-05 10:51:35 INFO filtre.Filter : Filter.add messageStack size=100
2014-03-05 10:51:36 INFO filtre.Filter : Filter.add messageStack size=100
2014-03-05 10:51:36 INFO filtre.Filter : Filter.add messageStack size=100
2014-03-05 10:51:36 INFO filtre.Filter : Filter.add messageStack size=100
2014-03-05 10:51:36 INFO filtre.Filter : Filter.add messageStack size=100
2014-03-05 10:51:37 INFO filtre.Filter : Filter.add messageStack size=100
2014-03-05 10:51:37 INFO filtre.Filter : Filter.add messageStack size=100
2014-03-05 10:51:37 INFO filtre.Filter : Filter.add messageStack size=100
2014-03-05 10:51:37 INFO filtre.Filter : Filter.add messageStack size=100
2014-03-05 10:51:38 INFO filtre.Filter : Filter.add messageStack size=100
2014-03-05 10:51:38 INFO filtre.Filter : Filter.add messageStack size=100
2014-03-05 10:51:38 INFO filtre.Filter : Filter.add messageStack size=100
2014-03-05 10:51:38 INFO filtre.Filter : Filter.add messageStack size=100
2014-03-05 10:51:39 INFO filtre.Filter : Filter.add messageStack size=100
2014-03-05 10:51:39 INFO filtre.Filter : Filter.add messageStack size=100
2014-03-05 10:51:39 INFO filtre.Filter : Filter.add messageStack size=100
2014-03-05 10:51:40 INFO filtre.Filter : Filter.add messageStack size=100
2014-03-05 10:51:40 INFO filtre.Filter : Filter.add messageStack size=100
2014-03-05 10:51:40 INFO filtre.Filter : Filter.add messageStack size=100
2014-03-05 10:51:40 INFO filtre.Filter : Filter.add messageStack size=100
2014-03-05 10:51:41 INFO filtre.Filter : Filter.add messageStack size=100
2014-03-05 10:51:41 INFO filtre.Filter : Filter.add messageStack size=100
2014-03-05 10:51:41 INFO filtre.Filter : Filter.add messageStack size=100
2014-03-05 10:51:41 INFO filtre.Filter : Filter.add messageStack size=100
2014-03-05 10:51:42 INFO filtre.Filter : Filter.add messageStack size=100
2014-03-05 10:51:42 INFO filtre.Filter : Filter.add messageStack size=100
2014-03-05 10:51:42 INFO filtre.Filter : Filter.add messageStack size=100
2014-03-05 10:51:42 INFO filtre.Filter : Filter.add messageStack size=100
2014-03-05 10:51:42 INFO filtre.Filter : Filter.add messageStack size=100
2014-03-05 10:51:43 INFO filtre.Filter : Filter.add messageStack size=100
2014-03-05 10:51:43 INFO filtre.Filter : Filter.add messageStack size=100
2014-03-05 10:51:43 INFO filtre.Filter : Filter.add messageStack size=100
2014-03-05 10:51:43 INFO filtre.Filter : Filter.add messageStack size=100
2014-03-05 10:51:44 INFO filtre.Filter : Filter.add messageStack size=100
2014-03-05 10:51:44 INFO filtre.Filter : Filter.add messageStack size=100
2014-03-05 10:51:44 INFO filtre.Filter : Filter.add messageStack size=100
2014-03-05 10:51:44 INFO filtre.Filter : Filter.add messageStack size=100
2014-03-05 10:51:45 INFO filtre.Filter : Filter.add messageStack size=100
2014-03-05 10:51:45 INFO filtre.Filter : Filter.add messageStack size=100
2014-03-05 10:51:45 INFO filtre.Filter : Filter.add messageStack size=100
2014-03-05 10:51:46 INFO filtre.Filter : Filter.add messageStack size=100
2014-03-05 10:51:46 INFO filtre.Filter : Filter.add messageStack size=100
2014-03-05 10:51:46 INFO filtre.Filter : Filter.add messageStack size=100
2014-03-05 10:51:46 INFO filtre.Filter : Filter.add messageStack size=100
2014-03-05 10:51:47 INFO filtre.Filter : Filter.add messageStack size=100
2014-03-05 10:51:47 INFO filtre.Filter : Filter.add messageStack size=100
2014-03-05 10:51:47 INFO filtre.Filter : Filter.add messageStack size=100
2014-03-05 10:51:47 INFO filtre.Filter : Filter.add messageStack size=100
2014-03-05 10:51:48 INFO filtre.Filter : Filter.add messageStack size=100
2014-03-05 10:51:48 INFO filtre.Filter : Filter.add messageStack size=100
2014-03-05 10:51:48 INFO filtre.Filter : Filter.add messageStack size=100
2014-03-05 10:51:48 INFO filtre.Filter : Filter.add messageStack size=100
2014-03-05 10:51:49 INFO filtre.Filter : Filter.add messageStack size=100
2014-03-05 10:51:49 INFO filtre.Filter : Filter.add messageStack size=100
2014-03-05 10:51:49 INFO filtre.Filter : Filter.add messageStack size=100
2014-03-05 10:51:49 INFO filtre.Filter : Filter.add messageStack size=100
2014-03-05 10:51:50 INFO filtre.Filter : Filter.add messageStack size=100
2014-03-05 10:51:50 INFO filtre.Filter : Filter.add messageStack size=100
2014-03-05 10:51:50 INFO filtre.Filter : Filter.add messageStack size=100
2014-03-05 10:51:50 INFO filtre.Filter : Filter.add messageStack size=100
2014-03-05 10:51:51 INFO filtre.Filter : Filter.add messageStack size=100
2014-03-05 10:51:51 INFO filtre.Filter : Filter.add messageStack size=100
2014-03-05 10:51:51 INFO filtre.Filter : Filter.add messageStack size=100
2014-03-05 10:51:51 INFO filtre.Filter : Filter.add messageStack size=100
2014-03-05 10:51:52 INFO filtre.Filter : Filter.add messageStack size=100
2014-03-05 10:51:52 INFO filtre.Filter : Filter.add messageStack size=100
2014-03-05 10:51:52 INFO filtre.Filter : Filter.add messageStack size=100
2014-03-05 10:51:52 INFO filtre.Filter : Filter.add messageStack size=100
2014-03-05 10:51:53 INFO filtre.Filter : Filter.add messageStack size=100
2014-03-05 10:51:53 INFO filtre.Filter : Filter.add messageStack size=100
2014-03-05 10:51:53 INFO filtre.Filter : Filter.add messageStack size=100
2014-03-05 10:51:53 INFO filtre.Filter : Filter.add messageStack size=100
2014-03-05 10:51:54 INFO filtre.Filter : Filter.add messageStack size=100
2014-03-05 10:51:54 INFO filtre.Filter : Filter.add messageStack size=100
2014-03-05 10:51:54 INFO filtre.Filter : Filter.add messageStack size=100
2014-03-05 10:51:54 INFO filtre.Filter : Filter.add messageStack size=100
2014-03-05 10:51:55 INFO filtre.Filter : Filter.add messageStack size=100
2014-03-05 10:51:55 INFO filtre.Filter : Filter.add messageStack size=100
2014-03-05 10:51:55 INFO filtre.Filter : Filter.add messageStack size=100
2014-03-05 10:51:55 INFO filtre.Filter : Filter.add messageStack size=100
2014-03-05 10:51:56 INFO filtre.Filter : Filter.add messageStack size=100
2014-03-05 10:51:56 INFO filtre.Filter : Filter.add messageStack size=100
2014-03-05 10:51:56 INFO filtre.Filter : Filter.add messageStack size=100
2014-03-05 10:51:57 INFO filtre.Filter : Filter.add messageStack size=100
2014-03-05 10:51:57 INFO filtre.Filter : Filter.add messageStack size=100
2014-03-05 10:51:57 INFO filtre.Filter : Filter.add messageStack size=100
2014-03-05 10:51:57 INFO filtre.Filter : Filter.add messageStack size=100
2014-03-05 10:51:57 INFO filtre.Filter : Filter.add messageStack size=100
2014-03-05 10:51:58 INFO filtre.Filter : Filter.add messageStack size=100
2014-03-05 10:51:58 INFO filtre.Filter : Filter.add messageStack size=100
2014-03-05 10:51:58 INFO filtre.Filter : Filter.add messageStack size=100
2014-03-05 10:51:58 INFO filtre.Filter : Filter.add messageStack size=100
2014-03-05 10:51:59 INFO filtre.Filter : Filter.add messageStack size=100
2014-03-05 10:51:59 INFO filtre.Filter : Filter.add messageStack size=100
2014-03-05 10:51:59 INFO filtre.Filter : Filter.add messageStack size=100
2014-03-05 10:51:59 INFO filtre.Filter : Filter.add messageStack size=100
2014-03-05 10:52:00 INFO filtre.Filter : Filter.add messageStack size=100
2014-03-05 10:52:00 INFO filtre.Filter : Filter.add messageStack size=100
2014-03-05 10:52:00 INFO filtre.Filter : Filter.add messageStack size=100
2014-03-05 10:52:01 INFO filtre.Filter : Filter.add messageStack size=100
2014-03-05 10:52:01 INFO filtre.Filter : Filter.add messageStack size=100
2014-03-05 10:52:01 INFO filtre.Filter : Filter.add messageStack size=100
2014-03-05 10:52:01 INFO filtre.Filter : Filter.add messageStack size=100
2014-03-05 10:52:02 INFO filtre.Filter : Filter.add messageStack size=100
2014-03-05 10:52:02 INFO filtre.Filter : Filter.add messageStack size=100
2014-03-05 10:52:02 INFO filtre.Filter : Filter.add messageStack size=100
2014-03-05 10:52:02 INFO filtre.Filter : Filter.add messageStack size=100
2014-03-05 10:52:03 INFO filtre.Filter : Filter.add messageStack size=100
2014-03-05 10:52:03 INFO filtre.Filter : Filter.add messageStack size=100
2014-03-05 10:52:03 INFO filtre.Filter : Filter.add messageStack size=100
2014-03-05 10:52:03 INFO filtre.Filter : Filter.add messageStack size=100
2014-03-05 10:52:03 INFO filtre.Filter : Filter.add messageStack size=100
2014-03-05 10:52:04 INFO filtre.Filter : Filter.add messageStack size=100
2014-03-05 10:52:04 INFO filtre.Filter : Filter.add messageStack size=100
2014-03-05 10:52:04 INFO filtre.Filter : Filter.add messageStack size=100
2014-03-05 10:52:04 INFO filtre.Filter : Filter.add messageStack size=100
2014-03-05 10:52:05 INFO filtre.Filter : Filter.add messageStack size=100
2014-03-05 10:52:05 INFO filtre.Filter : Filter.add messageStack size=100
2014-03-05 10:52:05 INFO filtre.Filter : Filter.add messageStack size=100
2014-03-05 10:52:06 INFO filtre.Filter : Filter.add messageStack size=100
2014-03-05 10:52:06 INFO filtre.Filter : Filter.add messageStack size=100
2014-03-05 10:52:06 INFO filtre.Filter : Filter.add messageStack size=100
2014-03-05 10:52:06 INFO filtre.Filter : Filter.add messageStack size=100
2014-03-05 10:52:07 INFO filtre.Filter : Filter.add messageStack size=100
2014-03-05 10:52:07 INFO filtre.Filter : Filter.add messageStack size=100
2014-03-05 10:52:07 INFO filtre.Filter : Filter.add messageStack size=100
2014-03-05 10:52:07 INFO filtre.Filter : Filter.add messageStack size=100
2014-03-05 10:52:08 INFO filtre.Filter : Filter.add messageStack size=100
2014-03-05 10:52:08 INFO filtre.Filter : Filter.add messageStack size=100
2014-03-05 10:52:08 INFO filtre.Filter : Filter.add messageStack size=100
2014-03-05 10:52:08 INFO filtre.Filter : Filter.add messageStack size=100
2014-03-05 10:52:09 INFO filtre.Filter : Filter.add messageStack size=100
2014-03-05 10:52:09 INFO filtre.Filter : Filter.add messageStack size=100
