2014-03-04 15:04:32 INFO ihm.Calibration : Properties : 
autofocus_calibration_data=logs/calibration.data
simulation_calibration_data=test/calib_lisa_test_droneId_5.data
paparazzi_script_calibration=paparazzi_calibration/calibrate.py

2014-03-04 15:04:33 INFO testData.Sender : starting sending IMU test data...
2014-03-04 15:04:33 INFO imu.IMU : new aircraft built with id=5
2014-03-04 15:04:36 INFO ihm.MainFrame : starting calibration of accelerometer...
2014-03-04 15:04:36 INFO imu.IMU : listening raw datas for drone 5...
2014-03-04 15:04:36 INFO filtre.Filter : Filter.add noiseThreshold=30.959999084472656
2014-03-04 15:04:36 INFO filtre.Filter : Filter.updateCorrectness : false
2014-03-04 15:04:36 INFO filtre.Filter : Filter.add noiseThreshold=30.959999084472656
2014-03-04 15:04:37 INFO filtre.Filter : Filter.add noiseThreshold=30.959999084472656
2014-03-04 15:04:37 INFO filtre.Filter : Filter.add noiseThreshold=30.959999084472656
2014-03-04 15:04:37 INFO filtre.Filter : Filter.add noiseThreshold=30.959999084472656
2014-03-04 15:04:37 INFO filtre.Filter : Filter.add noiseThreshold=30.959999084472656
2014-03-04 15:04:37 INFO filtre.Filter : Filter.add noiseThreshold=30.959999084472656
2014-03-04 15:04:37 INFO filtre.Filter : Filter.add noiseThreshold=30.959999084472656
2014-03-04 15:04:37 INFO filtre.Filter : Filter.add noiseThreshold=30.959999084472656
2014-03-04 15:04:37 INFO filtre.Filter : Filter.add noiseThreshold=30.959999084472656
2014-03-04 15:04:37 INFO filtre.Filter : Filter.add noiseThreshold=30.959999084472656
2014-03-04 15:04:37 INFO filtre.Filter : Filter.add noiseThreshold=30.959999084472656
2014-03-04 15:04:37 INFO filtre.Filter : Filter.add noiseThreshold=30.959999084472656
2014-03-04 15:04:37 INFO filtre.Filter : Filter.add noiseThreshold=30.959999084472656
2014-03-04 15:04:38 INFO filtre.Filter : Filter.add noiseThreshold=30.959999084472656
2014-03-04 15:04:38 INFO filtre.Filter : Filter.add noiseThreshold=30.959999084472656
2014-03-04 15:04:38 INFO filtre.Filter : Filter.add noiseThreshold=30.959999084472656
2014-03-04 15:04:38 INFO filtre.Filter : Filter.add noiseThreshold=30.959999084472656
2014-03-04 15:04:38 INFO filtre.Filter : Filter.add noiseThreshold=30.959999084472656
2014-03-04 15:04:38 INFO filtre.Filter : Filter.add noiseThreshold=30.959999084472656
2014-03-04 15:04:38 INFO filtre.Filter : Filter.add noiseThreshold=30.959999084472656
2014-03-04 15:04:38 INFO filtre.Filter : Filter.add noiseThreshold=30.959999084472656
2014-03-04 15:04:38 INFO filtre.Filter : Filter.add noiseThreshold=30.959999084472656
2014-03-04 15:04:38 INFO filtre.Filter : Filter.add noiseThreshold=30.959999084472656
2014-03-04 15:04:38 INFO filtre.Filter : Filter.add noiseThreshold=30.959999084472656
2014-03-04 15:04:38 INFO filtre.Filter : Filter.add noiseThreshold=30.959999084472656
2014-03-04 15:04:38 INFO filtre.Filter : Filter.add noiseThreshold=30.959999084472656
2014-03-04 15:04:39 INFO filtre.Filter : Filter.add noiseThreshold=30.959999084472656
2014-03-04 15:04:39 INFO filtre.Filter : Filter.add noiseThreshold=30.959999084472656
2014-03-04 15:04:39 INFO filtre.Filter : Filter.add noiseThreshold=30.959999084472656
2014-03-04 15:04:39 INFO filtre.Filter : Filter.add noiseThreshold=30.959999084472656
2014-03-04 15:04:39 INFO filtre.Filter : Filter.add noiseThreshold=30.959999084472656
2014-03-04 15:04:39 INFO filtre.Filter : Filter.add noiseThreshold=30.959999084472656
2014-03-04 15:04:39 INFO filtre.Filter : Filter.add noiseThreshold=30.959999084472656
2014-03-04 15:04:39 INFO filtre.Filter : Filter.add noiseThreshold=30.959999084472656
2014-03-04 15:04:39 INFO filtre.Filter : Filter.add noiseThreshold=30.959999084472656
2014-03-04 15:04:39 INFO filtre.Filter : Filter.add noiseThreshold=30.959999084472656
2014-03-04 15:04:39 INFO filtre.Filter : Filter.add noiseThreshold=30.959999084472656
2014-03-04 15:04:40 INFO filtre.Filter : Filter.add noiseThreshold=30.959999084472656
2014-03-04 15:04:40 INFO filtre.Filter : Filter.add noiseThreshold=30.959999084472656
2014-03-04 15:04:40 INFO filtre.Filter : Filter.add noiseThreshold=30.959999084472656
2014-03-04 15:04:40 INFO filtre.Filter : Filter.add noiseThreshold=30.959999084472656
2014-03-04 15:04:40 INFO filtre.Filter : Filter.add noiseThreshold=30.959999084472656
2014-03-04 15:04:40 INFO filtre.Filter : Filter.add noiseThreshold=30.959999084472656
2014-03-04 15:04:40 INFO filtre.Filter : Filter.add noiseThreshold=30.959999084472656
2014-03-04 15:04:40 INFO filtre.Filter : Filter.add noiseThreshold=30.959999084472656
2014-03-04 15:04:40 INFO filtre.Filter : Filter.add noiseThreshold=30.959999084472656
2014-03-04 15:04:40 INFO filtre.Filter : Filter.add noiseThreshold=30.959999084472656
2014-03-04 15:04:40 INFO filtre.Filter : Filter.add noiseThreshold=30.959999084472656
2014-03-04 15:04:40 INFO filtre.Filter : Filter.add noiseThreshold=30.959999084472656
2014-03-04 15:04:40 INFO filtre.Filter : Filter.add noiseThreshold=30.959999084472656
2014-03-04 15:04:41 INFO filtre.Filter : Filter.add noiseThreshold=30.959999084472656
2014-03-04 15:04:41 INFO filtre.Filter : Filter.add noiseThreshold=30.959999084472656
2014-03-04 15:04:41 INFO filtre.Filter : Filter.add noiseThreshold=30.959999084472656
2014-03-04 15:04:41 INFO filtre.Filter : Filter.add noiseThreshold=30.959999084472656
2014-03-04 15:04:41 INFO filtre.Filter : Filter.add noiseThreshold=30.959999084472656
2014-03-04 15:04:41 INFO filtre.Filter : Filter.add noiseThreshold=30.959999084472656
2014-03-04 15:04:41 INFO filtre.Filter : Filter.add noiseThreshold=30.959999084472656
2014-03-04 15:04:41 INFO filtre.Filter : Filter.add noiseThreshold=30.959999084472656
2014-03-04 15:04:41 INFO filtre.Filter : Filter.add noiseThreshold=30.959999084472656
2014-03-04 15:04:41 INFO filtre.Filter : Filter.add noiseThreshold=30.959999084472656
2014-03-04 15:04:41 INFO filtre.Filter : Filter.add noiseThreshold=30.959999084472656
2014-03-04 15:04:41 INFO filtre.Filter : Filter.add noiseThreshold=30.959999084472656
2014-03-04 15:04:42 INFO filtre.Filter : Filter.add noiseThreshold=30.959999084472656
2014-03-04 15:04:42 INFO filtre.Filter : Filter.add noiseThreshold=30.959999084472656
2014-03-04 15:04:42 INFO filtre.Filter : Filter.add noiseThreshold=30.959999084472656
2014-03-04 15:04:42 INFO filtre.Filter : Filter.add noiseThreshold=30.959999084472656
2014-03-04 15:04:42 INFO filtre.Filter : Filter.add noiseThreshold=30.959999084472656
2014-03-04 15:04:42 INFO filtre.Filter : Filter.add noiseThreshold=30.959999084472656
2014-03-04 15:04:42 INFO filtre.Filter : Filter.add noiseThreshold=30.959999084472656
2014-03-04 15:04:42 INFO filtre.Filter : Filter.add noiseThreshold=30.959999084472656
2014-03-04 15:04:42 INFO filtre.Filter : Filter.add noiseThreshold=30.959999084472656
2014-03-04 15:04:42 INFO filtre.Filter : Filter.add noiseThreshold=30.959999084472656
2014-03-04 15:04:42 INFO filtre.Filter : Filter.add noiseThreshold=30.959999084472656
2014-03-04 15:04:42 INFO filtre.Filter : Filter.add noiseThreshold=30.959999084472656
2014-03-04 15:04:43 INFO filtre.Filter : Filter.add noiseThreshold=30.959999084472656
2014-03-04 15:04:43 INFO filtre.Filter : Filter.add noiseThreshold=30.959999084472656
2014-03-04 15:04:43 INFO filtre.Filter : Filter.add noiseThreshold=30.959999084472656
2014-03-04 15:04:43 INFO filtre.Filter : Filter.add noiseThreshold=30.959999084472656
2014-03-04 15:04:43 INFO filtre.Filter : Filter.add noiseThreshold=30.959999084472656
2014-03-04 15:04:43 INFO filtre.Filter : Filter.add noiseThreshold=30.959999084472656
2014-03-04 15:04:43 INFO filtre.Filter : Filter.add noiseThreshold=30.959999084472656
2014-03-04 15:04:43 INFO filtre.Filter : Filter.add noiseThreshold=30.959999084472656
2014-03-04 15:04:43 INFO filtre.Filter : Filter.add noiseThreshold=30.959999084472656
2014-03-04 15:04:43 INFO filtre.Filter : Filter.add noiseThreshold=30.959999084472656
2014-03-04 15:04:43 INFO filtre.Filter : Filter.add noiseThreshold=30.959999084472656
2014-03-04 15:04:43 INFO filtre.Filter : Filter.add noiseThreshold=30.959999084472656
2014-03-04 15:04:44 INFO filtre.Filter : Filter.add noiseThreshold=30.959999084472656
2014-03-04 15:04:44 INFO filtre.Filter : Filter.add noiseThreshold=30.959999084472656
2014-03-04 15:04:44 INFO filtre.Filter : Filter.add noiseThreshold=30.959999084472656
2014-03-04 15:04:44 INFO filtre.Filter : Filter.add noiseThreshold=30.959999084472656
2014-03-04 15:04:44 INFO filtre.Filter : Filter.add noiseThreshold=30.959999084472656
2014-03-04 15:04:44 INFO filtre.Filter : Filter.add noiseThreshold=30.959999084472656
2014-03-04 15:04:44 INFO filtre.Filter : Filter.add noiseThreshold=30.959999084472656
2014-03-04 15:04:44 INFO filtre.Filter : Filter.add noiseThreshold=30.959999084472656
2014-03-04 15:04:44 INFO filtre.Filter : Filter.add noiseThreshold=30.959999084472656
2014-03-04 15:04:44 INFO filtre.Filter : Filter.add noiseThreshold=30.959999084472656
2014-03-04 15:04:44 INFO filtre.Filter : Filter.add noiseThreshold=30.959999084472656
2014-03-04 15:04:44 INFO filtre.Filter : Filter.add noiseThreshold=30.959999084472656
2014-03-04 15:04:45 INFO filtre.Filter : Filter.add noiseThreshold=30.959999084472656
2014-03-04 15:04:45 INFO filtre.Filter : Filter.add noiseThreshold=30.959999084472656
2014-03-04 15:04:45 INFO filtre.Filter : Filter.add noiseThreshold=30.959999084472656
2014-03-04 15:04:45 INFO filtre.Filter : Filter.add noiseThreshold=30.959999084472656
2014-03-04 15:04:45 INFO filtre.Filter : Filter.add noiseThreshold=30.959999084472656
2014-03-04 15:04:45 INFO filtre.Filter : Filter.add noiseThreshold=30.959999084472656
2014-03-04 15:04:45 INFO filtre.Filter : Filter.add noiseThreshold=30.959999084472656
2014-03-04 15:04:45 INFO filtre.Filter : Filter.add noiseThreshold=30.959999084472656
2014-03-04 15:04:45 INFO filtre.Filter : Filter.add noiseThreshold=30.959999084472656
2014-03-04 15:04:45 INFO filtre.Filter : Filter.add noiseThreshold=30.959999084472656
2014-03-04 15:04:45 INFO filtre.Filter : Filter.add noiseThreshold=30.959999084472656
2014-03-04 15:04:45 INFO filtre.Filter : Filter.add noiseThreshold=30.959999084472656
2014-03-04 15:04:46 INFO filtre.Filter : Filter.add noiseThreshold=30.959999084472656
2014-03-04 15:04:46 INFO filtre.Filter : Filter.add noiseThreshold=30.959999084472656
2014-03-04 15:04:46 INFO filtre.Filter : Filter.add noiseThreshold=30.959999084472656
2014-03-04 15:04:46 INFO filtre.Filter : Filter.add noiseThreshold=30.959999084472656
2014-03-04 15:04:46 INFO filtre.Filter : Filter.add noiseThreshold=30.959999084472656
2014-03-04 15:04:46 INFO filtre.Filter : Filter.add noiseThreshold=30.959999084472656
2014-03-04 15:04:46 INFO filtre.Filter : Filter.add noiseThreshold=30.959999084472656
2014-03-04 15:04:46 INFO filtre.Filter : Filter.add noiseThreshold=30.959999084472656
2014-03-04 15:04:46 INFO filtre.Filter : Filter.add noiseThreshold=30.959999084472656
2014-03-04 15:04:46 INFO filtre.Filter : Filter.add noiseThreshold=30.959999084472656
2014-03-04 15:04:46 INFO filtre.Filter : Filter.add noiseThreshold=30.959999084472656
2014-03-04 15:04:46 INFO filtre.Filter : Filter.add noiseThreshold=30.959999084472656
2014-03-04 15:04:47 INFO filtre.Filter : Filter.add noiseThreshold=30.959999084472656
2014-03-04 15:04:47 INFO filtre.Filter : Filter.add noiseThreshold=30.959999084472656
2014-03-04 15:04:47 INFO filtre.Filter : Filter.add noiseThreshold=30.959999084472656
2014-03-04 15:04:47 INFO filtre.Filter : Filter.add noiseThreshold=30.959999084472656
2014-03-04 15:04:47 INFO filtre.Filter : Filter.add noiseThreshold=30.959999084472656
2014-03-04 15:04:47 INFO filtre.Filter : Filter.add noiseThreshold=30.959999084472656
2014-03-04 15:04:47 INFO filtre.Filter : Filter.add noiseThreshold=30.959999084472656
2014-03-04 15:04:47 INFO filtre.Filter : Filter.add noiseThreshold=30.959999084472656
2014-03-04 15:04:47 INFO filtre.Filter : Filter.add noiseThreshold=30.959999084472656
2014-03-04 15:04:47 INFO filtre.Filter : Filter.add noiseThreshold=30.959999084472656
2014-03-04 15:04:47 INFO filtre.Filter : Filter.add noiseThreshold=30.959999084472656
2014-03-04 15:04:47 INFO filtre.Filter : Filter.add noiseThreshold=30.959999084472656
2014-03-04 15:04:48 INFO filtre.Filter : Filter.add noiseThreshold=30.959999084472656
2014-03-04 15:04:48 INFO filtre.Filter : Filter.add noiseThreshold=30.959999084472656
2014-03-04 15:04:48 INFO filtre.Filter : Filter.add noiseThreshold=30.959999084472656
2014-03-04 15:04:48 INFO filtre.Filter : Filter.add noiseThreshold=30.959999084472656
2014-03-04 15:04:48 INFO filtre.Filter : Filter.add noiseThreshold=30.959999084472656
2014-03-04 15:04:48 INFO filtre.Filter : Filter.add noiseThreshold=30.959999084472656
2014-03-04 15:04:48 INFO filtre.Filter : Filter.add noiseThreshold=30.959999084472656
2014-03-04 15:04:48 INFO filtre.Filter : Filter.add noiseThreshold=30.959999084472656
2014-03-04 15:04:48 INFO filtre.Filter : Filter.add noiseThreshold=30.959999084472656
2014-03-04 15:04:48 INFO filtre.Filter : Filter.add noiseThreshold=30.959999084472656
2014-03-04 15:04:48 INFO filtre.Filter : Filter.add noiseThreshold=30.959999084472656
2014-03-04 15:04:48 INFO filtre.Filter : Filter.add noiseThreshold=30.959999084472656
2014-03-04 15:04:48 INFO filtre.Filter : Filter.add noiseThreshold=30.959999084472656
2014-03-04 15:04:49 INFO filtre.Filter : Filter.add noiseThreshold=30.959999084472656
2014-03-04 15:04:49 INFO filtre.Filter : Filter.add noiseThreshold=30.959999084472656
2014-03-04 15:04:49 INFO filtre.Filter : Filter.add noiseThreshold=30.959999084472656
2014-03-04 15:04:49 INFO filtre.Filter : Filter.add noiseThreshold=30.959999084472656
2014-03-04 15:04:49 INFO filtre.Filter : Filter.add noiseThreshold=30.959999084472656
2014-03-04 15:04:49 INFO filtre.Filter : Filter.add noiseThreshold=30.959999084472656
2014-03-04 15:04:49 INFO filtre.Filter : Filter.add noiseThreshold=30.959999084472656
2014-03-04 15:04:49 INFO filtre.Filter : Filter.add noiseThreshold=30.959999084472656
2014-03-04 15:04:49 INFO filtre.Filter : Filter.add noiseThreshold=30.959999084472656
2014-03-04 15:04:49 INFO filtre.Filter : Filter.add noiseThreshold=30.959999084472656
2014-03-04 15:04:49 INFO filtre.Filter : Filter.add noiseThreshold=30.959999084472656
2014-03-04 15:04:50 INFO filtre.Filter : Filter.add noiseThreshold=30.959999084472656
2014-03-04 15:04:50 INFO filtre.Filter : Filter.add noiseThreshold=30.959999084472656
2014-03-04 15:04:50 INFO filtre.Filter : Filter.add noiseThreshold=30.959999084472656
2014-03-04 15:04:50 INFO filtre.Filter : Filter.add noiseThreshold=30.959999084472656
2014-03-04 15:04:50 INFO filtre.Filter : Filter.add noiseThreshold=30.959999084472656
2014-03-04 15:04:50 INFO filtre.Filter : Filter.add noiseThreshold=30.959999084472656
2014-03-04 15:04:50 INFO filtre.Filter : Filter.add noiseThreshold=30.959999084472656
2014-03-04 15:04:50 INFO filtre.Filter : Filter.add noiseThreshold=30.959999084472656
2014-03-04 15:04:50 INFO filtre.Filter : Filter.add noiseThreshold=30.959999084472656
2014-03-04 15:04:50 INFO filtre.Filter : Filter.add noiseThreshold=30.959999084472656
2014-03-04 15:04:50 INFO filtre.Filter : Filter.add noiseThreshold=30.959999084472656
2014-03-04 15:04:50 INFO filtre.Filter : Filter.add noiseThreshold=30.959999084472656
2014-03-04 15:04:51 INFO filtre.Filter : Filter.add noiseThreshold=30.959999084472656
2014-03-04 15:04:51 INFO filtre.Filter : Filter.add noiseThreshold=30.959999084472656
2014-03-04 15:04:51 INFO filtre.Filter : Filter.add noiseThreshold=30.959999084472656
2014-03-04 15:04:51 INFO filtre.Filter : Filter.add noiseThreshold=30.959999084472656
2014-03-04 15:04:51 INFO filtre.Filter : Filter.add noiseThreshold=30.959999084472656
2014-03-04 15:04:51 INFO filtre.Filter : Filter.add noiseThreshold=30.959999084472656
2014-03-04 15:04:51 INFO filtre.Filter : Filter.add noiseThreshold=30.959999084472656
2014-03-04 15:04:51 INFO filtre.Filter : Filter.add noiseThreshold=30.959999084472656
2014-03-04 15:04:51 INFO filtre.Filter : Filter.add noiseThreshold=30.959999084472656
2014-03-04 15:04:51 INFO filtre.Filter : Filter.add noiseThreshold=30.959999084472656
2014-03-04 15:04:51 INFO filtre.Filter : Filter.add noiseThreshold=30.959999084472656
2014-03-04 15:04:51 INFO filtre.Filter : Filter.add noiseThreshold=30.959999084472656
2014-03-04 15:04:52 INFO filtre.Filter : Filter.add noiseThreshold=30.959999084472656
2014-03-04 15:04:52 INFO filtre.Filter : Filter.add noiseThreshold=30.959999084472656
2014-03-04 15:04:52 INFO filtre.Filter : Filter.add noiseThreshold=30.959999084472656
2014-03-04 15:04:52 INFO filtre.Filter : Filter.add noiseThreshold=30.959999084472656
2014-03-04 15:04:52 INFO filtre.Filter : Filter.add noiseThreshold=30.959999084472656
2014-03-04 15:04:52 INFO filtre.Filter : Filter.add noiseThreshold=30.959999084472656
2014-03-04 15:04:52 INFO filtre.Filter : Filter.add noiseThreshold=30.959999084472656
2014-03-04 15:04:52 INFO filtre.Filter : Filter.add noiseThreshold=30.959999084472656
2014-03-04 15:04:52 INFO filtre.Filter : Filter.add noiseThreshold=30.959999084472656
2014-03-04 15:04:52 INFO filtre.Filter : Filter.add noiseThreshold=30.959999084472656
2014-03-04 15:04:52 INFO filtre.Filter : Filter.add noiseThreshold=30.959999084472656
2014-03-04 15:04:52 INFO filtre.Filter : Filter.add noiseThreshold=30.959999084472656
2014-03-04 15:04:53 INFO filtre.Filter : Filter.add noiseThreshold=30.959999084472656
2014-03-04 15:04:53 INFO filtre.Filter : Filter.add noiseThreshold=30.959999084472656
2014-03-04 15:04:53 INFO filtre.Filter : Filter.add noiseThreshold=30.959999084472656
2014-03-04 15:04:53 INFO filtre.Filter : Filter.add noiseThreshold=30.959999084472656
2014-03-04 15:04:53 INFO filtre.Filter : Filter.add noiseThreshold=30.959999084472656
2014-03-04 15:04:53 INFO filtre.Filter : Filter.add noiseThreshold=30.959999084472656
2014-03-04 15:04:53 INFO filtre.Filter : Filter.add noiseThreshold=30.959999084472656
2014-03-04 15:04:53 INFO filtre.Filter : Filter.add noiseThreshold=30.959999084472656
2014-03-04 15:04:53 INFO filtre.Filter : Filter.add noiseThreshold=30.959999084472656
2014-03-04 15:04:53 INFO filtre.Filter : Filter.add noiseThreshold=30.959999084472656
2014-03-04 15:04:53 INFO filtre.Filter : Filter.add noiseThreshold=30.959999084472656
2014-03-04 15:04:53 INFO filtre.Filter : Filter.add noiseThreshold=30.959999084472656
2014-03-04 15:04:54 INFO filtre.Filter : Filter.add noiseThreshold=30.959999084472656
2014-03-04 15:04:54 INFO filtre.Filter : Filter.add noiseThreshold=30.959999084472656
2014-03-04 15:04:54 INFO filtre.Filter : Filter.add noiseThreshold=30.959999084472656
2014-03-04 15:04:54 INFO filtre.Filter : Filter.add noiseThreshold=30.959999084472656
2014-03-04 15:04:54 INFO filtre.Filter : Filter.add noiseThreshold=30.959999084472656
2014-03-04 15:04:54 INFO filtre.Filter : Filter.add noiseThreshold=30.959999084472656
2014-03-04 15:04:54 INFO filtre.Filter : Filter.add noiseThreshold=30.959999084472656
2014-03-04 15:04:54 INFO filtre.Filter : Filter.add noiseThreshold=30.959999084472656
2014-03-04 15:04:54 INFO filtre.Filter : Filter.add noiseThreshold=30.959999084472656
2014-03-04 15:04:54 INFO filtre.Filter : Filter.add noiseThreshold=30.959999084472656
2014-03-04 15:04:54 INFO filtre.Filter : Filter.add noiseThreshold=30.959999084472656
2014-03-04 15:04:54 INFO filtre.Filter : Filter.add noiseThreshold=30.959999084472656
2014-03-04 15:04:55 INFO filtre.Filter : Filter.add noiseThreshold=30.959999084472656
2014-03-04 15:04:55 INFO filtre.Filter : Filter.add noiseThreshold=30.959999084472656
2014-03-04 15:04:55 INFO filtre.Filter : Filter.add noiseThreshold=30.959999084472656
2014-03-04 15:04:55 INFO filtre.Filter : Filter.add noiseThreshold=30.959999084472656
2014-03-04 15:04:55 INFO filtre.Filter : Filter.add noiseThreshold=30.959999084472656
2014-03-04 15:04:55 INFO filtre.Filter : Filter.add noiseThreshold=30.959999084472656
2014-03-04 15:04:55 INFO filtre.Filter : Filter.add noiseThreshold=30.959999084472656
2014-03-04 15:04:55 INFO filtre.Filter : Filter.add noiseThreshold=30.959999084472656
2014-03-04 15:04:55 INFO filtre.Filter : Filter.add noiseThreshold=30.959999084472656
2014-03-04 15:04:55 INFO filtre.Filter : Filter.add noiseThreshold=30.959999084472656
2014-03-04 15:04:55 INFO filtre.Filter : Filter.add noiseThreshold=30.959999084472656
2014-03-04 15:04:55 INFO filtre.Filter : Filter.add noiseThreshold=30.959999084472656
2014-03-04 15:04:56 INFO filtre.Filter : Filter.add noiseThreshold=30.959999084472656
2014-03-04 15:04:56 INFO filtre.Filter : Filter.add noiseThreshold=30.959999084472656
2014-03-04 15:04:56 INFO filtre.Filter : Filter.add noiseThreshold=30.959999084472656
2014-03-04 15:04:56 INFO filtre.Filter : Filter.add noiseThreshold=30.959999084472656
2014-03-04 15:04:56 INFO filtre.Filter : Filter.add noiseThreshold=30.959999084472656
2014-03-04 15:04:56 INFO filtre.Filter : Filter.add noiseThreshold=30.959999084472656
2014-03-04 15:04:56 INFO filtre.Filter : Filter.add noiseThreshold=30.959999084472656
2014-03-04 15:04:56 INFO filtre.Filter : Filter.add noiseThreshold=30.959999084472656
2014-03-04 15:04:56 INFO filtre.Filter : Filter.add noiseThreshold=30.959999084472656
2014-03-04 15:04:56 INFO filtre.Filter : Filter.add noiseThreshold=30.959999084472656
2014-03-04 15:04:56 INFO filtre.Filter : Filter.add noiseThreshold=30.959999084472656
2014-03-04 15:04:56 INFO filtre.Filter : Filter.add noiseThreshold=30.959999084472656
2014-03-04 15:04:57 INFO filtre.Filter : Filter.add noiseThreshold=30.959999084472656
2014-03-04 15:04:57 INFO filtre.Filter : Filter.add noiseThreshold=30.959999084472656
2014-03-04 15:04:57 INFO filtre.Filter : Filter.add noiseThreshold=30.959999084472656
2014-03-04 15:04:57 INFO filtre.Filter : Filter.add noiseThreshold=30.959999084472656
2014-03-04 15:04:57 INFO filtre.Filter : Filter.add noiseThreshold=30.959999084472656
2014-03-04 15:04:57 INFO filtre.Filter : Filter.add noiseThreshold=30.959999084472656
2014-03-04 15:04:57 INFO filtre.Filter : Filter.add noiseThreshold=30.959999084472656
2014-03-04 15:04:57 INFO filtre.Filter : Filter.add noiseThreshold=30.959999084472656
2014-03-04 15:04:57 INFO filtre.Filter : Filter.add noiseThreshold=30.959999084472656
2014-03-04 15:04:57 INFO filtre.Filter : Filter.add noiseThreshold=30.959999084472656
2014-03-04 15:04:57 INFO filtre.Filter : Filter.add noiseThreshold=30.959999084472656
2014-03-04 15:04:57 INFO filtre.Filter : Filter.add noiseThreshold=30.959999084472656
2014-03-04 15:04:57 INFO filtre.Filter : Filter.add noiseThreshold=30.959999084472656
2014-03-04 15:04:58 INFO filtre.Filter : Filter.add noiseThreshold=30.959999084472656
2014-03-04 15:04:58 INFO filtre.Filter : Filter.add noiseThreshold=30.959999084472656
2014-03-04 15:04:58 INFO filtre.Filter : Filter.add noiseThreshold=30.959999084472656
2014-03-04 15:04:58 INFO filtre.Filter : Filter.add noiseThreshold=30.959999084472656
2014-03-04 15:04:58 INFO filtre.Filter : Filter.add noiseThreshold=30.959999084472656
2014-03-04 15:04:58 INFO filtre.Filter : Filter.add noiseThreshold=30.959999084472656
2014-03-04 15:04:58 INFO filtre.Filter : Filter.add noiseThreshold=30.959999084472656
2014-03-04 15:04:58 INFO filtre.Filter : Filter.add noiseThreshold=30.959999084472656
2014-03-04 15:04:58 INFO filtre.Filter : Filter.add noiseThreshold=30.959999084472656
2014-03-04 15:04:58 INFO filtre.Filter : Filter.add noiseThreshold=30.959999084472656
2014-03-04 15:04:58 INFO filtre.Filter : Filter.add noiseThreshold=30.959999084472656
2014-03-04 15:04:58 INFO filtre.Filter : Filter.add noiseThreshold=30.959999084472656
2014-03-04 15:04:59 INFO filtre.Filter : Filter.add noiseThreshold=30.959999084472656
2014-03-04 15:04:59 INFO filtre.Filter : Filter.add noiseThreshold=30.959999084472656
2014-03-04 15:04:59 INFO filtre.Filter : Filter.add noiseThreshold=30.959999084472656
2014-03-04 15:04:59 INFO filtre.Filter : Filter.add noiseThreshold=30.959999084472656
2014-03-04 15:04:59 INFO filtre.Filter : Filter.add noiseThreshold=30.959999084472656
2014-03-04 15:04:59 INFO filtre.Filter : Filter.add noiseThreshold=30.959999084472656
2014-03-04 15:04:59 INFO filtre.Filter : Filter.add noiseThreshold=30.959999084472656
2014-03-04 15:04:59 INFO filtre.Filter : Filter.add noiseThreshold=30.959999084472656
2014-03-04 15:04:59 INFO filtre.Filter : Filter.add noiseThreshold=30.959999084472656
2014-03-04 15:04:59 INFO filtre.Filter : Filter.add noiseThreshold=30.959999084472656
2014-03-04 15:04:59 INFO filtre.Filter : Filter.add noiseThreshold=30.959999084472656
2014-03-04 15:04:59 INFO filtre.Filter : Filter.add noiseThreshold=30.959999084472656
2014-03-04 15:05:00 INFO filtre.Filter : Filter.add noiseThreshold=30.959999084472656
2014-03-04 15:05:00 INFO filtre.Filter : Filter.add noiseThreshold=30.959999084472656
2014-03-04 15:05:00 INFO filtre.Filter : Filter.add noiseThreshold=30.959999084472656
2014-03-04 15:05:00 INFO filtre.Filter : Filter.add noiseThreshold=30.959999084472656
2014-03-04 15:05:00 INFO filtre.Filter : Filter.add noiseThreshold=30.959999084472656
2014-03-04 15:05:00 INFO filtre.Filter : Filter.add noiseThreshold=30.959999084472656
2014-03-04 15:05:00 INFO filtre.Filter : Filter.add noiseThreshold=30.959999084472656
2014-03-04 15:05:00 INFO filtre.Filter : Filter.add noiseThreshold=30.959999084472656
2014-03-04 15:05:00 INFO filtre.Filter : Filter.add noiseThreshold=30.959999084472656
2014-03-04 15:05:00 INFO filtre.Filter : Filter.add noiseThreshold=30.959999084472656
2014-03-04 15:05:00 INFO filtre.Filter : Filter.add noiseThreshold=30.959999084472656
2014-03-04 15:05:00 INFO filtre.Filter : Filter.add noiseThreshold=30.959999084472656
2014-03-04 15:05:01 INFO filtre.Filter : Filter.add noiseThreshold=30.959999084472656
2014-03-04 15:05:01 INFO filtre.Filter : Filter.add noiseThreshold=30.959999084472656
2014-03-04 15:05:01 INFO filtre.Filter : Filter.add noiseThreshold=30.959999084472656
2014-03-04 15:05:01 INFO filtre.Filter : Filter.add noiseThreshold=30.959999084472656
2014-03-04 15:05:01 INFO filtre.Filter : Filter.add noiseThreshold=30.959999084472656
2014-03-04 15:05:01 INFO filtre.Filter : Filter.add noiseThreshold=30.959999084472656
2014-03-04 15:05:01 INFO filtre.Filter : Filter.add noiseThreshold=30.959999084472656
2014-03-04 15:05:01 INFO filtre.Filter : Filter.add noiseThreshold=30.959999084472656
2014-03-04 15:05:01 INFO filtre.Filter : Filter.add noiseThreshold=30.959999084472656
2014-03-04 15:05:01 INFO filtre.Filter : Filter.add noiseThreshold=30.959999084472656
2014-03-04 15:05:01 INFO filtre.Filter : Filter.add noiseThreshold=30.959999084472656
2014-03-04 15:05:01 INFO filtre.Filter : Filter.add noiseThreshold=30.959999084472656
2014-03-04 15:05:02 INFO filtre.Filter : Filter.add noiseThreshold=30.959999084472656
2014-03-04 15:05:02 INFO filtre.Filter : Filter.add noiseThreshold=30.959999084472656
2014-03-04 15:05:02 INFO filtre.Filter : Filter.add noiseThreshold=30.959999084472656
2014-03-04 15:05:02 INFO filtre.Filter : Filter.add noiseThreshold=30.959999084472656
2014-03-04 15:05:02 INFO filtre.Filter : Filter.add noiseThreshold=30.959999084472656
2014-03-04 15:05:02 INFO filtre.Filter : Filter.add noiseThreshold=30.959999084472656
2014-03-04 15:05:02 INFO filtre.Filter : Filter.add noiseThreshold=30.959999084472656
2014-03-04 15:05:02 INFO filtre.Filter : Filter.add noiseThreshold=30.959999084472656
2014-03-04 15:05:02 INFO filtre.Filter : Filter.add noiseThreshold=30.959999084472656
2014-03-04 15:05:02 INFO filtre.Filter : Filter.add noiseThreshold=30.959999084472656
2014-03-04 15:05:02 INFO filtre.Filter : Filter.add noiseThreshold=30.959999084472656
2014-03-04 15:05:02 INFO filtre.Filter : Filter.add noiseThreshold=30.959999084472656
2014-03-04 15:05:03 INFO filtre.Filter : Filter.add noiseThreshold=30.959999084472656
2014-03-04 15:05:03 INFO filtre.Filter : Filter.add noiseThreshold=30.959999084472656
2014-03-04 15:05:03 INFO filtre.Filter : Filter.add noiseThreshold=30.959999084472656
2014-03-04 15:05:03 INFO filtre.Filter : Filter.add noiseThreshold=30.959999084472656
2014-03-04 15:05:03 INFO filtre.Filter : Filter.add noiseThreshold=30.959999084472656
2014-03-04 15:05:03 INFO filtre.Filter : Filter.add noiseThreshold=30.959999084472656
2014-03-04 15:05:03 INFO filtre.Filter : Filter.add noiseThreshold=30.959999084472656
2014-03-04 15:05:03 INFO filtre.Filter : Filter.add noiseThreshold=30.959999084472656
2014-03-04 15:05:03 INFO filtre.Filter : Filter.add noiseThreshold=30.959999084472656
2014-03-04 15:05:03 INFO filtre.Filter : Filter.add noiseThreshold=30.959999084472656
2014-03-04 15:05:03 INFO filtre.Filter : Filter.add noiseThreshold=30.959999084472656
2014-03-04 15:05:03 INFO filtre.Filter : Filter.add noiseThreshold=30.959999084472656
2014-03-04 15:05:04 INFO filtre.Filter : Filter.add noiseThreshold=30.959999084472656
2014-03-04 15:05:04 INFO filtre.Filter : Filter.add noiseThreshold=30.959999084472656
2014-03-04 15:05:04 INFO filtre.Filter : Filter.add noiseThreshold=30.959999084472656
2014-03-04 15:05:04 INFO filtre.Filter : Filter.add noiseThreshold=30.959999084472656
2014-03-04 15:05:04 INFO filtre.Filter : Filter.add noiseThreshold=30.959999084472656
2014-03-04 15:05:04 INFO filtre.Filter : Filter.add noiseThreshold=30.959999084472656
2014-03-04 15:05:04 INFO filtre.Filter : Filter.add noiseThreshold=30.959999084472656
2014-03-04 15:05:04 INFO filtre.Filter : Filter.add noiseThreshold=30.959999084472656
2014-03-04 15:05:04 INFO filtre.Filter : Filter.add noiseThreshold=30.959999084472656
2014-03-04 15:05:04 INFO filtre.Filter : Filter.add noiseThreshold=30.959999084472656
2014-03-04 15:05:04 INFO filtre.Filter : Filter.add noiseThreshold=30.959999084472656
2014-03-04 15:05:04 INFO filtre.Filter : Filter.add noiseThreshold=30.959999084472656
2014-03-04 15:05:05 INFO filtre.Filter : Filter.add noiseThreshold=30.959999084472656
2014-03-04 15:05:05 INFO filtre.Filter : Filter.add noiseThreshold=30.959999084472656
2014-03-04 15:05:05 INFO filtre.Filter : Filter.add noiseThreshold=30.959999084472656
2014-03-04 15:05:05 INFO filtre.Filter : Filter.add noiseThreshold=30.959999084472656
2014-03-04 15:05:05 INFO filtre.Filter : Filter.add noiseThreshold=30.959999084472656
2014-03-04 15:05:05 INFO filtre.Filter : Filter.add noiseThreshold=30.959999084472656
2014-03-04 15:05:05 INFO filtre.Filter : Filter.add noiseThreshold=30.959999084472656
2014-03-04 15:05:05 INFO filtre.Filter : Filter.add noiseThreshold=30.959999084472656
2014-03-04 15:05:05 INFO filtre.Filter : Filter.add noiseThreshold=30.959999084472656
2014-03-04 15:05:05 INFO filtre.Filter : Filter.add noiseThreshold=30.959999084472656
2014-03-04 15:05:05 INFO filtre.Filter : Filter.add noiseThreshold=30.959999084472656
2014-03-04 15:05:05 INFO filtre.Filter : Filter.add noiseThreshold=30.959999084472656
2014-03-04 15:05:06 INFO filtre.Filter : Filter.add noiseThreshold=30.959999084472656
2014-03-04 15:05:06 INFO filtre.Filter : Filter.add noiseThreshold=30.959999084472656
2014-03-04 15:05:06 INFO filtre.Filter : Filter.add noiseThreshold=30.959999084472656
2014-03-04 15:05:06 INFO filtre.Filter : Filter.add noiseThreshold=30.959999084472656
2014-03-04 15:05:06 INFO filtre.Filter : Filter.add noiseThreshold=30.959999084472656
2014-03-04 15:05:06 INFO filtre.Filter : Filter.add noiseThreshold=30.959999084472656
2014-03-04 15:05:06 INFO filtre.Filter : Filter.add noiseThreshold=30.959999084472656
2014-03-04 15:05:06 INFO filtre.Filter : Filter.add noiseThreshold=30.959999084472656
2014-03-04 15:05:06 INFO filtre.Filter : Filter.add noiseThreshold=30.959999084472656
2014-03-04 15:05:06 INFO filtre.Filter : Filter.add noiseThreshold=30.959999084472656
2014-03-04 15:05:06 INFO filtre.Filter : Filter.add noiseThreshold=30.959999084472656
2014-03-04 15:05:06 INFO filtre.Filter : Filter.add noiseThreshold=30.959999084472656
2014-03-04 15:05:07 INFO filtre.Filter : Filter.add noiseThreshold=30.959999084472656
2014-03-04 15:05:07 INFO filtre.Filter : Filter.add noiseThreshold=30.959999084472656
2014-03-04 15:05:07 INFO filtre.Filter : Filter.add noiseThreshold=30.959999084472656
2014-03-04 15:05:07 INFO filtre.Filter : Filter.add noiseThreshold=30.959999084472656
2014-03-04 15:05:07 INFO filtre.Filter : Filter.add noiseThreshold=30.959999084472656
2014-03-04 15:05:07 INFO filtre.Filter : Filter.add noiseThreshold=30.959999084472656
2014-03-04 15:05:07 INFO filtre.Filter : Filter.add noiseThreshold=30.959999084472656
2014-03-04 15:05:07 INFO filtre.Filter : Filter.add noiseThreshold=30.959999084472656
2014-03-04 15:05:07 INFO filtre.Filter : Filter.add noiseThreshold=30.959999084472656
2014-03-04 15:05:07 INFO filtre.Filter : Filter.add noiseThreshold=30.959999084472656
2014-03-04 15:05:07 INFO filtre.Filter : Filter.add noiseThreshold=30.959999084472656
2014-03-04 15:05:07 INFO filtre.Filter : Filter.add noiseThreshold=30.959999084472656
2014-03-04 15:05:08 INFO filtre.Filter : Filter.add noiseThreshold=30.959999084472656
2014-03-04 15:05:08 INFO filtre.Filter : Filter.add noiseThreshold=30.959999084472656
2014-03-04 15:05:08 INFO filtre.Filter : Filter.add noiseThreshold=30.959999084472656
2014-03-04 15:05:08 INFO filtre.Filter : Filter.add noiseThreshold=30.959999084472656
2014-03-04 15:05:08 INFO filtre.Filter : Filter.add noiseThreshold=30.959999084472656
2014-03-04 15:05:08 INFO filtre.Filter : Filter.add noiseThreshold=30.959999084472656
2014-03-04 15:05:08 INFO filtre.Filter : Filter.add noiseThreshold=30.959999084472656
2014-03-04 15:05:08 INFO filtre.Filter : Filter.add noiseThreshold=30.959999084472656
2014-03-04 15:05:08 INFO filtre.Filter : Filter.add noiseThreshold=30.959999084472656
2014-03-04 15:05:08 INFO filtre.Filter : Filter.add noiseThreshold=30.959999084472656
2014-03-04 15:05:08 INFO filtre.Filter : Filter.add noiseThreshold=30.959999084472656
2014-03-04 15:05:08 INFO filtre.Filter : Filter.add noiseThreshold=30.959999084472656
2014-03-04 15:05:08 INFO filtre.Filter : Filter.add noiseThreshold=30.959999084472656
2014-03-04 15:05:09 INFO filtre.Filter : Filter.add noiseThreshold=30.959999084472656
2014-03-04 15:05:09 INFO filtre.Filter : Filter.add noiseThreshold=30.959999084472656
2014-03-04 15:05:09 INFO filtre.Filter : Filter.add noiseThreshold=30.959999084472656
2014-03-04 15:05:09 INFO filtre.Filter : Filter.add noiseThreshold=30.959999084472656
2014-03-04 15:05:09 INFO filtre.Filter : Filter.add noiseThreshold=30.959999084472656
2014-03-04 15:05:09 INFO filtre.Filter : Filter.add noiseThreshold=30.959999084472656
2014-03-04 15:05:09 INFO filtre.Filter : Filter.add noiseThreshold=30.959999084472656
2014-03-04 15:05:09 INFO filtre.Filter : Filter.add noiseThreshold=30.959999084472656
2014-03-04 15:05:09 INFO filtre.Filter : Filter.add noiseThreshold=30.959999084472656
2014-03-04 15:05:09 INFO filtre.Filter : Filter.add noiseThreshold=30.959999084472656
2014-03-04 15:05:09 INFO filtre.Filter : Filter.add noiseThreshold=30.959999084472656
2014-03-04 15:05:09 INFO filtre.Filter : Filter.add noiseThreshold=30.959999084472656
2014-03-04 15:05:10 INFO filtre.Filter : Filter.add noiseThreshold=30.959999084472656
2014-03-04 15:05:10 INFO filtre.Filter : Filter.add noiseThreshold=30.959999084472656
2014-03-04 15:05:10 INFO filtre.Filter : Filter.add noiseThreshold=30.959999084472656
2014-03-04 15:05:10 INFO filtre.Filter : Filter.add noiseThreshold=30.959999084472656
2014-03-04 15:05:10 INFO filtre.Filter : Filter.add noiseThreshold=30.959999084472656
2014-03-04 15:05:10 INFO filtre.Filter : Filter.add noiseThreshold=30.959999084472656
2014-03-04 15:05:10 INFO filtre.Filter : Filter.add noiseThreshold=30.959999084472656
2014-03-04 15:05:10 INFO filtre.Filter : Filter.add noiseThreshold=30.959999084472656
2014-03-04 15:05:10 INFO filtre.Filter : Filter.add noiseThreshold=30.959999084472656
2014-03-04 15:05:10 INFO filtre.Filter : Filter.add noiseThreshold=30.959999084472656
2014-03-04 15:05:10 INFO filtre.Filter : Filter.add noiseThreshold=30.959999084472656
2014-03-04 15:05:10 INFO filtre.Filter : Filter.add noiseThreshold=30.959999084472656
2014-03-04 15:05:11 INFO filtre.Filter : Filter.add noiseThreshold=30.959999084472656
2014-03-04 15:05:11 INFO filtre.Filter : Filter.add noiseThreshold=30.959999084472656
2014-03-04 15:05:11 INFO filtre.Filter : Filter.add noiseThreshold=30.959999084472656
2014-03-04 15:05:11 INFO filtre.Filter : Filter.add noiseThreshold=30.959999084472656
2014-03-04 15:05:11 INFO filtre.Filter : Filter.add noiseThreshold=30.959999084472656
2014-03-04 15:05:11 INFO filtre.Filter : Filter.add noiseThreshold=30.959999084472656
2014-03-04 15:05:11 INFO filtre.Filter : Filter.add noiseThreshold=30.959999084472656
2014-03-04 15:05:11 INFO filtre.Filter : Filter.add noiseThreshold=30.959999084472656
2014-03-04 15:05:11 INFO filtre.Filter : Filter.add noiseThreshold=30.959999084472656
2014-03-04 15:05:11 INFO filtre.Filter : Filter.add noiseThreshold=30.959999084472656
2014-03-04 15:05:11 INFO filtre.Filter : Filter.add noiseThreshold=30.959999084472656
2014-03-04 15:05:12 INFO filtre.Filter : Filter.add noiseThreshold=30.959999084472656
2014-03-04 15:05:12 INFO filtre.Filter : Filter.add noiseThreshold=30.959999084472656
2014-03-04 15:05:12 INFO filtre.Filter : Filter.add noiseThreshold=30.959999084472656
2014-03-04 15:05:12 INFO filtre.Filter : Filter.add noiseThreshold=30.959999084472656
2014-03-04 15:05:12 INFO filtre.Filter : Filter.add noiseThreshold=30.959999084472656
2014-03-04 15:05:12 INFO filtre.Filter : Filter.add noiseThreshold=30.959999084472656
2014-03-04 15:05:12 INFO filtre.Filter : Filter.add noiseThreshold=30.959999084472656
2014-03-04 15:05:12 INFO filtre.Filter : Filter.add noiseThreshold=30.959999084472656
2014-03-04 15:05:12 INFO filtre.Filter : Filter.add noiseThreshold=30.959999084472656
2014-03-04 15:05:12 INFO filtre.Filter : Filter.add noiseThreshold=30.959999084472656
2014-03-04 15:05:12 INFO filtre.Filter : Filter.add noiseThreshold=30.959999084472656
2014-03-04 15:05:12 INFO filtre.Filter : Filter.add noiseThreshold=30.959999084472656
2014-03-04 15:05:12 INFO filtre.Filter : Filter.add noiseThreshold=30.959999084472656
2014-03-04 15:05:13 INFO filtre.Filter : Filter.add noiseThreshold=30.959999084472656
2014-03-04 15:05:13 INFO filtre.Filter : Filter.add noiseThreshold=30.959999084472656
2014-03-04 15:05:13 INFO filtre.Filter : Filter.add noiseThreshold=30.959999084472656
2014-03-04 15:05:13 INFO filtre.Filter : Filter.add noiseThreshold=30.959999084472656
2014-03-04 15:05:13 INFO filtre.Filter : Filter.add noiseThreshold=30.959999084472656
2014-03-04 15:05:13 INFO filtre.Filter : Filter.add noiseThreshold=30.959999084472656
2014-03-04 15:05:13 INFO filtre.Filter : Filter.add noiseThreshold=30.959999084472656
2014-03-04 15:05:13 INFO filtre.Filter : Filter.add noiseThreshold=30.959999084472656
2014-03-04 15:05:13 INFO filtre.Filter : Filter.add noiseThreshold=30.959999084472656
2014-03-04 15:05:13 INFO filtre.Filter : Filter.add noiseThreshold=30.959999084472656
2014-03-04 15:05:13 INFO filtre.Filter : Filter.add noiseThreshold=30.959999084472656
2014-03-04 15:05:13 INFO filtre.Filter : Filter.add noiseThreshold=30.959999084472656
2014-03-04 15:05:14 INFO filtre.Filter : Filter.add noiseThreshold=30.959999084472656
2014-03-04 15:05:14 INFO filtre.Filter : Filter.add noiseThreshold=30.959999084472656
2014-03-04 15:05:14 INFO filtre.Filter : Filter.add noiseThreshold=30.959999084472656
2014-03-04 15:05:14 INFO filtre.Filter : Filter.add noiseThreshold=30.959999084472656
2014-03-04 15:05:14 INFO filtre.Filter : Filter.add noiseThreshold=30.959999084472656
2014-03-04 15:05:14 INFO filtre.Filter : Filter.add noiseThreshold=30.959999084472656
2014-03-04 15:05:14 INFO filtre.Filter : Filter.add noiseThreshold=30.959999084472656
2014-03-04 15:05:14 INFO filtre.Filter : Filter.add noiseThreshold=30.959999084472656
2014-03-04 15:05:14 INFO filtre.Filter : Filter.add noiseThreshold=30.959999084472656
2014-03-04 15:05:14 INFO filtre.Filter : Filter.add noiseThreshold=30.959999084472656
2014-03-04 15:05:14 INFO filtre.Filter : Filter.add noiseThreshold=30.959999084472656
2014-03-04 15:05:14 INFO filtre.Filter : Filter.add noiseThreshold=30.959999084472656
2014-03-04 15:05:15 INFO filtre.Filter : Filter.add noiseThreshold=30.959999084472656
2014-03-04 15:05:15 INFO filtre.Filter : Filter.add noiseThreshold=30.959999084472656
2014-03-04 15:05:15 INFO filtre.Filter : Filter.add noiseThreshold=30.959999084472656
2014-03-04 15:05:15 INFO filtre.Filter : Filter.add noiseThreshold=30.959999084472656
2014-03-04 15:05:15 INFO filtre.Filter : Filter.add noiseThreshold=30.959999084472656
2014-03-04 15:05:15 INFO filtre.Filter : Filter.add noiseThreshold=30.959999084472656
2014-03-04 15:05:15 INFO filtre.Filter : Filter.add noiseThreshold=30.959999084472656
2014-03-04 15:05:15 INFO filtre.Filter : Filter.add noiseThreshold=30.959999084472656
2014-03-04 15:05:15 INFO filtre.Filter : Filter.add noiseThreshold=30.959999084472656
2014-03-04 15:05:15 INFO filtre.Filter : Filter.add noiseThreshold=30.959999084472656
2014-03-04 15:05:15 INFO filtre.Filter : Filter.add noiseThreshold=30.959999084472656
2014-03-04 15:05:15 INFO filtre.Filter : Filter.add noiseThreshold=30.959999084472656
2014-03-04 15:05:16 INFO filtre.Filter : Filter.add noiseThreshold=30.959999084472656
2014-03-04 15:05:16 INFO filtre.Filter : Filter.add noiseThreshold=30.959999084472656
2014-03-04 15:05:16 INFO filtre.Filter : Filter.add noiseThreshold=30.959999084472656
2014-03-04 15:05:16 INFO filtre.Filter : Filter.add noiseThreshold=30.959999084472656
2014-03-04 15:05:16 INFO filtre.Filter : Filter.add noiseThreshold=30.959999084472656
2014-03-04 15:05:16 INFO filtre.Filter : Filter.add noiseThreshold=30.959999084472656
2014-03-04 15:05:16 INFO filtre.Filter : Filter.add noiseThreshold=30.959999084472656
2014-03-04 15:05:16 INFO filtre.Filter : Filter.add noiseThreshold=30.959999084472656
2014-03-04 15:05:16 INFO filtre.Filter : Filter.add noiseThreshold=30.959999084472656
2014-03-04 15:05:16 INFO filtre.Filter : Filter.add noiseThreshold=30.959999084472656
2014-03-04 15:05:16 INFO filtre.Filter : Filter.add noiseThreshold=30.959999084472656
2014-03-04 15:05:16 INFO filtre.Filter : Filter.add noiseThreshold=30.959999084472656
2014-03-04 15:05:16 INFO filtre.Filter : Filter.add noiseThreshold=30.959999084472656
2014-03-04 15:05:17 INFO filtre.Filter : Filter.add noiseThreshold=30.959999084472656
2014-03-04 15:05:17 INFO filtre.Filter : Filter.add noiseThreshold=30.959999084472656
2014-03-04 15:05:17 INFO filtre.Filter : Filter.add noiseThreshold=30.959999084472656
2014-03-04 15:05:17 INFO filtre.Filter : Filter.add noiseThreshold=30.959999084472656
2014-03-04 15:05:17 INFO filtre.Filter : Filter.add noiseThreshold=30.959999084472656
2014-03-04 15:05:17 INFO filtre.Filter : Filter.add noiseThreshold=30.959999084472656
2014-03-04 15:05:17 INFO filtre.Filter : Filter.add noiseThreshold=30.959999084472656
2014-03-04 15:05:17 INFO filtre.Filter : Filter.add noiseThreshold=30.959999084472656
2014-03-04 15:05:17 INFO filtre.Filter : Filter.add noiseThreshold=30.959999084472656
2014-03-04 15:05:17 INFO filtre.Filter : Filter.add noiseThreshold=30.959999084472656
2014-03-04 15:05:17 INFO filtre.Filter : Filter.add noiseThreshold=30.959999084472656
2014-03-04 15:05:17 INFO filtre.Filter : Filter.add noiseThreshold=30.959999084472656
2014-03-04 15:05:18 INFO filtre.Filter : Filter.add noiseThreshold=30.959999084472656
2014-03-04 15:05:18 INFO filtre.Filter : Filter.add noiseThreshold=30.959999084472656
2014-03-04 15:05:18 INFO filtre.Filter : Filter.add noiseThreshold=30.959999084472656
2014-03-04 15:05:18 INFO filtre.Filter : Filter.add noiseThreshold=30.959999084472656
2014-03-04 15:05:18 INFO filtre.Filter : Filter.add noiseThreshold=30.959999084472656
2014-03-04 15:05:18 INFO filtre.Filter : Filter.add noiseThreshold=30.959999084472656
2014-03-04 15:05:18 INFO filtre.Filter : Filter.add noiseThreshold=30.959999084472656
2014-03-04 15:05:18 INFO filtre.Filter : Filter.add noiseThreshold=30.959999084472656
2014-03-04 15:05:18 INFO filtre.Filter : Filter.add noiseThreshold=30.959999084472656
2014-03-04 15:05:18 INFO filtre.Filter : Filter.add noiseThreshold=30.959999084472656
2014-03-04 15:05:18 INFO filtre.Filter : Filter.add noiseThreshold=30.959999084472656
2014-03-04 15:05:18 INFO filtre.Filter : Filter.add noiseThreshold=30.959999084472656
2014-03-04 15:05:19 INFO filtre.Filter : Filter.add noiseThreshold=30.959999084472656
2014-03-04 15:05:19 INFO filtre.Filter : Filter.add noiseThreshold=30.959999084472656
2014-03-04 15:05:19 INFO filtre.Filter : Filter.add noiseThreshold=30.959999084472656
2014-03-04 15:05:19 INFO filtre.Filter : Filter.add noiseThreshold=30.959999084472656
2014-03-04 15:05:19 INFO filtre.Filter : Filter.add noiseThreshold=30.959999084472656
2014-03-04 15:05:19 INFO filtre.Filter : Filter.add noiseThreshold=30.959999084472656
2014-03-04 15:05:19 INFO filtre.Filter : Filter.add noiseThreshold=30.959999084472656
2014-03-04 15:05:19 INFO filtre.Filter : Filter.add noiseThreshold=30.959999084472656
2014-03-04 15:05:19 INFO filtre.Filter : Filter.add noiseThreshold=30.959999084472656
2014-03-04 15:05:19 INFO filtre.Filter : Filter.add noiseThreshold=30.959999084472656
2014-03-04 15:05:19 INFO filtre.Filter : Filter.add noiseThreshold=30.959999084472656
2014-03-04 15:05:19 INFO filtre.Filter : Filter.add noiseThreshold=30.959999084472656
2014-03-04 15:05:20 INFO filtre.Filter : Filter.add noiseThreshold=30.959999084472656
2014-03-04 15:05:20 INFO filtre.Filter : Filter.add noiseThreshold=30.959999084472656
2014-03-04 15:05:20 INFO filtre.Filter : Filter.add noiseThreshold=30.959999084472656
2014-03-04 15:05:20 INFO filtre.Filter : Filter.add noiseThreshold=30.959999084472656
2014-03-04 15:05:20 INFO filtre.Filter : Filter.add noiseThreshold=30.959999084472656
2014-03-04 15:05:20 INFO filtre.Filter : Filter.add noiseThreshold=30.959999084472656
2014-03-04 15:05:20 INFO filtre.Filter : Filter.add noiseThreshold=30.959999084472656
2014-03-04 15:05:20 INFO filtre.Filter : Filter.add noiseThreshold=30.959999084472656
2014-03-04 15:05:20 INFO filtre.Filter : Filter.add noiseThreshold=30.959999084472656
2014-03-04 15:05:20 INFO filtre.Filter : Filter.add noiseThreshold=30.959999084472656
2014-03-04 15:05:20 INFO filtre.Filter : Filter.add noiseThreshold=30.959999084472656
2014-03-04 15:05:20 INFO filtre.Filter : Filter.add noiseThreshold=30.959999084472656
2014-03-04 15:05:21 INFO filtre.Filter : Filter.add noiseThreshold=30.959999084472656
2014-03-04 15:05:21 INFO filtre.Filter : Filter.add noiseThreshold=30.959999084472656
2014-03-04 15:05:21 INFO filtre.Filter : Filter.add noiseThreshold=30.959999084472656
2014-03-04 15:05:21 INFO filtre.Filter : Filter.add noiseThreshold=30.959999084472656
2014-03-04 15:05:21 INFO filtre.Filter : Filter.add noiseThreshold=30.959999084472656
2014-03-04 15:05:21 INFO filtre.Filter : Filter.add noiseThreshold=30.959999084472656
2014-03-04 15:05:21 INFO filtre.Filter : Filter.add noiseThreshold=30.959999084472656
2014-03-04 15:05:21 INFO filtre.Filter : Filter.add noiseThreshold=30.959999084472656
2014-03-04 15:05:21 INFO filtre.Filter : Filter.add noiseThreshold=30.959999084472656
2014-03-04 15:05:21 INFO filtre.Filter : Filter.add noiseThreshold=30.959999084472656
2014-03-04 15:05:21 INFO filtre.Filter : Filter.add noiseThreshold=30.959999084472656
2014-03-04 15:05:21 INFO filtre.Filter : Filter.add noiseThreshold=30.959999084472656
2014-03-04 15:05:22 INFO filtre.Filter : Filter.add noiseThreshold=30.959999084472656
2014-03-04 15:05:22 INFO filtre.Filter : Filter.add noiseThreshold=30.959999084472656
2014-03-04 15:05:22 INFO filtre.Filter : Filter.add noiseThreshold=30.959999084472656
2014-03-04 15:05:22 INFO filtre.Filter : Filter.add noiseThreshold=30.959999084472656
2014-03-04 15:05:22 INFO filtre.Filter : Filter.add noiseThreshold=30.959999084472656
2014-03-04 15:05:22 INFO filtre.Filter : Filter.add noiseThreshold=30.959999084472656
2014-03-04 15:05:22 INFO filtre.Filter : Filter.add noiseThreshold=30.959999084472656
2014-03-04 15:05:22 INFO filtre.Filter : Filter.add noiseThreshold=30.959999084472656
2014-03-04 15:05:22 INFO filtre.Filter : Filter.add noiseThreshold=30.959999084472656
2014-03-04 15:05:22 INFO filtre.Filter : Filter.add noiseThreshold=30.959999084472656
2014-03-04 15:05:22 INFO filtre.Filter : Filter.add noiseThreshold=30.959999084472656
2014-03-04 15:05:22 INFO filtre.Filter : Filter.add noiseThreshold=30.959999084472656
2014-03-04 15:05:23 INFO filtre.Filter : Filter.add noiseThreshold=30.959999084472656
2014-03-04 15:05:23 INFO filtre.Filter : Filter.add noiseThreshold=30.959999084472656
2014-03-04 15:05:23 INFO filtre.Filter : Filter.add noiseThreshold=30.959999084472656
2014-03-04 15:05:23 INFO filtre.Filter : Filter.add noiseThreshold=30.959999084472656
2014-03-04 15:05:23 INFO filtre.Filter : Filter.add noiseThreshold=30.959999084472656
2014-03-04 15:05:23 INFO filtre.Filter : Filter.add noiseThreshold=30.959999084472656
2014-03-04 15:05:23 INFO filtre.Filter : Filter.add noiseThreshold=30.959999084472656
2014-03-04 15:05:23 INFO filtre.Filter : Filter.add noiseThreshold=30.959999084472656
2014-03-04 15:05:23 INFO filtre.Filter : Filter.add noiseThreshold=30.959999084472656
2014-03-04 15:05:23 INFO filtre.Filter : Filter.add noiseThreshold=30.959999084472656
2014-03-04 15:05:23 INFO filtre.Filter : Filter.add noiseThreshold=30.959999084472656
2014-03-04 15:05:23 INFO filtre.Filter : Filter.add noiseThreshold=30.959999084472656
2014-03-04 15:05:23 INFO filtre.Filter : Filter.add noiseThreshold=30.959999084472656
2014-03-04 15:05:24 INFO filtre.Filter : Filter.add noiseThreshold=30.959999084472656
2014-03-04 15:05:24 INFO filtre.Filter : Filter.add noiseThreshold=30.959999084472656
2014-03-04 15:05:24 INFO filtre.Filter : Filter.add noiseThreshold=30.959999084472656
2014-03-04 15:05:24 INFO filtre.Filter : Filter.add noiseThreshold=30.959999084472656
2014-03-04 15:05:24 INFO filtre.Filter : Filter.add noiseThreshold=30.959999084472656
2014-03-04 15:05:24 INFO filtre.Filter : Filter.add noiseThreshold=30.959999084472656
2014-03-04 15:05:24 INFO filtre.Filter : Filter.add noiseThreshold=30.959999084472656
2014-03-04 15:05:24 INFO filtre.Filter : Filter.add noiseThreshold=30.959999084472656
2014-03-04 15:05:24 INFO filtre.Filter : Filter.add noiseThreshold=30.959999084472656
2014-03-04 15:05:24 INFO filtre.Filter : Filter.add noiseThreshold=30.959999084472656
2014-03-04 15:05:24 INFO filtre.Filter : Filter.add noiseThreshold=30.959999084472656
2014-03-04 15:05:25 INFO filtre.Filter : Filter.add noiseThreshold=30.959999084472656
2014-03-04 15:05:25 INFO filtre.Filter : Filter.add noiseThreshold=30.959999084472656
2014-03-04 15:05:25 INFO filtre.Filter : Filter.add noiseThreshold=30.959999084472656
2014-03-04 15:05:25 INFO filtre.Filter : Filter.add noiseThreshold=30.959999084472656
2014-03-04 15:05:25 INFO filtre.Filter : Filter.add noiseThreshold=30.959999084472656
2014-03-04 15:05:25 INFO filtre.Filter : Filter.add noiseThreshold=30.959999084472656
2014-03-04 15:05:25 INFO filtre.Filter : Filter.add noiseThreshold=30.959999084472656
2014-03-04 15:05:25 INFO filtre.Filter : Filter.add noiseThreshold=30.959999084472656
2014-03-04 15:05:25 INFO filtre.Filter : Filter.add noiseThreshold=30.959999084472656
2014-03-04 15:05:25 INFO filtre.Filter : Filter.add noiseThreshold=30.959999084472656
2014-03-04 15:05:25 INFO filtre.Filter : Filter.add noiseThreshold=30.959999084472656
2014-03-04 15:05:25 INFO filtre.Filter : Filter.add noiseThreshold=30.959999084472656
2014-03-04 15:05:26 INFO filtre.Filter : Filter.add noiseThreshold=30.959999084472656
2014-03-04 15:05:26 INFO filtre.Filter : Filter.add noiseThreshold=30.959999084472656
2014-03-04 15:05:26 INFO filtre.Filter : Filter.add noiseThreshold=30.959999084472656
2014-03-04 15:05:26 INFO filtre.Filter : Filter.add noiseThreshold=30.959999084472656
2014-03-04 15:05:26 INFO filtre.Filter : Filter.add noiseThreshold=30.959999084472656
2014-03-04 15:05:26 INFO filtre.Filter : Filter.add noiseThreshold=30.959999084472656
2014-03-04 15:05:26 INFO filtre.Filter : Filter.add noiseThreshold=30.959999084472656
2014-03-04 15:05:26 INFO filtre.Filter : Filter.add noiseThreshold=30.959999084472656
2014-03-04 15:05:26 INFO filtre.Filter : Filter.add noiseThreshold=30.959999084472656
2014-03-04 15:05:26 INFO filtre.Filter : Filter.add noiseThreshold=30.959999084472656
2014-03-04 15:05:26 INFO filtre.Filter : Filter.add noiseThreshold=30.959999084472656
2014-03-04 15:05:26 INFO filtre.Filter : Filter.add noiseThreshold=30.959999084472656
2014-03-04 15:05:27 INFO filtre.Filter : Filter.add noiseThreshold=30.959999084472656
2014-03-04 15:05:27 INFO filtre.Filter : Filter.add noiseThreshold=30.959999084472656
2014-03-04 15:05:27 INFO filtre.Filter : Filter.add noiseThreshold=30.959999084472656
2014-03-04 15:05:27 INFO filtre.Filter : Filter.add noiseThreshold=30.959999084472656
2014-03-04 15:05:27 INFO filtre.Filter : Filter.add noiseThreshold=30.959999084472656
2014-03-04 15:05:27 INFO filtre.Filter : Filter.add noiseThreshold=30.959999084472656
2014-03-04 15:05:27 INFO filtre.Filter : Filter.add noiseThreshold=30.959999084472656
2014-03-04 15:05:27 INFO filtre.Filter : Filter.add noiseThreshold=30.959999084472656
2014-03-04 15:05:27 INFO filtre.Filter : Filter.add noiseThreshold=30.959999084472656
2014-03-04 15:05:27 INFO filtre.Filter : Filter.add noiseThreshold=30.959999084472656
2014-03-04 15:05:27 INFO filtre.Filter : Filter.add noiseThreshold=30.959999084472656
2014-03-04 15:05:27 INFO filtre.Filter : Filter.add noiseThreshold=30.959999084472656
2014-03-04 15:05:28 INFO filtre.Filter : Filter.add noiseThreshold=30.959999084472656
2014-03-04 15:05:28 INFO filtre.Filter : Filter.add noiseThreshold=30.959999084472656
2014-03-04 15:05:28 INFO filtre.Filter : Filter.add noiseThreshold=30.959999084472656
2014-03-04 15:05:28 INFO filtre.Filter : Filter.add noiseThreshold=30.959999084472656
2014-03-04 15:05:28 INFO filtre.Filter : Filter.add noiseThreshold=30.959999084472656
2014-03-04 15:05:28 INFO filtre.Filter : Filter.add noiseThreshold=30.959999084472656
2014-03-04 15:05:28 INFO filtre.Filter : Filter.add noiseThreshold=30.959999084472656
2014-03-04 15:05:28 INFO filtre.Filter : Filter.add noiseThreshold=30.959999084472656
2014-03-04 15:05:28 INFO filtre.Filter : Filter.add noiseThreshold=30.959999084472656
2014-03-04 15:05:28 INFO filtre.Filter : Filter.add noiseThreshold=30.959999084472656
2014-03-04 15:05:28 INFO filtre.Filter : Filter.add noiseThreshold=30.959999084472656
2014-03-04 15:05:28 INFO filtre.Filter : Filter.add noiseThreshold=30.959999084472656
2014-03-04 15:05:29 INFO filtre.Filter : Filter.add noiseThreshold=30.959999084472656
2014-03-04 15:05:29 INFO filtre.Filter : Filter.add noiseThreshold=30.959999084472656
2014-03-04 15:05:29 INFO filtre.Filter : Filter.add noiseThreshold=30.959999084472656
2014-03-04 15:05:29 INFO filtre.Filter : Filter.add noiseThreshold=30.959999084472656
2014-03-04 15:05:29 INFO filtre.Filter : Filter.add noiseThreshold=30.959999084472656
2014-03-04 15:05:29 INFO filtre.Filter : Filter.add noiseThreshold=30.959999084472656
2014-03-04 15:05:29 INFO filtre.Filter : Filter.add noiseThreshold=30.959999084472656
2014-03-04 15:05:29 INFO filtre.Filter : Filter.add noiseThreshold=30.959999084472656
2014-03-04 15:05:29 INFO filtre.Filter : Filter.add noiseThreshold=30.959999084472656
2014-03-04 15:05:29 INFO filtre.Filter : Filter.add noiseThreshold=30.959999084472656
2014-03-04 15:05:29 INFO filtre.Filter : Filter.add noiseThreshold=30.959999084472656
2014-03-04 15:05:29 INFO filtre.Filter : Filter.add noiseThreshold=30.959999084472656
2014-03-04 15:05:30 INFO filtre.Filter : Filter.add noiseThreshold=30.959999084472656
2014-03-04 15:05:30 INFO filtre.Filter : Filter.add noiseThreshold=30.959999084472656
2014-03-04 15:05:30 INFO filtre.Filter : Filter.add noiseThreshold=30.959999084472656
2014-03-04 15:05:30 INFO filtre.Filter : Filter.add noiseThreshold=30.959999084472656
2014-03-04 15:05:30 INFO filtre.Filter : Filter.add noiseThreshold=30.959999084472656
2014-03-04 15:05:30 INFO filtre.Filter : Filter.add noiseThreshold=30.959999084472656
2014-03-04 15:05:30 INFO filtre.Filter : Filter.add noiseThreshold=30.959999084472656
2014-03-04 15:05:30 INFO filtre.Filter : Filter.add noiseThreshold=30.959999084472656
2014-03-04 15:05:30 INFO filtre.Filter : Filter.add noiseThreshold=30.959999084472656
2014-03-04 15:05:30 INFO filtre.Filter : Filter.add noiseThreshold=30.959999084472656
2014-03-04 15:05:30 INFO filtre.Filter : Filter.add noiseThreshold=30.959999084472656
2014-03-04 15:05:30 INFO filtre.Filter : Filter.add noiseThreshold=30.959999084472656
2014-03-04 15:05:31 INFO filtre.Filter : Filter.add noiseThreshold=30.959999084472656
2014-03-04 15:05:31 INFO filtre.Filter : Filter.add noiseThreshold=30.959999084472656
2014-03-04 15:05:31 INFO filtre.Filter : Filter.add noiseThreshold=30.959999084472656
2014-03-04 15:05:31 INFO filtre.Filter : Filter.add noiseThreshold=30.959999084472656
2014-03-04 15:05:31 INFO filtre.Filter : Filter.add noiseThreshold=30.959999084472656
2014-03-04 15:05:31 INFO filtre.Filter : Filter.add noiseThreshold=30.959999084472656
2014-03-04 15:05:31 INFO filtre.Filter : Filter.add noiseThreshold=30.959999084472656
2014-03-04 15:05:31 INFO filtre.Filter : Filter.add noiseThreshold=30.959999084472656
2014-03-04 15:05:31 INFO filtre.Filter : Filter.add noiseThreshold=30.959999084472656
2014-03-04 15:05:31 INFO filtre.Filter : Filter.add noiseThreshold=30.959999084472656
2014-03-04 15:05:31 INFO filtre.Filter : Filter.add noiseThreshold=30.959999084472656
2014-03-04 15:05:31 INFO filtre.Filter : Filter.add noiseThreshold=30.959999084472656
2014-03-04 15:05:32 INFO filtre.Filter : Filter.add noiseThreshold=30.959999084472656
2014-03-04 15:05:32 INFO filtre.Filter : Filter.add noiseThreshold=30.959999084472656
2014-03-04 15:05:32 INFO filtre.Filter : Filter.add noiseThreshold=30.959999084472656
2014-03-04 15:05:32 INFO filtre.Filter : Filter.add noiseThreshold=30.959999084472656
2014-03-04 15:05:32 INFO filtre.Filter : Filter.add noiseThreshold=30.959999084472656
2014-03-04 15:05:32 INFO filtre.Filter : Filter.add noiseThreshold=30.959999084472656
2014-03-04 15:05:32 INFO filtre.Filter : Filter.add noiseThreshold=30.959999084472656
2014-03-04 15:05:32 INFO filtre.Filter : Filter.add noiseThreshold=30.959999084472656
2014-03-04 15:05:32 INFO filtre.Filter : Filter.add noiseThreshold=30.959999084472656
2014-03-04 15:05:32 INFO filtre.Filter : Filter.add noiseThreshold=30.959999084472656
2014-03-04 15:05:32 INFO filtre.Filter : Filter.add noiseThreshold=30.959999084472656
2014-03-04 15:05:32 INFO filtre.Filter : Filter.add noiseThreshold=30.959999084472656
2014-03-04 15:05:33 INFO filtre.Filter : Filter.add noiseThreshold=30.959999084472656
2014-03-04 15:05:33 INFO filtre.Filter : Filter.add noiseThreshold=30.959999084472656
2014-03-04 15:05:33 INFO filtre.Filter : Filter.add noiseThreshold=30.959999084472656
2014-03-04 15:05:33 INFO filtre.Filter : Filter.add noiseThreshold=30.959999084472656
2014-03-04 15:05:33 INFO filtre.Filter : Filter.add noiseThreshold=30.959999084472656
2014-03-04 15:05:33 INFO filtre.Filter : Filter.add noiseThreshold=30.959999084472656
2014-03-04 15:05:33 INFO filtre.Filter : Filter.add noiseThreshold=30.959999084472656
2014-03-04 15:05:33 INFO filtre.Filter : Filter.add noiseThreshold=30.959999084472656
2014-03-04 15:05:33 INFO filtre.Filter : Filter.add noiseThreshold=30.959999084472656
2014-03-04 15:05:33 INFO filtre.Filter : Filter.add noiseThreshold=30.959999084472656
2014-03-04 15:05:33 INFO filtre.Filter : Filter.add noiseThreshold=30.959999084472656
2014-03-04 15:05:33 INFO filtre.Filter : Filter.add noiseThreshold=30.959999084472656
2014-03-04 15:05:33 INFO filtre.Filter : Filter.add noiseThreshold=30.959999084472656
2014-03-04 15:05:34 INFO filtre.Filter : Filter.add noiseThreshold=30.959999084472656
2014-03-04 15:05:34 INFO filtre.Filter : Filter.add noiseThreshold=30.959999084472656
2014-03-04 15:05:34 INFO filtre.Filter : Filter.add noiseThreshold=30.959999084472656
2014-03-04 15:05:34 INFO filtre.Filter : Filter.add noiseThreshold=30.959999084472656
2014-03-04 15:05:34 INFO filtre.Filter : Filter.add noiseThreshold=30.959999084472656
2014-03-04 15:05:34 INFO filtre.Filter : Filter.add noiseThreshold=30.959999084472656
2014-03-04 15:05:34 INFO filtre.Filter : Filter.add noiseThreshold=30.959999084472656
2014-03-04 15:05:34 INFO filtre.Filter : Filter.add noiseThreshold=30.959999084472656
2014-03-04 15:05:34 INFO filtre.Filter : Filter.add noiseThreshold=30.959999084472656
2014-03-04 15:05:34 INFO filtre.Filter : Filter.add noiseThreshold=30.959999084472656
2014-03-04 15:05:34 INFO filtre.Filter : Filter.add noiseThreshold=30.959999084472656
2014-03-04 15:05:35 INFO filtre.Filter : Filter.add noiseThreshold=30.959999084472656
2014-03-04 15:05:35 INFO filtre.Filter : Filter.add noiseThreshold=30.959999084472656
2014-03-04 15:05:35 INFO filtre.Filter : Filter.add noiseThreshold=30.959999084472656
2014-03-04 15:05:35 INFO filtre.Filter : Filter.add noiseThreshold=30.959999084472656
2014-03-04 15:05:35 INFO filtre.Filter : Filter.add noiseThreshold=30.959999084472656
2014-03-04 15:05:35 INFO filtre.Filter : Filter.add noiseThreshold=30.959999084472656
2014-03-04 15:05:35 INFO filtre.Filter : Filter.add noiseThreshold=30.959999084472656
2014-03-04 15:05:35 INFO filtre.Filter : Filter.add noiseThreshold=30.959999084472656
2014-03-04 15:05:35 INFO filtre.Filter : Filter.add noiseThreshold=30.959999084472656
2014-03-04 15:05:35 INFO filtre.Filter : Filter.add noiseThreshold=30.959999084472656
2014-03-04 15:05:35 INFO filtre.Filter : Filter.add noiseThreshold=30.959999084472656
2014-03-04 15:05:35 INFO filtre.Filter : Filter.add noiseThreshold=30.959999084472656
2014-03-04 15:05:36 INFO filtre.Filter : Filter.add noiseThreshold=30.959999084472656
2014-03-04 15:05:36 INFO filtre.Filter : Filter.add noiseThreshold=30.959999084472656
2014-03-04 15:05:36 INFO filtre.Filter : Filter.add noiseThreshold=30.959999084472656
2014-03-04 15:05:36 INFO filtre.Filter : Filter.add noiseThreshold=30.959999084472656
2014-03-04 15:05:36 INFO filtre.Filter : Filter.add noiseThreshold=30.959999084472656
2014-03-04 15:05:36 INFO filtre.Filter : Filter.add noiseThreshold=30.959999084472656
2014-03-04 15:05:36 INFO filtre.Filter : Filter.add noiseThreshold=30.959999084472656
2014-03-04 15:05:36 INFO filtre.Filter : Filter.add noiseThreshold=30.959999084472656
2014-03-04 15:05:36 INFO filtre.Filter : Filter.add noiseThreshold=30.959999084472656
2014-03-04 15:05:36 INFO filtre.Filter : Filter.add noiseThreshold=30.959999084472656
2014-03-04 15:05:36 INFO filtre.Filter : Filter.add noiseThreshold=30.959999084472656
2014-03-04 15:05:36 INFO filtre.Filter : Filter.add noiseThreshold=30.959999084472656
2014-03-04 15:05:37 INFO filtre.Filter : Filter.add noiseThreshold=30.959999084472656
2014-03-04 15:05:37 INFO filtre.Filter : Filter.add noiseThreshold=30.959999084472656
2014-03-04 15:05:37 INFO filtre.Filter : Filter.add noiseThreshold=30.959999084472656
2014-03-04 15:05:37 INFO filtre.Filter : Filter.add noiseThreshold=30.959999084472656
2014-03-04 15:05:37 INFO filtre.Filter : Filter.add noiseThreshold=30.959999084472656
2014-03-04 15:05:37 INFO filtre.Filter : Filter.add noiseThreshold=30.959999084472656
2014-03-04 15:05:37 INFO filtre.Filter : Filter.add noiseThreshold=30.959999084472656
2014-03-04 15:05:37 INFO filtre.Filter : Filter.add noiseThreshold=30.959999084472656
2014-03-04 15:05:37 INFO filtre.Filter : Filter.add noiseThreshold=30.959999084472656
2014-03-04 15:05:37 INFO filtre.Filter : Filter.add noiseThreshold=30.959999084472656
2014-03-04 15:05:37 INFO filtre.Filter : Filter.add noiseThreshold=30.959999084472656
2014-03-04 15:05:37 INFO filtre.Filter : Filter.add noiseThreshold=30.959999084472656
2014-03-04 15:05:38 INFO filtre.Filter : Filter.add noiseThreshold=30.959999084472656
2014-03-04 15:05:38 INFO filtre.Filter : Filter.add noiseThreshold=30.959999084472656
2014-03-04 15:05:38 INFO filtre.Filter : Filter.add noiseThreshold=30.959999084472656
2014-03-04 15:05:38 INFO filtre.Filter : Filter.add noiseThreshold=30.959999084472656
2014-03-04 15:05:38 INFO filtre.Filter : Filter.add noiseThreshold=30.959999084472656
2014-03-04 15:05:38 INFO filtre.Filter : Filter.add noiseThreshold=30.959999084472656
2014-03-04 15:05:38 INFO filtre.Filter : Filter.add noiseThreshold=30.959999084472656
2014-03-04 15:05:38 INFO filtre.Filter : Filter.add noiseThreshold=30.959999084472656
2014-03-04 15:05:38 INFO filtre.Filter : Filter.add noiseThreshold=30.959999084472656
2014-03-04 15:05:38 INFO filtre.Filter : Filter.add noiseThreshold=30.959999084472656
2014-03-04 15:05:38 INFO filtre.Filter : Filter.add noiseThreshold=30.959999084472656
2014-03-04 15:05:38 INFO filtre.Filter : Filter.add noiseThreshold=30.959999084472656
2014-03-04 15:05:38 INFO filtre.Filter : Filter.add noiseThreshold=30.959999084472656
2014-03-04 15:05:39 INFO filtre.Filter : Filter.add noiseThreshold=30.959999084472656
2014-03-04 15:05:39 INFO filtre.Filter : Filter.add noiseThreshold=30.959999084472656
2014-03-04 15:05:39 INFO filtre.Filter : Filter.add noiseThreshold=30.959999084472656
2014-03-04 15:05:39 INFO filtre.Filter : Filter.add noiseThreshold=30.959999084472656
2014-03-04 15:05:39 INFO filtre.Filter : Filter.add noiseThreshold=30.959999084472656
2014-03-04 15:05:39 INFO filtre.Filter : Filter.add noiseThreshold=30.959999084472656
