2014-03-06 10:11:05 INFO ihm.Calibration : Properties : 
autofocus_calibration_data=logs/calibration.data
simulation_calibration_data=test/calib_lisa_test_droneId_5.data
paparazzi_script_calibration=paparazzi_calibration/calibrate.py

2014-03-06 10:11:06 INFO imu.IMU : new aircraft built with id=5
2014-03-06 10:11:06 INFO testData.Sender : starting sending IMU test data...
2014-03-06 10:11:13 INFO ihm.MainFrame : starting calibration of accelerometer...
2014-03-06 10:11:13 INFO imu.IMU : listening raw datas for drone 5...
2014-03-06 10:11:13 INFO ellipsoide.Sphere : Sphere.update : values have changed
2014-03-06 10:11:13 INFO ellipsoide.Sphere : Sphere.updateAllZones zoneList=37 vectorList=1
2014-03-06 10:11:14 INFO ellipsoide.Sphere : Sphere.updateAllZones zoneList=37 vectorList=2
2014-03-06 10:11:14 INFO ellipsoide.Sphere : Sphere.updateAllZones zoneList=37 vectorList=3
2014-03-06 10:11:14 INFO ellipsoide.Sphere : Sphere.updateAllZones zoneList=37 vectorList=4
2014-03-06 10:11:14 INFO ellipsoide.Sphere : Sphere.updateAllZones zoneList=37 vectorList=5
2014-03-06 10:11:14 INFO ellipsoide.Sphere : Sphere.updateAllZones zoneList=37 vectorList=6
2014-03-06 10:11:14 INFO ellipsoide.Sphere : Sphere.updateAllZones zoneList=37 vectorList=7
2014-03-06 10:11:14 INFO ellipsoide.Sphere : Sphere.updateAllZones zoneList=37 vectorList=8
2014-03-06 10:11:14 INFO ellipsoide.Sphere : Sphere.updateAllZones zoneList=37 vectorList=9
2014-03-06 10:11:14 INFO ellipsoide.Sphere : Sphere.updateAllZones zoneList=37 vectorList=10
2014-03-06 10:11:14 INFO ellipsoide.Sphere : Sphere.updateAllZones zoneList=37 vectorList=11
2014-03-06 10:11:14 INFO ellipsoide.Sphere : Sphere.updateAllZones zoneList=37 vectorList=12
2014-03-06 10:11:14 INFO ellipsoide.Sphere : Sphere.updateAllZones zoneList=37 vectorList=13
2014-03-06 10:11:15 INFO ellipsoide.Sphere : Sphere.updateAllZones zoneList=37 vectorList=14
2014-03-06 10:11:15 INFO ellipsoide.Sphere : Sphere.updateAllZones zoneList=37 vectorList=15
2014-03-06 10:11:15 INFO ellipsoide.Sphere : Sphere.updateAllZones zoneList=37 vectorList=16
2014-03-06 10:11:15 INFO ellipsoide.Sphere : Sphere.updateAllZones zoneList=37 vectorList=17
2014-03-06 10:11:15 INFO ellipsoide.Sphere : Sphere.updateAllZones zoneList=37 vectorList=18
2014-03-06 10:11:15 INFO ellipsoide.Sphere : Sphere.updateAllZones zoneList=37 vectorList=19
2014-03-06 10:11:15 INFO ellipsoide.Sphere : Sphere.updateAllZones zoneList=37 vectorList=20
2014-03-06 10:11:15 INFO ellipsoide.Sphere : Sphere.updateAllZones zoneList=37 vectorList=21
2014-03-06 10:11:15 INFO ellipsoide.Sphere : Sphere.updateAllZones zoneList=37 vectorList=22
2014-03-06 10:11:15 INFO ellipsoide.Sphere : Sphere.updateAllZones zoneList=37 vectorList=23
2014-03-06 10:11:15 INFO ellipsoide.Sphere : Sphere.updateAllZones zoneList=37 vectorList=24
2014-03-06 10:11:16 INFO ellipsoide.Sphere : Sphere.updateAllZones zoneList=37 vectorList=25
2014-03-06 10:11:16 INFO ellipsoide.Sphere : Sphere.updateAllZones zoneList=37 vectorList=26
2014-03-06 10:11:16 INFO ellipsoide.Sphere : Sphere.updateAllZones zoneList=37 vectorList=27
2014-03-06 10:11:16 INFO ellipsoide.Sphere : Sphere.updateAllZones zoneList=37 vectorList=28
2014-03-06 10:11:16 INFO ellipsoide.Sphere : Sphere.updateAllZones zoneList=37 vectorList=29
2014-03-06 10:11:16 INFO ellipsoide.Sphere : Sphere.updateAllZones zoneList=37 vectorList=30
2014-03-06 10:11:16 INFO ellipsoide.Sphere : Sphere.updateAllZones zoneList=37 vectorList=31
2014-03-06 10:11:16 INFO ellipsoide.Sphere : Sphere.updateAllZones zoneList=37 vectorList=32
2014-03-06 10:11:16 INFO ellipsoide.Sphere : Sphere.updateAllZones zoneList=37 vectorList=33
2014-03-06 10:11:16 INFO ellipsoide.Sphere : Sphere.updateAllZones zoneList=37 vectorList=34
2014-03-06 10:11:16 INFO ellipsoide.Sphere : Sphere.updateAllZones zoneList=37 vectorList=35
2014-03-06 10:11:17 INFO ellipsoide.Sphere : Sphere.updateAllZones zoneList=37 vectorList=36
2014-03-06 10:11:17 INFO ellipsoide.Sphere : Sphere.updateAllZones zoneList=37 vectorList=37
2014-03-06 10:11:17 INFO ellipsoide.Sphere : Sphere.updateAllZones zoneList=37 vectorList=38
2014-03-06 10:11:17 INFO ellipsoide.Sphere : Sphere.updateAllZones zoneList=37 vectorList=39
2014-03-06 10:11:17 INFO ellipsoide.Sphere : Sphere.updateAllZones zoneList=37 vectorList=40
2014-03-06 10:11:17 INFO ellipsoide.Sphere : Sphere.updateAllZones zoneList=37 vectorList=41
2014-03-06 10:11:17 INFO ellipsoide.Sphere : Sphere.updateAllZones zoneList=37 vectorList=42
2014-03-06 10:11:17 INFO ellipsoide.Sphere : Sphere.updateAllZones zoneList=37 vectorList=43
2014-03-06 10:11:17 INFO ellipsoide.Sphere : Sphere.updateAllZones zoneList=37 vectorList=44
2014-03-06 10:11:17 INFO ellipsoide.Sphere : Sphere.updateAllZones zoneList=37 vectorList=45
2014-03-06 10:11:18 INFO ellipsoide.Sphere : Sphere.updateAllZones zoneList=37 vectorList=46
2014-03-06 10:11:18 INFO ellipsoide.Sphere : Sphere.updateAllZones zoneList=37 vectorList=47
2014-03-06 10:11:18 INFO ellipsoide.Sphere : Sphere.updateAllZones zoneList=37 vectorList=48
2014-03-06 10:11:18 INFO ellipsoide.Sphere : Sphere.updateAllZones zoneList=37 vectorList=49
2014-03-06 10:11:18 INFO ellipsoide.Sphere : Sphere.updateAllZones zoneList=37 vectorList=50
2014-03-06 10:11:18 INFO ellipsoide.Sphere : Sphere.updateAllZones zoneList=37 vectorList=51
2014-03-06 10:11:18 INFO ellipsoide.Sphere : Sphere.updateAllZones zoneList=37 vectorList=52
2014-03-06 10:11:18 INFO ellipsoide.Sphere : Sphere.updateAllZones zoneList=37 vectorList=53
2014-03-06 10:11:18 INFO ellipsoide.Sphere : Sphere.updateAllZones zoneList=37 vectorList=54
2014-03-06 10:11:18 INFO ellipsoide.Sphere : Sphere.updateAllZones zoneList=37 vectorList=55
2014-03-06 10:11:19 INFO ellipsoide.Sphere : Sphere.updateAllZones zoneList=37 vectorList=56
2014-03-06 10:11:19 INFO ellipsoide.Sphere : Sphere.updateAllZones zoneList=37 vectorList=57
2014-03-06 10:11:19 INFO ellipsoide.Sphere : Sphere.updateAllZones zoneList=37 vectorList=58
2014-03-06 10:11:19 INFO ellipsoide.Sphere : Sphere.updateAllZones zoneList=37 vectorList=59
2014-03-06 10:11:19 INFO ellipsoide.Sphere : Sphere.updateAllZones zoneList=37 vectorList=60
2014-03-06 10:11:19 INFO ellipsoide.Sphere : Sphere.updateAllZones zoneList=37 vectorList=61
2014-03-06 10:11:19 INFO ellipsoide.Sphere : Sphere.updateAllZones zoneList=37 vectorList=62
2014-03-06 10:11:19 INFO ellipsoide.Sphere : Sphere.updateAllZones zoneList=37 vectorList=63
2014-03-06 10:11:19 INFO ellipsoide.Sphere : Sphere.updateAllZones zoneList=37 vectorList=64
2014-03-06 10:11:19 INFO ellipsoide.Sphere : Sphere.updateAllZones zoneList=37 vectorList=65
2014-03-06 10:11:19 INFO ellipsoide.Sphere : Sphere.updateAllZones zoneList=37 vectorList=66
2014-03-06 10:11:20 INFO ellipsoide.Sphere : Sphere.updateAllZones zoneList=37 vectorList=67
2014-03-06 10:11:20 INFO ellipsoide.Sphere : Sphere.updateAllZones zoneList=37 vectorList=68
2014-03-06 10:11:20 INFO ellipsoide.Sphere : Sphere.updateAllZones zoneList=37 vectorList=69
2014-03-06 10:11:20 INFO ellipsoide.Sphere : Sphere.updateAllZones zoneList=37 vectorList=70
2014-03-06 10:11:20 INFO ellipsoide.Sphere : Sphere.updateAllZones zoneList=37 vectorList=71
2014-03-06 10:11:20 INFO ellipsoide.Sphere : Sphere.updateAllZones zoneList=37 vectorList=72
2014-03-06 10:11:20 INFO ellipsoide.Sphere : Sphere.updateAllZones zoneList=37 vectorList=73
2014-03-06 10:11:20 INFO ellipsoide.Sphere : Sphere.updateAllZones zoneList=37 vectorList=74
2014-03-06 10:11:20 INFO ellipsoide.Sphere : Sphere.updateAllZones zoneList=37 vectorList=75
2014-03-06 10:11:20 INFO ellipsoide.Sphere : Sphere.updateAllZones zoneList=37 vectorList=76
2014-03-06 10:11:20 INFO ellipsoide.Sphere : Sphere.updateAllZones zoneList=37 vectorList=77
2014-03-06 10:11:21 INFO ellipsoide.Sphere : Sphere.updateAllZones zoneList=37 vectorList=78
2014-03-06 10:11:21 INFO ellipsoide.Sphere : Sphere.updateAllZones zoneList=37 vectorList=79
2014-03-06 10:11:21 INFO ellipsoide.Sphere : Sphere.updateAllZones zoneList=37 vectorList=80
2014-03-06 10:11:21 INFO ellipsoide.Sphere : Sphere.updateAllZones zoneList=37 vectorList=81
2014-03-06 10:11:21 INFO ellipsoide.Sphere : Sphere.updateAllZones zoneList=37 vectorList=82
2014-03-06 10:11:21 INFO ellipsoide.Sphere : Sphere.updateAllZones zoneList=37 vectorList=83
2014-03-06 10:11:21 INFO ellipsoide.Sphere : Sphere.updateAllZones zoneList=37 vectorList=84
2014-03-06 10:11:21 INFO ellipsoide.Sphere : Sphere.updateAllZones zoneList=37 vectorList=85
2014-03-06 10:11:21 INFO ellipsoide.Sphere : Sphere.updateAllZones zoneList=37 vectorList=86
2014-03-06 10:11:21 INFO ellipsoide.Sphere : Sphere.updateAllZones zoneList=37 vectorList=87
2014-03-06 10:11:21 INFO ellipsoide.Sphere : Sphere.updateAllZones zoneList=37 vectorList=88
2014-03-06 10:11:22 INFO ellipsoide.Sphere : Sphere.updateAllZones zoneList=37 vectorList=89
2014-03-06 10:11:22 INFO ellipsoide.Sphere : Sphere.updateAllZones zoneList=37 vectorList=90
2014-03-06 10:11:22 INFO ellipsoide.Sphere : Sphere.updateAllZones zoneList=37 vectorList=91
2014-03-06 10:11:22 INFO ellipsoide.Sphere : Sphere.updateAllZones zoneList=37 vectorList=92
2014-03-06 10:11:22 INFO ellipsoide.Sphere : Sphere.updateAllZones zoneList=37 vectorList=93
2014-03-06 10:11:22 INFO ellipsoide.Sphere : Sphere.updateAllZones zoneList=37 vectorList=94
2014-03-06 10:11:22 INFO ellipsoide.Sphere : Sphere.updateAllZones zoneList=37 vectorList=95
2014-03-06 10:11:22 INFO ellipsoide.Sphere : Sphere.updateAllZones zoneList=37 vectorList=96
2014-03-06 10:11:22 INFO ellipsoide.Sphere : Sphere.updateAllZones zoneList=37 vectorList=97
2014-03-06 10:11:22 INFO ellipsoide.Sphere : Sphere.updateAllZones zoneList=37 vectorList=98
2014-03-06 10:11:22 INFO ellipsoide.Sphere : Sphere.updateAllZones zoneList=37 vectorList=99
2014-03-06 10:11:23 INFO ellipsoide.Sphere : Sphere.updateAllZones zoneList=37 vectorList=100
2014-03-06 10:11:23 INFO ellipsoide.Sphere : Sphere.updateAllZones zoneList=37 vectorList=101
2014-03-06 10:11:23 INFO ellipsoide.Sphere : Sphere.updateAllZones zoneList=37 vectorList=102
2014-03-06 10:11:23 INFO ellipsoide.Sphere : Sphere.updateAllZones zoneList=37 vectorList=103
2014-03-06 10:11:23 INFO ellipsoide.Sphere : Sphere.updateAllZones zoneList=37 vectorList=104
2014-03-06 10:11:23 INFO ellipsoide.Sphere : Sphere.updateAllZones zoneList=37 vectorList=105
2014-03-06 10:11:23 INFO ellipsoide.Sphere : Sphere.updateAllZones zoneList=37 vectorList=106
2014-03-06 10:11:23 INFO ellipsoide.Sphere : Sphere.updateAllZones zoneList=37 vectorList=107
2014-03-06 10:11:23 INFO ellipsoide.Sphere : Sphere.updateAllZones zoneList=37 vectorList=108
2014-03-06 10:11:23 INFO ellipsoide.Sphere : Sphere.updateAllZones zoneList=37 vectorList=109
2014-03-06 10:11:23 INFO ellipsoide.Sphere : Sphere.updateAllZones zoneList=37 vectorList=110
2014-03-06 10:11:24 INFO ellipsoide.Sphere : Sphere.updateAllZones zoneList=37 vectorList=111
2014-03-06 10:11:24 INFO ellipsoide.Sphere : Sphere.updateAllZones zoneList=37 vectorList=112
2014-03-06 10:11:24 INFO ellipsoide.Sphere : Sphere.updateAllZones zoneList=37 vectorList=113
2014-03-06 10:11:24 INFO ellipsoide.Sphere : Sphere.updateAllZones zoneList=37 vectorList=114
2014-03-06 10:11:24 INFO ellipsoide.Sphere : Sphere.updateAllZones zoneList=37 vectorList=115
2014-03-06 10:11:24 INFO ellipsoide.Sphere : Sphere.updateAllZones zoneList=37 vectorList=116
2014-03-06 10:11:24 INFO ellipsoide.Sphere : Sphere.updateAllZones zoneList=37 vectorList=117
2014-03-06 10:11:24 INFO ellipsoide.Sphere : Sphere.updateAllZones zoneList=37 vectorList=118
2014-03-06 10:11:24 INFO ellipsoide.Sphere : Sphere.updateAllZones zoneList=37 vectorList=119
2014-03-06 10:11:24 INFO ellipsoide.Sphere : Sphere.updateAllZones zoneList=37 vectorList=120
2014-03-06 10:11:25 INFO ellipsoide.Sphere : Sphere.updateAllZones zoneList=37 vectorList=121
2014-03-06 10:11:25 INFO ellipsoide.Sphere : Sphere.updateAllZones zoneList=37 vectorList=122
2014-03-06 10:11:25 INFO ellipsoide.Sphere : Sphere.updateAllZones zoneList=37 vectorList=123
2014-03-06 10:11:25 INFO ellipsoide.Sphere : Sphere.updateAllZones zoneList=37 vectorList=124
2014-03-06 10:11:25 INFO ellipsoide.Sphere : Sphere.updateAllZones zoneList=37 vectorList=125
2014-03-06 10:11:25 INFO ellipsoide.Sphere : Sphere.updateAllZones zoneList=37 vectorList=126
2014-03-06 10:11:25 INFO ellipsoide.Sphere : Sphere.updateAllZones zoneList=37 vectorList=127
2014-03-06 10:11:25 INFO ellipsoide.Sphere : Sphere.updateAllZones zoneList=37 vectorList=128
2014-03-06 10:11:25 INFO ellipsoide.Sphere : Sphere.updateAllZones zoneList=37 vectorList=129
2014-03-06 10:11:25 INFO ellipsoide.Sphere : Sphere.updateAllZones zoneList=37 vectorList=130
2014-03-06 10:11:25 INFO ellipsoide.Sphere : Sphere.updateAllZones zoneList=37 vectorList=131
2014-03-06 10:11:26 INFO ellipsoide.Sphere : Sphere.updateAllZones zoneList=37 vectorList=132
2014-03-06 10:11:26 INFO ellipsoide.Sphere : Sphere.updateAllZones zoneList=37 vectorList=133
2014-03-06 10:11:26 INFO ellipsoide.Sphere : Sphere.updateAllZones zoneList=37 vectorList=134
2014-03-06 10:11:26 INFO ellipsoide.Sphere : Sphere.updateAllZones zoneList=37 vectorList=135
2014-03-06 10:11:26 INFO ellipsoide.Sphere : Sphere.update : values have changed
2014-03-06 10:11:26 INFO ellipsoide.Sphere : Sphere.updateAllZones zoneList=37 vectorList=136
2014-03-06 10:11:26 INFO ellipsoide.Sphere : Sphere.updateAllZones zoneList=37 vectorList=137
2014-03-06 10:11:26 INFO ellipsoide.Sphere : Sphere.updateAllZones zoneList=37 vectorList=138
2014-03-06 10:11:26 INFO ellipsoide.Sphere : Sphere.updateAllZones zoneList=37 vectorList=139
2014-03-06 10:11:26 INFO ellipsoide.Sphere : Sphere.updateAllZones zoneList=37 vectorList=140
2014-03-06 10:11:26 INFO ellipsoide.Sphere : Sphere.updateAllZones zoneList=37 vectorList=141
2014-03-06 10:11:26 INFO ellipsoide.Sphere : Sphere.updateAllZones zoneList=37 vectorList=142
2014-03-06 10:11:26 INFO ellipsoide.Sphere : Sphere.updateAllZones zoneList=37 vectorList=143
2014-03-06 10:11:27 INFO ellipsoide.Sphere : Sphere.updateAllZones zoneList=37 vectorList=144
2014-03-06 10:11:27 INFO ellipsoide.Sphere : Sphere.updateAllZones zoneList=37 vectorList=145
2014-03-06 10:11:27 INFO ellipsoide.Sphere : Sphere.updateAllZones zoneList=37 vectorList=146
2014-03-06 10:11:27 INFO ellipsoide.Sphere : Sphere.update : values have changed
2014-03-06 10:11:27 INFO ellipsoide.Sphere : Sphere.updateAllZones zoneList=37 vectorList=147
2014-03-06 10:11:27 INFO ellipsoide.Sphere : Sphere.updateAllZones zoneList=37 vectorList=148
2014-03-06 10:11:27 INFO ellipsoide.Sphere : Sphere.update : values have changed
2014-03-06 10:11:27 INFO ellipsoide.Sphere : Sphere.updateAllZones zoneList=37 vectorList=149
2014-03-06 10:11:27 INFO ellipsoide.Sphere : Sphere.update : values have changed
2014-03-06 10:11:27 INFO ellipsoide.Sphere : Sphere.updateAllZones zoneList=37 vectorList=150
2014-03-06 10:11:27 INFO ellipsoide.Sphere : Sphere.updateAllZones zoneList=37 vectorList=151
2014-03-06 10:11:27 INFO ellipsoide.Sphere : Sphere.update : values have changed
2014-03-06 10:11:27 INFO ellipsoide.Sphere : Sphere.updateAllZones zoneList=37 vectorList=152
2014-03-06 10:11:27 INFO ellipsoide.Sphere : Sphere.update : values have changed
2014-03-06 10:11:27 INFO ellipsoide.Sphere : Sphere.updateAllZones zoneList=37 vectorList=153
2014-03-06 10:11:27 INFO ellipsoide.Sphere : Sphere.updateAllZones zoneList=37 vectorList=154
2014-03-06 10:11:28 INFO ellipsoide.Sphere : Sphere.update : values have changed
2014-03-06 10:11:28 INFO ellipsoide.Sphere : Sphere.updateAllZones zoneList=37 vectorList=155
2014-03-06 10:11:28 INFO ellipsoide.Sphere : Sphere.updateAllZones zoneList=37 vectorList=156
2014-03-06 10:11:28 INFO ellipsoide.Sphere : Sphere.updateAllZones zoneList=37 vectorList=157
2014-03-06 10:11:28 INFO ellipsoide.Sphere : Sphere.update : values have changed
2014-03-06 10:11:28 INFO ellipsoide.Sphere : Sphere.updateAllZones zoneList=37 vectorList=158
2014-03-06 10:11:28 INFO ellipsoide.Sphere : Sphere.update : values have changed
2014-03-06 10:11:28 INFO ellipsoide.Sphere : Sphere.updateAllZones zoneList=37 vectorList=159
2014-03-06 10:11:28 INFO ellipsoide.Sphere : Sphere.updateAllZones zoneList=37 vectorList=160
2014-03-06 10:11:28 INFO ellipsoide.Sphere : Sphere.updateAllZones zoneList=37 vectorList=161
2014-03-06 10:11:28 INFO ellipsoide.Sphere : Sphere.update : values have changed
2014-03-06 10:11:28 INFO ellipsoide.Sphere : Sphere.updateAllZones zoneList=37 vectorList=162
2014-03-06 10:11:28 INFO ellipsoide.Sphere : Sphere.updateAllZones zoneList=37 vectorList=163
2014-03-06 10:11:28 INFO ellipsoide.Sphere : Sphere.updateAllZones zoneList=37 vectorList=164
2014-03-06 10:11:29 INFO ellipsoide.Sphere : Sphere.updateAllZones zoneList=37 vectorList=165
2014-03-06 10:11:29 INFO ellipsoide.Sphere : Sphere.updateAllZones zoneList=37 vectorList=166
2014-03-06 10:11:29 INFO ellipsoide.Sphere : Sphere.updateAllZones zoneList=37 vectorList=167
2014-03-06 10:11:29 INFO ellipsoide.Sphere : Sphere.updateAllZones zoneList=37 vectorList=168
2014-03-06 10:11:29 INFO ellipsoide.Sphere : Sphere.updateAllZones zoneList=37 vectorList=169
2014-03-06 10:11:29 INFO ellipsoide.Sphere : Sphere.updateAllZones zoneList=37 vectorList=170
2014-03-06 10:11:29 INFO ellipsoide.Sphere : Sphere.updateAllZones zoneList=37 vectorList=171
2014-03-06 10:11:29 INFO ellipsoide.Sphere : Sphere.updateAllZones zoneList=37 vectorList=172
2014-03-06 10:11:29 INFO ellipsoide.Sphere : Sphere.updateAllZones zoneList=37 vectorList=173
2014-03-06 10:11:29 INFO ellipsoide.Sphere : Sphere.updateAllZones zoneList=37 vectorList=174
2014-03-06 10:11:29 INFO ellipsoide.Sphere : Sphere.updateAllZones zoneList=37 vectorList=175
2014-03-06 10:11:30 INFO ellipsoide.Sphere : Sphere.update : values have changed
2014-03-06 10:11:30 INFO ellipsoide.Sphere : Sphere.updateAllZones zoneList=37 vectorList=176
2014-03-06 10:11:30 INFO ellipsoide.Sphere : Sphere.updateAllZones zoneList=37 vectorList=177
2014-03-06 10:11:30 INFO ellipsoide.Sphere : Sphere.updateAllZones zoneList=37 vectorList=178
2014-03-06 10:11:30 INFO ellipsoide.Sphere : Sphere.updateAllZones zoneList=37 vectorList=179
2014-03-06 10:11:30 INFO ellipsoide.Sphere : Sphere.updateAllZones zoneList=37 vectorList=180
2014-03-06 10:11:30 INFO ellipsoide.Sphere : Sphere.updateAllZones zoneList=37 vectorList=181
2014-03-06 10:11:30 INFO ellipsoide.Sphere : Sphere.updateAllZones zoneList=37 vectorList=182
2014-03-06 10:11:30 INFO ellipsoide.Sphere : Sphere.updateAllZones zoneList=37 vectorList=183
2014-03-06 10:11:30 INFO ellipsoide.Sphere : Sphere.updateAllZones zoneList=37 vectorList=184
2014-03-06 10:11:30 INFO ellipsoide.Sphere : Sphere.updateAllZones zoneList=37 vectorList=185
2014-03-06 10:11:30 INFO ellipsoide.Sphere : Sphere.update : values have changed
2014-03-06 10:11:30 INFO ellipsoide.Sphere : Sphere.updateAllZones zoneList=37 vectorList=186
2014-03-06 10:11:31 INFO ellipsoide.Sphere : Sphere.updateAllZones zoneList=37 vectorList=187
2014-03-06 10:11:31 INFO ellipsoide.Sphere : Sphere.update : values have changed
2014-03-06 10:11:31 INFO ellipsoide.Sphere : Sphere.updateAllZones zoneList=37 vectorList=188
2014-03-06 10:11:31 INFO ellipsoide.Sphere : Sphere.update : values have changed
2014-03-06 10:11:31 INFO ellipsoide.Sphere : Sphere.updateAllZones zoneList=37 vectorList=189
2014-03-06 10:11:31 INFO ellipsoide.Sphere : Sphere.updateAllZones zoneList=37 vectorList=190
2014-03-06 10:11:31 INFO ellipsoide.Sphere : Sphere.update : values have changed
2014-03-06 10:11:31 INFO ellipsoide.Sphere : Sphere.updateAllZones zoneList=37 vectorList=191
2014-03-06 10:11:31 INFO ellipsoide.Sphere : Sphere.updateAllZones zoneList=37 vectorList=192
2014-03-06 10:11:31 INFO ellipsoide.Sphere : Sphere.update : values have changed
2014-03-06 10:11:31 INFO ellipsoide.Sphere : Sphere.updateAllZones zoneList=37 vectorList=193
2014-03-06 10:11:31 INFO ellipsoide.Sphere : Sphere.updateAllZones zoneList=37 vectorList=194
2014-03-06 10:11:31 INFO ellipsoide.Sphere : Sphere.update : values have changed
2014-03-06 10:11:31 INFO ellipsoide.Sphere : Sphere.updateAllZones zoneList=37 vectorList=195
2014-03-06 10:11:31 INFO ellipsoide.Sphere : Sphere.updateAllZones zoneList=37 vectorList=196
2014-03-06 10:11:32 INFO ellipsoide.Sphere : Sphere.updateAllZones zoneList=37 vectorList=197
2014-03-06 10:11:32 INFO ellipsoide.Sphere : Sphere.updateAllZones zoneList=37 vectorList=198
2014-03-06 10:11:32 INFO ellipsoide.Sphere : Sphere.updateAllZones zoneList=37 vectorList=199
2014-03-06 10:11:32 INFO ellipsoide.Sphere : Sphere.updateAllZones zoneList=37 vectorList=200
2014-03-06 10:11:32 INFO ellipsoide.Sphere : Sphere.updateAllZones zoneList=37 vectorList=201
2014-03-06 10:11:32 INFO ellipsoide.Sphere : Sphere.updateAllZones zoneList=37 vectorList=202
2014-03-06 10:11:32 INFO ellipsoide.Sphere : Sphere.updateAllZones zoneList=37 vectorList=203
2014-03-06 10:11:32 INFO ellipsoide.Sphere : Sphere.updateAllZones zoneList=37 vectorList=204
2014-03-06 10:11:32 INFO ellipsoide.Sphere : Sphere.updateAllZones zoneList=37 vectorList=205
2014-03-06 10:11:32 INFO ellipsoide.Sphere : Sphere.updateAllZones zoneList=37 vectorList=206
2014-03-06 10:11:32 INFO ellipsoide.Sphere : Sphere.updateAllZones zoneList=37 vectorList=207
2014-03-06 10:11:32 INFO ellipsoide.Sphere : Sphere.updateAllZones zoneList=37 vectorList=208
2014-03-06 10:11:33 INFO ellipsoide.Sphere : Sphere.updateAllZones zoneList=37 vectorList=209
2014-03-06 10:11:33 INFO ellipsoide.Sphere : Sphere.updateAllZones zoneList=37 vectorList=210
2014-03-06 10:11:33 INFO ellipsoide.Sphere : Sphere.updateAllZones zoneList=37 vectorList=211
2014-03-06 10:11:33 INFO ellipsoide.Sphere : Sphere.updateAllZones zoneList=37 vectorList=212
2014-03-06 10:11:33 INFO ellipsoide.Sphere : Sphere.updateAllZones zoneList=37 vectorList=213
2014-03-06 10:11:33 INFO ellipsoide.Sphere : Sphere.update : values have changed
2014-03-06 10:11:33 INFO ellipsoide.Sphere : Sphere.updateAllZones zoneList=37 vectorList=214
2014-03-06 10:11:33 INFO ellipsoide.Sphere : Sphere.updateAllZones zoneList=37 vectorList=215
2014-03-06 10:11:33 INFO ellipsoide.Sphere : Sphere.updateAllZones zoneList=37 vectorList=216
2014-03-06 10:11:33 INFO ellipsoide.Sphere : Sphere.updateAllZones zoneList=37 vectorList=217
2014-03-06 10:11:33 INFO ellipsoide.Sphere : Sphere.updateAllZones zoneList=37 vectorList=218
2014-03-06 10:11:33 INFO ellipsoide.Sphere : Sphere.update : values have changed
2014-03-06 10:11:33 INFO ellipsoide.Sphere : Sphere.updateAllZones zoneList=37 vectorList=219
2014-03-06 10:11:34 INFO ellipsoide.Sphere : Sphere.update : values have changed
2014-03-06 10:11:34 INFO ellipsoide.Sphere : Sphere.updateAllZones zoneList=37 vectorList=220
2014-03-06 10:11:34 INFO ellipsoide.Sphere : Sphere.updateAllZones zoneList=37 vectorList=221
2014-03-06 10:11:34 INFO ellipsoide.Sphere : Sphere.updateAllZones zoneList=37 vectorList=222
2014-03-06 10:11:34 INFO ellipsoide.Sphere : Sphere.updateAllZones zoneList=37 vectorList=223
2014-03-06 10:11:34 INFO ellipsoide.Sphere : Sphere.updateAllZones zoneList=37 vectorList=224
2014-03-06 10:11:34 INFO ellipsoide.Sphere : Sphere.updateAllZones zoneList=37 vectorList=225
2014-03-06 10:11:34 INFO ellipsoide.Sphere : Sphere.updateAllZones zoneList=37 vectorList=226
2014-03-06 10:11:34 INFO ellipsoide.Sphere : Sphere.updateAllZones zoneList=37 vectorList=227
2014-03-06 10:11:34 INFO ellipsoide.Sphere : Sphere.update : values have changed
2014-03-06 10:11:34 INFO ellipsoide.Sphere : Sphere.updateAllZones zoneList=37 vectorList=228
2014-03-06 10:11:34 INFO ellipsoide.Sphere : Sphere.updateAllZones zoneList=37 vectorList=229
2014-03-06 10:11:34 INFO ellipsoide.Sphere : Sphere.updateAllZones zoneList=37 vectorList=230
2014-03-06 10:11:35 INFO ellipsoide.Sphere : Sphere.update : values have changed
2014-03-06 10:11:35 INFO ellipsoide.Sphere : Sphere.updateAllZones zoneList=37 vectorList=231
2014-03-06 10:11:35 INFO ellipsoide.Sphere : Sphere.updateAllZones zoneList=37 vectorList=232
2014-03-06 10:11:35 INFO ellipsoide.Sphere : Sphere.updateAllZones zoneList=37 vectorList=233
2014-03-06 10:11:35 INFO ellipsoide.Sphere : Sphere.updateAllZones zoneList=37 vectorList=234
2014-03-06 10:11:35 INFO ellipsoide.Sphere : Sphere.updateAllZones zoneList=37 vectorList=235
2014-03-06 10:11:35 INFO ellipsoide.Sphere : Sphere.updateAllZones zoneList=37 vectorList=236
2014-03-06 10:11:35 INFO ellipsoide.Sphere : Sphere.updateAllZones zoneList=37 vectorList=237
2014-03-06 10:11:35 INFO ellipsoide.Sphere : Sphere.updateAllZones zoneList=37 vectorList=238
2014-03-06 10:11:35 INFO ellipsoide.Sphere : Sphere.updateAllZones zoneList=37 vectorList=239
2014-03-06 10:11:35 INFO ellipsoide.Sphere : Sphere.updateAllZones zoneList=37 vectorList=240
2014-03-06 10:11:36 INFO ellipsoide.Sphere : Sphere.updateAllZones zoneList=37 vectorList=241
2014-03-06 10:11:36 INFO ellipsoide.Sphere : Sphere.updateAllZones zoneList=37 vectorList=242
2014-03-06 10:11:36 INFO ellipsoide.Sphere : Sphere.updateAllZones zoneList=37 vectorList=243
2014-03-06 10:11:36 INFO ellipsoide.Sphere : Sphere.update : values have changed
2014-03-06 10:11:36 INFO ellipsoide.Sphere : Sphere.updateAllZones zoneList=37 vectorList=244
2014-03-06 10:11:36 INFO ellipsoide.Sphere : Sphere.updateAllZones zoneList=37 vectorList=245
2014-03-06 10:11:36 INFO ellipsoide.Sphere : Sphere.updateAllZones zoneList=37 vectorList=246
2014-03-06 10:11:36 INFO ellipsoide.Sphere : Sphere.update : values have changed
2014-03-06 10:11:36 INFO ellipsoide.Sphere : Sphere.updateAllZones zoneList=37 vectorList=247
2014-03-06 10:11:36 INFO ellipsoide.Sphere : Sphere.updateAllZones zoneList=37 vectorList=248
2014-03-06 10:11:36 INFO ellipsoide.Sphere : Sphere.update : values have changed
2014-03-06 10:11:36 INFO ellipsoide.Sphere : Sphere.updateAllZones zoneList=37 vectorList=249
2014-03-06 10:11:36 INFO ellipsoide.Sphere : Sphere.updateAllZones zoneList=37 vectorList=250
2014-03-06 10:11:36 INFO ellipsoide.Sphere : Sphere.updateAllZones zoneList=37 vectorList=251
2014-03-06 10:11:37 INFO ellipsoide.Sphere : Sphere.updateAllZones zoneList=37 vectorList=252
2014-03-06 10:11:37 INFO ellipsoide.Sphere : Sphere.updateAllZones zoneList=37 vectorList=253
2014-03-06 10:11:37 INFO ellipsoide.Sphere : Sphere.updateAllZones zoneList=37 vectorList=254
2014-03-06 10:11:37 INFO ellipsoide.Sphere : Sphere.updateAllZones zoneList=37 vectorList=255
2014-03-06 10:11:37 INFO ellipsoide.Sphere : Sphere.updateAllZones zoneList=37 vectorList=256
2014-03-06 10:11:37 INFO ellipsoide.Sphere : Sphere.updateAllZones zoneList=37 vectorList=257
2014-03-06 10:11:37 INFO ellipsoide.Sphere : Sphere.updateAllZones zoneList=37 vectorList=258
2014-03-06 10:11:37 INFO ellipsoide.Sphere : Sphere.updateAllZones zoneList=37 vectorList=259
2014-03-06 10:11:37 INFO ellipsoide.Sphere : Sphere.updateAllZones zoneList=37 vectorList=260
2014-03-06 10:11:37 INFO ellipsoide.Sphere : Sphere.updateAllZones zoneList=37 vectorList=261
2014-03-06 10:11:38 INFO ellipsoide.Sphere : Sphere.updateAllZones zoneList=37 vectorList=262
2014-03-06 10:11:38 INFO ellipsoide.Sphere : Sphere.updateAllZones zoneList=37 vectorList=263
2014-03-06 10:11:38 INFO ellipsoide.Sphere : Sphere.updateAllZones zoneList=37 vectorList=264
2014-03-06 10:11:38 INFO ellipsoide.Sphere : Sphere.updateAllZones zoneList=37 vectorList=265
2014-03-06 10:11:38 INFO ellipsoide.Sphere : Sphere.updateAllZones zoneList=37 vectorList=266
2014-03-06 10:11:38 INFO ellipsoide.Sphere : Sphere.updateAllZones zoneList=37 vectorList=267
2014-03-06 10:11:38 INFO ellipsoide.Sphere : Sphere.updateAllZones zoneList=37 vectorList=268
2014-03-06 10:11:38 INFO ellipsoide.Sphere : Sphere.updateAllZones zoneList=37 vectorList=269
2014-03-06 10:11:38 INFO ellipsoide.Sphere : Sphere.updateAllZones zoneList=37 vectorList=270
2014-03-06 10:11:38 INFO ellipsoide.Sphere : Sphere.updateAllZones zoneList=37 vectorList=271
2014-03-06 10:11:39 INFO ellipsoide.Sphere : Sphere.updateAllZones zoneList=37 vectorList=272
2014-03-06 10:11:39 INFO ellipsoide.Sphere : Sphere.updateAllZones zoneList=37 vectorList=273
2014-03-06 10:11:39 INFO ellipsoide.Sphere : Sphere.updateAllZones zoneList=37 vectorList=274
2014-03-06 10:11:39 INFO ellipsoide.Sphere : Sphere.updateAllZones zoneList=37 vectorList=275
2014-03-06 10:11:39 INFO ellipsoide.Sphere : Sphere.updateAllZones zoneList=37 vectorList=276
2014-03-06 10:11:39 INFO ellipsoide.Sphere : Sphere.updateAllZones zoneList=37 vectorList=277
2014-03-06 10:11:39 INFO ellipsoide.Sphere : Sphere.updateAllZones zoneList=37 vectorList=278
2014-03-06 10:11:39 INFO ellipsoide.Sphere : Sphere.updateAllZones zoneList=37 vectorList=279
2014-03-06 10:11:39 INFO ellipsoide.Sphere : Sphere.updateAllZones zoneList=37 vectorList=280
2014-03-06 10:11:39 INFO ellipsoide.Sphere : Sphere.updateAllZones zoneList=37 vectorList=281
2014-03-06 10:11:39 INFO ellipsoide.Sphere : Sphere.updateAllZones zoneList=37 vectorList=282
2014-03-06 10:11:40 INFO ellipsoide.Sphere : Sphere.updateAllZones zoneList=37 vectorList=283
2014-03-06 10:11:40 INFO ellipsoide.Sphere : Sphere.updateAllZones zoneList=37 vectorList=284
2014-03-06 10:11:40 INFO ellipsoide.Sphere : Sphere.updateAllZones zoneList=37 vectorList=285
2014-03-06 10:11:40 INFO ellipsoide.Sphere : Sphere.updateAllZones zoneList=37 vectorList=286
2014-03-06 10:11:40 INFO ellipsoide.Sphere : Sphere.updateAllZones zoneList=37 vectorList=287
2014-03-06 10:11:40 INFO ellipsoide.Sphere : Sphere.updateAllZones zoneList=37 vectorList=288
2014-03-06 10:11:40 INFO ellipsoide.Sphere : Sphere.updateAllZones zoneList=37 vectorList=289
2014-03-06 10:11:40 INFO ellipsoide.Sphere : Sphere.updateAllZones zoneList=37 vectorList=290
2014-03-06 10:11:40 INFO ellipsoide.Sphere : Sphere.updateAllZones zoneList=37 vectorList=291
2014-03-06 10:11:40 INFO ellipsoide.Sphere : Sphere.updateAllZones zoneList=37 vectorList=292
2014-03-06 10:11:40 INFO ellipsoide.Sphere : Sphere.updateAllZones zoneList=37 vectorList=293
2014-03-06 10:11:40 INFO ellipsoide.Sphere : Sphere.updateAllZones zoneList=37 vectorList=294
2014-03-06 10:11:41 INFO ellipsoide.Sphere : Sphere.updateAllZones zoneList=37 vectorList=295
2014-03-06 10:11:41 INFO ellipsoide.Sphere : Sphere.updateAllZones zoneList=37 vectorList=296
2014-03-06 10:11:41 INFO ellipsoide.Sphere : Sphere.updateAllZones zoneList=37 vectorList=297
2014-03-06 10:11:41 INFO ellipsoide.Sphere : Sphere.updateAllZones zoneList=37 vectorList=298
2014-03-06 10:11:41 INFO ellipsoide.Sphere : Sphere.updateAllZones zoneList=37 vectorList=299
2014-03-06 10:11:41 INFO ellipsoide.Sphere : Sphere.updateAllZones zoneList=37 vectorList=300
2014-03-06 10:11:41 INFO ellipsoide.Sphere : Sphere.updateAllZones zoneList=37 vectorList=301
2014-03-06 10:11:41 INFO ellipsoide.Sphere : Sphere.updateAllZones zoneList=37 vectorList=302
2014-03-06 10:11:41 INFO ellipsoide.Sphere : Sphere.updateAllZones zoneList=37 vectorList=303
2014-03-06 10:11:41 INFO ellipsoide.Sphere : Sphere.updateAllZones zoneList=37 vectorList=304
2014-03-06 10:11:42 INFO ellipsoide.Sphere : Sphere.updateAllZones zoneList=37 vectorList=305
2014-03-06 10:11:42 INFO ellipsoide.Sphere : Sphere.updateAllZones zoneList=37 vectorList=306
2014-03-06 10:11:42 INFO ellipsoide.Sphere : Sphere.updateAllZones zoneList=37 vectorList=307
2014-03-06 10:11:42 INFO ellipsoide.Sphere : Sphere.updateAllZones zoneList=37 vectorList=308
2014-03-06 10:11:42 INFO ellipsoide.Sphere : Sphere.updateAllZones zoneList=37 vectorList=309
2014-03-06 10:11:42 INFO ellipsoide.Sphere : Sphere.updateAllZones zoneList=37 vectorList=310
2014-03-06 10:11:42 INFO ellipsoide.Sphere : Sphere.updateAllZones zoneList=37 vectorList=311
2014-03-06 10:11:42 INFO ellipsoide.Sphere : Sphere.updateAllZones zoneList=37 vectorList=312
2014-03-06 10:11:42 INFO ellipsoide.Sphere : Sphere.updateAllZones zoneList=37 vectorList=313
2014-03-06 10:11:42 INFO ellipsoide.Sphere : Sphere.updateAllZones zoneList=37 vectorList=314
2014-03-06 10:11:43 INFO ellipsoide.Sphere : Sphere.updateAllZones zoneList=37 vectorList=315
2014-03-06 10:11:43 INFO ellipsoide.Sphere : Sphere.updateAllZones zoneList=37 vectorList=316
2014-03-06 10:11:43 INFO ellipsoide.Sphere : Sphere.updateAllZones zoneList=37 vectorList=317
2014-03-06 10:11:43 INFO ellipsoide.Sphere : Sphere.update : values have changed
2014-03-06 10:11:43 INFO ellipsoide.Sphere : Sphere.updateAllZones zoneList=37 vectorList=318
2014-03-06 10:11:43 INFO ellipsoide.Sphere : Sphere.updateAllZones zoneList=37 vectorList=319
2014-03-06 10:11:43 INFO ellipsoide.Sphere : Sphere.updateAllZones zoneList=37 vectorList=320
2014-03-06 10:11:43 INFO ellipsoide.Sphere : Sphere.updateAllZones zoneList=37 vectorList=321
2014-03-06 10:11:43 INFO ellipsoide.Sphere : Sphere.updateAllZones zoneList=37 vectorList=322
2014-03-06 10:11:43 INFO ellipsoide.Sphere : Sphere.updateAllZones zoneList=37 vectorList=323
2014-03-06 10:11:43 INFO ellipsoide.Sphere : Sphere.updateAllZones zoneList=37 vectorList=324
2014-03-06 10:11:43 INFO ellipsoide.Sphere : Sphere.updateAllZones zoneList=37 vectorList=325
2014-03-06 10:11:44 INFO ellipsoide.Sphere : Sphere.updateAllZones zoneList=37 vectorList=326
2014-03-06 10:11:44 INFO ellipsoide.Sphere : Sphere.updateAllZones zoneList=37 vectorList=327
2014-03-06 10:11:44 INFO ellipsoide.Sphere : Sphere.updateAllZones zoneList=37 vectorList=328
2014-03-06 10:11:44 INFO ellipsoide.Sphere : Sphere.updateAllZones zoneList=37 vectorList=329
2014-03-06 10:11:44 INFO ellipsoide.Sphere : Sphere.updateAllZones zoneList=37 vectorList=330
2014-03-06 10:11:44 INFO ellipsoide.Sphere : Sphere.updateAllZones zoneList=37 vectorList=331
2014-03-06 10:11:44 INFO ellipsoide.Sphere : Sphere.updateAllZones zoneList=37 vectorList=332
2014-03-06 10:11:44 INFO ellipsoide.Sphere : Sphere.updateAllZones zoneList=37 vectorList=333
2014-03-06 10:11:44 INFO ellipsoide.Sphere : Sphere.updateAllZones zoneList=37 vectorList=334
2014-03-06 10:11:44 INFO ellipsoide.Sphere : Sphere.updateAllZones zoneList=37 vectorList=335
2014-03-06 10:11:45 INFO ellipsoide.Sphere : Sphere.updateAllZones zoneList=37 vectorList=336
2014-03-06 10:11:45 INFO ellipsoide.Sphere : Sphere.updateAllZones zoneList=37 vectorList=337
2014-03-06 10:11:45 INFO ellipsoide.Sphere : Sphere.updateAllZones zoneList=37 vectorList=338
2014-03-06 10:11:45 INFO ellipsoide.Sphere : Sphere.updateAllZones zoneList=37 vectorList=339
2014-03-06 10:11:45 INFO ellipsoide.Sphere : Sphere.updateAllZones zoneList=37 vectorList=340
2014-03-06 10:11:45 INFO ellipsoide.Sphere : Sphere.updateAllZones zoneList=37 vectorList=341
2014-03-06 10:11:45 INFO ellipsoide.Sphere : Sphere.updateAllZones zoneList=37 vectorList=342
2014-03-06 10:11:45 INFO ellipsoide.Sphere : Sphere.updateAllZones zoneList=37 vectorList=343
2014-03-06 10:11:45 INFO ellipsoide.Sphere : Sphere.updateAllZones zoneList=37 vectorList=344
2014-03-06 10:11:45 INFO ellipsoide.Sphere : Sphere.updateAllZones zoneList=37 vectorList=345
2014-03-06 10:11:46 INFO ellipsoide.Sphere : Sphere.update : values have changed
2014-03-06 10:11:46 INFO ellipsoide.Sphere : Sphere.updateAllZones zoneList=37 vectorList=346
2014-03-06 10:11:46 INFO ellipsoide.Sphere : Sphere.update : values have changed
2014-03-06 10:11:46 INFO ellipsoide.Sphere : Sphere.updateAllZones zoneList=37 vectorList=347
2014-03-06 10:11:46 INFO ellipsoide.Sphere : Sphere.updateAllZones zoneList=37 vectorList=348
2014-03-06 10:11:46 INFO ellipsoide.Sphere : Sphere.updateAllZones zoneList=37 vectorList=349
2014-03-06 10:11:46 INFO ellipsoide.Sphere : Sphere.updateAllZones zoneList=37 vectorList=350
2014-03-06 10:11:46 INFO ellipsoide.Sphere : Sphere.updateAllZones zoneList=37 vectorList=351
2014-03-06 10:11:46 INFO ellipsoide.Sphere : Sphere.updateAllZones zoneList=37 vectorList=352
2014-03-06 10:11:46 INFO ellipsoide.Sphere : Sphere.updateAllZones zoneList=37 vectorList=353
2014-03-06 10:11:46 INFO ellipsoide.Sphere : Sphere.updateAllZones zoneList=37 vectorList=354
2014-03-06 10:11:46 INFO ellipsoide.Sphere : Sphere.updateAllZones zoneList=37 vectorList=355
2014-03-06 10:11:46 INFO ellipsoide.Sphere : Sphere.updateAllZones zoneList=37 vectorList=356
2014-03-06 10:11:47 INFO ellipsoide.Sphere : Sphere.updateAllZones zoneList=37 vectorList=357
2014-03-06 10:11:47 INFO ellipsoide.Sphere : Sphere.updateAllZones zoneList=37 vectorList=358
2014-03-06 10:11:47 INFO ellipsoide.Sphere : Sphere.updateAllZones zoneList=37 vectorList=359
2014-03-06 10:11:47 INFO ellipsoide.Sphere : Sphere.updateAllZones zoneList=37 vectorList=360
2014-03-06 10:11:47 INFO ellipsoide.Sphere : Sphere.updateAllZones zoneList=37 vectorList=361
2014-03-06 10:11:47 INFO ellipsoide.Sphere : Sphere.updateAllZones zoneList=37 vectorList=362
2014-03-06 10:11:47 INFO ellipsoide.Sphere : Sphere.updateAllZones zoneList=37 vectorList=363
2014-03-06 10:11:47 INFO ellipsoide.Sphere : Sphere.updateAllZones zoneList=37 vectorList=364
2014-03-06 10:11:47 INFO ellipsoide.Sphere : Sphere.updateAllZones zoneList=37 vectorList=365
2014-03-06 10:11:47 INFO ellipsoide.Sphere : Sphere.updateAllZones zoneList=37 vectorList=366
2014-03-06 10:11:47 INFO ellipsoide.Sphere : Sphere.updateAllZones zoneList=37 vectorList=367
2014-03-06 10:11:48 INFO ellipsoide.Sphere : Sphere.updateAllZones zoneList=37 vectorList=368
2014-03-06 10:11:48 INFO ellipsoide.Sphere : Sphere.updateAllZones zoneList=37 vectorList=369
2014-03-06 10:11:48 INFO ellipsoide.Sphere : Sphere.updateAllZones zoneList=37 vectorList=370
2014-03-06 10:11:48 INFO ellipsoide.Sphere : Sphere.updateAllZones zoneList=37 vectorList=371
2014-03-06 10:11:48 INFO ellipsoide.Sphere : Sphere.updateAllZones zoneList=37 vectorList=372
2014-03-06 10:11:48 INFO ellipsoide.Sphere : Sphere.updateAllZones zoneList=37 vectorList=373
2014-03-06 10:11:48 INFO ellipsoide.Sphere : Sphere.updateAllZones zoneList=37 vectorList=374
2014-03-06 10:11:48 INFO ellipsoide.Sphere : Sphere.updateAllZones zoneList=37 vectorList=375
2014-03-06 10:11:48 INFO ellipsoide.Sphere : Sphere.updateAllZones zoneList=37 vectorList=376
2014-03-06 10:11:48 INFO ellipsoide.Sphere : Sphere.updateAllZones zoneList=37 vectorList=377
2014-03-06 10:11:48 INFO ellipsoide.Sphere : Sphere.updateAllZones zoneList=37 vectorList=378
2014-03-06 10:11:49 INFO ellipsoide.Sphere : Sphere.update : values have changed
2014-03-06 10:11:49 INFO ellipsoide.Sphere : Sphere.updateAllZones zoneList=37 vectorList=379
2014-03-06 10:11:49 INFO ellipsoide.Sphere : Sphere.updateAllZones zoneList=37 vectorList=380
2014-03-06 10:11:49 INFO ellipsoide.Sphere : Sphere.updateAllZones zoneList=37 vectorList=381
2014-03-06 10:11:49 INFO ellipsoide.Sphere : Sphere.updateAllZones zoneList=37 vectorList=382
2014-03-06 10:11:49 INFO ellipsoide.Sphere : Sphere.updateAllZones zoneList=37 vectorList=383
2014-03-06 10:11:49 INFO ellipsoide.Sphere : Sphere.updateAllZones zoneList=37 vectorList=384
2014-03-06 10:11:49 INFO ellipsoide.Sphere : Sphere.updateAllZones zoneList=37 vectorList=385
2014-03-06 10:11:49 INFO ellipsoide.Sphere : Sphere.updateAllZones zoneList=37 vectorList=386
2014-03-06 10:11:49 INFO ellipsoide.Sphere : Sphere.updateAllZones zoneList=37 vectorList=387
2014-03-06 10:11:49 INFO ellipsoide.Sphere : Sphere.updateAllZones zoneList=37 vectorList=388
2014-03-06 10:11:49 INFO ellipsoide.Sphere : Sphere.updateAllZones zoneList=37 vectorList=389
2014-03-06 10:11:50 INFO ellipsoide.Sphere : Sphere.update : values have changed
2014-03-06 10:11:50 INFO ellipsoide.Sphere : Sphere.updateAllZones zoneList=37 vectorList=390
2014-03-06 10:11:50 INFO ellipsoide.Sphere : Sphere.updateAllZones zoneList=37 vectorList=391
2014-03-06 10:11:50 INFO ellipsoide.Sphere : Sphere.updateAllZones zoneList=37 vectorList=392
2014-03-06 10:11:50 INFO ellipsoide.Sphere : Sphere.updateAllZones zoneList=37 vectorList=393
2014-03-06 10:11:50 INFO ellipsoide.Sphere : Sphere.updateAllZones zoneList=37 vectorList=394
2014-03-06 10:11:50 INFO ellipsoide.Sphere : Sphere.updateAllZones zoneList=37 vectorList=395
2014-03-06 10:11:50 INFO ellipsoide.Sphere : Sphere.updateAllZones zoneList=37 vectorList=396
2014-03-06 10:11:50 INFO ellipsoide.Sphere : Sphere.updateAllZones zoneList=37 vectorList=397
2014-03-06 10:11:50 INFO ellipsoide.Sphere : Sphere.updateAllZones zoneList=37 vectorList=398
2014-03-06 10:11:50 INFO ellipsoide.Sphere : Sphere.updateAllZones zoneList=37 vectorList=399
2014-03-06 10:11:50 INFO ellipsoide.Sphere : Sphere.updateAllZones zoneList=37 vectorList=400
2014-03-06 10:11:51 INFO ellipsoide.Sphere : Sphere.updateAllZones zoneList=37 vectorList=401
2014-03-06 10:11:51 INFO ellipsoide.Sphere : Sphere.updateAllZones zoneList=37 vectorList=402
2014-03-06 10:11:51 INFO ellipsoide.Sphere : Sphere.updateAllZones zoneList=37 vectorList=403
2014-03-06 10:11:51 INFO ellipsoide.Sphere : Sphere.updateAllZones zoneList=37 vectorList=404
2014-03-06 10:11:51 INFO ellipsoide.Sphere : Sphere.updateAllZones zoneList=37 vectorList=405
2014-03-06 10:11:51 INFO ellipsoide.Sphere : Sphere.updateAllZones zoneList=37 vectorList=406
2014-03-06 10:11:51 INFO ellipsoide.Sphere : Sphere.updateAllZones zoneList=37 vectorList=407
2014-03-06 10:11:51 INFO ellipsoide.Sphere : Sphere.updateAllZones zoneList=37 vectorList=408
2014-03-06 10:11:51 INFO ellipsoide.Sphere : Sphere.updateAllZones zoneList=37 vectorList=409
2014-03-06 10:11:51 INFO ellipsoide.Sphere : Sphere.updateAllZones zoneList=37 vectorList=410
2014-03-06 10:11:52 INFO ellipsoide.Sphere : Sphere.updateAllZones zoneList=37 vectorList=411
2014-03-06 10:11:52 INFO ellipsoide.Sphere : Sphere.updateAllZones zoneList=37 vectorList=412
2014-03-06 10:11:52 INFO ellipsoide.Sphere : Sphere.updateAllZones zoneList=37 vectorList=413
2014-03-06 10:11:52 INFO ellipsoide.Sphere : Sphere.updateAllZones zoneList=37 vectorList=414
2014-03-06 10:11:52 INFO ellipsoide.Sphere : Sphere.updateAllZones zoneList=37 vectorList=415
2014-03-06 10:11:52 INFO ellipsoide.Sphere : Sphere.updateAllZones zoneList=37 vectorList=416
2014-03-06 10:11:52 INFO ellipsoide.Sphere : Sphere.updateAllZones zoneList=37 vectorList=417
2014-03-06 10:11:52 INFO ellipsoide.Sphere : Sphere.updateAllZones zoneList=37 vectorList=418
2014-03-06 10:11:52 INFO ellipsoide.Sphere : Sphere.update : values have changed
2014-03-06 10:11:52 INFO ellipsoide.Sphere : Sphere.updateAllZones zoneList=37 vectorList=419
2014-03-06 10:11:52 INFO ellipsoide.Sphere : Sphere.updateAllZones zoneList=37 vectorList=420
2014-03-06 10:11:52 INFO ellipsoide.Sphere : Sphere.updateAllZones zoneList=37 vectorList=421
2014-03-06 10:11:53 INFO ellipsoide.Sphere : Sphere.updateAllZones zoneList=37 vectorList=422
2014-03-06 10:11:53 INFO ellipsoide.Sphere : Sphere.updateAllZones zoneList=37 vectorList=423
2014-03-06 10:11:53 INFO ellipsoide.Sphere : Sphere.updateAllZones zoneList=37 vectorList=424
2014-03-06 10:11:53 INFO ellipsoide.Sphere : Sphere.updateAllZones zoneList=37 vectorList=425
2014-03-06 10:11:53 INFO ellipsoide.Sphere : Sphere.updateAllZones zoneList=37 vectorList=426
2014-03-06 10:11:53 INFO ellipsoide.Sphere : Sphere.updateAllZones zoneList=37 vectorList=427
2014-03-06 10:11:53 INFO ellipsoide.Sphere : Sphere.updateAllZones zoneList=37 vectorList=428
2014-03-06 10:11:53 INFO ellipsoide.Sphere : Sphere.updateAllZones zoneList=37 vectorList=429
2014-03-06 10:11:53 INFO ellipsoide.Sphere : Sphere.updateAllZones zoneList=37 vectorList=430
2014-03-06 10:11:53 INFO ellipsoide.Sphere : Sphere.updateAllZones zoneList=37 vectorList=431
2014-03-06 10:11:53 INFO ellipsoide.Sphere : Sphere.updateAllZones zoneList=37 vectorList=432
2014-03-06 10:11:54 INFO ellipsoide.Sphere : Sphere.updateAllZones zoneList=37 vectorList=433
2014-03-06 10:11:54 INFO ellipsoide.Sphere : Sphere.updateAllZones zoneList=37 vectorList=434
2014-03-06 10:11:54 INFO ellipsoide.Sphere : Sphere.updateAllZones zoneList=37 vectorList=435
2014-03-06 10:11:54 INFO ellipsoide.Sphere : Sphere.updateAllZones zoneList=37 vectorList=436
2014-03-06 10:11:54 INFO ellipsoide.Sphere : Sphere.updateAllZones zoneList=37 vectorList=437
2014-03-06 10:11:54 INFO ellipsoide.Sphere : Sphere.updateAllZones zoneList=37 vectorList=438
2014-03-06 10:11:54 INFO ellipsoide.Sphere : Sphere.updateAllZones zoneList=37 vectorList=439
2014-03-06 10:11:54 INFO ellipsoide.Sphere : Sphere.updateAllZones zoneList=37 vectorList=440
2014-03-06 10:11:54 INFO ellipsoide.Sphere : Sphere.updateAllZones zoneList=37 vectorList=441
2014-03-06 10:11:54 INFO ellipsoide.Sphere : Sphere.updateAllZones zoneList=37 vectorList=442
2014-03-06 10:11:54 INFO ellipsoide.Sphere : Sphere.updateAllZones zoneList=37 vectorList=443
2014-03-06 10:11:55 INFO ellipsoide.Sphere : Sphere.updateAllZones zoneList=37 vectorList=444
2014-03-06 10:11:55 INFO ellipsoide.Sphere : Sphere.updateAllZones zoneList=37 vectorList=445
2014-03-06 10:11:55 INFO ellipsoide.Sphere : Sphere.updateAllZones zoneList=37 vectorList=446
2014-03-06 10:11:55 INFO ellipsoide.Sphere : Sphere.updateAllZones zoneList=37 vectorList=447
2014-03-06 10:11:55 INFO ellipsoide.Sphere : Sphere.updateAllZones zoneList=37 vectorList=448
2014-03-06 10:11:55 INFO ellipsoide.Sphere : Sphere.updateAllZones zoneList=37 vectorList=449
2014-03-06 10:11:55 INFO ellipsoide.Sphere : Sphere.update : values have changed
2014-03-06 10:11:55 INFO ellipsoide.Sphere : Sphere.updateAllZones zoneList=37 vectorList=450
2014-03-06 10:11:55 INFO ellipsoide.Sphere : Sphere.updateAllZones zoneList=37 vectorList=451
2014-03-06 10:11:55 INFO ellipsoide.Sphere : Sphere.update : values have changed
2014-03-06 10:11:55 INFO ellipsoide.Sphere : Sphere.updateAllZones zoneList=37 vectorList=452
2014-03-06 10:11:55 INFO ellipsoide.Sphere : Sphere.updateAllZones zoneList=37 vectorList=453
2014-03-06 10:11:55 INFO ellipsoide.Sphere : Sphere.updateAllZones zoneList=37 vectorList=454
2014-03-06 10:11:56 INFO ellipsoide.Sphere : Sphere.updateAllZones zoneList=37 vectorList=455
2014-03-06 10:11:56 INFO ellipsoide.Sphere : Sphere.updateAllZones zoneList=37 vectorList=456
2014-03-06 10:11:56 INFO ellipsoide.Sphere : Sphere.updateAllZones zoneList=37 vectorList=457
2014-03-06 10:11:56 INFO ellipsoide.Sphere : Sphere.updateAllZones zoneList=37 vectorList=458
2014-03-06 10:11:56 INFO ellipsoide.Sphere : Sphere.updateAllZones zoneList=37 vectorList=459
2014-03-06 10:11:56 INFO ellipsoide.Sphere : Sphere.updateAllZones zoneList=37 vectorList=460
2014-03-06 10:11:56 INFO ellipsoide.Sphere : Sphere.updateAllZones zoneList=37 vectorList=461
2014-03-06 10:11:56 INFO ellipsoide.Sphere : Sphere.updateAllZones zoneList=37 vectorList=462
2014-03-06 10:11:56 INFO ellipsoide.Sphere : Sphere.updateAllZones zoneList=37 vectorList=463
2014-03-06 10:11:56 INFO ellipsoide.Sphere : Sphere.updateAllZones zoneList=37 vectorList=464
2014-03-06 10:11:57 INFO ellipsoide.Sphere : Sphere.updateAllZones zoneList=37 vectorList=465
2014-03-06 10:11:57 INFO ellipsoide.Sphere : Sphere.updateAllZones zoneList=37 vectorList=466
2014-03-06 10:11:57 INFO ellipsoide.Sphere : Sphere.updateAllZones zoneList=37 vectorList=467
2014-03-06 10:11:57 INFO ellipsoide.Sphere : Sphere.updateAllZones zoneList=37 vectorList=468
2014-03-06 10:11:57 INFO ellipsoide.Sphere : Sphere.updateAllZones zoneList=37 vectorList=469
2014-03-06 10:11:57 INFO ellipsoide.Sphere : Sphere.updateAllZones zoneList=37 vectorList=470
2014-03-06 10:11:57 INFO ellipsoide.Sphere : Sphere.updateAllZones zoneList=37 vectorList=471
2014-03-06 10:11:57 INFO ellipsoide.Sphere : Sphere.updateAllZones zoneList=37 vectorList=472
2014-03-06 10:11:57 INFO ellipsoide.Sphere : Sphere.updateAllZones zoneList=37 vectorList=473
2014-03-06 10:11:57 INFO ellipsoide.Sphere : Sphere.updateAllZones zoneList=37 vectorList=474
2014-03-06 10:11:57 INFO ellipsoide.Sphere : Sphere.updateAllZones zoneList=37 vectorList=475
2014-03-06 10:11:58 INFO ellipsoide.Sphere : Sphere.updateAllZones zoneList=37 vectorList=476
2014-03-06 10:11:58 INFO ellipsoide.Sphere : Sphere.updateAllZones zoneList=37 vectorList=477
2014-03-06 10:11:58 INFO ellipsoide.Sphere : Sphere.updateAllZones zoneList=37 vectorList=478
2014-03-06 10:11:58 INFO ellipsoide.Sphere : Sphere.updateAllZones zoneList=37 vectorList=479
2014-03-06 10:11:58 INFO ellipsoide.Sphere : Sphere.updateAllZones zoneList=37 vectorList=480
2014-03-06 10:11:58 INFO ellipsoide.Sphere : Sphere.updateAllZones zoneList=37 vectorList=481
2014-03-06 10:11:58 INFO ellipsoide.Sphere : Sphere.updateAllZones zoneList=37 vectorList=482
2014-03-06 10:11:58 INFO ellipsoide.Sphere : Sphere.updateAllZones zoneList=37 vectorList=483
2014-03-06 10:11:58 INFO ellipsoide.Sphere : Sphere.updateAllZones zoneList=37 vectorList=484
2014-03-06 10:11:58 INFO ellipsoide.Sphere : Sphere.updateAllZones zoneList=37 vectorList=485
2014-03-06 10:11:58 INFO ellipsoide.Sphere : Sphere.updateAllZones zoneList=37 vectorList=486
2014-03-06 10:11:59 INFO ellipsoide.Sphere : Sphere.updateAllZones zoneList=37 vectorList=487
2014-03-06 10:11:59 INFO ellipsoide.Sphere : Sphere.updateAllZones zoneList=37 vectorList=488
2014-03-06 10:11:59 INFO ellipsoide.Sphere : Sphere.updateAllZones zoneList=37 vectorList=489
2014-03-06 10:11:59 INFO ellipsoide.Sphere : Sphere.updateAllZones zoneList=37 vectorList=490
2014-03-06 10:11:59 INFO ellipsoide.Sphere : Sphere.updateAllZones zoneList=37 vectorList=491
2014-03-06 10:11:59 INFO ellipsoide.Sphere : Sphere.updateAllZones zoneList=37 vectorList=492
2014-03-06 10:11:59 INFO ellipsoide.Sphere : Sphere.updateAllZones zoneList=37 vectorList=493
2014-03-06 10:11:59 INFO ellipsoide.Sphere : Sphere.updateAllZones zoneList=37 vectorList=494
2014-03-06 10:11:59 INFO ellipsoide.Sphere : Sphere.updateAllZones zoneList=37 vectorList=495
2014-03-06 10:11:59 INFO ellipsoide.Sphere : Sphere.updateAllZones zoneList=37 vectorList=496
2014-03-06 10:12:00 INFO ellipsoide.Sphere : Sphere.updateAllZones zoneList=37 vectorList=497
2014-03-06 10:12:00 INFO ellipsoide.Sphere : Sphere.updateAllZones zoneList=37 vectorList=498
2014-03-06 10:12:00 INFO ellipsoide.Sphere : Sphere.updateAllZones zoneList=37 vectorList=499
2014-03-06 10:12:00 INFO ellipsoide.Sphere : Sphere.updateAllZones zoneList=37 vectorList=500
2014-03-06 10:12:00 INFO ellipsoide.Sphere : Sphere.updateAllZones zoneList=37 vectorList=501
2014-03-06 10:12:00 INFO ellipsoide.Sphere : Sphere.updateAllZones zoneList=37 vectorList=502
2014-03-06 10:12:00 INFO ellipsoide.Sphere : Sphere.updateAllZones zoneList=37 vectorList=503
2014-03-06 10:12:00 INFO ellipsoide.Sphere : Sphere.updateAllZones zoneList=37 vectorList=504
2014-03-06 10:12:00 INFO ellipsoide.Sphere : Sphere.updateAllZones zoneList=37 vectorList=505
2014-03-06 10:12:00 INFO ellipsoide.Sphere : Sphere.updateAllZones zoneList=37 vectorList=506
2014-03-06 10:12:01 INFO ellipsoide.Sphere : Sphere.updateAllZones zoneList=37 vectorList=507
2014-03-06 10:12:01 INFO ellipsoide.Sphere : Sphere.updateAllZones zoneList=37 vectorList=508
2014-03-06 10:12:01 INFO ellipsoide.Sphere : Sphere.updateAllZones zoneList=37 vectorList=509
2014-03-06 10:12:01 INFO ellipsoide.Sphere : Sphere.updateAllZones zoneList=37 vectorList=510
2014-03-06 10:12:01 INFO ellipsoide.Sphere : Sphere.updateAllZones zoneList=37 vectorList=511
2014-03-06 10:12:01 INFO ellipsoide.Sphere : Sphere.updateAllZones zoneList=37 vectorList=512
2014-03-06 10:12:01 INFO ellipsoide.Sphere : Sphere.updateAllZones zoneList=37 vectorList=513
2014-03-06 10:12:01 INFO ellipsoide.Sphere : Sphere.updateAllZones zoneList=37 vectorList=514
2014-03-06 10:12:01 INFO ellipsoide.Sphere : Sphere.updateAllZones zoneList=37 vectorList=515
2014-03-06 10:12:01 INFO ellipsoide.Sphere : Sphere.updateAllZones zoneList=37 vectorList=516
2014-03-06 10:12:01 INFO ellipsoide.Sphere : Sphere.updateAllZones zoneList=37 vectorList=517
2014-03-06 10:12:02 INFO ellipsoide.Sphere : Sphere.updateAllZones zoneList=37 vectorList=518
2014-03-06 10:12:02 INFO ellipsoide.Sphere : Sphere.updateAllZones zoneList=37 vectorList=519
2014-03-06 10:12:02 INFO ellipsoide.Sphere : Sphere.updateAllZones zoneList=37 vectorList=520
2014-03-06 10:12:02 INFO ellipsoide.Sphere : Sphere.updateAllZones zoneList=37 vectorList=521
2014-03-06 10:12:02 INFO ellipsoide.Sphere : Sphere.updateAllZones zoneList=37 vectorList=522
2014-03-06 10:12:02 INFO ellipsoide.Sphere : Sphere.updateAllZones zoneList=37 vectorList=523
2014-03-06 10:12:02 INFO ellipsoide.Sphere : Sphere.updateAllZones zoneList=37 vectorList=524
2014-03-06 10:12:02 INFO ellipsoide.Sphere : Sphere.updateAllZones zoneList=37 vectorList=525
2014-03-06 10:12:02 INFO ellipsoide.Sphere : Sphere.updateAllZones zoneList=37 vectorList=526
2014-03-06 10:12:02 INFO ellipsoide.Sphere : Sphere.update : values have changed
2014-03-06 10:12:02 INFO ellipsoide.Sphere : Sphere.updateAllZones zoneList=37 vectorList=527
2014-03-06 10:12:02 INFO ellipsoide.Sphere : Sphere.updateAllZones zoneList=37 vectorList=528
2014-03-06 10:12:03 INFO ellipsoide.Sphere : Sphere.updateAllZones zoneList=37 vectorList=529
2014-03-06 10:12:03 INFO ellipsoide.Sphere : Sphere.updateAllZones zoneList=37 vectorList=530
2014-03-06 10:12:03 INFO ellipsoide.Sphere : Sphere.updateAllZones zoneList=37 vectorList=531
2014-03-06 10:12:03 INFO ellipsoide.Sphere : Sphere.updateAllZones zoneList=37 vectorList=532
2014-03-06 10:12:03 INFO ellipsoide.Sphere : Sphere.updateAllZones zoneList=37 vectorList=533
2014-03-06 10:12:03 INFO ellipsoide.Sphere : Sphere.updateAllZones zoneList=37 vectorList=534
2014-03-06 10:12:03 INFO ellipsoide.Sphere : Sphere.updateAllZones zoneList=37 vectorList=535
2014-03-06 10:12:03 INFO ellipsoide.Sphere : Sphere.updateAllZones zoneList=37 vectorList=536
2014-03-06 10:12:03 WARNING imu.IMU : stopped listening raw datas for drone 5
2014-03-06 10:12:03 WARNING imu.IMU : stopped listening raw datas for drone 5
2014-03-06 10:12:03 INFO imu.IMU : new aircraft built with id=5
2014-03-06 10:12:04 INFO ihm.MainFrame : starting calibration of magnetometer...
2014-03-06 10:12:04 INFO imu.IMU : listening raw datas for drone 5...
2014-03-06 10:12:04 INFO ellipsoide.Sphere : Sphere.update : values have changed
2014-03-06 10:12:04 INFO ellipsoide.Sphere : Sphere.updateAllZones zoneList=37 vectorList=1
2014-03-06 10:12:04 INFO ellipsoide.Sphere : Sphere.updateAllZones zoneList=37 vectorList=2
2014-03-06 10:12:04 INFO ellipsoide.Sphere : Sphere.updateAllZones zoneList=37 vectorList=3
2014-03-06 10:12:04 INFO ellipsoide.Sphere : Sphere.update : values have changed
2014-03-06 10:12:04 INFO ellipsoide.Sphere : Sphere.updateAllZones zoneList=37 vectorList=4
2014-03-06 10:12:04 INFO ellipsoide.Sphere : Sphere.updateAllZones zoneList=37 vectorList=5
2014-03-06 10:12:04 INFO ellipsoide.Sphere : Sphere.updateAllZones zoneList=37 vectorList=6
2014-03-06 10:12:05 INFO ellipsoide.Sphere : Sphere.updateAllZones zoneList=37 vectorList=7
2014-03-06 10:12:05 INFO ellipsoide.Sphere : Sphere.updateAllZones zoneList=37 vectorList=8
2014-03-06 10:12:05 INFO ellipsoide.Sphere : Sphere.updateAllZones zoneList=37 vectorList=9
2014-03-06 10:12:05 INFO ellipsoide.Sphere : Sphere.updateAllZones zoneList=37 vectorList=10
2014-03-06 10:12:05 INFO ellipsoide.Sphere : Sphere.update : values have changed
2014-03-06 10:12:05 INFO ellipsoide.Sphere : Sphere.updateAllZones zoneList=37 vectorList=11
2014-03-06 10:12:05 INFO ellipsoide.Sphere : Sphere.updateAllZones zoneList=37 vectorList=12
2014-03-06 10:12:05 INFO ellipsoide.Sphere : Sphere.updateAllZones zoneList=37 vectorList=13
2014-03-06 10:12:05 INFO ellipsoide.Sphere : Sphere.updateAllZones zoneList=37 vectorList=14
2014-03-06 10:12:05 INFO ellipsoide.Sphere : Sphere.updateAllZones zoneList=37 vectorList=15
2014-03-06 10:12:05 INFO ellipsoide.Sphere : Sphere.updateAllZones zoneList=37 vectorList=16
2014-03-06 10:12:06 INFO ellipsoide.Sphere : Sphere.updateAllZones zoneList=37 vectorList=17
2014-03-06 10:12:06 INFO ellipsoide.Sphere : Sphere.updateAllZones zoneList=37 vectorList=18
2014-03-06 10:12:06 INFO ellipsoide.Sphere : Sphere.updateAllZones zoneList=37 vectorList=19
2014-03-06 10:12:06 INFO ellipsoide.Sphere : Sphere.updateAllZones zoneList=37 vectorList=20
2014-03-06 10:12:06 INFO ellipsoide.Sphere : Sphere.updateAllZones zoneList=37 vectorList=21
2014-03-06 10:12:06 INFO ellipsoide.Sphere : Sphere.updateAllZones zoneList=37 vectorList=22
2014-03-06 10:12:06 INFO ellipsoide.Sphere : Sphere.updateAllZones zoneList=37 vectorList=23
2014-03-06 10:12:06 INFO ellipsoide.Sphere : Sphere.updateAllZones zoneList=37 vectorList=24
2014-03-06 10:12:06 INFO ellipsoide.Sphere : Sphere.updateAllZones zoneList=37 vectorList=25
2014-03-06 10:12:06 INFO ellipsoide.Sphere : Sphere.updateAllZones zoneList=37 vectorList=26
2014-03-06 10:12:06 INFO ellipsoide.Sphere : Sphere.updateAllZones zoneList=37 vectorList=27
2014-03-06 10:12:07 INFO ellipsoide.Sphere : Sphere.updateAllZones zoneList=37 vectorList=28
2014-03-06 10:12:07 INFO ellipsoide.Sphere : Sphere.updateAllZones zoneList=37 vectorList=29
2014-03-06 10:12:07 INFO ellipsoide.Sphere : Sphere.updateAllZones zoneList=37 vectorList=30
2014-03-06 10:12:07 INFO ellipsoide.Sphere : Sphere.updateAllZones zoneList=37 vectorList=31
2014-03-06 10:12:07 INFO ellipsoide.Sphere : Sphere.updateAllZones zoneList=37 vectorList=32
2014-03-06 10:12:07 INFO ellipsoide.Sphere : Sphere.updateAllZones zoneList=37 vectorList=33
2014-03-06 10:12:07 INFO ellipsoide.Sphere : Sphere.updateAllZones zoneList=37 vectorList=34
2014-03-06 10:12:07 INFO ellipsoide.Sphere : Sphere.updateAllZones zoneList=37 vectorList=35
2014-03-06 10:12:07 INFO ellipsoide.Sphere : Sphere.updateAllZones zoneList=37 vectorList=36
2014-03-06 10:12:07 INFO ellipsoide.Sphere : Sphere.updateAllZones zoneList=37 vectorList=37
2014-03-06 10:12:07 INFO ellipsoide.Sphere : Sphere.updateAllZones zoneList=37 vectorList=38
2014-03-06 10:12:07 INFO ellipsoide.Sphere : Sphere.updateAllZones zoneList=37 vectorList=39
2014-03-06 10:12:08 INFO ellipsoide.Sphere : Sphere.updateAllZones zoneList=37 vectorList=40
2014-03-06 10:12:08 INFO ellipsoide.Sphere : Sphere.updateAllZones zoneList=37 vectorList=41
2014-03-06 10:12:08 INFO ellipsoide.Sphere : Sphere.updateAllZones zoneList=37 vectorList=42
2014-03-06 10:12:08 INFO ellipsoide.Sphere : Sphere.updateAllZones zoneList=37 vectorList=43
2014-03-06 10:12:08 INFO ellipsoide.Sphere : Sphere.updateAllZones zoneList=37 vectorList=44
2014-03-06 10:12:08 INFO ellipsoide.Sphere : Sphere.updateAllZones zoneList=37 vectorList=45
2014-03-06 10:12:08 INFO ellipsoide.Sphere : Sphere.updateAllZones zoneList=37 vectorList=46
2014-03-06 10:12:08 INFO ellipsoide.Sphere : Sphere.updateAllZones zoneList=37 vectorList=47
2014-03-06 10:12:08 INFO ellipsoide.Sphere : Sphere.updateAllZones zoneList=37 vectorList=48
2014-03-06 10:12:08 INFO ellipsoide.Sphere : Sphere.updateAllZones zoneList=37 vectorList=49
2014-03-06 10:12:09 INFO ellipsoide.Sphere : Sphere.updateAllZones zoneList=37 vectorList=50
2014-03-06 10:12:09 INFO ellipsoide.Sphere : Sphere.updateAllZones zoneList=37 vectorList=51
2014-03-06 10:12:09 INFO ellipsoide.Sphere : Sphere.updateAllZones zoneList=37 vectorList=52
2014-03-06 10:12:09 INFO ellipsoide.Sphere : Sphere.updateAllZones zoneList=37 vectorList=53
2014-03-06 10:12:09 INFO ellipsoide.Sphere : Sphere.updateAllZones zoneList=37 vectorList=54
2014-03-06 10:12:09 INFO ellipsoide.Sphere : Sphere.updateAllZones zoneList=37 vectorList=55
2014-03-06 10:12:09 INFO ellipsoide.Sphere : Sphere.updateAllZones zoneList=37 vectorList=56
2014-03-06 10:12:09 INFO ellipsoide.Sphere : Sphere.updateAllZones zoneList=37 vectorList=57
2014-03-06 10:12:09 INFO ellipsoide.Sphere : Sphere.updateAllZones zoneList=37 vectorList=58
2014-03-06 10:12:09 INFO ellipsoide.Sphere : Sphere.updateAllZones zoneList=37 vectorList=59
2014-03-06 10:12:09 INFO ellipsoide.Sphere : Sphere.updateAllZones zoneList=37 vectorList=60
2014-03-06 10:12:10 INFO ellipsoide.Sphere : Sphere.updateAllZones zoneList=37 vectorList=61
2014-03-06 10:12:10 INFO ellipsoide.Sphere : Sphere.updateAllZones zoneList=37 vectorList=62
2014-03-06 10:12:10 INFO ellipsoide.Sphere : Sphere.updateAllZones zoneList=37 vectorList=63
2014-03-06 10:12:10 INFO ellipsoide.Sphere : Sphere.updateAllZones zoneList=37 vectorList=64
2014-03-06 10:12:10 INFO ellipsoide.Sphere : Sphere.updateAllZones zoneList=37 vectorList=65
2014-03-06 10:12:10 INFO ellipsoide.Sphere : Sphere.updateAllZones zoneList=37 vectorList=66
2014-03-06 10:12:10 INFO ellipsoide.Sphere : Sphere.updateAllZones zoneList=37 vectorList=67
2014-03-06 10:12:10 INFO ellipsoide.Sphere : Sphere.updateAllZones zoneList=37 vectorList=68
2014-03-06 10:12:10 INFO ellipsoide.Sphere : Sphere.updateAllZones zoneList=37 vectorList=69
2014-03-06 10:12:10 INFO ellipsoide.Sphere : Sphere.updateAllZones zoneList=37 vectorList=70
2014-03-06 10:12:10 INFO ellipsoide.Sphere : Sphere.updateAllZones zoneList=37 vectorList=71
2014-03-06 10:12:11 INFO ellipsoide.Sphere : Sphere.updateAllZones zoneList=37 vectorList=72
2014-03-06 10:12:11 INFO ellipsoide.Sphere : Sphere.updateAllZones zoneList=37 vectorList=73
2014-03-06 10:12:11 INFO ellipsoide.Sphere : Sphere.updateAllZones zoneList=37 vectorList=74
2014-03-06 10:12:11 INFO ellipsoide.Sphere : Sphere.updateAllZones zoneList=37 vectorList=75
2014-03-06 10:12:11 INFO ellipsoide.Sphere : Sphere.updateAllZones zoneList=37 vectorList=76
2014-03-06 10:12:11 INFO ellipsoide.Sphere : Sphere.updateAllZones zoneList=37 vectorList=77
2014-03-06 10:12:11 INFO ellipsoide.Sphere : Sphere.updateAllZones zoneList=37 vectorList=78
2014-03-06 10:12:11 INFO ellipsoide.Sphere : Sphere.updateAllZones zoneList=37 vectorList=79
2014-03-06 10:12:11 INFO ellipsoide.Sphere : Sphere.updateAllZones zoneList=37 vectorList=80
2014-03-06 10:12:11 INFO ellipsoide.Sphere : Sphere.updateAllZones zoneList=37 vectorList=81
2014-03-06 10:12:12 INFO ellipsoide.Sphere : Sphere.updateAllZones zoneList=37 vectorList=82
2014-03-06 10:12:12 INFO ellipsoide.Sphere : Sphere.updateAllZones zoneList=37 vectorList=83
2014-03-06 10:12:12 INFO ellipsoide.Sphere : Sphere.updateAllZones zoneList=37 vectorList=84
2014-03-06 10:12:12 INFO ellipsoide.Sphere : Sphere.updateAllZones zoneList=37 vectorList=85
2014-03-06 10:12:12 INFO ellipsoide.Sphere : Sphere.updateAllZones zoneList=37 vectorList=86
2014-03-06 10:12:12 INFO ellipsoide.Sphere : Sphere.updateAllZones zoneList=37 vectorList=87
2014-03-06 10:12:12 INFO ellipsoide.Sphere : Sphere.updateAllZones zoneList=37 vectorList=88
2014-03-06 10:12:12 INFO ellipsoide.Sphere : Sphere.updateAllZones zoneList=37 vectorList=89
2014-03-06 10:12:12 INFO ellipsoide.Sphere : Sphere.updateAllZones zoneList=37 vectorList=90
2014-03-06 10:12:12 INFO ellipsoide.Sphere : Sphere.updateAllZones zoneList=37 vectorList=91
2014-03-06 10:12:12 INFO ellipsoide.Sphere : Sphere.updateAllZones zoneList=37 vectorList=92
2014-03-06 10:12:13 INFO ellipsoide.Sphere : Sphere.updateAllZones zoneList=37 vectorList=93
2014-03-06 10:12:13 INFO ellipsoide.Sphere : Sphere.updateAllZones zoneList=37 vectorList=94
2014-03-06 10:12:13 INFO ellipsoide.Sphere : Sphere.updateAllZones zoneList=37 vectorList=95
2014-03-06 10:12:13 INFO ellipsoide.Sphere : Sphere.updateAllZones zoneList=37 vectorList=96
2014-03-06 10:12:13 INFO ellipsoide.Sphere : Sphere.updateAllZones zoneList=37 vectorList=97
2014-03-06 10:12:13 INFO ellipsoide.Sphere : Sphere.updateAllZones zoneList=37 vectorList=98
2014-03-06 10:12:13 INFO ellipsoide.Sphere : Sphere.updateAllZones zoneList=37 vectorList=99
2014-03-06 10:12:13 INFO ellipsoide.Sphere : Sphere.updateAllZones zoneList=37 vectorList=100
2014-03-06 10:12:13 INFO ellipsoide.Sphere : Sphere.updateAllZones zoneList=37 vectorList=101
2014-03-06 10:12:13 INFO ellipsoide.Sphere : Sphere.updateAllZones zoneList=37 vectorList=102
2014-03-06 10:12:13 INFO ellipsoide.Sphere : Sphere.updateAllZones zoneList=37 vectorList=103
2014-03-06 10:12:13 INFO ellipsoide.Sphere : Sphere.updateAllZones zoneList=37 vectorList=104
2014-03-06 10:12:14 INFO ellipsoide.Sphere : Sphere.updateAllZones zoneList=37 vectorList=105
2014-03-06 10:12:14 INFO ellipsoide.Sphere : Sphere.updateAllZones zoneList=37 vectorList=106
2014-03-06 10:12:14 INFO ellipsoide.Sphere : Sphere.updateAllZones zoneList=37 vectorList=107
2014-03-06 10:12:14 INFO ellipsoide.Sphere : Sphere.updateAllZones zoneList=37 vectorList=108
2014-03-06 10:12:14 INFO ellipsoide.Sphere : Sphere.updateAllZones zoneList=37 vectorList=109
2014-03-06 10:12:14 INFO ellipsoide.Sphere : Sphere.updateAllZones zoneList=37 vectorList=110
2014-03-06 10:12:14 INFO ellipsoide.Sphere : Sphere.updateAllZones zoneList=37 vectorList=111
2014-03-06 10:12:14 INFO ellipsoide.Sphere : Sphere.updateAllZones zoneList=37 vectorList=112
2014-03-06 10:12:14 INFO ellipsoide.Sphere : Sphere.updateAllZones zoneList=37 vectorList=113
2014-03-06 10:12:14 INFO ellipsoide.Sphere : Sphere.updateAllZones zoneList=37 vectorList=114
2014-03-06 10:12:14 INFO ellipsoide.Sphere : Sphere.updateAllZones zoneList=37 vectorList=115
2014-03-06 10:12:15 INFO ellipsoide.Sphere : Sphere.updateAllZones zoneList=37 vectorList=116
2014-03-06 10:12:15 INFO ellipsoide.Sphere : Sphere.updateAllZones zoneList=37 vectorList=117
2014-03-06 10:12:15 INFO ellipsoide.Sphere : Sphere.updateAllZones zoneList=37 vectorList=118
2014-03-06 10:12:15 INFO ellipsoide.Sphere : Sphere.updateAllZones zoneList=37 vectorList=119
2014-03-06 10:12:15 INFO ellipsoide.Sphere : Sphere.updateAllZones zoneList=37 vectorList=120
2014-03-06 10:12:15 INFO ellipsoide.Sphere : Sphere.updateAllZones zoneList=37 vectorList=121
2014-03-06 10:12:15 INFO ellipsoide.Sphere : Sphere.updateAllZones zoneList=37 vectorList=122
2014-03-06 10:12:15 INFO ellipsoide.Sphere : Sphere.updateAllZones zoneList=37 vectorList=123
2014-03-06 10:12:15 INFO ellipsoide.Sphere : Sphere.updateAllZones zoneList=37 vectorList=124
2014-03-06 10:12:15 INFO ellipsoide.Sphere : Sphere.updateAllZones zoneList=37 vectorList=125
2014-03-06 10:12:15 INFO ellipsoide.Sphere : Sphere.updateAllZones zoneList=37 vectorList=126
2014-03-06 10:12:16 INFO ellipsoide.Sphere : Sphere.updateAllZones zoneList=37 vectorList=127
2014-03-06 10:12:16 INFO ellipsoide.Sphere : Sphere.updateAllZones zoneList=37 vectorList=128
2014-03-06 10:12:16 INFO ellipsoide.Sphere : Sphere.updateAllZones zoneList=37 vectorList=129
2014-03-06 10:12:16 INFO ellipsoide.Sphere : Sphere.updateAllZones zoneList=37 vectorList=130
2014-03-06 10:12:16 INFO ellipsoide.Sphere : Sphere.updateAllZones zoneList=37 vectorList=131
2014-03-06 10:12:16 INFO ellipsoide.Sphere : Sphere.updateAllZones zoneList=37 vectorList=132
2014-03-06 10:12:16 INFO ellipsoide.Sphere : Sphere.updateAllZones zoneList=37 vectorList=133
2014-03-06 10:12:16 INFO ellipsoide.Sphere : Sphere.updateAllZones zoneList=37 vectorList=134
2014-03-06 10:12:16 INFO ellipsoide.Sphere : Sphere.updateAllZones zoneList=37 vectorList=135
2014-03-06 10:12:16 INFO ellipsoide.Sphere : Sphere.updateAllZones zoneList=37 vectorList=136
2014-03-06 10:12:17 INFO ellipsoide.Sphere : Sphere.updateAllZones zoneList=37 vectorList=137
2014-03-06 10:12:17 INFO ellipsoide.Sphere : Sphere.updateAllZones zoneList=37 vectorList=138
2014-03-06 10:12:17 INFO ellipsoide.Sphere : Sphere.updateAllZones zoneList=37 vectorList=139
2014-03-06 10:12:17 INFO ellipsoide.Sphere : Sphere.updateAllZones zoneList=37 vectorList=140
2014-03-06 10:12:17 INFO ellipsoide.Sphere : Sphere.updateAllZones zoneList=37 vectorList=141
2014-03-06 10:12:17 INFO ellipsoide.Sphere : Sphere.updateAllZones zoneList=37 vectorList=142
2014-03-06 10:12:17 INFO ellipsoide.Sphere : Sphere.updateAllZones zoneList=37 vectorList=143
2014-03-06 10:12:17 INFO ellipsoide.Sphere : Sphere.updateAllZones zoneList=37 vectorList=144
2014-03-06 10:12:17 INFO ellipsoide.Sphere : Sphere.updateAllZones zoneList=37 vectorList=145
2014-03-06 10:12:17 INFO ellipsoide.Sphere : Sphere.updateAllZones zoneList=37 vectorList=146
2014-03-06 10:12:17 INFO ellipsoide.Sphere : Sphere.updateAllZones zoneList=37 vectorList=147
2014-03-06 10:12:18 INFO ellipsoide.Sphere : Sphere.updateAllZones zoneList=37 vectorList=148
2014-03-06 10:12:18 INFO ellipsoide.Sphere : Sphere.updateAllZones zoneList=37 vectorList=149
2014-03-06 10:12:18 INFO ellipsoide.Sphere : Sphere.updateAllZones zoneList=37 vectorList=150
2014-03-06 10:12:18 INFO ellipsoide.Sphere : Sphere.updateAllZones zoneList=37 vectorList=151
2014-03-06 10:12:18 INFO ellipsoide.Sphere : Sphere.updateAllZones zoneList=37 vectorList=152
2014-03-06 10:12:18 INFO ellipsoide.Sphere : Sphere.updateAllZones zoneList=37 vectorList=153
2014-03-06 10:12:18 INFO ellipsoide.Sphere : Sphere.updateAllZones zoneList=37 vectorList=154
2014-03-06 10:12:18 INFO ellipsoide.Sphere : Sphere.updateAllZones zoneList=37 vectorList=155
2014-03-06 10:12:18 INFO ellipsoide.Sphere : Sphere.updateAllZones zoneList=37 vectorList=156
2014-03-06 10:12:18 INFO ellipsoide.Sphere : Sphere.updateAllZones zoneList=37 vectorList=157
2014-03-06 10:12:19 INFO ellipsoide.Sphere : Sphere.updateAllZones zoneList=37 vectorList=158
2014-03-06 10:12:19 INFO ellipsoide.Sphere : Sphere.updateAllZones zoneList=37 vectorList=159
2014-03-06 10:12:19 INFO ellipsoide.Sphere : Sphere.updateAllZones zoneList=37 vectorList=160
2014-03-06 10:12:19 INFO ellipsoide.Sphere : Sphere.updateAllZones zoneList=37 vectorList=161
2014-03-06 10:12:19 INFO ellipsoide.Sphere : Sphere.updateAllZones zoneList=37 vectorList=162
2014-03-06 10:12:19 INFO ellipsoide.Sphere : Sphere.updateAllZones zoneList=37 vectorList=163
2014-03-06 10:12:19 INFO ellipsoide.Sphere : Sphere.updateAllZones zoneList=37 vectorList=164
2014-03-06 10:12:19 INFO ellipsoide.Sphere : Sphere.updateAllZones zoneList=37 vectorList=165
2014-03-06 10:12:19 INFO ellipsoide.Sphere : Sphere.updateAllZones zoneList=37 vectorList=166
2014-03-06 10:12:19 INFO ellipsoide.Sphere : Sphere.updateAllZones zoneList=37 vectorList=167
2014-03-06 10:12:19 INFO ellipsoide.Sphere : Sphere.updateAllZones zoneList=37 vectorList=168
2014-03-06 10:12:19 INFO ellipsoide.Sphere : Sphere.updateAllZones zoneList=37 vectorList=169
2014-03-06 10:12:20 INFO ellipsoide.Sphere : Sphere.updateAllZones zoneList=37 vectorList=170
2014-03-06 10:12:20 INFO ellipsoide.Sphere : Sphere.updateAllZones zoneList=37 vectorList=171
2014-03-06 10:12:20 INFO ellipsoide.Sphere : Sphere.updateAllZones zoneList=37 vectorList=172
2014-03-06 10:12:20 INFO ellipsoide.Sphere : Sphere.updateAllZones zoneList=37 vectorList=173
2014-03-06 10:12:20 INFO ellipsoide.Sphere : Sphere.updateAllZones zoneList=37 vectorList=174
2014-03-06 10:12:20 INFO ellipsoide.Sphere : Sphere.updateAllZones zoneList=37 vectorList=175
2014-03-06 10:12:20 INFO ellipsoide.Sphere : Sphere.updateAllZones zoneList=37 vectorList=176
2014-03-06 10:12:20 INFO ellipsoide.Sphere : Sphere.updateAllZones zoneList=37 vectorList=177
2014-03-06 10:12:20 INFO ellipsoide.Sphere : Sphere.updateAllZones zoneList=37 vectorList=178
2014-03-06 10:12:20 INFO ellipsoide.Sphere : Sphere.updateAllZones zoneList=37 vectorList=179
2014-03-06 10:12:21 INFO ellipsoide.Sphere : Sphere.updateAllZones zoneList=37 vectorList=180
2014-03-06 10:12:21 INFO ellipsoide.Sphere : Sphere.updateAllZones zoneList=37 vectorList=181
2014-03-06 10:12:21 INFO ellipsoide.Sphere : Sphere.updateAllZones zoneList=37 vectorList=182
2014-03-06 10:12:21 INFO ellipsoide.Sphere : Sphere.updateAllZones zoneList=37 vectorList=183
2014-03-06 10:12:21 INFO ellipsoide.Sphere : Sphere.updateAllZones zoneList=37 vectorList=184
2014-03-06 10:12:21 INFO ellipsoide.Sphere : Sphere.updateAllZones zoneList=37 vectorList=185
2014-03-06 10:12:21 INFO ellipsoide.Sphere : Sphere.updateAllZones zoneList=37 vectorList=186
2014-03-06 10:12:21 INFO ellipsoide.Sphere : Sphere.updateAllZones zoneList=37 vectorList=187
2014-03-06 10:12:21 INFO ellipsoide.Sphere : Sphere.updateAllZones zoneList=37 vectorList=188
