2014-02-28 18:00:16 INFO ihm.Calibration : Properties : 
autofocus_calibration_data=logs/calibration.data
simulation_calibration_data=test/calib_prod1_3_droneId_5.data
paparazzi_script_calibration=paparazzi_calibration/calibrate.py

2014-02-28 18:00:17 INFO imu.IMU : new aircraft built with id=5
2014-02-28 18:00:17 INFO testData.Sender : starting sending IMU test data...
2014-02-28 18:00:18 WARNING ihm.MainFrame : setSelectedIndex: 3 out of bounds
2014-02-28 18:00:19 INFO ihm.MainFrame : starting calibration of magnetometer...
2014-02-28 18:00:19 INFO imu.IMU : listening raw datas for drone 5...
2014-02-28 18:00:19 INFO imu.IMU : IMY mess received  46 -201 -2045
2014-02-28 18:00:20 INFO filtre.FilterSphere : FilterSphere.add vector 46.0 -201.0 -2045.0
2014-02-28 18:00:20 INFO filtre.FilterSphere : FilterSphere.add window  size=1
2014-02-28 18:00:20 INFO imu.IMU : IMY mess received  46 -194 -2034
2014-02-28 18:00:20 INFO filtre.FilterSphere : FilterSphere.add vector 46.0 -201.0 -2045.0
2014-02-28 18:00:20 INFO filtre.FilterSphere : FilterSphere.add window  size=2
2014-02-28 18:00:20 INFO imu.IMU : IMY mess received  45 -198 -2043
2014-02-28 18:00:20 INFO filtre.FilterSphere : FilterSphere.add vector 46.0 -201.0 -2045.0
2014-02-28 18:00:20 INFO filtre.FilterSphere : FilterSphere.add window  size=3
2014-02-28 18:00:20 INFO imu.IMU : IMY mess received  53 -206 -2045
2014-02-28 18:00:20 INFO filtre.FilterSphere : FilterSphere.add vector 46.0 -201.0 -2045.0
2014-02-28 18:00:20 INFO filtre.FilterSphere : FilterSphere.add window  size=4
2014-02-28 18:00:20 INFO imu.IMU : IMY mess received  44 -203 -2048
2014-02-28 18:00:20 INFO filtre.FilterSphere : FilterSphere.add vector 46.0 -201.0 -2045.0
2014-02-28 18:00:20 INFO filtre.FilterSphere : FilterSphere.add window  size=5
2014-02-28 18:00:20 INFO imu.IMU : IMY mess received  50 -202 -2047
2014-02-28 18:00:20 INFO filtre.FilterSphere : FilterSphere.add vector 46.0 -201.0 -2045.0
2014-02-28 18:00:20 INFO filtre.FilterSphere : FilterSphere.add window  size=6
2014-02-28 18:00:20 INFO imu.IMU : IMY mess received  43 -195 -2049
2014-02-28 18:00:20 INFO filtre.FilterSphere : FilterSphere.add vector 46.0 -201.0 -2045.0
2014-02-28 18:00:20 INFO filtre.FilterSphere : FilterSphere.add window  size=7
2014-02-28 18:00:20 INFO imu.IMU : IMY mess received  49 -194 -2043
2014-02-28 18:00:20 INFO filtre.FilterSphere : FilterSphere.add vector 46.0 -201.0 -2045.0
2014-02-28 18:00:20 INFO filtre.FilterSphere : FilterSphere.add window  size=8
2014-02-28 18:00:20 INFO imu.IMU : IMY mess received  50 -204 -2051
2014-02-28 18:00:20 INFO filtre.FilterSphere : FilterSphere.add vector 46.0 -201.0 -2045.0
2014-02-28 18:00:20 INFO filtre.FilterSphere : FilterSphere.add window  size=9
2014-02-28 18:00:20 INFO imu.IMU : IMY mess received  49 -202 -2038
2014-02-28 18:00:20 INFO filtre.FilterSphere : FilterSphere.add vector 46.0 -201.0 -2045.0
2014-02-28 18:00:20 INFO filtre.FilterSphere : FilterSphere.add window  size=10
2014-02-28 18:00:20 INFO imu.IMU : IMY mess received  46 -201 -2045
2014-02-28 18:00:20 INFO filtre.FilterSphere : FilterSphere.add vector 46.0 -201.0 -2045.0
2014-02-28 18:00:20 INFO filtre.FilterSphere : FilterSphere.add window  size=11
2014-02-28 18:00:21 INFO imu.IMU : IMY mess received  47 -199 -2044
2014-02-28 18:00:21 INFO filtre.FilterSphere : FilterSphere.add vector 46.0 -201.0 -2045.0
2014-02-28 18:00:21 INFO filtre.FilterSphere : FilterSphere.add window  size=12
2014-02-28 18:00:21 INFO imu.IMU : IMY mess received  44 -205 -2043
2014-02-28 18:00:21 INFO filtre.FilterSphere : FilterSphere.add vector 46.0 -201.0 -2045.0
2014-02-28 18:00:21 INFO filtre.FilterSphere : FilterSphere.add window  size=13
2014-02-28 18:00:21 INFO imu.IMU : IMY mess received  50 -203 -2057
2014-02-28 18:00:21 INFO filtre.FilterSphere : FilterSphere.add vector 46.0 -201.0 -2045.0
2014-02-28 18:00:21 INFO filtre.FilterSphere : FilterSphere.add window  size=14
2014-02-28 18:00:21 INFO imu.IMU : IMY mess received  49 -202 -2038
2014-02-28 18:00:21 INFO filtre.FilterSphere : FilterSphere.add vector 46.0 -201.0 -2045.0
2014-02-28 18:00:21 INFO filtre.FilterSphere : FilterSphere.add window  size=15
2014-02-28 18:00:21 INFO imu.IMU : IMY mess received  242 -219 -1935
2014-02-28 18:00:21 INFO filtre.FilterSphere : FilterSphere.add vector 46.0 -201.0 -2045.0
2014-02-28 18:00:21 INFO filtre.FilterSphere : FilterSphere.add window  size=16
2014-02-28 18:00:21 INFO imu.IMU : IMY mess received  -30 -204 -2089
2014-02-28 18:00:21 INFO filtre.FilterSphere : FilterSphere.add vector 46.0 -201.0 -2045.0
2014-02-28 18:00:21 INFO filtre.FilterSphere : FilterSphere.add window  size=17
2014-02-28 18:00:21 INFO imu.IMU : IMY mess received  86 -194 -2016
2014-02-28 18:00:21 INFO filtre.FilterSphere : FilterSphere.add vector 46.0 -201.0 -2045.0
2014-02-28 18:00:21 INFO filtre.FilterSphere : FilterSphere.add window  size=18
2014-02-28 18:00:21 INFO imu.IMU : IMY mess received  54 -197 -2054
2014-02-28 18:00:21 INFO filtre.FilterSphere : FilterSphere.add vector 46.0 -201.0 -2045.0
2014-02-28 18:00:21 INFO filtre.FilterSphere : FilterSphere.add window  size=19
2014-02-28 18:00:21 INFO imu.IMU : IMY mess received  50 -201 -2054
2014-02-28 18:00:21 INFO filtre.FilterSphere : FilterSphere.add vector 46.0 -201.0 -2045.0
2014-02-28 18:00:21 INFO filtre.FilterSphere : FilterSphere.add window  size=20
2014-02-28 18:00:21 INFO imu.IMU : IMY mess received  44 -200 -2050
2014-02-28 18:00:21 INFO filtre.FilterSphere : FilterSphere.add vector 46.0 -201.0 -2045.0
2014-02-28 18:00:21 INFO filtre.FilterSphere : FilterSphere.add window  size=21
2014-02-28 18:00:22 INFO imu.IMU : IMY mess received  52 -201 -2042
2014-02-28 18:00:22 INFO filtre.FilterSphere : FilterSphere.add vector 46.0 -201.0 -2045.0
2014-02-28 18:00:22 INFO filtre.FilterSphere : FilterSphere.add window  size=22
2014-02-28 18:00:22 INFO imu.IMU : IMY mess received  45 -201 -2049
2014-02-28 18:00:22 INFO filtre.FilterSphere : FilterSphere.add vector 46.0 -201.0 -2045.0
2014-02-28 18:00:22 INFO filtre.FilterSphere : FilterSphere.add window  size=23
2014-02-28 18:00:22 INFO imu.IMU : IMY mess received  55 -199 -2043
2014-02-28 18:00:22 INFO filtre.FilterSphere : FilterSphere.add vector 46.0 -201.0 -2045.0
2014-02-28 18:00:22 INFO filtre.FilterSphere : FilterSphere.add window  size=24
2014-02-28 18:00:22 INFO imu.IMU : IMY mess received  14 -226 -2060
2014-02-28 18:00:22 INFO filtre.FilterSphere : FilterSphere.add vector 46.0 -201.0 -2045.0
2014-02-28 18:00:22 INFO filtre.FilterSphere : FilterSphere.add window  size=25
2014-02-28 18:00:22 INFO imu.IMU : IMY mess received  -79 -194 -2041
2014-02-28 18:00:22 INFO filtre.FilterSphere : FilterSphere.add vector 46.0 -201.0 -2045.0
2014-02-28 18:00:22 INFO filtre.FilterSphere : FilterSphere.add window  size=26
2014-02-28 18:00:22 INFO imu.IMU : IMY mess received  25 -204 -2057
2014-02-28 18:00:22 INFO filtre.FilterSphere : FilterSphere.add vector 46.0 -201.0 -2045.0
2014-02-28 18:00:22 INFO filtre.FilterSphere : FilterSphere.add window  size=27
2014-02-28 18:00:22 INFO imu.IMU : IMY mess received  26 -287 -2239
2014-02-28 18:00:22 INFO filtre.FilterSphere : FilterSphere.add vector 46.0 -201.0 -2045.0
2014-02-28 18:00:22 INFO filtre.FilterSphere : FilterSphere.add window  size=28
2014-02-28 18:00:22 INFO imu.IMU : IMY mess received  377 -208 -2210
2014-02-28 18:00:22 INFO filtre.FilterSphere : FilterSphere.add vector 46.0 -201.0 -2045.0
2014-02-28 18:00:22 INFO filtre.FilterSphere : FilterSphere.add window  size=29
2014-02-28 18:00:22 INFO imu.IMU : IMY mess received  134 -142 -2330
2014-02-28 18:00:22 INFO filtre.FilterSphere : FilterSphere.add vector 46.0 -201.0 -2045.0
2014-02-28 18:00:22 INFO filtre.FilterSphere : FilterSphere.add window  size=30
2014-02-28 18:00:23 INFO imu.IMU : IMY mess received  200 -35 -2207
2014-02-28 18:00:23 INFO filtre.FilterSphere : FilterSphere.add vector 46.0 -201.0 -2045.0
2014-02-28 18:00:23 INFO filtre.FilterSphere : FilterSphere.add window  size=31
2014-02-28 18:00:23 INFO imu.IMU : IMY mess received  139 6 -1821
2014-02-28 18:00:23 INFO filtre.FilterSphere : FilterSphere.add vector 46.0 -201.0 -2045.0
2014-02-28 18:00:23 INFO filtre.FilterSphere : FilterSphere.add window  size=32
2014-02-28 18:00:23 INFO imu.IMU : IMY mess received  300 3 -1858
2014-02-28 18:00:23 INFO filtre.FilterSphere : FilterSphere.add vector 46.0 -201.0 -2045.0
2014-02-28 18:00:23 INFO filtre.FilterSphere : FilterSphere.add window  size=33
2014-02-28 18:00:23 INFO imu.IMU : IMY mess received  242 -56 -2231
2014-02-28 18:00:23 INFO filtre.FilterSphere : FilterSphere.add vector 46.0 -201.0 -2045.0
2014-02-28 18:00:23 INFO filtre.FilterSphere : FilterSphere.add window  size=34
2014-02-28 18:00:23 INFO imu.IMU : IMY mess received  283 -101 -2168
2014-02-28 18:00:23 INFO filtre.FilterSphere : FilterSphere.add vector 46.0 -201.0 -2045.0
2014-02-28 18:00:23 INFO filtre.FilterSphere : FilterSphere.add window  size=35
2014-02-28 18:00:23 INFO imu.IMU : IMY mess received  345 -187 -2422
2014-02-28 18:00:23 INFO filtre.FilterSphere : FilterSphere.add vector 46.0 -201.0 -2045.0
2014-02-28 18:00:23 INFO filtre.FilterSphere : FilterSphere.add window  size=36
2014-02-28 18:00:23 INFO imu.IMU : IMY mess received  207 -153 -2076
2014-02-28 18:00:23 INFO filtre.FilterSphere : FilterSphere.add vector 46.0 -201.0 -2045.0
2014-02-28 18:00:23 INFO filtre.FilterSphere : FilterSphere.add window  size=37
2014-02-28 18:00:23 INFO imu.IMU : IMY mess received  376 -224 -2125
2014-02-28 18:00:23 INFO filtre.FilterSphere : FilterSphere.add vector 46.0 -201.0 -2045.0
2014-02-28 18:00:23 INFO filtre.FilterSphere : FilterSphere.add window  size=38
2014-02-28 18:00:23 INFO imu.IMU : IMY mess received  180 -202 -1908
2014-02-28 18:00:23 INFO filtre.FilterSphere : FilterSphere.add vector 46.0 -201.0 -2045.0
2014-02-28 18:00:23 INFO filtre.FilterSphere : FilterSphere.add window  size=39
2014-02-28 18:00:23 INFO imu.IMU : IMY mess received  211 -221 -1986
2014-02-28 18:00:23 INFO filtre.FilterSphere : FilterSphere.add vector 46.0 -201.0 -2045.0
2014-02-28 18:00:23 INFO filtre.FilterSphere : FilterSphere.add window  size=40
2014-02-28 18:00:23 INFO imu.IMU : IMY mess received  310 -186 -2098
2014-02-28 18:00:23 INFO filtre.FilterSphere : FilterSphere.add vector 46.0 -194.0 -2034.0
2014-02-28 18:00:23 INFO filtre.FilterSphere : FilterSphere.add window  size=40
2014-02-28 18:00:24 INFO imu.IMU : IMY mess received  31 -165 -1782
2014-02-28 18:00:24 INFO filtre.FilterSphere : FilterSphere.add vector 45.0 -198.0 -2043.0
2014-02-28 18:00:24 INFO filtre.FilterSphere : FilterSphere.add window  size=40
2014-02-28 18:00:24 INFO imu.IMU : IMY mess received  308 -227 -1879
2014-02-28 18:00:24 INFO filtre.FilterSphere : FilterSphere.add vector 53.0 -206.0 -2045.0
2014-02-28 18:00:24 INFO filtre.FilterSphere : FilterSphere.add window  size=40
2014-02-28 18:00:24 INFO imu.IMU : IMY mess received  132 -242 -1850
2014-02-28 18:00:24 INFO filtre.FilterSphere : FilterSphere.add vector 44.0 -203.0 -2048.0
2014-02-28 18:00:24 INFO filtre.FilterSphere : FilterSphere.add window  size=40
2014-02-28 18:00:24 INFO imu.IMU : IMY mess received  -98 -110 -1817
2014-02-28 18:00:24 INFO filtre.FilterSphere : FilterSphere.add vector 50.0 -202.0 -2047.0
2014-02-28 18:00:24 INFO filtre.FilterSphere : FilterSphere.add window  size=40
2014-02-28 18:00:24 INFO imu.IMU : IMY mess received  163 -306 -1807
2014-02-28 18:00:24 INFO filtre.FilterSphere : FilterSphere.add vector 43.0 -195.0 -2049.0
2014-02-28 18:00:24 INFO filtre.FilterSphere : FilterSphere.add window  size=40
2014-02-28 18:00:24 INFO imu.IMU : IMY mess received  -127 -200 -1613
2014-02-28 18:00:24 INFO filtre.FilterSphere : FilterSphere.add vector 49.0 -194.0 -2043.0
2014-02-28 18:00:24 INFO filtre.FilterSphere : FilterSphere.add window  size=40
2014-02-28 18:00:24 INFO imu.IMU : IMY mess received  -90 -277 -2072
2014-02-28 18:00:24 INFO filtre.FilterSphere : FilterSphere.add vector 50.0 -204.0 -2051.0
2014-02-28 18:00:24 INFO filtre.FilterSphere : FilterSphere.add window  size=40
2014-02-28 18:00:24 INFO imu.IMU : IMY mess received  14 -311 -1941
2014-02-28 18:00:24 INFO filtre.FilterSphere : FilterSphere.add vector 49.0 -202.0 -2038.0
2014-02-28 18:00:24 INFO filtre.FilterSphere : FilterSphere.add window  size=40
2014-02-28 18:00:24 INFO imu.IMU : IMY mess received  -146 -233 -1897
2014-02-28 18:00:24 INFO filtre.FilterSphere : FilterSphere.add vector 46.0 -201.0 -2045.0
2014-02-28 18:00:24 INFO filtre.FilterSphere : FilterSphere.add window  size=40
2014-02-28 18:00:24 INFO imu.IMU : IMY mess received  21 -288 -1910
2014-02-28 18:00:24 INFO filtre.FilterSphere : FilterSphere.add vector 47.0 -199.0 -2044.0
2014-02-28 18:00:24 INFO filtre.FilterSphere : FilterSphere.add window  size=40
2014-02-28 18:00:25 INFO imu.IMU : IMY mess received  -138 -256 -1922
2014-02-28 18:00:25 INFO filtre.FilterSphere : FilterSphere.add vector 44.0 -205.0 -2043.0
2014-02-28 18:00:25 INFO filtre.FilterSphere : FilterSphere.add window  size=40
2014-02-28 18:00:25 INFO imu.IMU : IMY mess received  -61 -224 -1878
2014-02-28 18:00:25 INFO filtre.FilterSphere : FilterSphere.add vector 50.0 -203.0 -2057.0
2014-02-28 18:00:25 INFO filtre.FilterSphere : FilterSphere.add window  size=40
2014-02-28 18:00:25 INFO imu.IMU : IMY mess received  -41 -300 -2065
2014-02-28 18:00:25 INFO filtre.FilterSphere : FilterSphere.add vector 49.0 -202.0 -2038.0
2014-02-28 18:00:25 INFO filtre.FilterSphere : FilterSphere.add window  size=40
2014-02-28 18:00:25 INFO imu.IMU : IMY mess received  -40 -148 -1828
2014-02-28 18:00:25 INFO filtre.FilterSphere : FilterSphere.add vector 242.0 -219.0 -1935.0
2014-02-28 18:00:25 INFO filtre.FilterSphere : FilterSphere.add window  size=40
2014-02-28 18:00:25 INFO imu.IMU : IMY mess received  -5 -241 -2008
2014-02-28 18:00:25 INFO filtre.FilterSphere : FilterSphere.add vector -30.0 -204.0 -2089.0
2014-02-28 18:00:25 INFO filtre.FilterSphere : FilterSphere.add window  size=40
2014-02-28 18:00:25 INFO imu.IMU : IMY mess received  124 -191 -1972
2014-02-28 18:00:25 INFO filtre.FilterSphere : FilterSphere.add vector 86.0 -194.0 -2016.0
2014-02-28 18:00:25 INFO filtre.FilterSphere : FilterSphere.add window  size=40
2014-02-28 18:00:25 INFO imu.IMU : IMY mess received  178 -179 -2198
2014-02-28 18:00:25 INFO filtre.FilterSphere : FilterSphere.add vector 54.0 -197.0 -2054.0
2014-02-28 18:00:25 INFO filtre.FilterSphere : FilterSphere.add window  size=40
2014-02-28 18:00:25 INFO imu.IMU : IMY mess received  41 -255 -2054
2014-02-28 18:00:25 INFO filtre.FilterSphere : FilterSphere.add vector 50.0 -201.0 -2054.0
2014-02-28 18:00:25 INFO filtre.FilterSphere : FilterSphere.add window  size=40
2014-02-28 18:00:25 INFO imu.IMU : IMY mess received  153 -208 -2188
2014-02-28 18:00:25 INFO filtre.FilterSphere : FilterSphere.add vector 44.0 -200.0 -2050.0
2014-02-28 18:00:25 INFO filtre.FilterSphere : FilterSphere.add window  size=40
2014-02-28 18:00:25 INFO imu.IMU : IMY mess received  143 -276 -2016
2014-02-28 18:00:25 INFO filtre.FilterSphere : FilterSphere.add vector 52.0 -201.0 -2042.0
2014-02-28 18:00:25 INFO filtre.FilterSphere : FilterSphere.add window  size=40
2014-02-28 18:00:26 INFO imu.IMU : IMY mess received  179 -82 -2080
2014-02-28 18:00:26 INFO filtre.FilterSphere : FilterSphere.add vector 45.0 -201.0 -2049.0
2014-02-28 18:00:26 INFO filtre.FilterSphere : FilterSphere.add window  size=40
2014-02-28 18:00:26 INFO imu.IMU : IMY mess received  128 -50 -2195
2014-02-28 18:00:26 INFO filtre.FilterSphere : FilterSphere.add vector 55.0 -199.0 -2043.0
2014-02-28 18:00:26 INFO filtre.FilterSphere : FilterSphere.add window  size=40
2014-02-28 18:00:26 INFO imu.IMU : IMY mess received  155 -38 -2029
2014-02-28 18:00:26 INFO filtre.FilterSphere : FilterSphere.add vector 14.0 -226.0 -2060.0
2014-02-28 18:00:26 INFO filtre.FilterSphere : FilterSphere.add window  size=40
2014-02-28 18:00:26 INFO imu.IMU : IMY mess received  274 60 -2091
2014-02-28 18:00:26 INFO filtre.FilterSphere : FilterSphere.add vector -79.0 -194.0 -2041.0
2014-02-28 18:00:26 INFO filtre.FilterSphere : FilterSphere.add window  size=40
2014-02-28 18:00:26 INFO imu.IMU : IMY mess received  106 18 -2108
2014-02-28 18:00:26 INFO filtre.FilterSphere : FilterSphere.add vector 25.0 -204.0 -2057.0
2014-02-28 18:00:26 INFO filtre.FilterSphere : FilterSphere.add window  size=40
2014-02-28 18:00:26 INFO imu.IMU : IMY mess received  238 -7 -2073
2014-02-28 18:00:26 INFO filtre.FilterSphere : FilterSphere.add vector 26.0 -287.0 -2239.0
2014-02-28 18:00:26 INFO filtre.FilterSphere : FilterSphere.add window  size=40
2014-02-28 18:00:26 INFO imu.IMU : IMY mess received  196 45 -2193
2014-02-28 18:00:26 INFO filtre.FilterSphere : FilterSphere.add vector 377.0 -208.0 -2210.0
2014-02-28 18:00:26 INFO filtre.FilterSphere : FilterSphere.add window  size=40
2014-02-28 18:00:26 INFO imu.IMU : IMY mess received  157 4 -2199
2014-02-28 18:00:26 INFO filtre.FilterSphere : FilterSphere.add vector 134.0 -142.0 -2330.0
2014-02-28 18:00:26 INFO filtre.FilterSphere : FilterSphere.add window  size=40
2014-02-28 18:00:26 INFO imu.IMU : IMY mess received  251 3 -2109
2014-02-28 18:00:26 INFO filtre.FilterSphere : FilterSphere.add vector 200.0 -35.0 -2207.0
2014-02-28 18:00:26 INFO filtre.FilterSphere : FilterSphere.add window  size=40
2014-02-28 18:00:26 INFO imu.IMU : IMY mess received  223 155 -2172
2014-02-28 18:00:26 INFO filtre.FilterSphere : FilterSphere.add vector 139.0 6.0 -1821.0
2014-02-28 18:00:26 INFO filtre.FilterSphere : FilterSphere.add window  size=40
2014-02-28 18:00:27 INFO imu.IMU : IMY mess received  307 55 -1912
2014-02-28 18:00:27 INFO filtre.FilterSphere : FilterSphere.add vector 300.0 3.0 -1858.0
2014-02-28 18:00:27 INFO filtre.FilterSphere : FilterSphere.add window  size=40
2014-02-28 18:00:27 INFO imu.IMU : IMY mess received  186 56 -2199
2014-02-28 18:00:27 INFO filtre.FilterSphere : FilterSphere.add vector 242.0 -56.0 -2231.0
2014-02-28 18:00:27 INFO filtre.FilterSphere : FilterSphere.add window  size=40
2014-02-28 18:00:27 INFO imu.IMU : IMY mess received  155 94 -2280
2014-02-28 18:00:27 INFO filtre.FilterSphere : FilterSphere.add vector 283.0 -101.0 -2168.0
2014-02-28 18:00:27 INFO filtre.FilterSphere : FilterSphere.add window  size=40
2014-02-28 18:00:27 INFO imu.IMU : IMY mess received  164 79 -2261
2014-02-28 18:00:27 INFO filtre.FilterSphere : FilterSphere.add vector 345.0 -187.0 -2422.0
2014-02-28 18:00:27 INFO filtre.FilterSphere : FilterSphere.add window  size=40
2014-02-28 18:00:27 INFO imu.IMU : IMY mess received  254 90 -1953
2014-02-28 18:00:27 INFO filtre.FilterSphere : FilterSphere.add vector 207.0 -153.0 -2076.0
2014-02-28 18:00:27 INFO filtre.FilterSphere : FilterSphere.add window  size=40
2014-02-28 18:00:27 INFO imu.IMU : IMY mess received  197 2 -2077
2014-02-28 18:00:27 INFO filtre.FilterSphere : FilterSphere.add vector 376.0 -224.0 -2125.0
2014-02-28 18:00:27 INFO filtre.FilterSphere : FilterSphere.add window  size=40
2014-02-28 18:00:27 INFO imu.IMU : IMY mess received  240 134 -1973
2014-02-28 18:00:27 INFO filtre.FilterSphere : FilterSphere.add vector 180.0 -202.0 -1908.0
2014-02-28 18:00:27 INFO filtre.FilterSphere : FilterSphere.add window  size=40
2014-02-28 18:00:27 INFO imu.IMU : IMY mess received  189 -88 -2110
2014-02-28 18:00:27 INFO filtre.FilterSphere : FilterSphere.add vector 211.0 -221.0 -1986.0
2014-02-28 18:00:27 INFO filtre.FilterSphere : FilterSphere.add window  size=40
2014-02-28 18:00:27 INFO imu.IMU : IMY mess received  88 78 -2140
2014-02-28 18:00:27 INFO filtre.FilterSphere : FilterSphere.add vector 310.0 -186.0 -2098.0
2014-02-28 18:00:27 INFO filtre.FilterSphere : FilterSphere.add window  size=40
2014-02-28 18:00:27 INFO imu.IMU : IMY mess received  349 81 -2011
2014-02-28 18:00:27 INFO filtre.FilterSphere : FilterSphere.add vector 31.0 -165.0 -1782.0
2014-02-28 18:00:27 INFO filtre.FilterSphere : FilterSphere.add window  size=40
2014-02-28 18:00:28 INFO imu.IMU : IMY mess received  -22 -98 -1877
2014-02-28 18:00:28 INFO filtre.FilterSphere : FilterSphere.add vector 308.0 -227.0 -1879.0
2014-02-28 18:00:28 INFO filtre.FilterSphere : FilterSphere.add window  size=40
2014-02-28 18:00:28 INFO imu.IMU : IMY mess received  -12 -12 -1842
2014-02-28 18:00:28 INFO filtre.FilterSphere : FilterSphere.add vector 132.0 -242.0 -1850.0
2014-02-28 18:00:28 INFO filtre.FilterSphere : FilterSphere.add window  size=40
2014-02-28 18:00:28 INFO imu.IMU : IMY mess received  210 147 -2144
2014-02-28 18:00:28 INFO filtre.FilterSphere : FilterSphere.add vector -98.0 -110.0 -1817.0
2014-02-28 18:00:28 INFO filtre.FilterSphere : FilterSphere.add window  size=40
2014-02-28 18:00:28 INFO imu.IMU : IMY mess received  77 -21 -2091
2014-02-28 18:00:28 INFO filtre.FilterSphere : FilterSphere.add vector 163.0 -306.0 -1807.0
2014-02-28 18:00:28 INFO filtre.FilterSphere : FilterSphere.add window  size=40
2014-02-28 18:00:28 INFO imu.IMU : IMY mess received  -5 81 -2142
2014-02-28 18:00:28 INFO filtre.FilterSphere : FilterSphere.add vector -127.0 -200.0 -1613.0
2014-02-28 18:00:28 INFO filtre.FilterSphere : FilterSphere.add window  size=40
2014-02-28 18:00:28 INFO imu.IMU : IMY mess received  -32 65 -2158
2014-02-28 18:00:28 INFO filtre.FilterSphere : FilterSphere.add vector -90.0 -277.0 -2072.0
2014-02-28 18:00:28 INFO filtre.FilterSphere : FilterSphere.add window  size=40
2014-02-28 18:00:28 INFO imu.IMU : IMY mess received  164 131 -2069
2014-02-28 18:00:28 INFO filtre.FilterSphere : FilterSphere.add vector 14.0 -311.0 -1941.0
2014-02-28 18:00:28 INFO filtre.FilterSphere : FilterSphere.add window  size=40
2014-02-28 18:00:28 INFO imu.IMU : IMY mess received  3 -6 -1900
2014-02-28 18:00:28 INFO filtre.FilterSphere : FilterSphere.add vector -146.0 -233.0 -1897.0
2014-02-28 18:00:28 INFO filtre.FilterSphere : FilterSphere.add window  size=40
2014-02-28 18:00:28 INFO imu.IMU : IMY mess received  -88 61 -2252
2014-02-28 18:00:28 INFO filtre.FilterSphere : FilterSphere.add vector 21.0 -288.0 -1910.0
2014-02-28 18:00:28 INFO filtre.FilterSphere : FilterSphere.add window  size=40
2014-02-28 18:00:28 INFO imu.IMU : IMY mess received  54 18 -2085
2014-02-28 18:00:28 INFO filtre.FilterSphere : FilterSphere.add vector -138.0 -256.0 -1922.0
2014-02-28 18:00:28 INFO filtre.FilterSphere : FilterSphere.add window  size=40
2014-02-28 18:00:29 INFO imu.IMU : IMY mess received  173 88 -2067
2014-02-28 18:00:29 INFO filtre.FilterSphere : FilterSphere.add vector -61.0 -224.0 -1878.0
2014-02-28 18:00:29 INFO filtre.FilterSphere : FilterSphere.add window  size=40
2014-02-28 18:00:29 INFO imu.IMU : IMY mess received  21 15 -1953
2014-02-28 18:00:29 INFO filtre.FilterSphere : FilterSphere.add vector -41.0 -300.0 -2065.0
2014-02-28 18:00:29 INFO filtre.FilterSphere : FilterSphere.add window  size=40
2014-02-28 18:00:29 INFO imu.IMU : IMY mess received  -15 34 -2129
2014-02-28 18:00:29 INFO filtre.FilterSphere : FilterSphere.add vector -40.0 -148.0 -1828.0
2014-02-28 18:00:29 INFO filtre.FilterSphere : FilterSphere.add window  size=40
2014-02-28 18:00:29 INFO imu.IMU : IMY mess received  64 37 -2093
2014-02-28 18:00:29 INFO filtre.FilterSphere : FilterSphere.add vector -5.0 -241.0 -2008.0
2014-02-28 18:00:29 INFO filtre.FilterSphere : FilterSphere.add window  size=40
2014-02-28 18:00:29 INFO imu.IMU : IMY mess received  83 55 -2095
2014-02-28 18:00:29 INFO filtre.FilterSphere : FilterSphere.add vector 124.0 -191.0 -1972.0
2014-02-28 18:00:29 INFO filtre.FilterSphere : FilterSphere.add window  size=40
2014-02-28 18:00:29 INFO imu.IMU : IMY mess received  9 111 -1923
2014-02-28 18:00:29 INFO filtre.FilterSphere : FilterSphere.add vector 178.0 -179.0 -2198.0
2014-02-28 18:00:29 INFO filtre.FilterSphere : FilterSphere.add window  size=40
2014-02-28 18:00:29 INFO imu.IMU : IMY mess received  46 88 -1983
2014-02-28 18:00:29 INFO filtre.FilterSphere : FilterSphere.add vector 41.0 -255.0 -2054.0
2014-02-28 18:00:29 INFO filtre.FilterSphere : FilterSphere.add window  size=40
2014-02-28 18:00:29 INFO imu.IMU : IMY mess received  78 93 -2220
2014-02-28 18:00:29 INFO filtre.FilterSphere : FilterSphere.add vector 153.0 -208.0 -2188.0
2014-02-28 18:00:29 INFO filtre.FilterSphere : FilterSphere.add window  size=40
2014-02-28 18:00:29 INFO imu.IMU : IMY mess received  19 47 -2064
2014-02-28 18:00:29 INFO filtre.FilterSphere : FilterSphere.add vector 143.0 -276.0 -2016.0
2014-02-28 18:00:29 INFO filtre.FilterSphere : FilterSphere.add window  size=40
2014-02-28 18:00:30 INFO imu.IMU : IMY mess received  -45 79 -1932
2014-02-28 18:00:30 INFO filtre.FilterSphere : FilterSphere.add vector 179.0 -82.0 -2080.0
2014-02-28 18:00:30 INFO filtre.FilterSphere : FilterSphere.add window  size=40
2014-02-28 18:00:30 INFO imu.IMU : IMY mess received  76 82 -2060
2014-02-28 18:00:30 INFO filtre.FilterSphere : FilterSphere.add vector 128.0 -50.0 -2195.0
2014-02-28 18:00:30 INFO filtre.FilterSphere : FilterSphere.add window  size=40
2014-02-28 18:00:30 INFO imu.IMU : IMY mess received  -101 -135 -2069
2014-02-28 18:00:30 INFO filtre.FilterSphere : FilterSphere.add vector 155.0 -38.0 -2029.0
2014-02-28 18:00:30 INFO filtre.FilterSphere : FilterSphere.add window  size=40
2014-02-28 18:00:30 INFO imu.IMU : IMY mess received  140 70 -2185
2014-02-28 18:00:30 INFO filtre.FilterSphere : FilterSphere.add vector 274.0 60.0 -2091.0
2014-02-28 18:00:30 INFO filtre.FilterSphere : FilterSphere.add window  size=40
2014-02-28 18:00:30 INFO imu.IMU : IMY mess received  137 -63 -2389
2014-02-28 18:00:30 INFO filtre.FilterSphere : FilterSphere.add vector 106.0 18.0 -2108.0
2014-02-28 18:00:30 INFO filtre.FilterSphere : FilterSphere.add window  size=40
2014-02-28 18:00:30 INFO imu.IMU : IMY mess received  89 73 -1855
2014-02-28 18:00:30 INFO filtre.FilterSphere : FilterSphere.add vector 238.0 -7.0 -2073.0
2014-02-28 18:00:30 INFO filtre.FilterSphere : FilterSphere.add window  size=40
2014-02-28 18:00:30 INFO imu.IMU : IMY mess received  21 75 -1905
2014-02-28 18:00:30 INFO filtre.FilterSphere : FilterSphere.add vector 196.0 45.0 -2193.0
2014-02-28 18:00:30 INFO filtre.FilterSphere : FilterSphere.add window  size=40
2014-02-28 18:00:30 INFO imu.IMU : IMY mess received  45 39 -2062
2014-02-28 18:00:30 INFO filtre.FilterSphere : FilterSphere.add vector 157.0 4.0 -2199.0
2014-02-28 18:00:30 INFO filtre.FilterSphere : FilterSphere.add window  size=40
2014-02-28 18:00:30 INFO imu.IMU : IMY mess received  53 107 -2320
2014-02-28 18:00:30 INFO filtre.FilterSphere : FilterSphere.add vector 251.0 3.0 -2109.0
2014-02-28 18:00:30 INFO filtre.FilterSphere : FilterSphere.add window  size=40
2014-02-28 18:00:30 INFO imu.IMU : IMY mess received  -11 13 -2029
2014-02-28 18:00:30 INFO filtre.FilterSphere : FilterSphere.add vector 223.0 155.0 -2172.0
2014-02-28 18:00:30 INFO filtre.FilterSphere : FilterSphere.add window  size=40
2014-02-28 18:00:31 INFO imu.IMU : IMY mess received  38 -12 -1882
2014-02-28 18:00:31 INFO filtre.FilterSphere : FilterSphere.add vector 307.0 55.0 -1912.0
2014-02-28 18:00:31 INFO filtre.FilterSphere : FilterSphere.add window  size=40
2014-02-28 18:00:31 INFO imu.IMU : IMY mess received  91 10 -2135
2014-02-28 18:00:31 INFO filtre.FilterSphere : FilterSphere.add vector 186.0 56.0 -2199.0
2014-02-28 18:00:31 INFO filtre.FilterSphere : FilterSphere.add window  size=40
2014-02-28 18:00:31 INFO imu.IMU : IMY mess received  50 -38 -2098
2014-02-28 18:00:31 INFO filtre.FilterSphere : FilterSphere.add vector 155.0 94.0 -2280.0
2014-02-28 18:00:31 INFO filtre.FilterSphere : FilterSphere.add window  size=40
2014-02-28 18:00:31 INFO imu.IMU : IMY mess received  41 5 -1975
2014-02-28 18:00:31 INFO filtre.FilterSphere : FilterSphere.add vector 164.0 79.0 -2261.0
2014-02-28 18:00:31 INFO filtre.FilterSphere : FilterSphere.add window  size=40
2014-02-28 18:00:31 INFO imu.IMU : IMY mess received  44 47 -2119
2014-02-28 18:00:31 INFO filtre.FilterSphere : FilterSphere.add vector 254.0 90.0 -1953.0
2014-02-28 18:00:31 INFO filtre.FilterSphere : FilterSphere.add window  size=40
2014-02-28 18:00:31 INFO imu.IMU : IMY mess received  46 28 -2042
2014-02-28 18:00:31 INFO filtre.FilterSphere : FilterSphere.add vector 197.0 2.0 -2077.0
2014-02-28 18:00:31 INFO filtre.FilterSphere : FilterSphere.add window  size=40
2014-02-28 18:00:31 INFO imu.IMU : IMY mess received  96 -7 -2043
2014-02-28 18:00:31 INFO filtre.FilterSphere : FilterSphere.add vector 240.0 134.0 -1973.0
2014-02-28 18:00:31 INFO filtre.FilterSphere : FilterSphere.add window  size=40
2014-02-28 18:00:31 INFO imu.IMU : IMY mess received  48 63 -2091
2014-02-28 18:00:31 INFO filtre.FilterSphere : FilterSphere.add vector 189.0 -88.0 -2110.0
2014-02-28 18:00:31 INFO filtre.FilterSphere : FilterSphere.add window  size=40
2014-02-28 18:00:31 INFO imu.IMU : IMY mess received  64 22 -2092
2014-02-28 18:00:31 INFO filtre.FilterSphere : FilterSphere.add vector 88.0 78.0 -2140.0
2014-02-28 18:00:31 INFO filtre.FilterSphere : FilterSphere.add window  size=40
2014-02-28 18:00:31 INFO imu.IMU : IMY mess received  72 55 -2020
2014-02-28 18:00:31 INFO filtre.FilterSphere : FilterSphere.add vector 349.0 81.0 -2011.0
2014-02-28 18:00:31 INFO filtre.FilterSphere : FilterSphere.add window  size=40
2014-02-28 18:00:31 INFO imu.IMU : IMY mess received  160 13 -2025
2014-02-28 18:00:31 INFO filtre.FilterSphere : FilterSphere.add vector -22.0 -98.0 -1877.0
2014-02-28 18:00:31 INFO filtre.FilterSphere : FilterSphere.add window  size=40
2014-02-28 18:00:32 INFO imu.IMU : IMY mess received  16 44 -2076
2014-02-28 18:00:32 INFO filtre.FilterSphere : FilterSphere.add vector -12.0 -12.0 -1842.0
2014-02-28 18:00:32 INFO filtre.FilterSphere : FilterSphere.add window  size=40
2014-02-28 18:00:32 INFO imu.IMU : IMY mess received  53 42 -2010
2014-02-28 18:00:32 INFO filtre.FilterSphere : FilterSphere.add vector 210.0 147.0 -2144.0
2014-02-28 18:00:32 INFO filtre.FilterSphere : FilterSphere.add window  size=40
2014-02-28 18:00:32 INFO imu.IMU : IMY mess received  59 51 -2087
2014-02-28 18:00:32 INFO filtre.FilterSphere : FilterSphere.add vector 77.0 -21.0 -2091.0
2014-02-28 18:00:32 INFO filtre.FilterSphere : FilterSphere.add window  size=40
2014-02-28 18:00:32 INFO imu.IMU : IMY mess received  104 35 -2051
2014-02-28 18:00:32 INFO filtre.FilterSphere : FilterSphere.add vector -5.0 81.0 -2142.0
2014-02-28 18:00:32 INFO filtre.FilterSphere : FilterSphere.add window  size=40
2014-02-28 18:00:32 INFO imu.IMU : IMY mess received  34 63 -2024
2014-02-28 18:00:32 INFO filtre.FilterSphere : FilterSphere.add vector -32.0 65.0 -2158.0
2014-02-28 18:00:32 INFO filtre.FilterSphere : FilterSphere.add window  size=40
2014-02-28 18:00:32 INFO imu.IMU : IMY mess received  125 27 -2080
2014-02-28 18:00:32 INFO filtre.FilterSphere : FilterSphere.add vector 164.0 131.0 -2069.0
2014-02-28 18:00:32 INFO filtre.FilterSphere : FilterSphere.add window  size=40
2014-02-28 18:00:32 INFO imu.IMU : IMY mess received  86 81 -2062
2014-02-28 18:00:32 INFO filtre.FilterSphere : FilterSphere.add vector 3.0 -6.0 -1900.0
2014-02-28 18:00:32 INFO filtre.FilterSphere : FilterSphere.add window  size=40
2014-02-28 18:00:32 INFO imu.IMU : IMY mess received  141 47 -2024
2014-02-28 18:00:32 INFO filtre.FilterSphere : FilterSphere.add vector -88.0 61.0 -2252.0
2014-02-28 18:00:32 INFO filtre.FilterSphere : FilterSphere.add window  size=40
2014-02-28 18:00:32 INFO imu.IMU : IMY mess received  121 45 -2056
2014-02-28 18:00:32 INFO filtre.FilterSphere : FilterSphere.add vector 54.0 18.0 -2085.0
2014-02-28 18:00:32 INFO filtre.FilterSphere : FilterSphere.add window  size=40
2014-02-28 18:00:32 INFO imu.IMU : IMY mess received  76 17 -2049
2014-02-28 18:00:32 INFO filtre.FilterSphere : FilterSphere.add vector 173.0 88.0 -2067.0
2014-02-28 18:00:32 INFO filtre.FilterSphere : FilterSphere.add window  size=40
2014-02-28 18:00:33 INFO imu.IMU : IMY mess received  89 30 -2069
2014-02-28 18:00:33 INFO filtre.FilterSphere : FilterSphere.add vector 21.0 15.0 -1953.0
2014-02-28 18:00:33 INFO filtre.FilterSphere : FilterSphere.add window  size=40
2014-02-28 18:00:33 INFO imu.IMU : IMY mess received  97 43 -2025
2014-02-28 18:00:33 INFO filtre.FilterSphere : FilterSphere.add vector -15.0 34.0 -2129.0
2014-02-28 18:00:33 INFO filtre.FilterSphere : FilterSphere.add window  size=40
2014-02-28 18:00:33 INFO imu.IMU : IMY mess received  89 52 -2049
2014-02-28 18:00:33 INFO filtre.FilterSphere : FilterSphere.add vector 64.0 37.0 -2093.0
2014-02-28 18:00:33 INFO filtre.FilterSphere : FilterSphere.add window  size=40
2014-02-28 18:00:33 INFO imu.IMU : IMY mess received  98 61 -2059
2014-02-28 18:00:33 INFO filtre.FilterSphere : FilterSphere.add vector 83.0 55.0 -2095.0
2014-02-28 18:00:33 INFO filtre.FilterSphere : FilterSphere.add window  size=40
2014-02-28 18:00:33 INFO imu.IMU : IMY mess received  127 39 -2057
2014-02-28 18:00:33 INFO filtre.FilterSphere : FilterSphere.add vector 9.0 111.0 -1923.0
2014-02-28 18:00:33 INFO filtre.FilterSphere : FilterSphere.add window  size=40
2014-02-28 18:00:33 INFO imu.IMU : IMY mess received  89 39 -2040
2014-02-28 18:00:33 INFO filtre.FilterSphere : FilterSphere.add vector 46.0 88.0 -1983.0
2014-02-28 18:00:33 INFO filtre.FilterSphere : FilterSphere.add window  size=40
2014-02-28 18:00:33 INFO imu.IMU : IMY mess received  114 28 -2059
2014-02-28 18:00:33 INFO filtre.FilterSphere : FilterSphere.add vector 78.0 93.0 -2220.0
2014-02-28 18:00:33 INFO filtre.FilterSphere : FilterSphere.add window  size=40
2014-02-28 18:00:33 INFO imu.IMU : IMY mess received  84 42 -2065
2014-02-28 18:00:33 INFO filtre.FilterSphere : FilterSphere.add vector 19.0 47.0 -2064.0
2014-02-28 18:00:33 INFO filtre.FilterSphere : FilterSphere.add window  size=40
2014-02-28 18:00:33 INFO imu.IMU : IMY mess received  115 45 -2058
2014-02-28 18:00:33 INFO filtre.FilterSphere : FilterSphere.add vector -45.0 79.0 -1932.0
2014-02-28 18:00:33 INFO filtre.FilterSphere : FilterSphere.add window  size=40
2014-02-28 18:00:34 INFO imu.IMU : IMY mess received  87 59 -2046
2014-02-28 18:00:34 INFO filtre.FilterSphere : FilterSphere.add vector 76.0 82.0 -2060.0
2014-02-28 18:00:34 INFO filtre.FilterSphere : FilterSphere.add window  size=40
2014-02-28 18:00:34 INFO imu.IMU : IMY mess received  86 45 -2047
2014-02-28 18:00:34 INFO filtre.FilterSphere : FilterSphere.add vector -101.0 -135.0 -2069.0
2014-02-28 18:00:34 INFO filtre.FilterSphere : FilterSphere.add window  size=40
2014-02-28 18:00:34 INFO imu.IMU : IMY mess received  107 21 -2039
2014-02-28 18:00:34 INFO filtre.FilterSphere : FilterSphere.add vector 140.0 70.0 -2185.0
2014-02-28 18:00:34 INFO filtre.FilterSphere : FilterSphere.add window  size=40
2014-02-28 18:00:34 INFO imu.IMU : IMY mess received  97 30 -2040
2014-02-28 18:00:34 INFO filtre.FilterSphere : FilterSphere.add vector 137.0 -63.0 -2389.0
2014-02-28 18:00:34 INFO filtre.FilterSphere : FilterSphere.add window  size=40
2014-02-28 18:00:34 INFO imu.IMU : IMY mess received  93 19 -2079
2014-02-28 18:00:34 INFO filtre.FilterSphere : FilterSphere.add vector 89.0 73.0 -1855.0
2014-02-28 18:00:34 INFO filtre.FilterSphere : FilterSphere.add window  size=40
2014-02-28 18:00:34 INFO imu.IMU : IMY mess received  103 24 -2027
2014-02-28 18:00:34 INFO filtre.FilterSphere : FilterSphere.add vector 21.0 75.0 -1905.0
2014-02-28 18:00:34 INFO filtre.FilterSphere : FilterSphere.add window  size=40
2014-02-28 18:00:34 INFO imu.IMU : IMY mess received  92 44 -2070
2014-02-28 18:00:34 INFO filtre.FilterSphere : FilterSphere.add vector 45.0 39.0 -2062.0
2014-02-28 18:00:34 INFO filtre.FilterSphere : FilterSphere.add window  size=40
2014-02-28 18:00:34 INFO imu.IMU : IMY mess received  100 26 -2057
2014-02-28 18:00:34 INFO filtre.FilterSphere : FilterSphere.add vector 53.0 107.0 -2320.0
2014-02-28 18:00:34 INFO filtre.FilterSphere : FilterSphere.add window  size=40
2014-02-28 18:00:34 INFO imu.IMU : IMY mess received  98 31 -2059
2014-02-28 18:00:34 INFO filtre.FilterSphere : FilterSphere.add vector -11.0 13.0 -2029.0
2014-02-28 18:00:34 INFO filtre.FilterSphere : FilterSphere.add window  size=40
2014-02-28 18:00:34 INFO imu.IMU : IMY mess received  86 19 -2060
2014-02-28 18:00:34 INFO filtre.FilterSphere : FilterSphere.add vector 38.0 -12.0 -1882.0
2014-02-28 18:00:34 INFO filtre.FilterSphere : FilterSphere.add window  size=40
2014-02-28 18:00:35 INFO imu.IMU : IMY mess received  85 25 -2052
2014-02-28 18:00:35 INFO filtre.FilterSphere : FilterSphere.add vector 91.0 10.0 -2135.0
2014-02-28 18:00:35 INFO filtre.FilterSphere : FilterSphere.add window  size=40
2014-02-28 18:00:35 INFO imu.IMU : IMY mess received  94 34 -2056
2014-02-28 18:00:35 INFO filtre.FilterSphere : FilterSphere.add vector 50.0 -38.0 -2098.0
2014-02-28 18:00:35 INFO filtre.FilterSphere : FilterSphere.add window  size=40
2014-02-28 18:00:35 INFO imu.IMU : IMY mess received  93 23 -2044
2014-02-28 18:00:35 INFO filtre.FilterSphere : FilterSphere.add vector 41.0 5.0 -1975.0
2014-02-28 18:00:35 INFO filtre.FilterSphere : FilterSphere.add window  size=40
2014-02-28 18:00:35 INFO imu.IMU : IMY mess received  91 14 -2053
2014-02-28 18:00:35 INFO filtre.FilterSphere : FilterSphere.add vector 44.0 47.0 -2119.0
2014-02-28 18:00:35 INFO filtre.FilterSphere : FilterSphere.add window  size=40
2014-02-28 18:00:35 INFO imu.IMU : IMY mess received  88 17 -2046
2014-02-28 18:00:35 INFO filtre.FilterSphere : FilterSphere.add vector 46.0 28.0 -2042.0
2014-02-28 18:00:35 INFO filtre.FilterSphere : FilterSphere.add window  size=40
2014-02-28 18:00:35 INFO imu.IMU : IMY mess received  99 31 -2052
2014-02-28 18:00:35 INFO filtre.FilterSphere : FilterSphere.add vector 96.0 -7.0 -2043.0
2014-02-28 18:00:35 INFO filtre.FilterSphere : FilterSphere.add window  size=40
2014-02-28 18:00:35 INFO imu.IMU : IMY mess received  81 18 -2057
2014-02-28 18:00:35 INFO filtre.FilterSphere : FilterSphere.add vector 48.0 63.0 -2091.0
2014-02-28 18:00:35 INFO filtre.FilterSphere : FilterSphere.add window  size=40
2014-02-28 18:00:35 INFO imu.IMU : IMY mess received  95 18 -2041
2014-02-28 18:00:35 INFO filtre.FilterSphere : FilterSphere.add vector 64.0 22.0 -2092.0
2014-02-28 18:00:35 INFO filtre.FilterSphere : FilterSphere.add window  size=40
2014-02-28 18:00:35 INFO imu.IMU : IMY mess received  80 12 -2065
2014-02-28 18:00:35 INFO filtre.FilterSphere : FilterSphere.add vector 72.0 55.0 -2020.0
2014-02-28 18:00:35 INFO filtre.FilterSphere : FilterSphere.add window  size=40
2014-02-28 18:00:35 INFO imu.IMU : IMY mess received  84 14 -2058
2014-02-28 18:00:35 INFO filtre.FilterSphere : FilterSphere.add vector 160.0 13.0 -2025.0
2014-02-28 18:00:35 INFO filtre.FilterSphere : FilterSphere.add window  size=40
2014-02-28 18:00:36 INFO imu.IMU : IMY mess received  96 18 -2070
2014-02-28 18:00:36 INFO filtre.FilterSphere : FilterSphere.add vector 16.0 44.0 -2076.0
2014-02-28 18:00:36 INFO filtre.FilterSphere : FilterSphere.add window  size=40
2014-02-28 18:00:36 INFO imu.IMU : IMY mess received  79 24 -2061
2014-02-28 18:00:36 INFO filtre.FilterSphere : FilterSphere.add vector 53.0 42.0 -2010.0
2014-02-28 18:00:36 INFO filtre.FilterSphere : FilterSphere.add window  size=40
2014-02-28 18:00:36 INFO imu.IMU : IMY mess received  73 12 -2040
2014-02-28 18:00:36 INFO filtre.FilterSphere : FilterSphere.add vector 59.0 51.0 -2087.0
2014-02-28 18:00:36 INFO filtre.FilterSphere : FilterSphere.add window  size=40
2014-02-28 18:00:36 INFO imu.IMU : IMY mess received  82 13 -2074
2014-02-28 18:00:36 INFO filtre.FilterSphere : FilterSphere.add vector 104.0 35.0 -2051.0
2014-02-28 18:00:36 INFO filtre.FilterSphere : FilterSphere.add window  size=40
2014-02-28 18:00:36 INFO imu.IMU : IMY mess received  70 6 -2011
2014-02-28 18:00:36 INFO filtre.FilterSphere : FilterSphere.add vector 34.0 63.0 -2024.0
2014-02-28 18:00:36 INFO filtre.FilterSphere : FilterSphere.add window  size=40
2014-02-28 18:00:36 INFO imu.IMU : IMY mess received  74 28 -2062
2014-02-28 18:00:36 INFO filtre.FilterSphere : FilterSphere.add vector 125.0 27.0 -2080.0
2014-02-28 18:00:36 INFO filtre.FilterSphere : FilterSphere.add window  size=40
2014-02-28 18:00:36 INFO imu.IMU : IMY mess received  50 2 -2083
2014-02-28 18:00:36 INFO filtre.FilterSphere : FilterSphere.add vector 86.0 81.0 -2062.0
2014-02-28 18:00:36 INFO filtre.FilterSphere : FilterSphere.add window  size=40
2014-02-28 18:00:36 INFO imu.IMU : IMY mess received  100 11 -2029
2014-02-28 18:00:36 INFO filtre.FilterSphere : FilterSphere.add vector 141.0 47.0 -2024.0
2014-02-28 18:00:36 INFO filtre.FilterSphere : FilterSphere.add window  size=40
2014-02-28 18:00:36 INFO imu.IMU : IMY mess received  69 -3 -2108
2014-02-28 18:00:36 INFO filtre.FilterSphere : FilterSphere.add vector 121.0 45.0 -2056.0
2014-02-28 18:00:36 INFO filtre.FilterSphere : FilterSphere.add window  size=40
2014-02-28 18:00:36 INFO imu.IMU : IMY mess received  91 16 -2063
2014-02-28 18:00:36 INFO filtre.FilterSphere : FilterSphere.add vector 76.0 17.0 -2049.0
2014-02-28 18:00:36 INFO filtre.FilterSphere : FilterSphere.add window  size=40
2014-02-28 18:00:36 INFO imu.IMU : IMY mess received  57 5 -2038
2014-02-28 18:00:36 INFO filtre.FilterSphere : FilterSphere.add vector 89.0 30.0 -2069.0
2014-02-28 18:00:36 INFO filtre.FilterSphere : FilterSphere.add window  size=40
2014-02-28 18:00:37 INFO imu.IMU : IMY mess received  60 -16 -2011
2014-02-28 18:00:37 INFO filtre.FilterSphere : FilterSphere.add vector 97.0 43.0 -2025.0
2014-02-28 18:00:37 INFO filtre.FilterSphere : FilterSphere.add window  size=40
2014-02-28 18:00:37 INFO imu.IMU : IMY mess received  72 6 -2036
2014-02-28 18:00:37 INFO filtre.FilterSphere : FilterSphere.add vector 89.0 52.0 -2049.0
2014-02-28 18:00:37 INFO filtre.FilterSphere : FilterSphere.add window  size=40
2014-02-28 18:00:37 INFO imu.IMU : IMY mess received  85 19 -2091
2014-02-28 18:00:37 INFO filtre.FilterSphere : FilterSphere.add vector 98.0 61.0 -2059.0
2014-02-28 18:00:37 INFO filtre.FilterSphere : FilterSphere.add window  size=40
2014-02-28 18:00:37 INFO imu.IMU : IMY mess received  60 29 -2032
2014-02-28 18:00:37 INFO filtre.FilterSphere : FilterSphere.add vector 127.0 39.0 -2057.0
2014-02-28 18:00:37 INFO filtre.FilterSphere : FilterSphere.add window  size=40
2014-02-28 18:00:37 INFO imu.IMU : IMY mess received  82 13 -2064
2014-02-28 18:00:37 INFO filtre.FilterSphere : FilterSphere.add vector 89.0 39.0 -2040.0
2014-02-28 18:00:37 INFO filtre.FilterSphere : FilterSphere.add window  size=40
2014-02-28 18:00:37 INFO imu.IMU : IMY mess received  43 10 -2036
2014-02-28 18:00:37 INFO filtre.FilterSphere : FilterSphere.add vector 114.0 28.0 -2059.0
2014-02-28 18:00:37 INFO filtre.FilterSphere : FilterSphere.add window  size=40
2014-02-28 18:00:37 INFO imu.IMU : IMY mess received  70 -24 -2028
2014-02-28 18:00:37 INFO filtre.FilterSphere : FilterSphere.add vector 84.0 42.0 -2065.0
2014-02-28 18:00:37 INFO filtre.FilterSphere : FilterSphere.add window  size=40
2014-02-28 18:00:37 INFO imu.IMU : IMY mess received  86 28 -2074
2014-02-28 18:00:37 INFO filtre.FilterSphere : FilterSphere.add vector 115.0 45.0 -2058.0
2014-02-28 18:00:37 INFO filtre.FilterSphere : FilterSphere.add window  size=40
2014-02-28 18:00:37 INFO imu.IMU : IMY mess received  117 29 -2067
2014-02-28 18:00:37 INFO filtre.FilterSphere : FilterSphere.add vector 87.0 59.0 -2046.0
2014-02-28 18:00:37 INFO filtre.FilterSphere : FilterSphere.add window  size=40
2014-02-28 18:00:37 INFO imu.IMU : IMY mess received  110 25 -2084
2014-02-28 18:00:37 INFO filtre.FilterSphere : FilterSphere.add vector 86.0 45.0 -2047.0
2014-02-28 18:00:37 INFO filtre.FilterSphere : FilterSphere.add window  size=40
2014-02-28 18:00:38 INFO imu.IMU : IMY mess received  88 25 -2073
2014-02-28 18:00:38 INFO filtre.FilterSphere : FilterSphere.add vector 107.0 21.0 -2039.0
2014-02-28 18:00:38 INFO filtre.FilterSphere : FilterSphere.add window  size=40
2014-02-28 18:00:38 INFO imu.IMU : IMY mess received  69 11 -2027
2014-02-28 18:00:38 INFO filtre.FilterSphere : FilterSphere.add vector 97.0 30.0 -2040.0
2014-02-28 18:00:38 INFO filtre.FilterSphere : FilterSphere.add window  size=40
2014-02-28 18:00:38 INFO imu.IMU : IMY mess received  40 -16 -2055
2014-02-28 18:00:38 INFO filtre.FilterSphere : FilterSphere.add vector 93.0 19.0 -2079.0
2014-02-28 18:00:38 INFO filtre.FilterSphere : FilterSphere.add window  size=40
2014-02-28 18:00:38 INFO imu.IMU : IMY mess received  32 -2 -2035
2014-02-28 18:00:38 INFO filtre.FilterSphere : FilterSphere.add vector 103.0 24.0 -2027.0
2014-02-28 18:00:38 INFO filtre.FilterSphere : FilterSphere.add window  size=40
2014-02-28 18:00:38 INFO imu.IMU : IMY mess received  74 -14 -2056
2014-02-28 18:00:38 INFO filtre.FilterSphere : FilterSphere.add vector 92.0 44.0 -2070.0
2014-02-28 18:00:38 INFO filtre.FilterSphere : FilterSphere.add window  size=40
2014-02-28 18:00:38 INFO imu.IMU : IMY mess received  85 -5 -2052
2014-02-28 18:00:38 INFO filtre.FilterSphere : FilterSphere.add vector 100.0 26.0 -2057.0
2014-02-28 18:00:38 INFO filtre.FilterSphere : FilterSphere.add window  size=40
2014-02-28 18:00:38 INFO imu.IMU : IMY mess received  84 7 -2072
2014-02-28 18:00:38 INFO filtre.FilterSphere : FilterSphere.add vector 98.0 31.0 -2059.0
2014-02-28 18:00:38 INFO filtre.FilterSphere : FilterSphere.add window  size=40
2014-02-28 18:00:38 INFO imu.IMU : IMY mess received  83 14 -2045
2014-02-28 18:00:38 INFO filtre.FilterSphere : FilterSphere.add vector 86.0 19.0 -2060.0
2014-02-28 18:00:38 INFO filtre.FilterSphere : FilterSphere.add window  size=40
2014-02-28 18:00:38 INFO imu.IMU : IMY mess received  109 -3 -2032
2014-02-28 18:00:38 INFO filtre.FilterSphere : FilterSphere.add vector 85.0 25.0 -2052.0
2014-02-28 18:00:38 INFO filtre.FilterSphere : FilterSphere.add window  size=40
2014-02-28 18:00:38 INFO imu.IMU : IMY mess received  81 -8 -2065
2014-02-28 18:00:38 INFO filtre.FilterSphere : FilterSphere.add vector 94.0 34.0 -2056.0
2014-02-28 18:00:38 INFO filtre.FilterSphere : FilterSphere.add window  size=40
2014-02-28 18:00:39 INFO imu.IMU : IMY mess received  75 0 -2042
2014-02-28 18:00:39 INFO filtre.FilterSphere : FilterSphere.add vector 93.0 23.0 -2044.0
2014-02-28 18:00:39 INFO filtre.FilterSphere : FilterSphere.add window  size=40
2014-02-28 18:00:39 INFO imu.IMU : IMY mess received  77 -15 -2032
2014-02-28 18:00:39 INFO filtre.FilterSphere : FilterSphere.add vector 91.0 14.0 -2053.0
2014-02-28 18:00:39 INFO filtre.FilterSphere : FilterSphere.add window  size=40
2014-02-28 18:00:39 INFO imu.IMU : IMY mess received  78 4 -2051
2014-02-28 18:00:39 INFO filtre.FilterSphere : FilterSphere.add vector 88.0 17.0 -2046.0
2014-02-28 18:00:39 INFO filtre.FilterSphere : FilterSphere.add window  size=40
2014-02-28 18:00:39 INFO imu.IMU : IMY mess received  83 -4 -2057
2014-02-28 18:00:39 INFO filtre.FilterSphere : FilterSphere.add vector 99.0 31.0 -2052.0
2014-02-28 18:00:39 INFO filtre.FilterSphere : FilterSphere.add window  size=40
2014-02-28 18:00:39 INFO imu.IMU : IMY mess received  97 17 -2063
2014-02-28 18:00:39 INFO filtre.FilterSphere : FilterSphere.add vector 81.0 18.0 -2057.0
2014-02-28 18:00:39 INFO filtre.FilterSphere : FilterSphere.add window  size=40
2014-02-28 18:00:39 INFO imu.IMU : IMY mess received  109 27 -2045
2014-02-28 18:00:39 INFO filtre.FilterSphere : FilterSphere.add vector 95.0 18.0 -2041.0
2014-02-28 18:00:39 INFO filtre.FilterSphere : FilterSphere.add window  size=40
2014-02-28 18:00:39 INFO imu.IMU : IMY mess received  97 3 -2070
2014-02-28 18:00:39 INFO filtre.FilterSphere : FilterSphere.add vector 80.0 12.0 -2065.0
2014-02-28 18:00:39 INFO filtre.FilterSphere : FilterSphere.add window  size=40
2014-02-28 18:00:39 INFO imu.IMU : IMY mess received  87 0 -2087
2014-02-28 18:00:39 INFO filtre.FilterSphere : FilterSphere.add vector 84.0 14.0 -2058.0
2014-02-28 18:00:39 INFO filtre.FilterSphere : FilterSphere.add window  size=40
2014-02-28 18:00:39 INFO imu.IMU : IMY mess received  79 23 -2034
2014-02-28 18:00:39 INFO filtre.FilterSphere : FilterSphere.add vector 96.0 18.0 -2070.0
2014-02-28 18:00:39 INFO filtre.FilterSphere : FilterSphere.add window  size=40
2014-02-28 18:00:39 INFO imu.IMU : IMY mess received  87 15 -2061
2014-02-28 18:00:39 INFO filtre.FilterSphere : FilterSphere.add vector 79.0 24.0 -2061.0
2014-02-28 18:00:39 INFO filtre.FilterSphere : FilterSphere.add window  size=40
2014-02-28 18:00:40 INFO imu.IMU : IMY mess received  84 13 -2045
2014-02-28 18:00:40 INFO filtre.FilterSphere : FilterSphere.add vector 73.0 12.0 -2040.0
2014-02-28 18:00:40 INFO filtre.FilterSphere : FilterSphere.add window  size=40
2014-02-28 18:00:40 INFO imu.IMU : IMY mess received  87 6 -2067
2014-02-28 18:00:40 INFO filtre.FilterSphere : FilterSphere.add vector 82.0 13.0 -2074.0
2014-02-28 18:00:40 INFO filtre.FilterSphere : FilterSphere.add window  size=40
2014-02-28 18:00:40 INFO imu.IMU : IMY mess received  101 8 -2057
2014-02-28 18:00:40 INFO filtre.FilterSphere : FilterSphere.add vector 70.0 6.0 -2011.0
2014-02-28 18:00:40 INFO filtre.FilterSphere : FilterSphere.add window  size=40
2014-02-28 18:00:40 INFO imu.IMU : IMY mess received  100 29 -2071
2014-02-28 18:00:40 INFO filtre.FilterSphere : FilterSphere.add vector 74.0 28.0 -2062.0
2014-02-28 18:00:40 INFO filtre.FilterSphere : FilterSphere.add window  size=40
2014-02-28 18:00:40 INFO imu.IMU : IMY mess received  96 22 -2050
2014-02-28 18:00:40 INFO filtre.FilterSphere : FilterSphere.add vector 50.0 2.0 -2083.0
2014-02-28 18:00:40 INFO filtre.FilterSphere : FilterSphere.add window  size=40
2014-02-28 18:00:40 INFO imu.IMU : IMY mess received  105 13 -2062
2014-02-28 18:00:40 INFO filtre.FilterSphere : FilterSphere.add vector 100.0 11.0 -2029.0
2014-02-28 18:00:40 INFO filtre.FilterSphere : FilterSphere.add window  size=40
2014-02-28 18:00:40 INFO imu.IMU : IMY mess received  97 22 -2058
2014-02-28 18:00:40 INFO filtre.FilterSphere : FilterSphere.add vector 69.0 -3.0 -2108.0
2014-02-28 18:00:40 INFO filtre.FilterSphere : FilterSphere.add window  size=40
2014-02-28 18:00:40 INFO imu.IMU : IMY mess received  102 10 -2068
2014-02-28 18:00:40 INFO filtre.FilterSphere : FilterSphere.add vector 91.0 16.0 -2063.0
2014-02-28 18:00:40 INFO filtre.FilterSphere : FilterSphere.add window  size=40
2014-02-28 18:00:40 INFO imu.IMU : IMY mess received  101 12 -2041
2014-02-28 18:00:40 INFO filtre.FilterSphere : FilterSphere.add vector 57.0 5.0 -2038.0
2014-02-28 18:00:40 INFO filtre.FilterSphere : FilterSphere.add window  size=40
2014-02-28 18:00:40 INFO imu.IMU : IMY mess received  89 24 -2062
2014-02-28 18:00:40 INFO filtre.FilterSphere : FilterSphere.add vector 60.0 -16.0 -2011.0
2014-02-28 18:00:40 INFO filtre.FilterSphere : FilterSphere.add window  size=40
2014-02-28 18:00:41 INFO imu.IMU : IMY mess received  69 15 -2047
2014-02-28 18:00:41 INFO filtre.FilterSphere : FilterSphere.add vector 72.0 6.0 -2036.0
2014-02-28 18:00:41 INFO filtre.FilterSphere : FilterSphere.add window  size=40
2014-02-28 18:00:41 INFO imu.IMU : IMY mess received  76 10 -2061
2014-02-28 18:00:41 INFO filtre.FilterSphere : FilterSphere.add vector 85.0 19.0 -2091.0
2014-02-28 18:00:41 INFO filtre.FilterSphere : FilterSphere.add window  size=40
2014-02-28 18:00:41 INFO imu.IMU : IMY mess received  101 7 -2042
2014-02-28 18:00:41 INFO filtre.FilterSphere : FilterSphere.add vector 60.0 29.0 -2032.0
2014-02-28 18:00:41 INFO filtre.FilterSphere : FilterSphere.add window  size=40
2014-02-28 18:00:41 INFO imu.IMU : IMY mess received  107 -3 -2051
2014-02-28 18:00:41 INFO filtre.FilterSphere : FilterSphere.add vector 82.0 13.0 -2064.0
2014-02-28 18:00:41 INFO filtre.FilterSphere : FilterSphere.add window  size=40
2014-02-28 18:00:41 INFO imu.IMU : IMY mess received  105 9 -2047
