2014-03-03 11:27:15 INFO ihm.Calibration : Properties : 
autofocus_calibration_data=logs/calibration.data
simulation_calibration_data=test/calib_lisa_test_droneId_5.data
paparazzi_script_calibration=paparazzi_calibration/calibrate.py

2014-03-03 11:27:16 INFO imu.IMU : new aircraft built with id=5
2014-03-03 11:27:16 INFO testData.Sender : starting sending IMU test data...
2014-03-03 11:27:16 WARNING ihm.MainFrame : setSelectedIndex: 1 out of bounds
2014-03-03 11:27:19 WARNING ihm.MainFrame : setSelectedIndex: 2 out of bounds
2014-03-03 11:27:20 INFO ihm.MainFrame : starting calibration of accelerometer...
2014-03-03 11:27:20 INFO imu.IMU : listening raw datas for drone 5...
2014-03-03 11:27:24 WARNING imu.IMU : stopped listening raw datas for drone 5
2014-03-03 11:27:24 WARNING imu.IMU : stopped listening raw datas for drone 5
2014-03-03 11:27:24 INFO imu.IMU : new aircraft built with id=5
2014-03-03 11:27:25 INFO ihm.MainFrame : starting calibration of magnetometer...
2014-03-03 11:27:25 INFO imu.IMU : listening raw datas for drone 5...
2014-03-03 11:27:51 WARNING imu.IMU : stopped listening raw datas for drone 5
2014-03-03 11:27:51 WARNING imu.IMU : stopped listening raw datas for drone 5
2014-03-03 11:27:51 INFO imu.IMU : new aircraft built with id=5
2014-03-03 11:27:52 INFO ihm.MainFrame : starting calibration of accelerometer...
2014-03-03 11:27:52 INFO imu.IMU : listening raw datas for drone 5...
2014-03-03 11:28:34 WARNING imu.IMU : stopped listening raw datas for drone 5
2014-03-03 11:28:34 WARNING imu.IMU : stopped listening raw datas for drone 5
2014-03-03 11:28:34 INFO imu.IMU : new aircraft built with id=5
2014-03-03 11:28:36 INFO ihm.MainFrame : starting calibration of accelerometer...
2014-03-03 11:28:36 INFO imu.IMU : listening raw datas for drone 5...
