2014-03-03 12:06:24 INFO ihm.Calibration : Properties : 
autofocus_calibration_data=logs/calibration.data
simulation_calibration_data=test/calib_lisa_test_droneId_5.data
paparazzi_script_calibration=paparazzi_calibration/calibrate.py

2014-03-03 12:06:26 INFO imu.IMU : new aircraft built with id=5
2014-03-03 12:06:26 INFO testData.Sender : starting sending IMU test data...
2014-03-03 12:06:26 WARNING ihm.MainFrame : setSelectedIndex: 2 out of bounds
2014-03-03 12:06:30 INFO ihm.MainFrame : starting calibration of accelerometer...
2014-03-03 12:06:30 INFO imu.IMU : listening raw datas for drone 5...
2014-03-03 12:07:52 WARNING imu.IMU : stopped listening raw datas for drone 5
2014-03-03 12:07:52 INFO ihm.Result : quantité de données insuffisante pour pouvoir calculer une calibration : 901/1500
2014-03-03 12:07:56 INFO imu.IMU : listening raw datas for drone 5...
2014-03-03 12:08:20 WARNING imu.IMU : stopped listening raw datas for drone 5
2014-03-03 12:08:20 INFO ihm.Result : quantité de données insuffisante pour pouvoir calculer une calibration : 1167/1500
2014-03-03 12:08:21 INFO imu.IMU : listening raw datas for drone 5...
2014-03-03 12:08:37 WARNING imu.IMU : stopped listening raw datas for drone 5
2014-03-03 12:08:37 INFO ihm.Result : quantité de données insuffisante pour pouvoir calculer une calibration : 1340/1500
2014-03-03 12:08:38 INFO imu.IMU : listening raw datas for drone 5...
2014-03-03 12:09:05 WARNING imu.IMU : stopped listening raw datas for drone 5
2014-03-03 12:09:05 WARNING calibrate.PrintLog : null
2014-03-03 12:09:05 INFO calibrate.CalibrateSystem : executing : python paparazzi_calibration/calibrate.py -s ACCEL  -v logs/calibration.data
2014-03-03 12:09:05 INFO calibrate.CalibrateSystem : python script result for ACCELEROMETER :
2014-03-03 12:10:26 INFO testData.Sender : stopped sending IMU test data
