2014-03-06 12:01:22 INFO ihm.Calibration : Properties : 
autofocus_calibration_data=logs/calibration.data
simulation_calibration_data=test/calib_lisa_test_droneId_5.data
paparazzi_script_calibration=paparazzi_calibration/calibrate.py

2014-03-06 12:01:23 INFO imu.IMU : new aircraft built with id=5
2014-03-06 12:01:23 INFO testData.Sender : starting sending IMU test data...
2014-03-06 12:01:26 INFO ihm.MainFrame : starting calibration of accelerometer...
2014-03-06 12:01:27 INFO imu.IMU : listening raw datas for drone 5...
2014-03-06 12:01:55 WARNING imu.IMU : stopped listening raw datas for drone 5
2014-03-06 12:01:55 INFO calibrate.PrintLog : logs/calibration.data created with 322 lines
2014-03-06 12:01:55 INFO calibrate.CalibrateSystem : executing : python paparazzi_calibration/calibrate.py -s ACCEL  -v logs/calibration.data
2014-03-06 12:01:55 INFO calibrate.CalibrateSystem : python script result for ACCELEROMETER :
2014-03-06 12:01:57 INFO calibrate.CalibrateSystem : Using aircraft id 5
reading file logs/calibration.data for aircraft 5 and sensor ACCEL
found 322 records
Using noise threshold of 40 for filtering.
remaining 111 after filtering
initial guess : avg 6.34217909342 std 2.54874841381
Optimization error:  Number of calls to function has reached maxfev = 1400.
Please try to provide a clean logfile.

2014-03-06 12:01:57 INFO calibrate.CalibrateSystem : end of python script for ACCELEROMETER
