2014-02-28 17:48:13 INFO ihm.Calibration : Properties : 
autofocus_calibration_data=logs/calibration.data
simulation_calibration_data=test/calib_prod1_3_droneId_5.data
paparazzi_script_calibration=paparazzi_calibration/calibrate.py

2014-02-28 17:48:15 INFO imu.IMU : new aircraft built with id=5
2014-02-28 17:48:15 INFO testData.Sender : starting sending IMU test data...
2014-02-28 17:48:15 WARNING ihm.MainFrame : setSelectedIndex: 3 out of bounds
2014-02-28 17:48:16 INFO ihm.MainFrame : starting calibration of magnetometer...
2014-02-28 17:48:16 INFO imu.IMU : listening raw datas for drone 5...
2014-02-28 17:48:16 INFO filtre.Filter : Filter.add variables size=3
2014-02-28 17:48:16 INFO filtre.Filter : Filter.add variables size=6
2014-02-28 17:48:16 INFO filtre.Filter : Filter.add variables size=9
2014-02-28 17:48:16 INFO filtre.Filter : Filter.add variables size=12
2014-02-28 17:48:16 INFO filtre.Filter : Filter.add variables size=15
2014-02-28 17:48:17 INFO filtre.Filter : Filter.add variables size=18
2014-02-28 17:48:17 INFO filtre.Filter : Filter.add variables size=21
2014-02-28 17:48:17 INFO filtre.Filter : Filter.add variables size=24
2014-02-28 17:48:17 INFO filtre.Filter : Filter.add variables size=27
2014-02-28 17:48:17 INFO filtre.Filter : Filter.add variables size=30
2014-02-28 17:48:17 INFO filtre.Filter : Filter.add variables size=33
2014-02-28 17:48:17 INFO filtre.Filter : Filter.add variables size=36
2014-02-28 17:48:17 INFO filtre.Filter : Filter.add variables size=39
2014-02-28 17:48:17 INFO filtre.Filter : Filter.add variables size=42
2014-02-28 17:48:17 INFO filtre.Filter : Filter.add variables size=45
2014-02-28 17:48:18 INFO filtre.Filter : Filter.add variables size=48
2014-02-28 17:48:18 INFO filtre.Filter : Filter.add variables size=51
2014-02-28 17:48:18 INFO filtre.Filter : Filter.add variables size=54
2014-02-28 17:48:18 INFO filtre.Filter : Filter.add variables size=57
2014-02-28 17:48:18 INFO filtre.Filter : Filter.add variables size=60
2014-02-28 17:48:18 INFO filtre.Filter : Filter.add variables size=63
2014-02-28 17:48:18 INFO filtre.Filter : Filter.add variables size=66
2014-02-28 17:48:18 INFO filtre.Filter : Filter.add variables size=69
2014-02-28 17:48:18 INFO filtre.Filter : Filter.add variables size=72
2014-02-28 17:48:18 INFO filtre.Filter : Filter.add variables size=75
2014-02-28 17:48:19 INFO filtre.Filter : Filter.add variables size=78
2014-02-28 17:48:19 INFO filtre.Filter : Filter.add variables size=81
2014-02-28 17:48:19 INFO filtre.Filter : Filter.add variables size=84
2014-02-28 17:48:19 INFO filtre.Filter : Filter.add variables size=87
2014-02-28 17:48:19 INFO filtre.Filter : Filter.add variables size=90
2014-02-28 17:48:19 INFO filtre.Filter : Filter.add variables size=93
2014-02-28 17:48:19 INFO filtre.Filter : Filter.add variables size=96
2014-02-28 17:48:19 INFO filtre.Filter : Filter.add variables size=99
2014-02-28 17:48:19 INFO filtre.Filter : Filter.add variables size=102
2014-02-28 17:48:19 INFO filtre.Filter : Filter.add variables size=105
2014-02-28 17:48:20 INFO filtre.Filter : Filter.add variables size=108
2014-02-28 17:48:20 INFO filtre.Filter : Filter.add variables size=111
2014-02-28 17:48:20 INFO filtre.Filter : Filter.add variables size=114
2014-02-28 17:48:20 INFO filtre.Filter : Filter.add variables size=117
2014-02-28 17:48:20 INFO filtre.Filter : Filter.add variables size=120
2014-02-28 17:48:20 INFO filtre.Filter : Filter.add variables size=123
2014-02-28 17:48:20 INFO filtre.Filter : Filter.add variables size=126
2014-02-28 17:48:20 INFO filtre.Filter : Filter.add variables size=129
2014-02-28 17:48:20 INFO filtre.Filter : Filter.add variables size=132
2014-02-28 17:48:20 INFO filtre.Filter : Filter.add variables size=135
2014-02-28 17:48:20 INFO filtre.Filter : Filter.add variables size=138
2014-02-28 17:48:21 INFO filtre.Filter : Filter.add variables size=141
2014-02-28 17:48:21 INFO filtre.Filter : Filter.add variables size=144
2014-02-28 17:48:21 INFO filtre.Filter : Filter.add variables size=147
2014-02-28 17:48:21 INFO filtre.Filter : Filter.add variables size=150
2014-02-28 17:48:21 INFO filtre.Filter : Filter.add variables size=153
2014-02-28 17:48:21 INFO filtre.Filter : Filter.add variables size=156
2014-02-28 17:48:21 INFO filtre.Filter : Filter.add variables size=159
2014-02-28 17:48:21 INFO filtre.Filter : Filter.add variables size=162
2014-02-28 17:48:21 INFO filtre.Filter : Filter.add variables size=165
2014-02-28 17:48:21 INFO filtre.Filter : Filter.add variables size=168
2014-02-28 17:48:22 INFO filtre.Filter : Filter.add variables size=171
2014-02-28 17:48:22 INFO filtre.Filter : Filter.add variables size=174
2014-02-28 17:48:22 INFO filtre.Filter : Filter.add variables size=177
2014-02-28 17:48:22 INFO filtre.Filter : Filter.add variables size=180
2014-02-28 17:48:22 INFO filtre.Filter : Filter.add variables size=183
2014-02-28 17:48:22 INFO filtre.Filter : Filter.add variables size=186
2014-02-28 17:48:22 INFO filtre.Filter : Filter.add variables size=189
2014-02-28 17:48:22 INFO filtre.Filter : Filter.add variables size=192
2014-02-28 17:48:22 INFO filtre.Filter : Filter.add variables size=195
2014-02-28 17:48:22 INFO filtre.Filter : Filter.add variables size=198
2014-02-28 17:48:23 INFO filtre.Filter : Filter.add variables size=201
2014-02-28 17:48:23 INFO filtre.Filter : Filter.add variables size=204
2014-02-28 17:48:23 INFO filtre.Filter : Filter.add variables size=207
2014-02-28 17:48:23 INFO filtre.Filter : Filter.add variables size=210
2014-02-28 17:48:23 INFO filtre.Filter : Filter.add variables size=213
2014-02-28 17:48:23 INFO filtre.Filter : Filter.add variables size=216
2014-02-28 17:48:23 INFO filtre.Filter : Filter.add variables size=219
2014-02-28 17:48:23 INFO filtre.Filter : Filter.add variables size=222
2014-02-28 17:48:23 INFO filtre.Filter : Filter.add variables size=225
2014-02-28 17:48:23 INFO filtre.Filter : Filter.add variables size=228
2014-02-28 17:48:23 INFO filtre.Filter : Filter.add variables size=231
2014-02-28 17:48:24 INFO filtre.Filter : Filter.add variables size=234
2014-02-28 17:48:24 INFO filtre.Filter : Filter.add variables size=237
2014-02-28 17:48:24 INFO filtre.Filter : Filter.add variables size=240
2014-02-28 17:48:24 INFO filtre.Filter : Filter.add variables size=243
2014-02-28 17:48:24 INFO filtre.Filter : Filter.add variables size=246
2014-02-28 17:48:24 INFO filtre.Filter : Filter.add variables size=249
2014-02-28 17:48:24 INFO filtre.Filter : Filter.add variables size=252
2014-02-28 17:48:24 INFO filtre.Filter : Filter.add variables size=255
2014-02-28 17:48:24 INFO filtre.Filter : Filter.add variables size=258
2014-02-28 17:48:25 INFO filtre.Filter : Filter.add variables size=261
